[0.146s] DEBUG:colcon:Command line arguments: ['/usr/bin/colcon', 'build']
[0.146s] DEBUG:colcon:Parsed command line arguments: Namespace(log_base=None, log_level=None, verb_name='build', build_base='build', install_base='install', merge_install=False, symlink_install=False, test_result_base=None, continue_on_error=False, executor='parallel', parallel_workers=20, event_handlers=None, ignore_user_meta=False, metas=['./colcon.meta'], base_paths=['.'], packages_ignore=None, packages_ignore_regex=None, paths=None, packages_up_to=None, packages_up_to_regex=None, packages_above=None, packages_above_and_dependencies=None, packages_above_depth=None, packages_select_by_dep=None, packages_skip_by_dep=None, packages_skip_up_to=None, packages_select_build_failed=False, packages_skip_build_finished=False, packages_select_test_failures=False, packages_skip_test_passed=False, packages_select=None, packages_skip=None, packages_select_regex=None, packages_skip_regex=None, packages_start=None, packages_end=None, allow_overriding=[], cmake_args=None, cmake_target=None, cmake_target_skip_unavailable=False, cmake_clean_cache=False, cmake_clean_first=False, cmake_force_configure=False, ament_cmake_args=None, catkin_cmake_args=None, catkin_skip_building_tests=False, mixin_files=None, mixin=None, verb_parser=<colcon_mixin.mixin.mixin_argument.MixinArgumentDecorator object at 0x7026fbeda630>, verb_extension=<colcon_core.verb.build.BuildVerb object at 0x7026fbe06f60>, main=<bound method BuildVerb.main of <colcon_core.verb.build.BuildVerb object at 0x7026fbe06f60>>, mixin_verb=('build',))
[0.179s] Level 1:colcon.colcon_core.package_discovery:discover_packages(colcon_meta) check parameters
[0.179s] Level 1:colcon.colcon_core.package_discovery:discover_packages(recursive) check parameters
[0.179s] Level 1:colcon.colcon_core.package_discovery:discover_packages(ignore) check parameters
[0.180s] Level 1:colcon.colcon_core.package_discovery:discover_packages(path) check parameters
[0.180s] Level 1:colcon.colcon_core.package_discovery:discover_packages(colcon_meta) discover
[0.180s] Level 1:colcon.colcon_core.package_discovery:discover_packages(recursive) discover
[0.180s] INFO:colcon.colcon_core.package_discovery:Crawling recursively for packages in '/home/daniel-choate/paml_ros2'
[0.180s] Level 1:colcon.colcon_core.package_identification:_identify(.) by extensions ['ignore', 'ignore_ament_install']
[0.180s] Level 1:colcon.colcon_core.package_identification:_identify(.) by extension 'ignore'
[0.180s] Level 1:colcon.colcon_core.package_identification:_identify(.) by extension 'ignore_ament_install'
[0.180s] Level 1:colcon.colcon_core.package_identification:_identify(.) by extensions ['colcon_pkg']
[0.180s] Level 1:colcon.colcon_core.package_identification:_identify(.) by extension 'colcon_pkg'
[0.180s] Level 1:colcon.colcon_core.package_identification:_identify(.) by extensions ['colcon_meta']
[0.180s] Level 1:colcon.colcon_core.package_identification:_identify(.) by extension 'colcon_meta'
[0.180s] Level 1:colcon.colcon_core.package_identification:_identify(.) by extensions ['ros']
[0.180s] Level 1:colcon.colcon_core.package_identification:_identify(.) by extension 'ros'
[0.215s] Level 1:colcon.colcon_core.package_identification:_identify(.) by extensions ['cmake', 'python']
[0.215s] Level 1:colcon.colcon_core.package_identification:_identify(.) by extension 'cmake'
[0.215s] Level 1:colcon.colcon_core.package_identification:_identify(.) by extension 'python'
[0.215s] Level 1:colcon.colcon_core.package_identification:_identify(.) by extensions ['python_setup_py']
[0.215s] Level 1:colcon.colcon_core.package_identification:_identify(.) by extension 'python_setup_py'
[0.215s] Level 1:colcon.colcon_core.package_identification:_identify(build) by extensions ['ignore', 'ignore_ament_install']
[0.215s] Level 1:colcon.colcon_core.package_identification:_identify(build) by extension 'ignore'
[0.215s] Level 1:colcon.colcon_core.package_identification:_identify(build) ignored
[0.215s] Level 1:colcon.colcon_core.package_identification:_identify(data) by extensions ['ignore', 'ignore_ament_install']
[0.215s] Level 1:colcon.colcon_core.package_identification:_identify(data) by extension 'ignore'
[0.215s] Level 1:colcon.colcon_core.package_identification:_identify(data) by extension 'ignore_ament_install'
[0.216s] Level 1:colcon.colcon_core.package_identification:_identify(data) by extensions ['colcon_pkg']
[0.216s] Level 1:colcon.colcon_core.package_identification:_identify(data) by extension 'colcon_pkg'
[0.216s] Level 1:colcon.colcon_core.package_identification:_identify(data) by extensions ['colcon_meta']
[0.216s] Level 1:colcon.colcon_core.package_identification:_identify(data) by extension 'colcon_meta'
[0.216s] Level 1:colcon.colcon_core.package_identification:_identify(data) by extensions ['ros']
[0.216s] Level 1:colcon.colcon_core.package_identification:_identify(data) by extension 'ros'
[0.216s] Level 1:colcon.colcon_core.package_identification:_identify(data) by extensions ['cmake', 'python']
[0.216s] Level 1:colcon.colcon_core.package_identification:_identify(data) by extension 'cmake'
[0.216s] Level 1:colcon.colcon_core.package_identification:_identify(data) by extension 'python'
[0.216s] Level 1:colcon.colcon_core.package_identification:_identify(data) by extensions ['python_setup_py']
[0.216s] Level 1:colcon.colcon_core.package_identification:_identify(data) by extension 'python_setup_py'
[0.216s] Level 1:colcon.colcon_core.package_identification:_identify(data/maps) by extensions ['ignore', 'ignore_ament_install']
[0.216s] Level 1:colcon.colcon_core.package_identification:_identify(data/maps) by extension 'ignore'
[0.216s] Level 1:colcon.colcon_core.package_identification:_identify(data/maps) by extension 'ignore_ament_install'
[0.216s] Level 1:colcon.colcon_core.package_identification:_identify(data/maps) by extensions ['colcon_pkg']
[0.216s] Level 1:colcon.colcon_core.package_identification:_identify(data/maps) by extension 'colcon_pkg'
[0.216s] Level 1:colcon.colcon_core.package_identification:_identify(data/maps) by extensions ['colcon_meta']
[0.216s] Level 1:colcon.colcon_core.package_identification:_identify(data/maps) by extension 'colcon_meta'
[0.216s] Level 1:colcon.colcon_core.package_identification:_identify(data/maps) by extensions ['ros']
[0.216s] Level 1:colcon.colcon_core.package_identification:_identify(data/maps) by extension 'ros'
[0.216s] Level 1:colcon.colcon_core.package_identification:_identify(data/maps) by extensions ['cmake', 'python']
[0.216s] Level 1:colcon.colcon_core.package_identification:_identify(data/maps) by extension 'cmake'
[0.216s] Level 1:colcon.colcon_core.package_identification:_identify(data/maps) by extension 'python'
[0.216s] Level 1:colcon.colcon_core.package_identification:_identify(data/maps) by extensions ['python_setup_py']
[0.216s] Level 1:colcon.colcon_core.package_identification:_identify(data/maps) by extension 'python_setup_py'
[0.216s] Level 1:colcon.colcon_core.package_identification:_identify(install) by extensions ['ignore', 'ignore_ament_install']
[0.217s] Level 1:colcon.colcon_core.package_identification:_identify(install) by extension 'ignore'
[0.217s] Level 1:colcon.colcon_core.package_identification:_identify(install) ignored
[0.217s] Level 1:colcon.colcon_core.package_identification:_identify(log) by extensions ['ignore', 'ignore_ament_install']
[0.217s] Level 1:colcon.colcon_core.package_identification:_identify(log) by extension 'ignore'
[0.217s] Level 1:colcon.colcon_core.package_identification:_identify(log) ignored
[0.217s] Level 1:colcon.colcon_core.package_identification:_identify(msc) by extensions ['ignore', 'ignore_ament_install']
[0.217s] Level 1:colcon.colcon_core.package_identification:_identify(msc) by extension 'ignore'
[0.217s] Level 1:colcon.colcon_core.package_identification:_identify(msc) by extension 'ignore_ament_install'
[0.217s] Level 1:colcon.colcon_core.package_identification:_identify(msc) by extensions ['colcon_pkg']
[0.217s] Level 1:colcon.colcon_core.package_identification:_identify(msc) by extension 'colcon_pkg'
[0.217s] Level 1:colcon.colcon_core.package_identification:_identify(msc) by extensions ['colcon_meta']
[0.217s] Level 1:colcon.colcon_core.package_identification:_identify(msc) by extension 'colcon_meta'
[0.217s] Level 1:colcon.colcon_core.package_identification:_identify(msc) by extensions ['ros']
[0.217s] Level 1:colcon.colcon_core.package_identification:_identify(msc) by extension 'ros'
[0.217s] Level 1:colcon.colcon_core.package_identification:_identify(msc) by extensions ['cmake', 'python']
[0.217s] Level 1:colcon.colcon_core.package_identification:_identify(msc) by extension 'cmake'
[0.217s] Level 1:colcon.colcon_core.package_identification:_identify(msc) by extension 'python'
[0.217s] Level 1:colcon.colcon_core.package_identification:_identify(msc) by extensions ['python_setup_py']
[0.217s] Level 1:colcon.colcon_core.package_identification:_identify(msc) by extension 'python_setup_py'
[0.217s] Level 1:colcon.colcon_core.package_identification:_identify(src) by extensions ['ignore', 'ignore_ament_install']
[0.217s] Level 1:colcon.colcon_core.package_identification:_identify(src) by extension 'ignore'
[0.217s] Level 1:colcon.colcon_core.package_identification:_identify(src) by extension 'ignore_ament_install'
[0.217s] Level 1:colcon.colcon_core.package_identification:_identify(src) by extensions ['colcon_pkg']
[0.217s] Level 1:colcon.colcon_core.package_identification:_identify(src) by extension 'colcon_pkg'
[0.218s] Level 1:colcon.colcon_core.package_identification:_identify(src) by extensions ['colcon_meta']
[0.218s] Level 1:colcon.colcon_core.package_identification:_identify(src) by extension 'colcon_meta'
[0.218s] Level 1:colcon.colcon_core.package_identification:_identify(src) by extensions ['ros']
[0.218s] Level 1:colcon.colcon_core.package_identification:_identify(src) by extension 'ros'
[0.218s] Level 1:colcon.colcon_core.package_identification:_identify(src) by extensions ['cmake', 'python']
[0.218s] Level 1:colcon.colcon_core.package_identification:_identify(src) by extension 'cmake'
[0.218s] Level 1:colcon.colcon_core.package_identification:_identify(src) by extension 'python'
[0.218s] Level 1:colcon.colcon_core.package_identification:_identify(src) by extensions ['python_setup_py']
[0.218s] Level 1:colcon.colcon_core.package_identification:_identify(src) by extension 'python_setup_py'
[0.218s] Level 1:colcon.colcon_core.package_identification:_identify(src/localization_bringup) by extensions ['ignore', 'ignore_ament_install']
[0.218s] Level 1:colcon.colcon_core.package_identification:_identify(src/localization_bringup) by extension 'ignore'
[0.218s] Level 1:colcon.colcon_core.package_identification:_identify(src/localization_bringup) by extension 'ignore_ament_install'
[0.218s] Level 1:colcon.colcon_core.package_identification:_identify(src/localization_bringup) by extensions ['colcon_pkg']
[0.218s] Level 1:colcon.colcon_core.package_identification:_identify(src/localization_bringup) by extension 'colcon_pkg'
[0.218s] Level 1:colcon.colcon_core.package_identification:_identify(src/localization_bringup) by extensions ['colcon_meta']
[0.218s] Level 1:colcon.colcon_core.package_identification:_identify(src/localization_bringup) by extension 'colcon_meta'
[0.218s] Level 1:colcon.colcon_core.package_identification:_identify(src/localization_bringup) by extensions ['ros']
[0.218s] Level 1:colcon.colcon_core.package_identification:_identify(src/localization_bringup) by extension 'ros'
[0.220s] DEBUG:colcon.colcon_core.package_identification:Package 'src/localization_bringup' with type 'ros.ament_python' and name 'localization_bringup'
[0.220s] Level 1:colcon.colcon_core.package_identification:_identify(src/map_builder) by extensions ['ignore', 'ignore_ament_install']
[0.220s] Level 1:colcon.colcon_core.package_identification:_identify(src/map_builder) by extension 'ignore'
[0.220s] Level 1:colcon.colcon_core.package_identification:_identify(src/map_builder) by extension 'ignore_ament_install'
[0.220s] Level 1:colcon.colcon_core.package_identification:_identify(src/map_builder) by extensions ['colcon_pkg']
[0.221s] Level 1:colcon.colcon_core.package_identification:_identify(src/map_builder) by extension 'colcon_pkg'
[0.221s] Level 1:colcon.colcon_core.package_identification:_identify(src/map_builder) by extensions ['colcon_meta']
[0.221s] Level 1:colcon.colcon_core.package_identification:_identify(src/map_builder) by extension 'colcon_meta'
[0.221s] Level 1:colcon.colcon_core.package_identification:_identify(src/map_builder) by extensions ['ros']
[0.221s] Level 1:colcon.colcon_core.package_identification:_identify(src/map_builder) by extension 'ros'
[0.221s] DEBUG:colcon.colcon_core.package_identification:Package 'src/map_builder' with type 'ros.ament_python' and name 'map_builder'
[0.221s] Level 1:colcon.colcon_core.package_identification:_identify(src/mapping_executor) by extensions ['ignore', 'ignore_ament_install']
[0.222s] Level 1:colcon.colcon_core.package_identification:_identify(src/mapping_executor) by extension 'ignore'
[0.222s] Level 1:colcon.colcon_core.package_identification:_identify(src/mapping_executor) by extension 'ignore_ament_install'
[0.222s] Level 1:colcon.colcon_core.package_identification:_identify(src/mapping_executor) by extensions ['colcon_pkg']
[0.222s] Level 1:colcon.colcon_core.package_identification:_identify(src/mapping_executor) by extension 'colcon_pkg'
[0.222s] Level 1:colcon.colcon_core.package_identification:_identify(src/mapping_executor) by extensions ['colcon_meta']
[0.222s] Level 1:colcon.colcon_core.package_identification:_identify(src/mapping_executor) by extension 'colcon_meta'
[0.222s] Level 1:colcon.colcon_core.package_identification:_identify(src/mapping_executor) by extensions ['ros']
[0.222s] Level 1:colcon.colcon_core.package_identification:_identify(src/mapping_executor) by extension 'ros'
[0.222s] DEBUG:colcon.colcon_core.package_identification:Package 'src/mapping_executor' with type 'ros.ament_python' and name 'mapping_executor'
[0.222s] Level 1:colcon.colcon_core.package_identification:_identify(src/mapping_interfaces) by extensions ['ignore', 'ignore_ament_install']
[0.222s] Level 1:colcon.colcon_core.package_identification:_identify(src/mapping_interfaces) by extension 'ignore'
[0.222s] Level 1:colcon.colcon_core.package_identification:_identify(src/mapping_interfaces) by extension 'ignore_ament_install'
[0.222s] Level 1:colcon.colcon_core.package_identification:_identify(src/mapping_interfaces) by extensions ['colcon_pkg']
[0.222s] Level 1:colcon.colcon_core.package_identification:_identify(src/mapping_interfaces) by extension 'colcon_pkg'
[0.222s] Level 1:colcon.colcon_core.package_identification:_identify(src/mapping_interfaces) by extensions ['colcon_meta']
[0.222s] Level 1:colcon.colcon_core.package_identification:_identify(src/mapping_interfaces) by extension 'colcon_meta'
[0.222s] Level 1:colcon.colcon_core.package_identification:_identify(src/mapping_interfaces) by extensions ['ros']
[0.222s] Level 1:colcon.colcon_core.package_identification:_identify(src/mapping_interfaces) by extension 'ros'
[0.223s] DEBUG:colcon.colcon_core.package_identification:Package 'src/mapping_interfaces' with type 'ros.ament_cmake' and name 'mapping_interfaces'
[0.223s] Level 1:colcon.colcon_core.package_identification:_identify(src/mapping_planner) by extensions ['ignore', 'ignore_ament_install']
[0.223s] Level 1:colcon.colcon_core.package_identification:_identify(src/mapping_planner) by extension 'ignore'
[0.223s] Level 1:colcon.colcon_core.package_identification:_identify(src/mapping_planner) by extension 'ignore_ament_install'
[0.223s] Level 1:colcon.colcon_core.package_identification:_identify(src/mapping_planner) by extensions ['colcon_pkg']
[0.223s] Level 1:colcon.colcon_core.package_identification:_identify(src/mapping_planner) by extension 'colcon_pkg'
[0.223s] Level 1:colcon.colcon_core.package_identification:_identify(src/mapping_planner) by extensions ['colcon_meta']
[0.223s] Level 1:colcon.colcon_core.package_identification:_identify(src/mapping_planner) by extension 'colcon_meta'
[0.223s] Level 1:colcon.colcon_core.package_identification:_identify(src/mapping_planner) by extensions ['ros']
[0.223s] Level 1:colcon.colcon_core.package_identification:_identify(src/mapping_planner) by extension 'ros'
[0.224s] DEBUG:colcon.colcon_core.package_identification:Package 'src/mapping_planner' with type 'ros.ament_python' and name 'mapping_planner'
[0.224s] Level 1:colcon.colcon_core.package_identification:_identify(src/rgbd_capture) by extensions ['ignore', 'ignore_ament_install']
[0.224s] Level 1:colcon.colcon_core.package_identification:_identify(src/rgbd_capture) by extension 'ignore'
[0.224s] Level 1:colcon.colcon_core.package_identification:_identify(src/rgbd_capture) by extension 'ignore_ament_install'
[0.224s] Level 1:colcon.colcon_core.package_identification:_identify(src/rgbd_capture) by extensions ['colcon_pkg']
[0.224s] Level 1:colcon.colcon_core.package_identification:_identify(src/rgbd_capture) by extension 'colcon_pkg'
[0.224s] Level 1:colcon.colcon_core.package_identification:_identify(src/rgbd_capture) by extensions ['colcon_meta']
[0.224s] Level 1:colcon.colcon_core.package_identification:_identify(src/rgbd_capture) by extension 'colcon_meta'
[0.224s] Level 1:colcon.colcon_core.package_identification:_identify(src/rgbd_capture) by extensions ['ros']
[0.224s] Level 1:colcon.colcon_core.package_identification:_identify(src/rgbd_capture) by extension 'ros'
[0.224s] DEBUG:colcon.colcon_core.package_identification:Package 'src/rgbd_capture' with type 'ros.ament_python' and name 'rgbd_capture'
[0.224s] Level 1:colcon.colcon_core.package_identification:_identify(src/ur3_demo) by extensions ['ignore', 'ignore_ament_install']
[0.224s] Level 1:colcon.colcon_core.package_identification:_identify(src/ur3_demo) by extension 'ignore'
[0.224s] Level 1:colcon.colcon_core.package_identification:_identify(src/ur3_demo) by extension 'ignore_ament_install'
[0.224s] Level 1:colcon.colcon_core.package_identification:_identify(src/ur3_demo) by extensions ['colcon_pkg']
[0.225s] Level 1:colcon.colcon_core.package_identification:_identify(src/ur3_demo) by extension 'colcon_pkg'
[0.225s] Level 1:colcon.colcon_core.package_identification:_identify(src/ur3_demo) by extensions ['colcon_meta']
[0.225s] Level 1:colcon.colcon_core.package_identification:_identify(src/ur3_demo) by extension 'colcon_meta'
[0.225s] Level 1:colcon.colcon_core.package_identification:_identify(src/ur3_demo) by extensions ['ros']
[0.225s] Level 1:colcon.colcon_core.package_identification:_identify(src/ur3_demo) by extension 'ros'
[0.225s] DEBUG:colcon.colcon_core.package_identification:Package 'src/ur3_demo' with type 'ros.ament_cmake' and name 'ur3_demo'
[0.225s] Level 1:colcon.colcon_core.package_identification:_identify(src/ur3_movement) by extensions ['ignore', 'ignore_ament_install']
[0.225s] Level 1:colcon.colcon_core.package_identification:_identify(src/ur3_movement) by extension 'ignore'
[0.225s] Level 1:colcon.colcon_core.package_identification:_identify(src/ur3_movement) by extension 'ignore_ament_install'
[0.225s] Level 1:colcon.colcon_core.package_identification:_identify(src/ur3_movement) by extensions ['colcon_pkg']
[0.225s] Level 1:colcon.colcon_core.package_identification:_identify(src/ur3_movement) by extension 'colcon_pkg'
[0.225s] Level 1:colcon.colcon_core.package_identification:_identify(src/ur3_movement) by extensions ['colcon_meta']
[0.225s] Level 1:colcon.colcon_core.package_identification:_identify(src/ur3_movement) by extension 'colcon_meta'
[0.225s] Level 1:colcon.colcon_core.package_identification:_identify(src/ur3_movement) by extensions ['ros']
[0.225s] Level 1:colcon.colcon_core.package_identification:_identify(src/ur3_movement) by extension 'ros'
[0.225s] DEBUG:colcon.colcon_core.package_identification:Package 'src/ur3_movement' with type 'ros.ament_python' and name 'ur3_movement'
[0.225s] Level 1:colcon.colcon_core.package_discovery:discover_packages(recursive) using defaults
[0.226s] Level 1:colcon.colcon_core.package_discovery:discover_packages(ignore) discover
[0.226s] Level 1:colcon.colcon_core.package_discovery:discover_packages(ignore) using defaults
[0.226s] Level 1:colcon.colcon_core.package_discovery:discover_packages(path) discover
[0.226s] Level 1:colcon.colcon_core.package_discovery:discover_packages(path) using defaults
[0.244s] Level 1:colcon.colcon_core.package_discovery:discover_packages(prefix_path) check parameters
[0.244s] Level 1:colcon.colcon_core.package_discovery:discover_packages(prefix_path) discover
[0.246s] DEBUG:colcon.colcon_installed_package_information.package_discovery:Found 8 installed packages in /home/daniel-choate/paml_ros2/install
[0.248s] DEBUG:colcon.colcon_installed_package_information.package_discovery:Found 510 installed packages in /opt/ros/kilted
[0.249s] Level 1:colcon.colcon_core.package_discovery:discover_packages(prefix_path) using defaults
[0.327s] Level 5:colcon.colcon_core.verb:set package 'localization_bringup' build argument 'cmake_args' from command line to 'None'
[0.327s] Level 5:colcon.colcon_core.verb:set package 'localization_bringup' build argument 'cmake_target' from command line to 'None'
[0.327s] Level 5:colcon.colcon_core.verb:set package 'localization_bringup' build argument 'cmake_target_skip_unavailable' from command line to 'False'
[0.327s] Level 5:colcon.colcon_core.verb:set package 'localization_bringup' build argument 'cmake_clean_cache' from command line to 'False'
[0.327s] Level 5:colcon.colcon_core.verb:set package 'localization_bringup' build argument 'cmake_clean_first' from command line to 'False'
[0.327s] Level 5:colcon.colcon_core.verb:set package 'localization_bringup' build argument 'cmake_force_configure' from command line to 'False'
[0.327s] Level 5:colcon.colcon_core.verb:set package 'localization_bringup' build argument 'ament_cmake_args' from command line to 'None'
[0.327s] Level 5:colcon.colcon_core.verb:set package 'localization_bringup' build argument 'catkin_cmake_args' from command line to 'None'
[0.327s] Level 5:colcon.colcon_core.verb:set package 'localization_bringup' build argument 'catkin_skip_building_tests' from command line to 'False'
[0.327s] DEBUG:colcon.colcon_core.verb:Building package 'localization_bringup' with the following arguments: {'ament_cmake_args': None, 'build_base': '/home/daniel-choate/paml_ros2/build/localization_bringup', 'catkin_cmake_args': None, 'catkin_skip_building_tests': False, 'cmake_args': None, 'cmake_clean_cache': False, 'cmake_clean_first': False, 'cmake_force_configure': False, 'cmake_target': None, 'cmake_target_skip_unavailable': False, 'install_base': '/home/daniel-choate/paml_ros2/install/localization_bringup', 'merge_install': False, 'path': '/home/daniel-choate/paml_ros2/src/localization_bringup', 'symlink_install': False, 'test_result_base': None}
[0.327s] Level 5:colcon.colcon_core.verb:set package 'map_builder' build argument 'cmake_args' from command line to 'None'
[0.327s] Level 5:colcon.colcon_core.verb:set package 'map_builder' build argument 'cmake_target' from command line to 'None'
[0.327s] Level 5:colcon.colcon_core.verb:set package 'map_builder' build argument 'cmake_target_skip_unavailable' from command line to 'False'
[0.327s] Level 5:colcon.colcon_core.verb:set package 'map_builder' build argument 'cmake_clean_cache' from command line to 'False'
[0.327s] Level 5:colcon.colcon_core.verb:set package 'map_builder' build argument 'cmake_clean_first' from command line to 'False'
[0.327s] Level 5:colcon.colcon_core.verb:set package 'map_builder' build argument 'cmake_force_configure' from command line to 'False'
[0.327s] Level 5:colcon.colcon_core.verb:set package 'map_builder' build argument 'ament_cmake_args' from command line to 'None'
[0.327s] Level 5:colcon.colcon_core.verb:set package 'map_builder' build argument 'catkin_cmake_args' from command line to 'None'
[0.327s] Level 5:colcon.colcon_core.verb:set package 'map_builder' build argument 'catkin_skip_building_tests' from command line to 'False'
[0.327s] DEBUG:colcon.colcon_core.verb:Building package 'map_builder' with the following arguments: {'ament_cmake_args': None, 'build_base': '/home/daniel-choate/paml_ros2/build/map_builder', 'catkin_cmake_args': None, 'catkin_skip_building_tests': False, 'cmake_args': None, 'cmake_clean_cache': False, 'cmake_clean_first': False, 'cmake_force_configure': False, 'cmake_target': None, 'cmake_target_skip_unavailable': False, 'install_base': '/home/daniel-choate/paml_ros2/install/map_builder', 'merge_install': False, 'path': '/home/daniel-choate/paml_ros2/src/map_builder', 'symlink_install': False, 'test_result_base': None}
[0.328s] Level 5:colcon.colcon_core.verb:set package 'mapping_interfaces' build argument 'cmake_args' from command line to 'None'
[0.328s] Level 5:colcon.colcon_core.verb:set package 'mapping_interfaces' build argument 'cmake_target' from command line to 'None'
[0.328s] Level 5:colcon.colcon_core.verb:set package 'mapping_interfaces' build argument 'cmake_target_skip_unavailable' from command line to 'False'
[0.328s] Level 5:colcon.colcon_core.verb:set package 'mapping_interfaces' build argument 'cmake_clean_cache' from command line to 'False'
[0.328s] Level 5:colcon.colcon_core.verb:set package 'mapping_interfaces' build argument 'cmake_clean_first' from command line to 'False'
[0.328s] Level 5:colcon.colcon_core.verb:set package 'mapping_interfaces' build argument 'cmake_force_configure' from command line to 'False'
[0.328s] Level 5:colcon.colcon_core.verb:set package 'mapping_interfaces' build argument 'ament_cmake_args' from command line to 'None'
[0.328s] Level 5:colcon.colcon_core.verb:set package 'mapping_interfaces' build argument 'catkin_cmake_args' from command line to 'None'
[0.328s] Level 5:colcon.colcon_core.verb:set package 'mapping_interfaces' build argument 'catkin_skip_building_tests' from command line to 'False'
[0.328s] DEBUG:colcon.colcon_core.verb:Building package 'mapping_interfaces' with the following arguments: {'ament_cmake_args': None, 'build_base': '/home/daniel-choate/paml_ros2/build/mapping_interfaces', 'catkin_cmake_args': None, 'catkin_skip_building_tests': False, 'cmake_args': None, 'cmake_clean_cache': False, 'cmake_clean_first': False, 'cmake_force_configure': False, 'cmake_target': None, 'cmake_target_skip_unavailable': False, 'install_base': '/home/daniel-choate/paml_ros2/install/mapping_interfaces', 'merge_install': False, 'path': '/home/daniel-choate/paml_ros2/src/mapping_interfaces', 'symlink_install': False, 'test_result_base': None}
[0.328s] Level 5:colcon.colcon_core.verb:set package 'rgbd_capture' build argument 'cmake_args' from command line to 'None'
[0.328s] Level 5:colcon.colcon_core.verb:set package 'rgbd_capture' build argument 'cmake_target' from command line to 'None'
[0.328s] Level 5:colcon.colcon_core.verb:set package 'rgbd_capture' build argument 'cmake_target_skip_unavailable' from command line to 'False'
[0.328s] Level 5:colcon.colcon_core.verb:set package 'rgbd_capture' build argument 'cmake_clean_cache' from command line to 'False'
[0.328s] Level 5:colcon.colcon_core.verb:set package 'rgbd_capture' build argument 'cmake_clean_first' from command line to 'False'
[0.328s] Level 5:colcon.colcon_core.verb:set package 'rgbd_capture' build argument 'cmake_force_configure' from command line to 'False'
[0.328s] Level 5:colcon.colcon_core.verb:set package 'rgbd_capture' build argument 'ament_cmake_args' from command line to 'None'
[0.328s] Level 5:colcon.colcon_core.verb:set package 'rgbd_capture' build argument 'catkin_cmake_args' from command line to 'None'
[0.328s] Level 5:colcon.colcon_core.verb:set package 'rgbd_capture' build argument 'catkin_skip_building_tests' from command line to 'False'
[0.328s] DEBUG:colcon.colcon_core.verb:Building package 'rgbd_capture' with the following arguments: {'ament_cmake_args': None, 'build_base': '/home/daniel-choate/paml_ros2/build/rgbd_capture', 'catkin_cmake_args': None, 'catkin_skip_building_tests': False, 'cmake_args': None, 'cmake_clean_cache': False, 'cmake_clean_first': False, 'cmake_force_configure': False, 'cmake_target': None, 'cmake_target_skip_unavailable': False, 'install_base': '/home/daniel-choate/paml_ros2/install/rgbd_capture', 'merge_install': False, 'path': '/home/daniel-choate/paml_ros2/src/rgbd_capture', 'symlink_install': False, 'test_result_base': None}
[0.328s] Level 5:colcon.colcon_core.verb:set package 'ur3_demo' build argument 'cmake_args' from command line to 'None'
[0.328s] Level 5:colcon.colcon_core.verb:set package 'ur3_demo' build argument 'cmake_target' from command line to 'None'
[0.328s] Level 5:colcon.colcon_core.verb:set package 'ur3_demo' build argument 'cmake_target_skip_unavailable' from command line to 'False'
[0.328s] Level 5:colcon.colcon_core.verb:set package 'ur3_demo' build argument 'cmake_clean_cache' from command line to 'False'
[0.328s] Level 5:colcon.colcon_core.verb:set package 'ur3_demo' build argument 'cmake_clean_first' from command line to 'False'
[0.328s] Level 5:colcon.colcon_core.verb:set package 'ur3_demo' build argument 'cmake_force_configure' from command line to 'False'
[0.328s] Level 5:colcon.colcon_core.verb:set package 'ur3_demo' build argument 'ament_cmake_args' from command line to 'None'
[0.328s] Level 5:colcon.colcon_core.verb:set package 'ur3_demo' build argument 'catkin_cmake_args' from command line to 'None'
[0.328s] Level 5:colcon.colcon_core.verb:set package 'ur3_demo' build argument 'catkin_skip_building_tests' from command line to 'False'
[0.328s] DEBUG:colcon.colcon_core.verb:Building package 'ur3_demo' with the following arguments: {'ament_cmake_args': None, 'build_base': '/home/daniel-choate/paml_ros2/build/ur3_demo', 'catkin_cmake_args': None, 'catkin_skip_building_tests': False, 'cmake_args': None, 'cmake_clean_cache': False, 'cmake_clean_first': False, 'cmake_force_configure': False, 'cmake_target': None, 'cmake_target_skip_unavailable': False, 'install_base': '/home/daniel-choate/paml_ros2/install/ur3_demo', 'merge_install': False, 'path': '/home/daniel-choate/paml_ros2/src/ur3_demo', 'symlink_install': False, 'test_result_base': None}
[0.328s] Level 5:colcon.colcon_core.verb:set package 'ur3_movement' build argument 'cmake_args' from command line to 'None'
[0.328s] Level 5:colcon.colcon_core.verb:set package 'ur3_movement' build argument 'cmake_target' from command line to 'None'
[0.328s] Level 5:colcon.colcon_core.verb:set package 'ur3_movement' build argument 'cmake_target_skip_unavailable' from command line to 'False'
[0.328s] Level 5:colcon.colcon_core.verb:set package 'ur3_movement' build argument 'cmake_clean_cache' from command line to 'False'
[0.328s] Level 5:colcon.colcon_core.verb:set package 'ur3_movement' build argument 'cmake_clean_first' from command line to 'False'
[0.329s] Level 5:colcon.colcon_core.verb:set package 'ur3_movement' build argument 'cmake_force_configure' from command line to 'False'
[0.329s] Level 5:colcon.colcon_core.verb:set package 'ur3_movement' build argument 'ament_cmake_args' from command line to 'None'
[0.329s] Level 5:colcon.colcon_core.verb:set package 'ur3_movement' build argument 'catkin_cmake_args' from command line to 'None'
[0.329s] Level 5:colcon.colcon_core.verb:set package 'ur3_movement' build argument 'catkin_skip_building_tests' from command line to 'False'
[0.329s] DEBUG:colcon.colcon_core.verb:Building package 'ur3_movement' with the following arguments: {'ament_cmake_args': None, 'build_base': '/home/daniel-choate/paml_ros2/build/ur3_movement', 'catkin_cmake_args': None, 'catkin_skip_building_tests': False, 'cmake_args': None, 'cmake_clean_cache': False, 'cmake_clean_first': False, 'cmake_force_configure': False, 'cmake_target': None, 'cmake_target_skip_unavailable': False, 'install_base': '/home/daniel-choate/paml_ros2/install/ur3_movement', 'merge_install': False, 'path': '/home/daniel-choate/paml_ros2/src/ur3_movement', 'symlink_install': False, 'test_result_base': None}
[0.329s] Level 5:colcon.colcon_core.verb:set package 'mapping_executor' build argument 'cmake_args' from command line to 'None'
[0.329s] Level 5:colcon.colcon_core.verb:set package 'mapping_executor' build argument 'cmake_target' from command line to 'None'
[0.329s] Level 5:colcon.colcon_core.verb:set package 'mapping_executor' build argument 'cmake_target_skip_unavailable' from command line to 'False'
[0.329s] Level 5:colcon.colcon_core.verb:set package 'mapping_executor' build argument 'cmake_clean_cache' from command line to 'False'
[0.329s] Level 5:colcon.colcon_core.verb:set package 'mapping_executor' build argument 'cmake_clean_first' from command line to 'False'
[0.329s] Level 5:colcon.colcon_core.verb:set package 'mapping_executor' build argument 'cmake_force_configure' from command line to 'False'
[0.329s] Level 5:colcon.colcon_core.verb:set package 'mapping_executor' build argument 'ament_cmake_args' from command line to 'None'
[0.329s] Level 5:colcon.colcon_core.verb:set package 'mapping_executor' build argument 'catkin_cmake_args' from command line to 'None'
[0.329s] Level 5:colcon.colcon_core.verb:set package 'mapping_executor' build argument 'catkin_skip_building_tests' from command line to 'False'
[0.329s] DEBUG:colcon.colcon_core.verb:Building package 'mapping_executor' with the following arguments: {'ament_cmake_args': None, 'build_base': '/home/daniel-choate/paml_ros2/build/mapping_executor', 'catkin_cmake_args': None, 'catkin_skip_building_tests': False, 'cmake_args': None, 'cmake_clean_cache': False, 'cmake_clean_first': False, 'cmake_force_configure': False, 'cmake_target': None, 'cmake_target_skip_unavailable': False, 'install_base': '/home/daniel-choate/paml_ros2/install/mapping_executor', 'merge_install': False, 'path': '/home/daniel-choate/paml_ros2/src/mapping_executor', 'symlink_install': False, 'test_result_base': None}
[0.329s] Level 5:colcon.colcon_core.verb:set package 'mapping_planner' build argument 'cmake_args' from command line to 'None'
[0.329s] Level 5:colcon.colcon_core.verb:set package 'mapping_planner' build argument 'cmake_target' from command line to 'None'
[0.329s] Level 5:colcon.colcon_core.verb:set package 'mapping_planner' build argument 'cmake_target_skip_unavailable' from command line to 'False'
[0.329s] Level 5:colcon.colcon_core.verb:set package 'mapping_planner' build argument 'cmake_clean_cache' from command line to 'False'
[0.329s] Level 5:colcon.colcon_core.verb:set package 'mapping_planner' build argument 'cmake_clean_first' from command line to 'False'
[0.329s] Level 5:colcon.colcon_core.verb:set package 'mapping_planner' build argument 'cmake_force_configure' from command line to 'False'
[0.329s] Level 5:colcon.colcon_core.verb:set package 'mapping_planner' build argument 'ament_cmake_args' from command line to 'None'
[0.329s] Level 5:colcon.colcon_core.verb:set package 'mapping_planner' build argument 'catkin_cmake_args' from command line to 'None'
[0.329s] Level 5:colcon.colcon_core.verb:set package 'mapping_planner' build argument 'catkin_skip_building_tests' from command line to 'False'
[0.329s] DEBUG:colcon.colcon_core.verb:Building package 'mapping_planner' with the following arguments: {'ament_cmake_args': None, 'build_base': '/home/daniel-choate/paml_ros2/build/mapping_planner', 'catkin_cmake_args': None, 'catkin_skip_building_tests': False, 'cmake_args': None, 'cmake_clean_cache': False, 'cmake_clean_first': False, 'cmake_force_configure': False, 'cmake_target': None, 'cmake_target_skip_unavailable': False, 'install_base': '/home/daniel-choate/paml_ros2/install/mapping_planner', 'merge_install': False, 'path': '/home/daniel-choate/paml_ros2/src/mapping_planner', 'symlink_install': False, 'test_result_base': None}
[0.329s] INFO:colcon.colcon_core.executor:Executing jobs using 'parallel' executor
[0.330s] DEBUG:colcon.colcon_parallel_executor.executor.parallel:run_until_complete
[0.330s] INFO:colcon.colcon_ros.task.ament_cmake.build:Building ROS package in '/home/daniel-choate/paml_ros2/src/mapping_interfaces' with build type 'ament_cmake'
[0.330s] INFO:colcon.colcon_cmake.task.cmake.build:Building CMake package in '/home/daniel-choate/paml_ros2/src/mapping_interfaces'
[0.332s] INFO:colcon.colcon_core.plugin_system:Skipping extension 'colcon_core.shell.bat': Not used on non-Windows systems
[0.332s] INFO:colcon.colcon_core.shell:Skip shell extension 'powershell' for command environment: Not usable outside of PowerShell
[0.332s] DEBUG:colcon.colcon_core.shell:Skip shell extension 'dsv' for command environment
[0.335s] INFO:colcon.colcon_ros.task.ament_python.build:Building ROS package in '/home/daniel-choate/paml_ros2/src/localization_bringup' with build type 'ament_python'
[0.335s] Level 1:colcon.colcon_core.shell:create_environment_hook('localization_bringup', 'ament_prefix_path')
[0.335s] INFO:colcon.colcon_core.shell:Creating environment hook '/home/daniel-choate/paml_ros2/install/localization_bringup/share/localization_bringup/hook/ament_prefix_path.ps1'
[0.336s] INFO:colcon.colcon_core.shell:Creating environment descriptor '/home/daniel-choate/paml_ros2/install/localization_bringup/share/localization_bringup/hook/ament_prefix_path.dsv'
[0.336s] INFO:colcon.colcon_core.shell:Creating environment hook '/home/daniel-choate/paml_ros2/install/localization_bringup/share/localization_bringup/hook/ament_prefix_path.sh'
[0.337s] INFO:colcon.colcon_core.shell:Skip shell extension 'powershell' for command environment: Not usable outside of PowerShell
[0.337s] DEBUG:colcon.colcon_core.shell:Skip shell extension 'dsv' for command environment
[0.340s] INFO:colcon.colcon_ros.task.ament_python.build:Building ROS package in '/home/daniel-choate/paml_ros2/src/map_builder' with build type 'ament_python'
[0.340s] Level 1:colcon.colcon_core.shell:create_environment_hook('map_builder', 'ament_prefix_path')
[0.340s] INFO:colcon.colcon_core.shell:Creating environment hook '/home/daniel-choate/paml_ros2/install/map_builder/share/map_builder/hook/ament_prefix_path.ps1'
[0.340s] INFO:colcon.colcon_core.shell:Creating environment descriptor '/home/daniel-choate/paml_ros2/install/map_builder/share/map_builder/hook/ament_prefix_path.dsv'
[0.341s] INFO:colcon.colcon_core.shell:Creating environment hook '/home/daniel-choate/paml_ros2/install/map_builder/share/map_builder/hook/ament_prefix_path.sh'
[0.341s] INFO:colcon.colcon_core.shell:Skip shell extension 'powershell' for command environment: Not usable outside of PowerShell
[0.341s] DEBUG:colcon.colcon_core.shell:Skip shell extension 'dsv' for command environment
[0.343s] INFO:colcon.colcon_ros.task.ament_python.build:Building ROS package in '/home/daniel-choate/paml_ros2/src/rgbd_capture' with build type 'ament_python'
[0.344s] Level 1:colcon.colcon_core.shell:create_environment_hook('rgbd_capture', 'ament_prefix_path')
[0.344s] INFO:colcon.colcon_core.shell:Creating environment hook '/home/daniel-choate/paml_ros2/install/rgbd_capture/share/rgbd_capture/hook/ament_prefix_path.ps1'
[0.344s] INFO:colcon.colcon_core.shell:Creating environment descriptor '/home/daniel-choate/paml_ros2/install/rgbd_capture/share/rgbd_capture/hook/ament_prefix_path.dsv'
[0.344s] INFO:colcon.colcon_core.shell:Creating environment hook '/home/daniel-choate/paml_ros2/install/rgbd_capture/share/rgbd_capture/hook/ament_prefix_path.sh'
[0.344s] INFO:colcon.colcon_core.shell:Skip shell extension 'powershell' for command environment: Not usable outside of PowerShell
[0.345s] DEBUG:colcon.colcon_core.shell:Skip shell extension 'dsv' for command environment
[0.347s] INFO:colcon.colcon_ros.task.ament_cmake.build:Building ROS package in '/home/daniel-choate/paml_ros2/src/ur3_demo' with build type 'ament_cmake'
[0.347s] INFO:colcon.colcon_cmake.task.cmake.build:Building CMake package in '/home/daniel-choate/paml_ros2/src/ur3_demo'
[0.347s] INFO:colcon.colcon_core.shell:Skip shell extension 'powershell' for command environment: Not usable outside of PowerShell
[0.347s] DEBUG:colcon.colcon_core.shell:Skip shell extension 'dsv' for command environment
[0.350s] INFO:colcon.colcon_ros.task.ament_python.build:Building ROS package in '/home/daniel-choate/paml_ros2/src/ur3_movement' with build type 'ament_python'
[0.351s] Level 1:colcon.colcon_core.shell:create_environment_hook('ur3_movement', 'ament_prefix_path')
[0.351s] INFO:colcon.colcon_core.shell:Creating environment hook '/home/daniel-choate/paml_ros2/install/ur3_movement/share/ur3_movement/hook/ament_prefix_path.ps1'
[0.351s] INFO:colcon.colcon_core.shell:Creating environment descriptor '/home/daniel-choate/paml_ros2/install/ur3_movement/share/ur3_movement/hook/ament_prefix_path.dsv'
[0.351s] INFO:colcon.colcon_core.shell:Creating environment hook '/home/daniel-choate/paml_ros2/install/ur3_movement/share/ur3_movement/hook/ament_prefix_path.sh'
[0.352s] INFO:colcon.colcon_core.shell:Skip shell extension 'powershell' for command environment: Not usable outside of PowerShell
[0.352s] DEBUG:colcon.colcon_core.shell:Skip shell extension 'dsv' for command environment
[0.362s] DEBUG:colcon.colcon_core.event_handler.log_command:Invoking command in '/home/daniel-choate/paml_ros2/build/mapping_interfaces': CMAKE_PREFIX_PATH=${CMAKE_PREFIX_PATH}:/home/daniel-choate/paml_ros2/install/ur3_movement:/home/daniel-choate/paml_ros2/install/rgbd_capture:/home/daniel-choate/paml_ros2/install/mapping_planner:/home/daniel-choate/paml_ros2/install/mapping_executor:/home/daniel-choate/paml_ros2/install/map_builder:/home/daniel-choate/paml_ros2/install/localization_bringup:/opt/ros/kilted DEBUGINFOD_URLS=https://debuginfod.ubuntu.com /usr/bin/cmake --build /home/daniel-choate/paml_ros2/build/mapping_interfaces -- -j20 -l20
[0.547s] INFO:colcon.colcon_core.task.python.build:Building Python package in '/home/daniel-choate/paml_ros2/src/localization_bringup'
[0.547s] INFO:colcon.colcon_core.shell:Skip shell extension 'powershell' for command environment: Not usable outside of PowerShell
[0.547s] DEBUG:colcon.colcon_core.shell:Skip shell extension 'dsv' for command environment
[0.751s] INFO:colcon.colcon_core.task.python.build:Building Python package in '/home/daniel-choate/paml_ros2/src/map_builder'
[0.752s] INFO:colcon.colcon_core.shell:Skip shell extension 'powershell' for command environment: Not usable outside of PowerShell
[0.752s] DEBUG:colcon.colcon_core.shell:Skip shell extension 'dsv' for command environment
[1.035s] INFO:colcon.colcon_core.task.python.build:Building Python package in '/home/daniel-choate/paml_ros2/src/rgbd_capture'
[1.035s] INFO:colcon.colcon_core.shell:Skip shell extension 'powershell' for command environment: Not usable outside of PowerShell
[1.036s] DEBUG:colcon.colcon_core.shell:Skip shell extension 'dsv' for command environment
[1.047s] DEBUG:colcon.colcon_core.event_handler.log_command:Invoking command in '/home/daniel-choate/paml_ros2/build/ur3_demo': CMAKE_PREFIX_PATH=${CMAKE_PREFIX_PATH}:/home/daniel-choate/paml_ros2/install/ur3_movement:/home/daniel-choate/paml_ros2/install/rgbd_capture:/home/daniel-choate/paml_ros2/install/mapping_planner:/home/daniel-choate/paml_ros2/install/mapping_executor:/home/daniel-choate/paml_ros2/install/map_builder:/home/daniel-choate/paml_ros2/install/localization_bringup:/opt/ros/kilted DEBUGINFOD_URLS=https://debuginfod.ubuntu.com /usr/bin/cmake --build /home/daniel-choate/paml_ros2/build/ur3_demo -- -j20 -l20
[1.321s] INFO:colcon.colcon_core.task.python.build:Building Python package in '/home/daniel-choate/paml_ros2/src/ur3_movement'
[1.321s] INFO:colcon.colcon_core.shell:Skip shell extension 'powershell' for command environment: Not usable outside of PowerShell
[1.321s] DEBUG:colcon.colcon_core.shell:Skip shell extension 'dsv' for command environment
[1.325s] DEBUG:colcon.colcon_core.event_handler.log_command:Invoked command in '/home/daniel-choate/paml_ros2/build/mapping_interfaces' returned '0': CMAKE_PREFIX_PATH=${CMAKE_PREFIX_PATH}:/home/daniel-choate/paml_ros2/install/ur3_movement:/home/daniel-choate/paml_ros2/install/rgbd_capture:/home/daniel-choate/paml_ros2/install/mapping_planner:/home/daniel-choate/paml_ros2/install/mapping_executor:/home/daniel-choate/paml_ros2/install/map_builder:/home/daniel-choate/paml_ros2/install/localization_bringup:/opt/ros/kilted DEBUGINFOD_URLS=https://debuginfod.ubuntu.com /usr/bin/cmake --build /home/daniel-choate/paml_ros2/build/mapping_interfaces -- -j20 -l20
[1.335s] DEBUG:colcon.colcon_core.event_handler.log_command:Invoking command in '/home/daniel-choate/paml_ros2/build/mapping_interfaces': CMAKE_PREFIX_PATH=${CMAKE_PREFIX_PATH}:/home/daniel-choate/paml_ros2/install/ur3_movement:/home/daniel-choate/paml_ros2/install/rgbd_capture:/home/daniel-choate/paml_ros2/install/mapping_planner:/home/daniel-choate/paml_ros2/install/mapping_executor:/home/daniel-choate/paml_ros2/install/map_builder:/home/daniel-choate/paml_ros2/install/localization_bringup:/opt/ros/kilted DEBUGINFOD_URLS=https://debuginfod.ubuntu.com /usr/bin/cmake --install /home/daniel-choate/paml_ros2/build/mapping_interfaces
[1.342s] DEBUG:colcon.colcon_core.event_handler.log_command:Invoked command in '/home/daniel-choate/paml_ros2/build/ur3_demo' returned '0': CMAKE_PREFIX_PATH=${CMAKE_PREFIX_PATH}:/home/daniel-choate/paml_ros2/install/ur3_movement:/home/daniel-choate/paml_ros2/install/rgbd_capture:/home/daniel-choate/paml_ros2/install/mapping_planner:/home/daniel-choate/paml_ros2/install/mapping_executor:/home/daniel-choate/paml_ros2/install/map_builder:/home/daniel-choate/paml_ros2/install/localization_bringup:/opt/ros/kilted DEBUGINFOD_URLS=https://debuginfod.ubuntu.com /usr/bin/cmake --build /home/daniel-choate/paml_ros2/build/ur3_demo -- -j20 -l20
[1.344s] DEBUG:colcon.colcon_core.event_handler.log_command:Invoking command in '/home/daniel-choate/paml_ros2/build/ur3_demo': CMAKE_PREFIX_PATH=${CMAKE_PREFIX_PATH}:/home/daniel-choate/paml_ros2/install/ur3_movement:/home/daniel-choate/paml_ros2/install/rgbd_capture:/home/daniel-choate/paml_ros2/install/mapping_planner:/home/daniel-choate/paml_ros2/install/mapping_executor:/home/daniel-choate/paml_ros2/install/map_builder:/home/daniel-choate/paml_ros2/install/localization_bringup:/opt/ros/kilted DEBUGINFOD_URLS=https://debuginfod.ubuntu.com /usr/bin/cmake --install /home/daniel-choate/paml_ros2/build/ur3_demo
[1.371s] Level 1:colcon.colcon_core.environment:create_environment_scripts_only(ur3_demo)
[1.389s] DEBUG:colcon.colcon_core.event_handler.log_command:Invoked command in '/home/daniel-choate/paml_ros2/build/ur3_demo' returned '0': CMAKE_PREFIX_PATH=${CMAKE_PREFIX_PATH}:/home/daniel-choate/paml_ros2/install/ur3_movement:/home/daniel-choate/paml_ros2/install/rgbd_capture:/home/daniel-choate/paml_ros2/install/mapping_planner:/home/daniel-choate/paml_ros2/install/mapping_executor:/home/daniel-choate/paml_ros2/install/map_builder:/home/daniel-choate/paml_ros2/install/localization_bringup:/opt/ros/kilted DEBUGINFOD_URLS=https://debuginfod.ubuntu.com /usr/bin/cmake --install /home/daniel-choate/paml_ros2/build/ur3_demo
[1.391s] Level 1:colcon.colcon_core.environment:checking '/home/daniel-choate/paml_ros2/install/ur3_demo' for CMake module files
[1.393s] Level 1:colcon.colcon_core.environment:checking '/home/daniel-choate/paml_ros2/install/ur3_demo' for CMake config files
[1.393s] Level 1:colcon.colcon_core.shell:create_environment_hook('ur3_demo', 'cmake_prefix_path')
[1.394s] INFO:colcon.colcon_core.shell:Creating environment hook '/home/daniel-choate/paml_ros2/install/ur3_demo/share/ur3_demo/hook/cmake_prefix_path.ps1'
[1.395s] INFO:colcon.colcon_core.shell:Creating environment descriptor '/home/daniel-choate/paml_ros2/install/ur3_demo/share/ur3_demo/hook/cmake_prefix_path.dsv'
[1.396s] INFO:colcon.colcon_core.shell:Creating environment hook '/home/daniel-choate/paml_ros2/install/ur3_demo/share/ur3_demo/hook/cmake_prefix_path.sh'
[1.398s] Level 1:colcon.colcon_core.environment:checking '/home/daniel-choate/paml_ros2/install/ur3_demo/lib'
[1.399s] Level 1:colcon.colcon_core.environment:checking '/home/daniel-choate/paml_ros2/install/ur3_demo/bin'
[1.399s] Level 1:colcon.colcon_core.environment:checking '/home/daniel-choate/paml_ros2/install/ur3_demo/lib/pkgconfig/ur3_demo.pc'
[1.400s] Level 1:colcon.colcon_core.environment:checking '/home/daniel-choate/paml_ros2/install/ur3_demo/lib/python3.12/site-packages'
[1.401s] Level 1:colcon.colcon_core.environment:checking '/home/daniel-choate/paml_ros2/install/ur3_demo/bin'
[1.402s] INFO:colcon.colcon_core.shell:Creating package script '/home/daniel-choate/paml_ros2/install/ur3_demo/share/ur3_demo/package.ps1'
[1.404s] INFO:colcon.colcon_core.shell:Creating package descriptor '/home/daniel-choate/paml_ros2/install/ur3_demo/share/ur3_demo/package.dsv'
[1.406s] INFO:colcon.colcon_core.shell:Creating package script '/home/daniel-choate/paml_ros2/install/ur3_demo/share/ur3_demo/package.sh'
[1.407s] INFO:colcon.colcon_core.shell:Creating package script '/home/daniel-choate/paml_ros2/install/ur3_demo/share/ur3_demo/package.bash'
[1.409s] INFO:colcon.colcon_core.shell:Creating package script '/home/daniel-choate/paml_ros2/install/ur3_demo/share/ur3_demo/package.zsh'
[1.410s] Level 1:colcon.colcon_core.environment:create_file_with_runtime_dependencies(/home/daniel-choate/paml_ros2/install/ur3_demo/share/colcon-core/packages/ur3_demo)
[1.411s] Level 1:colcon.colcon_core.environment:create_environment_scripts_only(ur3_demo)
[1.412s] Level 1:colcon.colcon_core.environment:checking '/home/daniel-choate/paml_ros2/install/ur3_demo' for CMake module files
[1.413s] Level 1:colcon.colcon_core.environment:checking '/home/daniel-choate/paml_ros2/install/ur3_demo' for CMake config files
[1.413s] Level 1:colcon.colcon_core.shell:create_environment_hook('ur3_demo', 'cmake_prefix_path')
[1.414s] INFO:colcon.colcon_core.shell:Creating environment hook '/home/daniel-choate/paml_ros2/install/ur3_demo/share/ur3_demo/hook/cmake_prefix_path.ps1'
[1.415s] INFO:colcon.colcon_core.shell:Creating environment descriptor '/home/daniel-choate/paml_ros2/install/ur3_demo/share/ur3_demo/hook/cmake_prefix_path.dsv'
[1.415s] INFO:colcon.colcon_core.shell:Creating environment hook '/home/daniel-choate/paml_ros2/install/ur3_demo/share/ur3_demo/hook/cmake_prefix_path.sh'
[1.416s] Level 1:colcon.colcon_core.environment:checking '/home/daniel-choate/paml_ros2/install/ur3_demo/lib'
[1.416s] Level 1:colcon.colcon_core.environment:checking '/home/daniel-choate/paml_ros2/install/ur3_demo/bin'
[1.416s] Level 1:colcon.colcon_core.environment:checking '/home/daniel-choate/paml_ros2/install/ur3_demo/lib/pkgconfig/ur3_demo.pc'
[1.417s] Level 1:colcon.colcon_core.environment:checking '/home/daniel-choate/paml_ros2/install/ur3_demo/lib/python3.12/site-packages'
[1.417s] Level 1:colcon.colcon_core.environment:checking '/home/daniel-choate/paml_ros2/install/ur3_demo/bin'
[1.417s] INFO:colcon.colcon_core.shell:Creating package script '/home/daniel-choate/paml_ros2/install/ur3_demo/share/ur3_demo/package.ps1'
[1.418s] INFO:colcon.colcon_core.shell:Creating package descriptor '/home/daniel-choate/paml_ros2/install/ur3_demo/share/ur3_demo/package.dsv'
[1.419s] INFO:colcon.colcon_core.shell:Creating package script '/home/daniel-choate/paml_ros2/install/ur3_demo/share/ur3_demo/package.sh'
[1.419s] INFO:colcon.colcon_core.shell:Creating package script '/home/daniel-choate/paml_ros2/install/ur3_demo/share/ur3_demo/package.bash'
[1.420s] INFO:colcon.colcon_core.shell:Creating package script '/home/daniel-choate/paml_ros2/install/ur3_demo/share/ur3_demo/package.zsh'
[1.420s] Level 1:colcon.colcon_core.environment:create_file_with_runtime_dependencies(/home/daniel-choate/paml_ros2/install/ur3_demo/share/colcon-core/packages/ur3_demo)
[1.433s] Level 1:colcon.colcon_core.environment:create_environment_scripts_only(mapping_interfaces)
[1.433s] Level 1:colcon.colcon_core.environment:checking '/home/daniel-choate/paml_ros2/install/mapping_interfaces' for CMake module files
[1.436s] DEBUG:colcon.colcon_core.event_handler.log_command:Invoked command in '/home/daniel-choate/paml_ros2/build/mapping_interfaces' returned '0': CMAKE_PREFIX_PATH=${CMAKE_PREFIX_PATH}:/home/daniel-choate/paml_ros2/install/ur3_movement:/home/daniel-choate/paml_ros2/install/rgbd_capture:/home/daniel-choate/paml_ros2/install/mapping_planner:/home/daniel-choate/paml_ros2/install/mapping_executor:/home/daniel-choate/paml_ros2/install/map_builder:/home/daniel-choate/paml_ros2/install/localization_bringup:/opt/ros/kilted DEBUGINFOD_URLS=https://debuginfod.ubuntu.com /usr/bin/cmake --install /home/daniel-choate/paml_ros2/build/mapping_interfaces
[1.437s] Level 1:colcon.colcon_core.environment:checking '/home/daniel-choate/paml_ros2/install/mapping_interfaces' for CMake config files
[1.437s] Level 1:colcon.colcon_core.shell:create_environment_hook('mapping_interfaces', 'cmake_prefix_path')
[1.437s] INFO:colcon.colcon_core.shell:Creating environment hook '/home/daniel-choate/paml_ros2/install/mapping_interfaces/share/mapping_interfaces/hook/cmake_prefix_path.ps1'
[1.438s] INFO:colcon.colcon_core.shell:Creating environment descriptor '/home/daniel-choate/paml_ros2/install/mapping_interfaces/share/mapping_interfaces/hook/cmake_prefix_path.dsv'
[1.438s] INFO:colcon.colcon_core.shell:Creating environment hook '/home/daniel-choate/paml_ros2/install/mapping_interfaces/share/mapping_interfaces/hook/cmake_prefix_path.sh'
[1.439s] Level 1:colcon.colcon_core.environment:checking '/home/daniel-choate/paml_ros2/install/mapping_interfaces/lib'
[1.439s] Level 1:colcon.colcon_core.shell:create_environment_hook('mapping_interfaces', 'ld_library_path_lib')
[1.439s] INFO:colcon.colcon_core.shell:Creating environment hook '/home/daniel-choate/paml_ros2/install/mapping_interfaces/share/mapping_interfaces/hook/ld_library_path_lib.ps1'
[1.439s] INFO:colcon.colcon_core.shell:Creating environment descriptor '/home/daniel-choate/paml_ros2/install/mapping_interfaces/share/mapping_interfaces/hook/ld_library_path_lib.dsv'
[1.439s] INFO:colcon.colcon_core.shell:Creating environment hook '/home/daniel-choate/paml_ros2/install/mapping_interfaces/share/mapping_interfaces/hook/ld_library_path_lib.sh'
[1.440s] Level 1:colcon.colcon_core.environment:checking '/home/daniel-choate/paml_ros2/install/mapping_interfaces/bin'
[1.440s] Level 1:colcon.colcon_core.environment:checking '/home/daniel-choate/paml_ros2/install/mapping_interfaces/lib/pkgconfig/mapping_interfaces.pc'
[1.440s] Level 1:colcon.colcon_core.environment:checking '/home/daniel-choate/paml_ros2/install/mapping_interfaces/lib/python3.12/site-packages'
[1.440s] Level 1:colcon.colcon_core.shell:create_environment_hook('mapping_interfaces', 'pythonpath')
[1.440s] INFO:colcon.colcon_core.shell:Creating environment hook '/home/daniel-choate/paml_ros2/install/mapping_interfaces/share/mapping_interfaces/hook/pythonpath.ps1'
[1.440s] INFO:colcon.colcon_core.shell:Creating environment descriptor '/home/daniel-choate/paml_ros2/install/mapping_interfaces/share/mapping_interfaces/hook/pythonpath.dsv'
[1.440s] INFO:colcon.colcon_core.shell:Creating environment hook '/home/daniel-choate/paml_ros2/install/mapping_interfaces/share/mapping_interfaces/hook/pythonpath.sh'
[1.441s] Level 1:colcon.colcon_core.environment:checking '/home/daniel-choate/paml_ros2/install/mapping_interfaces/bin'
[1.441s] INFO:colcon.colcon_core.shell:Creating package script '/home/daniel-choate/paml_ros2/install/mapping_interfaces/share/mapping_interfaces/package.ps1'
[1.441s] INFO:colcon.colcon_core.shell:Creating package descriptor '/home/daniel-choate/paml_ros2/install/mapping_interfaces/share/mapping_interfaces/package.dsv'
[1.442s] INFO:colcon.colcon_core.shell:Creating package script '/home/daniel-choate/paml_ros2/install/mapping_interfaces/share/mapping_interfaces/package.sh'
[1.442s] INFO:colcon.colcon_core.shell:Creating package script '/home/daniel-choate/paml_ros2/install/mapping_interfaces/share/mapping_interfaces/package.bash'
[1.442s] INFO:colcon.colcon_core.shell:Creating package script '/home/daniel-choate/paml_ros2/install/mapping_interfaces/share/mapping_interfaces/package.zsh'
[1.442s] Level 1:colcon.colcon_core.environment:create_file_with_runtime_dependencies(/home/daniel-choate/paml_ros2/install/mapping_interfaces/share/colcon-core/packages/mapping_interfaces)
[1.443s] Level 1:colcon.colcon_core.environment:create_environment_scripts_only(mapping_interfaces)
[1.443s] Level 1:colcon.colcon_core.environment:checking '/home/daniel-choate/paml_ros2/install/mapping_interfaces' for CMake module files
[1.443s] Level 1:colcon.colcon_core.environment:checking '/home/daniel-choate/paml_ros2/install/mapping_interfaces' for CMake config files
[1.443s] Level 1:colcon.colcon_core.shell:create_environment_hook('mapping_interfaces', 'cmake_prefix_path')
[1.443s] INFO:colcon.colcon_core.shell:Creating environment hook '/home/daniel-choate/paml_ros2/install/mapping_interfaces/share/mapping_interfaces/hook/cmake_prefix_path.ps1'
[1.444s] INFO:colcon.colcon_core.shell:Creating environment descriptor '/home/daniel-choate/paml_ros2/install/mapping_interfaces/share/mapping_interfaces/hook/cmake_prefix_path.dsv'
[1.444s] INFO:colcon.colcon_core.shell:Creating environment hook '/home/daniel-choate/paml_ros2/install/mapping_interfaces/share/mapping_interfaces/hook/cmake_prefix_path.sh'
[1.444s] Level 1:colcon.colcon_core.environment:checking '/home/daniel-choate/paml_ros2/install/mapping_interfaces/lib'
[1.444s] Level 1:colcon.colcon_core.shell:create_environment_hook('mapping_interfaces', 'ld_library_path_lib')
[1.444s] INFO:colcon.colcon_core.shell:Creating environment hook '/home/daniel-choate/paml_ros2/install/mapping_interfaces/share/mapping_interfaces/hook/ld_library_path_lib.ps1'
[1.445s] INFO:colcon.colcon_core.shell:Creating environment descriptor '/home/daniel-choate/paml_ros2/install/mapping_interfaces/share/mapping_interfaces/hook/ld_library_path_lib.dsv'
[1.445s] INFO:colcon.colcon_core.shell:Creating environment hook '/home/daniel-choate/paml_ros2/install/mapping_interfaces/share/mapping_interfaces/hook/ld_library_path_lib.sh'
[1.445s] Level 1:colcon.colcon_core.environment:checking '/home/daniel-choate/paml_ros2/install/mapping_interfaces/bin'
[1.445s] Level 1:colcon.colcon_core.environment:checking '/home/daniel-choate/paml_ros2/install/mapping_interfaces/lib/pkgconfig/mapping_interfaces.pc'
[1.445s] Level 1:colcon.colcon_core.environment:checking '/home/daniel-choate/paml_ros2/install/mapping_interfaces/lib/python3.12/site-packages'
[1.445s] Level 1:colcon.colcon_core.shell:create_environment_hook('mapping_interfaces', 'pythonpath')
[1.445s] INFO:colcon.colcon_core.shell:Creating environment hook '/home/daniel-choate/paml_ros2/install/mapping_interfaces/share/mapping_interfaces/hook/pythonpath.ps1'
[1.446s] INFO:colcon.colcon_core.shell:Creating environment descriptor '/home/daniel-choate/paml_ros2/install/mapping_interfaces/share/mapping_interfaces/hook/pythonpath.dsv'
[1.446s] INFO:colcon.colcon_core.shell:Creating environment hook '/home/daniel-choate/paml_ros2/install/mapping_interfaces/share/mapping_interfaces/hook/pythonpath.sh'
[1.446s] Level 1:colcon.colcon_core.environment:checking '/home/daniel-choate/paml_ros2/install/mapping_interfaces/bin'
[1.446s] INFO:colcon.colcon_core.shell:Creating package script '/home/daniel-choate/paml_ros2/install/mapping_interfaces/share/mapping_interfaces/package.ps1'
[1.447s] INFO:colcon.colcon_core.shell:Creating package descriptor '/home/daniel-choate/paml_ros2/install/mapping_interfaces/share/mapping_interfaces/package.dsv'
[1.447s] INFO:colcon.colcon_core.shell:Creating package script '/home/daniel-choate/paml_ros2/install/mapping_interfaces/share/mapping_interfaces/package.sh'
[1.447s] INFO:colcon.colcon_core.shell:Creating package script '/home/daniel-choate/paml_ros2/install/mapping_interfaces/share/mapping_interfaces/package.bash'
[1.448s] INFO:colcon.colcon_core.shell:Creating package script '/home/daniel-choate/paml_ros2/install/mapping_interfaces/share/mapping_interfaces/package.zsh'
[1.448s] Level 1:colcon.colcon_core.environment:create_file_with_runtime_dependencies(/home/daniel-choate/paml_ros2/install/mapping_interfaces/share/colcon-core/packages/mapping_interfaces)
[1.448s] INFO:colcon.colcon_ros.task.ament_python.build:Building ROS package in '/home/daniel-choate/paml_ros2/src/mapping_executor' with build type 'ament_python'
[1.448s] Level 1:colcon.colcon_core.shell:create_environment_hook('mapping_executor', 'ament_prefix_path')
[1.448s] INFO:colcon.colcon_core.shell:Creating environment hook '/home/daniel-choate/paml_ros2/install/mapping_executor/share/mapping_executor/hook/ament_prefix_path.ps1'
[1.449s] INFO:colcon.colcon_core.shell:Creating environment descriptor '/home/daniel-choate/paml_ros2/install/mapping_executor/share/mapping_executor/hook/ament_prefix_path.dsv'
[1.449s] INFO:colcon.colcon_core.shell:Creating environment hook '/home/daniel-choate/paml_ros2/install/mapping_executor/share/mapping_executor/hook/ament_prefix_path.sh'
[1.449s] INFO:colcon.colcon_core.shell:Skip shell extension 'powershell' for command environment: Not usable outside of PowerShell
[1.449s] DEBUG:colcon.colcon_core.shell:Skip shell extension 'dsv' for command environment
[1.452s] INFO:colcon.colcon_ros.task.ament_python.build:Building ROS package in '/home/daniel-choate/paml_ros2/src/mapping_planner' with build type 'ament_python'
[1.452s] Level 1:colcon.colcon_core.shell:create_environment_hook('mapping_planner', 'ament_prefix_path')
[1.452s] INFO:colcon.colcon_core.shell:Creating environment hook '/home/daniel-choate/paml_ros2/install/mapping_planner/share/mapping_planner/hook/ament_prefix_path.ps1'
[1.453s] INFO:colcon.colcon_core.shell:Creating environment descriptor '/home/daniel-choate/paml_ros2/install/mapping_planner/share/mapping_planner/hook/ament_prefix_path.dsv'
[1.453s] INFO:colcon.colcon_core.shell:Creating environment hook '/home/daniel-choate/paml_ros2/install/mapping_planner/share/mapping_planner/hook/ament_prefix_path.sh'
[1.453s] INFO:colcon.colcon_core.shell:Skip shell extension 'powershell' for command environment: Not usable outside of PowerShell
[1.453s] DEBUG:colcon.colcon_core.shell:Skip shell extension 'dsv' for command environment
[1.694s] INFO:colcon.colcon_core.task.python.build:Building Python package in '/home/daniel-choate/paml_ros2/src/mapping_executor'
[1.694s] INFO:colcon.colcon_core.shell:Skip shell extension 'powershell' for command environment: Not usable outside of PowerShell
[1.694s] DEBUG:colcon.colcon_core.shell:Skip shell extension 'dsv' for command environment
[1.914s] INFO:colcon.colcon_core.task.python.build:Building Python package in '/home/daniel-choate/paml_ros2/src/mapping_planner'
[1.914s] INFO:colcon.colcon_core.shell:Skip shell extension 'powershell' for command environment: Not usable outside of PowerShell
[1.915s] DEBUG:colcon.colcon_core.shell:Skip shell extension 'dsv' for command environment
[1.982s] DEBUG:colcon.colcon_core.event_handler.log_command:Invoking command in '/home/daniel-choate/paml_ros2/src/ur3_movement': DEBUGINFOD_URLS=https://debuginfod.ubuntu.com PYTHONPATH=/home/daniel-choate/paml_ros2/build/ur3_movement/prefix_override:/usr/lib/python3/dist-packages/colcon_core/task/python/colcon_distutils_commands:/home/daniel-choate/paml_ros2/install/ur3_movement/lib/python3.12/site-packages:${PYTHONPATH} /usr/bin/python3 -W ignore:setup.py install is deprecated -W ignore:easy_install command is deprecated setup.py egg_info --egg-base ../../build/ur3_movement build --build-base /home/daniel-choate/paml_ros2/build/ur3_movement/build install --record /home/daniel-choate/paml_ros2/build/ur3_movement/install.log --single-version-externally-managed install_data
[1.986s] DEBUG:colcon.colcon_core.event_handler.log_command:Invoking command in '/home/daniel-choate/paml_ros2/src/rgbd_capture': DEBUGINFOD_URLS=https://debuginfod.ubuntu.com PYTHONPATH=/home/daniel-choate/paml_ros2/build/rgbd_capture/prefix_override:/usr/lib/python3/dist-packages/colcon_core/task/python/colcon_distutils_commands:/home/daniel-choate/paml_ros2/install/rgbd_capture/lib/python3.12/site-packages:${PYTHONPATH} /usr/bin/python3 -W ignore:setup.py install is deprecated -W ignore:easy_install command is deprecated setup.py egg_info --egg-base ../../build/rgbd_capture build --build-base /home/daniel-choate/paml_ros2/build/rgbd_capture/build install --record /home/daniel-choate/paml_ros2/build/rgbd_capture/install.log --single-version-externally-managed install_data
[2.034s] DEBUG:colcon.colcon_core.event_handler.log_command:Invoking command in '/home/daniel-choate/paml_ros2/src/localization_bringup': DEBUGINFOD_URLS=https://debuginfod.ubuntu.com PYTHONPATH=/home/daniel-choate/paml_ros2/build/localization_bringup/prefix_override:/usr/lib/python3/dist-packages/colcon_core/task/python/colcon_distutils_commands:/home/daniel-choate/paml_ros2/install/localization_bringup/lib/python3.12/site-packages:${PYTHONPATH} /usr/bin/python3 -W ignore:setup.py install is deprecated -W ignore:easy_install command is deprecated setup.py egg_info --egg-base ../../build/localization_bringup build --build-base /home/daniel-choate/paml_ros2/build/localization_bringup/build install --record /home/daniel-choate/paml_ros2/build/localization_bringup/install.log --single-version-externally-managed install_data
[2.041s] DEBUG:colcon.colcon_core.event_handler.log_command:Invoking command in '/home/daniel-choate/paml_ros2/src/map_builder': DEBUGINFOD_URLS=https://debuginfod.ubuntu.com PYTHONPATH=/home/daniel-choate/paml_ros2/build/map_builder/prefix_override:/usr/lib/python3/dist-packages/colcon_core/task/python/colcon_distutils_commands:/home/daniel-choate/paml_ros2/install/map_builder/lib/python3.12/site-packages:${PYTHONPATH} /usr/bin/python3 -W ignore:setup.py install is deprecated -W ignore:easy_install command is deprecated setup.py egg_info --egg-base ../../build/map_builder build --build-base /home/daniel-choate/paml_ros2/build/map_builder/build install --record /home/daniel-choate/paml_ros2/build/map_builder/install.log --single-version-externally-managed install_data
[2.429s] DEBUG:colcon.colcon_core.event_handler.log_command:Invoked command in '/home/daniel-choate/paml_ros2/src/localization_bringup' returned '1': DEBUGINFOD_URLS=https://debuginfod.ubuntu.com PYTHONPATH=/home/daniel-choate/paml_ros2/build/localization_bringup/prefix_override:/usr/lib/python3/dist-packages/colcon_core/task/python/colcon_distutils_commands:/home/daniel-choate/paml_ros2/install/localization_bringup/lib/python3.12/site-packages:${PYTHONPATH} /usr/bin/python3 -W ignore:setup.py install is deprecated -W ignore:easy_install command is deprecated setup.py egg_info --egg-base ../../build/localization_bringup build --build-base /home/daniel-choate/paml_ros2/build/localization_bringup/build install --record /home/daniel-choate/paml_ros2/build/localization_bringup/install.log --single-version-externally-managed install_data
[2.768s] DEBUG:colcon.colcon_parallel_executor.executor.parallel:closing loop
[2.768s] DEBUG:colcon.colcon_parallel_executor.executor.parallel:loop closed
[2.768s] DEBUG:colcon.colcon_parallel_executor.executor.parallel:run_until_complete finished with '1'
[2.768s] DEBUG:colcon.colcon_core.event_reactor:joining thread
[2.774s] INFO:colcon.colcon_core.plugin_system:Skipping extension 'colcon_notification.desktop_notification.terminal_notifier': Not used on non-Darwin systems
[2.774s] INFO:colcon.colcon_core.plugin_system:Skipping extension 'colcon_notification.desktop_notification.win32': Not used on non-Windows systems
[2.774s] INFO:colcon.colcon_notification.desktop_notification:Sending desktop notification using 'notify2'
[2.809s] DEBUG:colcon.colcon_core.event_reactor:joined thread
[2.809s] INFO:colcon.colcon_core.shell:Creating prefix script '/home/daniel-choate/paml_ros2/install/local_setup.ps1'
[2.811s] INFO:colcon.colcon_core.shell:Creating prefix util module '/home/daniel-choate/paml_ros2/install/_local_setup_util_ps1.py'
[2.812s] INFO:colcon.colcon_core.shell:Creating prefix chain script '/home/daniel-choate/paml_ros2/install/setup.ps1'
[2.814s] INFO:colcon.colcon_core.shell:Creating prefix script '/home/daniel-choate/paml_ros2/install/local_setup.sh'
[2.815s] INFO:colcon.colcon_core.shell:Creating prefix util module '/home/daniel-choate/paml_ros2/install/_local_setup_util_sh.py'
[2.816s] INFO:colcon.colcon_core.shell:Creating prefix chain script '/home/daniel-choate/paml_ros2/install/setup.sh'
[2.817s] INFO:colcon.colcon_core.shell:Creating prefix script '/home/daniel-choate/paml_ros2/install/local_setup.bash'
[2.818s] INFO:colcon.colcon_core.shell:Creating prefix chain script '/home/daniel-choate/paml_ros2/install/setup.bash'
[2.819s] INFO:colcon.colcon_core.shell:Creating prefix script '/home/daniel-choate/paml_ros2/install/local_setup.zsh'
[2.819s] INFO:colcon.colcon_core.shell:Creating prefix chain script '/home/daniel-choate/paml_ros2/install/setup.zsh'
