[2.160s] Invoking command in '/home/daniel-choate/paml_ros2/src/map_builder': DEBUGINFOD_URLS=https://debuginfod.ubuntu.com PYTHONPATH=/home/daniel-choate/paml_ros2/build/map_builder/prefix_override:/usr/lib/python3/dist-packages/colcon_core/task/python/colcon_distutils_commands:/home/daniel-choate/paml_ros2/install/map_builder/lib/python3.12/site-packages:${PYTHONPATH} /usr/bin/python3 -W ignore:setup.py install is deprecated -W ignore:easy_install command is deprecated setup.py egg_info --egg-base ../../build/map_builder build --build-base /home/daniel-choate/paml_ros2/build/map_builder/build install --record /home/daniel-choate/paml_ros2/build/map_builder/install.log --single-version-externally-managed install_data
[2.402s] running egg_info
[2.402s] creating ../../build/map_builder/map_builder.egg-info
[2.420s] writing ../../build/map_builder/map_builder.egg-info/PKG-INFO
[2.420s] writing dependency_links to ../../build/map_builder/map_builder.egg-info/dependency_links.txt
[2.421s] writing entry points to ../../build/map_builder/map_builder.egg-info/entry_points.txt
[2.421s] writing requirements to ../../build/map_builder/map_builder.egg-info/requires.txt
[2.421s] writing top-level names to ../../build/map_builder/map_builder.egg-info/top_level.txt
[2.421s] writing manifest file '../../build/map_builder/map_builder.egg-info/SOURCES.txt'
[2.458s] reading manifest file '../../build/map_builder/map_builder.egg-info/SOURCES.txt'
[2.458s] adding license file 'LICENSE'
[2.458s] writing manifest file '../../build/map_builder/map_builder.egg-info/SOURCES.txt'
[2.459s] running build
[2.459s] running build_py
[2.459s] creating /home/daniel-choate/paml_ros2/build/map_builder/build
[2.459s] creating /home/daniel-choate/paml_ros2/build/map_builder/build/lib
[2.459s] creating /home/daniel-choate/paml_ros2/build/map_builder/build/lib/map_builder
[2.459s] copying map_builder/__init__.py -> /home/daniel-choate/paml_ros2/build/map_builder/build/lib/map_builder
[2.459s] copying map_builder/map_builder_live.py -> /home/daniel-choate/paml_ros2/build/map_builder/build/lib/map_builder
[2.459s] copying map_builder/map_builder_node.py -> /home/daniel-choate/paml_ros2/build/map_builder/build/lib/map_builder
[2.459s] copying map_builder/py.typed -> /home/daniel-choate/paml_ros2/build/map_builder/build/lib/map_builder
[2.459s] running install
[2.463s] running install_lib
[2.482s] creating /home/daniel-choate/paml_ros2/install/map_builder/lib/python3.12/site-packages/map_builder
[2.482s] copying /home/daniel-choate/paml_ros2/build/map_builder/build/lib/map_builder/__init__.py -> /home/daniel-choate/paml_ros2/install/map_builder/lib/python3.12/site-packages/map_builder
[2.482s] copying /home/daniel-choate/paml_ros2/build/map_builder/build/lib/map_builder/map_builder_live.py -> /home/daniel-choate/paml_ros2/install/map_builder/lib/python3.12/site-packages/map_builder
[2.482s] copying /home/daniel-choate/paml_ros2/build/map_builder/build/lib/map_builder/py.typed -> /home/daniel-choate/paml_ros2/install/map_builder/lib/python3.12/site-packages/map_builder
[2.482s] copying /home/daniel-choate/paml_ros2/build/map_builder/build/lib/map_builder/map_builder_node.py -> /home/daniel-choate/paml_ros2/install/map_builder/lib/python3.12/site-packages/map_builder
[2.482s] byte-compiling /home/daniel-choate/paml_ros2/install/map_builder/lib/python3.12/site-packages/map_builder/__init__.py to __init__.cpython-312.pyc
[2.483s] byte-compiling /home/daniel-choate/paml_ros2/install/map_builder/lib/python3.12/site-packages/map_builder/map_builder_live.py to map_builder_live.cpython-312.pyc
[2.484s] byte-compiling /home/daniel-choate/paml_ros2/install/map_builder/lib/python3.12/site-packages/map_builder/map_builder_node.py to map_builder_node.cpython-312.pyc
[2.485s] running install_data
[2.485s] creating /home/daniel-choate/paml_ros2/install/map_builder/share/ament_index
[2.485s] creating /home/daniel-choate/paml_ros2/install/map_builder/share/ament_index/resource_index
[2.485s] creating /home/daniel-choate/paml_ros2/install/map_builder/share/ament_index/resource_index/packages
[2.485s] copying resource/map_builder -> /home/daniel-choate/paml_ros2/install/map_builder/share/ament_index/resource_index/packages
[2.485s] copying package.xml -> /home/daniel-choate/paml_ros2/install/map_builder/share/map_builder
[2.486s] running install_egg_info
[2.504s] Copying ../../build/map_builder/map_builder.egg-info to /home/daniel-choate/paml_ros2/install/map_builder/lib/python3.12/site-packages/map_builder-0.0.0-py3.12.egg-info
[2.505s] running install_scripts
[2.619s] Installing map_builder_live script to /home/daniel-choate/paml_ros2/install/map_builder/lib/map_builder
[2.619s] Installing map_builder_node script to /home/daniel-choate/paml_ros2/install/map_builder/lib/map_builder
[2.619s] writing list of installed files to '/home/daniel-choate/paml_ros2/build/map_builder/install.log'
[2.638s] Invoked command in '/home/daniel-choate/paml_ros2/src/map_builder' returned '0': DEBUGINFOD_URLS=https://debuginfod.ubuntu.com PYTHONPATH=/home/daniel-choate/paml_ros2/build/map_builder/prefix_override:/usr/lib/python3/dist-packages/colcon_core/task/python/colcon_distutils_commands:/home/daniel-choate/paml_ros2/install/map_builder/lib/python3.12/site-packages:${PYTHONPATH} /usr/bin/python3 -W ignore:setup.py install is deprecated -W ignore:easy_install command is deprecated setup.py egg_info --egg-base ../../build/map_builder build --build-base /home/daniel-choate/paml_ros2/build/map_builder/build install --record /home/daniel-choate/paml_ros2/build/map_builder/install.log --single-version-externally-managed install_data
