[0.817s] Invoking command in '/home/daniel-choate/paml_ros2/src/mapping_planner': AMENT_PREFIX_PATH=/home/daniel-choate/paml_ros2/install/mapping_interfaces:${AMENT_PREFIX_PATH} CMAKE_PREFIX_PATH=/home/daniel-choate/paml_ros2/install/mapping_interfaces:${CMAKE_PREFIX_PATH} DEBUGINFOD_URLS=https://debuginfod.ubuntu.com LD_LIBRARY_PATH=/home/daniel-choate/paml_ros2/install/mapping_interfaces/lib:/opt/ros/kilted/opt/gz_sim_vendor/lib:/opt/ros/kilted/opt/gz_sensors_vendor/lib:/opt/ros/kilted/opt/gz_physics_vendor/lib:/opt/ros/kilted/opt/sdformat_vendor/lib:/opt/ros/kilted/opt/gz_gui_vendor/lib:/opt/ros/kilted/opt/gz_transport_vendor/lib:/opt/ros/kilted/opt/gz_rendering_vendor/lib:/opt/ros/kilted/opt/gz_plugin_vendor/lib:/opt/ros/kilted/opt/gz_fuel_tools_vendor/lib:/opt/ros/kilted/opt/gz_msgs_vendor/lib:/opt/ros/kilted/opt/gz_common_vendor/lib:/opt/ros/kilted/opt/gz_math_vendor/lib:/opt/ros/kilted/opt/gz_utils_vendor/lib:/opt/ros/kilted/opt/rviz_ogre_vendor/lib:/opt/ros/kilted/lib/x86_64-linux-gnu:/opt/ros/kilted/opt/gz_tools_vendor/lib:/opt/ros/kilted/opt/gz_ogre_next_vendor/lib:/opt/ros/kilted/opt/gz_dartsim_vendor/lib:/opt/ros/kilted/opt/gz_cmake_vendor/lib:/opt/ros/kilted/lib:/usr/local/lib PYTHONPATH=/home/daniel-choate/paml_ros2/build/mapping_planner/prefix_override:/usr/lib/python3/dist-packages/colcon_core/task/python/colcon_distutils_commands:/home/daniel-choate/paml_ros2/install/mapping_planner/lib/python3.12/site-packages:/home/daniel-choate/paml_ros2/install/mapping_interfaces/lib/python3.12/site-packages:${PYTHONPATH} /usr/bin/python3 -W ignore:setup.py install is deprecated -W ignore:easy_install command is deprecated setup.py egg_info --egg-base ../../build/mapping_planner build --build-base /home/daniel-choate/paml_ros2/build/mapping_planner/build install --record /home/daniel-choate/paml_ros2/build/mapping_planner/install.log --single-version-externally-managed install_data
[1.041s] running egg_info
[1.058s] writing ../../build/mapping_planner/mapping_planner.egg-info/PKG-INFO
[1.058s] writing dependency_links to ../../build/mapping_planner/mapping_planner.egg-info/dependency_links.txt
[1.058s] writing entry points to ../../build/mapping_planner/mapping_planner.egg-info/entry_points.txt
[1.058s] writing requirements to ../../build/mapping_planner/mapping_planner.egg-info/requires.txt
[1.058s] writing top-level names to ../../build/mapping_planner/mapping_planner.egg-info/top_level.txt
[1.093s] reading manifest file '../../build/mapping_planner/mapping_planner.egg-info/SOURCES.txt'
[1.093s] adding license file 'LICENSE'
[1.093s] writing manifest file '../../build/mapping_planner/mapping_planner.egg-info/SOURCES.txt'
[1.093s] running build
[1.093s] running build_py
[1.094s] running install
[1.098s] running install_lib
[1.116s] running install_data
[1.116s] running install_egg_info
[1.134s] removing '/home/daniel-choate/paml_ros2/install/mapping_planner/lib/python3.12/site-packages/mapping_planner-0.0.0-py3.12.egg-info' (and everything under it)
[1.134s] Copying ../../build/mapping_planner/mapping_planner.egg-info to /home/daniel-choate/paml_ros2/install/mapping_planner/lib/python3.12/site-packages/mapping_planner-0.0.0-py3.12.egg-info
[1.134s] running install_scripts
[1.242s] Installing mapping_planner script to /home/daniel-choate/paml_ros2/install/mapping_planner/lib/mapping_planner
[1.242s] writing list of installed files to '/home/daniel-choate/paml_ros2/build/mapping_planner/install.log'
[1.261s] Invoked command in '/home/daniel-choate/paml_ros2/src/mapping_planner' returned '0': AMENT_PREFIX_PATH=/home/daniel-choate/paml_ros2/install/mapping_interfaces:${AMENT_PREFIX_PATH} CMAKE_PREFIX_PATH=/home/daniel-choate/paml_ros2/install/mapping_interfaces:${CMAKE_PREFIX_PATH} DEBUGINFOD_URLS=https://debuginfod.ubuntu.com LD_LIBRARY_PATH=/home/daniel-choate/paml_ros2/install/mapping_interfaces/lib:/opt/ros/kilted/opt/gz_sim_vendor/lib:/opt/ros/kilted/opt/gz_sensors_vendor/lib:/opt/ros/kilted/opt/gz_physics_vendor/lib:/opt/ros/kilted/opt/sdformat_vendor/lib:/opt/ros/kilted/opt/gz_gui_vendor/lib:/opt/ros/kilted/opt/gz_transport_vendor/lib:/opt/ros/kilted/opt/gz_rendering_vendor/lib:/opt/ros/kilted/opt/gz_plugin_vendor/lib:/opt/ros/kilted/opt/gz_fuel_tools_vendor/lib:/opt/ros/kilted/opt/gz_msgs_vendor/lib:/opt/ros/kilted/opt/gz_common_vendor/lib:/opt/ros/kilted/opt/gz_math_vendor/lib:/opt/ros/kilted/opt/gz_utils_vendor/lib:/opt/ros/kilted/opt/rviz_ogre_vendor/lib:/opt/ros/kilted/lib/x86_64-linux-gnu:/opt/ros/kilted/opt/gz_tools_vendor/lib:/opt/ros/kilted/opt/gz_ogre_next_vendor/lib:/opt/ros/kilted/opt/gz_dartsim_vendor/lib:/opt/ros/kilted/opt/gz_cmake_vendor/lib:/opt/ros/kilted/lib:/usr/local/lib PYTHONPATH=/home/daniel-choate/paml_ros2/build/mapping_planner/prefix_override:/usr/lib/python3/dist-packages/colcon_core/task/python/colcon_distutils_commands:/home/daniel-choate/paml_ros2/install/mapping_planner/lib/python3.12/site-packages:/home/daniel-choate/paml_ros2/install/mapping_interfaces/lib/python3.12/site-packages:${PYTHONPATH} /usr/bin/python3 -W ignore:setup.py install is deprecated -W ignore:easy_install command is deprecated setup.py egg_info --egg-base ../../build/mapping_planner build --build-base /home/daniel-choate/paml_ros2/build/mapping_planner/build install --record /home/daniel-choate/paml_ros2/build/mapping_planner/install.log --single-version-externally-managed install_data
