[1.631s] Invoking command in '/home/daniel-choate/paml_ros2/src/ur3_movement': DEBUGINFOD_URLS=https://debuginfod.ubuntu.com PYTHONPATH=/home/daniel-choate/paml_ros2/build/ur3_movement/prefix_override:/usr/lib/python3/dist-packages/colcon_core/task/python/colcon_distutils_commands:/home/daniel-choate/paml_ros2/install/ur3_movement/lib/python3.12/site-packages:${PYTHONPATH} /usr/bin/python3 -W ignore:setup.py install is deprecated -W ignore:easy_install command is deprecated setup.py egg_info --egg-base ../../build/ur3_movement build --build-base /home/daniel-choate/paml_ros2/build/ur3_movement/build install --record /home/daniel-choate/paml_ros2/build/ur3_movement/install.log --single-version-externally-managed install_data
[1.964s] running egg_info
[1.987s] writing ../../build/ur3_movement/ur3_movement.egg-info/PKG-INFO
[1.987s] writing dependency_links to ../../build/ur3_movement/ur3_movement.egg-info/dependency_links.txt
[1.988s] writing entry points to ../../build/ur3_movement/ur3_movement.egg-info/entry_points.txt
[1.988s] writing requirements to ../../build/ur3_movement/ur3_movement.egg-info/requires.txt
[1.988s] writing top-level names to ../../build/ur3_movement/ur3_movement.egg-info/top_level.txt
[2.063s] reading manifest file '../../build/ur3_movement/ur3_movement.egg-info/SOURCES.txt'
[2.063s] adding license file 'LICENSE'
[2.064s] writing manifest file '../../build/ur3_movement/ur3_movement.egg-info/SOURCES.txt'
[2.064s] running build
[2.064s] running build_py
[2.064s] running install
[2.070s] running install_lib
[2.094s] running install_data
[2.094s] running install_egg_info
[2.119s] removing '/home/daniel-choate/paml_ros2/install/ur3_movement/lib/python3.12/site-packages/ur3_movement-0.0.0-py3.12.egg-info' (and everything under it)
[2.119s] Copying ../../build/ur3_movement/ur3_movement.egg-info to /home/daniel-choate/paml_ros2/install/ur3_movement/lib/python3.12/site-packages/ur3_movement-0.0.0-py3.12.egg-info
[2.119s] running install_scripts
[2.271s] Installing ur3_move_eff script to /home/daniel-choate/paml_ros2/install/ur3_movement/lib/ur3_movement
[2.271s] Installing ur3_movement_demo script to /home/daniel-choate/paml_ros2/install/ur3_movement/lib/ur3_movement
[2.271s] writing list of installed files to '/home/daniel-choate/paml_ros2/build/ur3_movement/install.log'
