[2.732s] Invoking command in '/home/daniel-choate/paml_ros2/src/map_builder': DEBUGINFOD_URLS=https://debuginfod.ubuntu.com PYTHONPATH=/home/daniel-choate/paml_ros2/build/map_builder/prefix_override:/usr/lib/python3/dist-packages/colcon_core/task/python/colcon_distutils_commands:/home/daniel-choate/paml_ros2/install/map_builder/lib/python3.12/site-packages:${PYTHONPATH} /usr/bin/python3 -W ignore:setup.py install is deprecated -W ignore:easy_install command is deprecated setup.py egg_info --egg-base ../../build/map_builder build --build-base /home/daniel-choate/paml_ros2/build/map_builder/build install --record /home/daniel-choate/paml_ros2/build/map_builder/install.log --single-version-externally-managed install_data
[3.170s] running egg_info
[3.204s] writing ../../build/map_builder/map_builder.egg-info/PKG-INFO
[3.204s] writing dependency_links to ../../build/map_builder/map_builder.egg-info/dependency_links.txt
[3.205s] writing entry points to ../../build/map_builder/map_builder.egg-info/entry_points.txt
[3.205s] writing requirements to ../../build/map_builder/map_builder.egg-info/requires.txt
[3.205s] writing top-level names to ../../build/map_builder/map_builder.egg-info/top_level.txt
[3.274s] reading manifest file '../../build/map_builder/map_builder.egg-info/SOURCES.txt'
[3.274s] adding license file 'LICENSE'
[3.275s] writing manifest file '../../build/map_builder/map_builder.egg-info/SOURCES.txt'
[3.275s] running build
[3.275s] running build_py
[3.276s] copying map_builder/map_builder_live.py -> /home/daniel-choate/paml_ros2/build/map_builder/build/lib/map_builder
[3.276s] running install
[3.284s] running install_lib
[3.318s] copying /home/daniel-choate/paml_ros2/build/map_builder/build/lib/map_builder/map_builder_live.py -> /home/daniel-choate/paml_ros2/install/map_builder/lib/python3.12/site-packages/map_builder
[3.319s] byte-compiling /home/daniel-choate/paml_ros2/install/map_builder/lib/python3.12/site-packages/map_builder/map_builder_live.py to map_builder_live.cpython-312.pyc
[3.322s] running install_data
[3.322s] running install_egg_info
[3.359s] removing '/home/daniel-choate/paml_ros2/install/map_builder/lib/python3.12/site-packages/map_builder-0.0.0-py3.12.egg-info' (and everything under it)
[3.360s] Copying ../../build/map_builder/map_builder.egg-info to /home/daniel-choate/paml_ros2/install/map_builder/lib/python3.12/site-packages/map_builder-0.0.0-py3.12.egg-info
[3.360s] running install_scripts
[3.575s] Installing map_builder_live script to /home/daniel-choate/paml_ros2/install/map_builder/lib/map_builder
[3.575s] Installing map_builder_node script to /home/daniel-choate/paml_ros2/install/map_builder/lib/map_builder
[3.576s] writing list of installed files to '/home/daniel-choate/paml_ros2/build/map_builder/install.log'
[3.609s] Invoked command in '/home/daniel-choate/paml_ros2/src/map_builder' returned '0': DEBUGINFOD_URLS=https://debuginfod.ubuntu.com PYTHONPATH=/home/daniel-choate/paml_ros2/build/map_builder/prefix_override:/usr/lib/python3/dist-packages/colcon_core/task/python/colcon_distutils_commands:/home/daniel-choate/paml_ros2/install/map_builder/lib/python3.12/site-packages:${PYTHONPATH} /usr/bin/python3 -W ignore:setup.py install is deprecated -W ignore:easy_install command is deprecated setup.py egg_info --egg-base ../../build/map_builder build --build-base /home/daniel-choate/paml_ros2/build/map_builder/build install --record /home/daniel-choate/paml_ros2/build/map_builder/install.log --single-version-externally-managed install_data
