[3.680s] Invoking command in '/home/daniel-choate/paml_ros2/src/map_builder': DEBUGINFOD_URLS=https://debuginfod.ubuntu.com PYTHONPATH=/home/daniel-choate/paml_ros2/build/map_builder/prefix_override:/usr/lib/python3/dist-packages/colcon_core/task/python/colcon_distutils_commands:/home/daniel-choate/paml_ros2/install/map_builder/lib/python3.12/site-packages:${PYTHONPATH} /usr/bin/python3 -W ignore:setup.py install is deprecated -W ignore:easy_install command is deprecated setup.py egg_info --egg-base ../../build/map_builder build --build-base /home/daniel-choate/paml_ros2/build/map_builder/build install --record /home/daniel-choate/paml_ros2/build/map_builder/install.log --single-version-externally-managed install_data
[4.165s] running egg_info
[4.197s] writing ../../build/map_builder/map_builder.egg-info/PKG-INFO
[4.197s] writing dependency_links to ../../build/map_builder/map_builder.egg-info/dependency_links.txt
[4.198s] writing entry points to ../../build/map_builder/map_builder.egg-info/entry_points.txt
[4.198s] writing requirements to ../../build/map_builder/map_builder.egg-info/requires.txt
[4.198s] writing top-level names to ../../build/map_builder/map_builder.egg-info/top_level.txt
[4.266s] reading manifest file '../../build/map_builder/map_builder.egg-info/SOURCES.txt'
[4.266s] adding license file 'LICENSE'
[4.267s] writing manifest file '../../build/map_builder/map_builder.egg-info/SOURCES.txt'
[4.267s] running build
[4.267s] running build_py
[4.267s] running install
[4.275s] running install_lib
[4.308s] running install_data
[4.308s] running install_egg_info
[4.344s] removing '/home/daniel-choate/paml_ros2/install/map_builder/lib/python3.12/site-packages/map_builder-0.0.0-py3.12.egg-info' (and everything under it)
[4.344s] Copying ../../build/map_builder/map_builder.egg-info to /home/daniel-choate/paml_ros2/install/map_builder/lib/python3.12/site-packages/map_builder-0.0.0-py3.12.egg-info
[4.345s] running install_scripts
[4.554s] Installing map_builder_live script to /home/daniel-choate/paml_ros2/install/map_builder/lib/map_builder
[4.554s] Installing map_builder_node script to /home/daniel-choate/paml_ros2/install/map_builder/lib/map_builder
[4.555s] writing list of installed files to '/home/daniel-choate/paml_ros2/build/map_builder/install.log'
[4.596s] Invoked command in '/home/daniel-choate/paml_ros2/src/map_builder' returned '0': DEBUGINFOD_URLS=https://debuginfod.ubuntu.com PYTHONPATH=/home/daniel-choate/paml_ros2/build/map_builder/prefix_override:/usr/lib/python3/dist-packages/colcon_core/task/python/colcon_distutils_commands:/home/daniel-choate/paml_ros2/install/map_builder/lib/python3.12/site-packages:${PYTHONPATH} /usr/bin/python3 -W ignore:setup.py install is deprecated -W ignore:easy_install command is deprecated setup.py egg_info --egg-base ../../build/map_builder build --build-base /home/daniel-choate/paml_ros2/build/map_builder/build install --record /home/daniel-choate/paml_ros2/build/map_builder/install.log --single-version-externally-managed install_data
