running egg_info
writing ../../build/map_builder/map_builder.egg-info/PKG-INFO
writing dependency_links to ../../build/map_builder/map_builder.egg-info/dependency_links.txt
writing entry points to ../../build/map_builder/map_builder.egg-info/entry_points.txt
writing requirements to ../../build/map_builder/map_builder.egg-info/requires.txt
writing top-level names to ../../build/map_builder/map_builder.egg-info/top_level.txt
reading manifest file '../../build/map_builder/map_builder.egg-info/SOURCES.txt'
adding license file 'LICENSE'
writing manifest file '../../build/map_builder/map_builder.egg-info/SOURCES.txt'
running build
running build_py
running install
running install_lib
running install_data
running install_egg_info
removing '/home/daniel-choate/paml_ros2/install/map_builder/lib/python3.12/site-packages/map_builder-0.0.0-py3.12.egg-info' (and everything under it)
Copying ../../build/map_builder/map_builder.egg-info to /home/daniel-choate/paml_ros2/install/map_builder/lib/python3.12/site-packages/map_builder-0.0.0-py3.12.egg-info
running install_scripts
Installing map_builder_node script to /home/daniel-choate/paml_ros2/install/map_builder/lib/map_builder
writing list of installed files to '/home/daniel-choate/paml_ros2/build/map_builder/install.log'
