[0.842s] Invoking command in '/home/daniel-choate/paml_ros2/src/mapping_planner': AMENT_PREFIX_PATH=/home/daniel-choate/paml_ros2/install/mapping_interfaces:${AMENT_PREFIX_PATH} CMAKE_PREFIX_PATH=/home/daniel-choate/paml_ros2/install/mapping_interfaces:${CMAKE_PREFIX_PATH} DEBUGINFOD_URLS=https://debuginfod.ubuntu.com LD_LIBRARY_PATH=/home/daniel-choate/paml_ros2/install/mapping_interfaces/lib:/opt/ros/kilted/opt/gz_sim_vendor/lib:/opt/ros/kilted/opt/gz_sensors_vendor/lib:/opt/ros/kilted/opt/gz_physics_vendor/lib:/opt/ros/kilted/opt/sdformat_vendor/lib:/opt/ros/kilted/opt/gz_gui_vendor/lib:/opt/ros/kilted/opt/gz_transport_vendor/lib:/opt/ros/kilted/opt/gz_rendering_vendor/lib:/opt/ros/kilted/opt/gz_plugin_vendor/lib:/opt/ros/kilted/opt/gz_fuel_tools_vendor/lib:/opt/ros/kilted/opt/gz_msgs_vendor/lib:/opt/ros/kilted/opt/gz_common_vendor/lib:/opt/ros/kilted/opt/gz_math_vendor/lib:/opt/ros/kilted/opt/gz_utils_vendor/lib:/opt/ros/kilted/opt/rviz_ogre_vendor/lib:/opt/ros/kilted/lib/x86_64-linux-gnu:/opt/ros/kilted/opt/gz_tools_vendor/lib:/opt/ros/kilted/opt/gz_ogre_next_vendor/lib:/opt/ros/kilted/opt/gz_dartsim_vendor/lib:/opt/ros/kilted/opt/gz_cmake_vendor/lib:/opt/ros/kilted/lib:/usr/local/lib PYTHONPATH=/home/daniel-choate/paml_ros2/build/mapping_planner/prefix_override:/usr/lib/python3/dist-packages/colcon_core/task/python/colcon_distutils_commands:/home/daniel-choate/paml_ros2/install/mapping_planner/lib/python3.12/site-packages:/home/daniel-choate/paml_ros2/install/mapping_interfaces/lib/python3.12/site-packages:${PYTHONPATH} /usr/bin/python3 -W ignore:setup.py install is deprecated -W ignore:easy_install command is deprecated setup.py egg_info --egg-base ../../build/mapping_planner build --build-base /home/daniel-choate/paml_ros2/build/mapping_planner/build install --record /home/daniel-choate/paml_ros2/build/mapping_planner/install.log --single-version-externally-managed install_data
[1.071s] running egg_info
[1.071s] creating ../../build/mapping_planner/mapping_planner.egg-info
[1.089s] writing ../../build/mapping_planner/mapping_planner.egg-info/PKG-INFO
[1.089s] writing dependency_links to ../../build/mapping_planner/mapping_planner.egg-info/dependency_links.txt
[1.090s] writing entry points to ../../build/mapping_planner/mapping_planner.egg-info/entry_points.txt
[1.090s] writing requirements to ../../build/mapping_planner/mapping_planner.egg-info/requires.txt
[1.090s] writing top-level names to ../../build/mapping_planner/mapping_planner.egg-info/top_level.txt
[1.090s] writing manifest file '../../build/mapping_planner/mapping_planner.egg-info/SOURCES.txt'
[1.126s] reading manifest file '../../build/mapping_planner/mapping_planner.egg-info/SOURCES.txt'
[1.127s] adding license file 'LICENSE'
[1.127s] writing manifest file '../../build/mapping_planner/mapping_planner.egg-info/SOURCES.txt'
[1.127s] running build
[1.127s] running build_py
[1.127s] creating /home/daniel-choate/paml_ros2/build/mapping_planner/build
[1.127s] creating /home/daniel-choate/paml_ros2/build/mapping_planner/build/lib
[1.127s] creating /home/daniel-choate/paml_ros2/build/mapping_planner/build/lib/mapping_planner
[1.127s] copying mapping_planner/planner_node.py -> /home/daniel-choate/paml_ros2/build/mapping_planner/build/lib/mapping_planner
[1.131s] copying mapping_planner/__init__.py -> /home/daniel-choate/paml_ros2/build/mapping_planner/build/lib/mapping_planner
[1.131s] copying mapping_planner/py.typed -> /home/daniel-choate/paml_ros2/build/mapping_planner/build/lib/mapping_planner
[1.131s] running install
[1.135s] running install_lib
[1.154s] creating /home/daniel-choate/paml_ros2/install/mapping_planner/lib/python3.12/site-packages/mapping_planner
[1.154s] copying /home/daniel-choate/paml_ros2/build/mapping_planner/build/lib/mapping_planner/planner_node.py -> /home/daniel-choate/paml_ros2/install/mapping_planner/lib/python3.12/site-packages/mapping_planner
[1.154s] copying /home/daniel-choate/paml_ros2/build/mapping_planner/build/lib/mapping_planner/__init__.py -> /home/daniel-choate/paml_ros2/install/mapping_planner/lib/python3.12/site-packages/mapping_planner
[1.154s] copying /home/daniel-choate/paml_ros2/build/mapping_planner/build/lib/mapping_planner/py.typed -> /home/daniel-choate/paml_ros2/install/mapping_planner/lib/python3.12/site-packages/mapping_planner
[1.154s] byte-compiling /home/daniel-choate/paml_ros2/install/mapping_planner/lib/python3.12/site-packages/mapping_planner/planner_node.py to planner_node.cpython-312.pyc
[1.155s] byte-compiling /home/daniel-choate/paml_ros2/install/mapping_planner/lib/python3.12/site-packages/mapping_planner/__init__.py to __init__.cpython-312.pyc
[1.155s] running install_data
[1.155s] creating /home/daniel-choate/paml_ros2/install/mapping_planner/share/ament_index
[1.155s] creating /home/daniel-choate/paml_ros2/install/mapping_planner/share/ament_index/resource_index
[1.155s] creating /home/daniel-choate/paml_ros2/install/mapping_planner/share/ament_index/resource_index/packages
[1.155s] copying resource/mapping_planner -> /home/daniel-choate/paml_ros2/install/mapping_planner/share/ament_index/resource_index/packages
[1.156s] copying package.xml -> /home/daniel-choate/paml_ros2/install/mapping_planner/share/mapping_planner
[1.156s] running install_egg_info
[1.174s] Copying ../../build/mapping_planner/mapping_planner.egg-info to /home/daniel-choate/paml_ros2/install/mapping_planner/lib/python3.12/site-packages/mapping_planner-0.0.0-py3.12.egg-info
[1.175s] running install_scripts
[1.288s] Installing mapping_planner script to /home/daniel-choate/paml_ros2/install/mapping_planner/lib/mapping_planner
[1.288s] writing list of installed files to '/home/daniel-choate/paml_ros2/build/mapping_planner/install.log'
[1.308s] Invoked command in '/home/daniel-choate/paml_ros2/src/mapping_planner' returned '0': AMENT_PREFIX_PATH=/home/daniel-choate/paml_ros2/install/mapping_interfaces:${AMENT_PREFIX_PATH} CMAKE_PREFIX_PATH=/home/daniel-choate/paml_ros2/install/mapping_interfaces:${CMAKE_PREFIX_PATH} DEBUGINFOD_URLS=https://debuginfod.ubuntu.com LD_LIBRARY_PATH=/home/daniel-choate/paml_ros2/install/mapping_interfaces/lib:/opt/ros/kilted/opt/gz_sim_vendor/lib:/opt/ros/kilted/opt/gz_sensors_vendor/lib:/opt/ros/kilted/opt/gz_physics_vendor/lib:/opt/ros/kilted/opt/sdformat_vendor/lib:/opt/ros/kilted/opt/gz_gui_vendor/lib:/opt/ros/kilted/opt/gz_transport_vendor/lib:/opt/ros/kilted/opt/gz_rendering_vendor/lib:/opt/ros/kilted/opt/gz_plugin_vendor/lib:/opt/ros/kilted/opt/gz_fuel_tools_vendor/lib:/opt/ros/kilted/opt/gz_msgs_vendor/lib:/opt/ros/kilted/opt/gz_common_vendor/lib:/opt/ros/kilted/opt/gz_math_vendor/lib:/opt/ros/kilted/opt/gz_utils_vendor/lib:/opt/ros/kilted/opt/rviz_ogre_vendor/lib:/opt/ros/kilted/lib/x86_64-linux-gnu:/opt/ros/kilted/opt/gz_tools_vendor/lib:/opt/ros/kilted/opt/gz_ogre_next_vendor/lib:/opt/ros/kilted/opt/gz_dartsim_vendor/lib:/opt/ros/kilted/opt/gz_cmake_vendor/lib:/opt/ros/kilted/lib:/usr/local/lib PYTHONPATH=/home/daniel-choate/paml_ros2/build/mapping_planner/prefix_override:/usr/lib/python3/dist-packages/colcon_core/task/python/colcon_distutils_commands:/home/daniel-choate/paml_ros2/install/mapping_planner/lib/python3.12/site-packages:/home/daniel-choate/paml_ros2/install/mapping_interfaces/lib/python3.12/site-packages:${PYTHONPATH} /usr/bin/python3 -W ignore:setup.py install is deprecated -W ignore:easy_install command is deprecated setup.py egg_info --egg-base ../../build/mapping_planner build --build-base /home/daniel-choate/paml_ros2/build/mapping_planner/build install --record /home/daniel-choate/paml_ros2/build/mapping_planner/install.log --single-version-externally-managed install_data
