running egg_info
writing ../../build/mapping_executor/mapping_executor.egg-info/PKG-INFO
writing dependency_links to ../../build/mapping_executor/mapping_executor.egg-info/dependency_links.txt
writing entry points to ../../build/mapping_executor/mapping_executor.egg-info/entry_points.txt
writing requirements to ../../build/mapping_executor/mapping_executor.egg-info/requires.txt
writing top-level names to ../../build/mapping_executor/mapping_executor.egg-info/top_level.txt
reading manifest file '../../build/mapping_executor/mapping_executor.egg-info/SOURCES.txt'
adding license file 'LICENSE'
writing manifest file '../../build/mapping_executor/mapping_executor.egg-info/SOURCES.txt'
running build
running build_py
running install
running install_lib
byte-compiling /home/daniel-choate/paml_ros2/install/mapping_executor/lib/python3.12/site-packages/mapping_executor/ur3_executor.py to ur3_executor.cpython-312.pyc
Sorry: IndentationError: unexpected indent (ur3_executor.py, line 357)
running install_data
running install_egg_info
removing '/home/daniel-choate/paml_ros2/install/mapping_executor/lib/python3.12/site-packages/mapping_executor-0.0.0-py3.12.egg-info' (and everything under it)
Copying ../../build/mapping_executor/mapping_executor.egg-info to /home/daniel-choate/paml_ros2/install/mapping_executor/lib/python3.12/site-packages/mapping_executor-0.0.0-py3.12.egg-info
running install_scripts
Installing mapping_client script to /home/daniel-choate/paml_ros2/install/mapping_executor/lib/mapping_executor
Installing mapping_executor script to /home/daniel-choate/paml_ros2/install/mapping_executor/lib/mapping_executor
Installing test_moveit script to /home/daniel-choate/paml_ros2/install/mapping_executor/lib/mapping_executor
Installing ur3_executor script to /home/daniel-choate/paml_ros2/install/mapping_executor/lib/mapping_executor
writing list of installed files to '/home/daniel-choate/paml_ros2/build/mapping_executor/install.log'
