[0.891s] Invoking command in '/home/daniel-choate/paml_ros2/src/rgbd_capture': DEBUGINFOD_URLS=https://debuginfod.ubuntu.com PYTHONPATH=/home/daniel-choate/paml_ros2/build/rgbd_capture/prefix_override:/usr/lib/python3/dist-packages/colcon_core/task/python/colcon_distutils_commands:/home/daniel-choate/paml_ros2/install/rgbd_capture/lib/python3.12/site-packages:${PYTHONPATH} /usr/bin/python3 -W ignore:setup.py install is deprecated -W ignore:easy_install command is deprecated setup.py egg_info --egg-base ../../build/rgbd_capture build --build-base /home/daniel-choate/paml_ros2/build/rgbd_capture/build install --record /home/daniel-choate/paml_ros2/build/rgbd_capture/install.log --single-version-externally-managed install_data
[1.113s] running egg_info
[1.113s] creating ../../build/rgbd_capture/rgbd_capture.egg-info
[1.130s] writing ../../build/rgbd_capture/rgbd_capture.egg-info/PKG-INFO
[1.130s] writing dependency_links to ../../build/rgbd_capture/rgbd_capture.egg-info/dependency_links.txt
[1.130s] writing entry points to ../../build/rgbd_capture/rgbd_capture.egg-info/entry_points.txt
[1.130s] writing requirements to ../../build/rgbd_capture/rgbd_capture.egg-info/requires.txt
[1.130s] writing top-level names to ../../build/rgbd_capture/rgbd_capture.egg-info/top_level.txt
[1.130s] writing manifest file '../../build/rgbd_capture/rgbd_capture.egg-info/SOURCES.txt'
[1.164s] reading manifest file '../../build/rgbd_capture/rgbd_capture.egg-info/SOURCES.txt'
[1.164s] adding license file 'LICENSE'
[1.165s] writing manifest file '../../build/rgbd_capture/rgbd_capture.egg-info/SOURCES.txt'
[1.165s] running build
[1.165s] running build_py
[1.165s] creating /home/daniel-choate/paml_ros2/build/rgbd_capture/build
[1.165s] creating /home/daniel-choate/paml_ros2/build/rgbd_capture/build/lib
[1.165s] creating /home/daniel-choate/paml_ros2/build/rgbd_capture/build/lib/rgbd_capture
[1.166s] copying rgbd_capture/__init__.py -> /home/daniel-choate/paml_ros2/build/rgbd_capture/build/lib/rgbd_capture
[1.166s] copying rgbd_capture/capture_node_test.py -> /home/daniel-choate/paml_ros2/build/rgbd_capture/build/lib/rgbd_capture
[1.166s] copying rgbd_capture/py.typed -> /home/daniel-choate/paml_ros2/build/rgbd_capture/build/lib/rgbd_capture
[1.166s] running install
[1.169s] running install_lib
[1.187s] creating /home/daniel-choate/paml_ros2/install/rgbd_capture/lib/python3.12/site-packages/rgbd_capture
[1.187s] copying /home/daniel-choate/paml_ros2/build/rgbd_capture/build/lib/rgbd_capture/__init__.py -> /home/daniel-choate/paml_ros2/install/rgbd_capture/lib/python3.12/site-packages/rgbd_capture
[1.187s] copying /home/daniel-choate/paml_ros2/build/rgbd_capture/build/lib/rgbd_capture/py.typed -> /home/daniel-choate/paml_ros2/install/rgbd_capture/lib/python3.12/site-packages/rgbd_capture
[1.187s] copying /home/daniel-choate/paml_ros2/build/rgbd_capture/build/lib/rgbd_capture/capture_node_test.py -> /home/daniel-choate/paml_ros2/install/rgbd_capture/lib/python3.12/site-packages/rgbd_capture
[1.187s] byte-compiling /home/daniel-choate/paml_ros2/install/rgbd_capture/lib/python3.12/site-packages/rgbd_capture/__init__.py to __init__.cpython-312.pyc
[1.188s] byte-compiling /home/daniel-choate/paml_ros2/install/rgbd_capture/lib/python3.12/site-packages/rgbd_capture/capture_node_test.py to capture_node_test.cpython-312.pyc
[1.188s] running install_data
[1.188s] creating /home/daniel-choate/paml_ros2/install/rgbd_capture/share/ament_index
[1.188s] creating /home/daniel-choate/paml_ros2/install/rgbd_capture/share/ament_index/resource_index
[1.189s] creating /home/daniel-choate/paml_ros2/install/rgbd_capture/share/ament_index/resource_index/packages
[1.189s] copying resource/rgbd_capture -> /home/daniel-choate/paml_ros2/install/rgbd_capture/share/ament_index/resource_index/packages
[1.189s] copying package.xml -> /home/daniel-choate/paml_ros2/install/rgbd_capture/share/rgbd_capture
[1.189s] running install_egg_info
[1.207s] Copying ../../build/rgbd_capture/rgbd_capture.egg-info to /home/daniel-choate/paml_ros2/install/rgbd_capture/lib/python3.12/site-packages/rgbd_capture-0.0.0-py3.12.egg-info
[1.207s] running install_scripts
[1.317s] Installing rgbd_capture_node script to /home/daniel-choate/paml_ros2/install/rgbd_capture/lib/rgbd_capture
[1.317s] writing list of installed files to '/home/daniel-choate/paml_ros2/build/rgbd_capture/install.log'
[1.337s] Invoked command in '/home/daniel-choate/paml_ros2/src/rgbd_capture' returned '0': DEBUGINFOD_URLS=https://debuginfod.ubuntu.com PYTHONPATH=/home/daniel-choate/paml_ros2/build/rgbd_capture/prefix_override:/usr/lib/python3/dist-packages/colcon_core/task/python/colcon_distutils_commands:/home/daniel-choate/paml_ros2/install/rgbd_capture/lib/python3.12/site-packages:${PYTHONPATH} /usr/bin/python3 -W ignore:setup.py install is deprecated -W ignore:easy_install command is deprecated setup.py egg_info --egg-base ../../build/rgbd_capture build --build-base /home/daniel-choate/paml_ros2/build/rgbd_capture/build install --record /home/daniel-choate/paml_ros2/build/rgbd_capture/install.log --single-version-externally-managed install_data
