[0.863s] Invoking command in '/home/daniel-choate/paml_ros2/build/ur3_custom_description': CMAKE_PREFIX_PATH=${CMAKE_PREFIX_PATH}:/opt/ros/kilted DEBUGINFOD_URLS=https://debuginfod.ubuntu.com /usr/bin/cmake /home/daniel-choate/paml_ros2/src/ur3_custom_description -DCMAKE_INSTALL_PREFIX=/home/daniel-choate/paml_ros2/install/ur3_custom_description
[0.910s] -- The C compiler identification is GNU 13.3.0
[0.957s] -- The CXX compiler identification is GNU 13.3.0
[0.972s] -- Detecting C compiler ABI info
[1.059s] -- Detecting C compiler ABI info - done
[1.071s] -- Check for working C compiler: /usr/bin/cc - skipped
[1.071s] -- Detecting C compile features
[1.072s] -- Detecting C compile features - done
[1.081s] -- Detecting CXX compiler ABI info
[1.168s] -- Detecting CXX compiler ABI info - done
[1.182s] -- Check for working CXX compiler: /usr/bin/c++ - skipped
[1.183s] -- Detecting CXX compile features
[1.183s] -- Detecting CXX compile features - done
[1.189s] -- Found ament_cmake: 2.7.5 (/opt/ros/kilted/share/ament_cmake/cmake)
[1.363s] -- Found Python3: /usr/bin/python3 (found version "3.12.3") found components: Interpreter 
[1.484s] -- Found ament_lint_auto: 0.19.2 (/opt/ros/kilted/share/ament_lint_auto/cmake)
[1.620s] -- Added test 'flake8' to check Python code syntax and style conventions
[1.620s] -- Configured 'flake8' exclude dirs and/or files: 
[1.620s] -- Added test 'lint_cmake' to check CMake code style
[1.621s] -- Added test 'pep257' to check Python code against some of the docstring style conventions in PEP 257
[1.622s] -- Added test 'xmllint' to check XML markup files
[1.625s] -- Configuring done (0.8s)
[1.629s] -- Generating done (0.0s)
[1.631s] -- Build files have been written to: /home/daniel-choate/paml_ros2/build/ur3_custom_description
[1.636s] Invoked command in '/home/daniel-choate/paml_ros2/build/ur3_custom_description' returned '0': CMAKE_PREFIX_PATH=${CMAKE_PREFIX_PATH}:/opt/ros/kilted DEBUGINFOD_URLS=https://debuginfod.ubuntu.com /usr/bin/cmake /home/daniel-choate/paml_ros2/src/ur3_custom_description -DCMAKE_INSTALL_PREFIX=/home/daniel-choate/paml_ros2/install/ur3_custom_description
[1.638s] Invoking command in '/home/daniel-choate/paml_ros2/build/ur3_custom_description': CMAKE_PREFIX_PATH=${CMAKE_PREFIX_PATH}:/opt/ros/kilted DEBUGINFOD_URLS=https://debuginfod.ubuntu.com /usr/bin/cmake --build /home/daniel-choate/paml_ros2/build/ur3_custom_description -- -j20 -l20
[1.684s] Invoked command in '/home/daniel-choate/paml_ros2/build/ur3_custom_description' returned '0': CMAKE_PREFIX_PATH=${CMAKE_PREFIX_PATH}:/opt/ros/kilted DEBUGINFOD_URLS=https://debuginfod.ubuntu.com /usr/bin/cmake --build /home/daniel-choate/paml_ros2/build/ur3_custom_description -- -j20 -l20
[1.695s] Invoking command in '/home/daniel-choate/paml_ros2/build/ur3_custom_description': CMAKE_PREFIX_PATH=${CMAKE_PREFIX_PATH}:/opt/ros/kilted DEBUGINFOD_URLS=https://debuginfod.ubuntu.com /usr/bin/cmake --install /home/daniel-choate/paml_ros2/build/ur3_custom_description
[1.703s] -- Install configuration: ""
[1.704s] -- Installing: /home/daniel-choate/paml_ros2/install/ur3_custom_description/share/ur3_custom_description/urdf
[1.704s] -- Installing: /home/daniel-choate/paml_ros2/install/ur3_custom_description/share/ur3_custom_description/urdf/ur3e_with_camera.xacro
[1.704s] -- Installing: /home/daniel-choate/paml_ros2/install/ur3_custom_description/share/ament_index/resource_index/package_run_dependencies/ur3_custom_description
[1.704s] -- Installing: /home/daniel-choate/paml_ros2/install/ur3_custom_description/share/ament_index/resource_index/parent_prefix_path/ur3_custom_description
[1.704s] -- Installing: /home/daniel-choate/paml_ros2/install/ur3_custom_description/share/ur3_custom_description/environment/ament_prefix_path.sh
[1.704s] -- Installing: /home/daniel-choate/paml_ros2/install/ur3_custom_description/share/ur3_custom_description/environment/ament_prefix_path.dsv
[1.705s] -- Installing: /home/daniel-choate/paml_ros2/install/ur3_custom_description/share/ur3_custom_description/environment/path.sh
[1.705s] -- Installing: /home/daniel-choate/paml_ros2/install/ur3_custom_description/share/ur3_custom_description/environment/path.dsv
[1.705s] -- Installing: /home/daniel-choate/paml_ros2/install/ur3_custom_description/share/ur3_custom_description/local_setup.bash
[1.705s] -- Installing: /home/daniel-choate/paml_ros2/install/ur3_custom_description/share/ur3_custom_description/local_setup.sh
[1.705s] -- Installing: /home/daniel-choate/paml_ros2/install/ur3_custom_description/share/ur3_custom_description/local_setup.zsh
[1.705s] -- Installing: /home/daniel-choate/paml_ros2/install/ur3_custom_description/share/ur3_custom_description/local_setup.dsv
[1.705s] -- Installing: /home/daniel-choate/paml_ros2/install/ur3_custom_description/share/ur3_custom_description/package.dsv
[1.705s] -- Installing: /home/daniel-choate/paml_ros2/install/ur3_custom_description/share/ament_index/resource_index/packages/ur3_custom_description
[1.705s] -- Installing: /home/daniel-choate/paml_ros2/install/ur3_custom_description/share/ur3_custom_description/cmake/ur3_custom_descriptionConfig.cmake
[1.706s] -- Installing: /home/daniel-choate/paml_ros2/install/ur3_custom_description/share/ur3_custom_description/cmake/ur3_custom_descriptionConfig-version.cmake
[1.706s] -- Installing: /home/daniel-choate/paml_ros2/install/ur3_custom_description/share/ur3_custom_description/package.xml
[1.706s] Invoked command in '/home/daniel-choate/paml_ros2/build/ur3_custom_description' returned '0': CMAKE_PREFIX_PATH=${CMAKE_PREFIX_PATH}:/opt/ros/kilted DEBUGINFOD_URLS=https://debuginfod.ubuntu.com /usr/bin/cmake --install /home/daniel-choate/paml_ros2/build/ur3_custom_description
