[0.145s] DEBUG:colcon:Command line arguments: ['/usr/bin/colcon', 'build', '--packages-select', 'mapping_interfaces']
[0.146s] DEBUG:colcon:Parsed command line arguments: Namespace(log_base=None, log_level=None, verb_name='build', build_base='build', install_base='install', merge_install=False, symlink_install=False, test_result_base=None, continue_on_error=False, executor='parallel', parallel_workers=20, event_handlers=None, ignore_user_meta=False, metas=['./colcon.meta'], base_paths=['.'], packages_ignore=None, packages_ignore_regex=None, paths=None, packages_up_to=None, packages_up_to_regex=None, packages_above=None, packages_above_and_dependencies=None, packages_above_depth=None, packages_select_by_dep=None, packages_skip_by_dep=None, packages_skip_up_to=None, packages_select_build_failed=False, packages_skip_build_finished=False, packages_select_test_failures=False, packages_skip_test_passed=False, packages_select=['mapping_interfaces'], packages_skip=None, packages_select_regex=None, packages_skip_regex=None, packages_start=None, packages_end=None, allow_overriding=[], cmake_args=None, cmake_target=None, cmake_target_skip_unavailable=False, cmake_clean_cache=False, cmake_clean_first=False, cmake_force_configure=False, ament_cmake_args=None, catkin_cmake_args=None, catkin_skip_building_tests=False, mixin_files=None, mixin=None, verb_parser=<colcon_mixin.mixin.mixin_argument.MixinArgumentDecorator object at 0x78412a8edac0>, verb_extension=<colcon_core.verb.build.BuildVerb object at 0x78412a81e300>, main=<bound method BuildVerb.main of <colcon_core.verb.build.BuildVerb object at 0x78412a81e300>>, mixin_verb=('build',))
[0.193s] Level 1:colcon.colcon_core.package_discovery:discover_packages(colcon_meta) check parameters
[0.193s] Level 1:colcon.colcon_core.package_discovery:discover_packages(recursive) check parameters
[0.193s] Level 1:colcon.colcon_core.package_discovery:discover_packages(ignore) check parameters
[0.193s] Level 1:colcon.colcon_core.package_discovery:discover_packages(path) check parameters
[0.193s] Level 1:colcon.colcon_core.package_discovery:discover_packages(colcon_meta) discover
[0.193s] Level 1:colcon.colcon_core.package_discovery:discover_packages(recursive) discover
[0.193s] INFO:colcon.colcon_core.package_discovery:Crawling recursively for packages in '/home/daniel-choate/paml_ros2/src/mapping_interfaces'
[0.193s] Level 1:colcon.colcon_core.package_identification:_identify(.) by extensions ['ignore', 'ignore_ament_install']
[0.193s] Level 1:colcon.colcon_core.package_identification:_identify(.) by extension 'ignore'
[0.193s] Level 1:colcon.colcon_core.package_identification:_identify(.) by extension 'ignore_ament_install'
[0.193s] Level 1:colcon.colcon_core.package_identification:_identify(.) by extensions ['colcon_pkg']
[0.193s] Level 1:colcon.colcon_core.package_identification:_identify(.) by extension 'colcon_pkg'
[0.193s] Level 1:colcon.colcon_core.package_identification:_identify(.) by extensions ['colcon_meta']
[0.193s] Level 1:colcon.colcon_core.package_identification:_identify(.) by extension 'colcon_meta'
[0.193s] Level 1:colcon.colcon_core.package_identification:_identify(.) by extensions ['ros']
[0.193s] Level 1:colcon.colcon_core.package_identification:_identify(.) by extension 'ros'
[0.227s] DEBUG:colcon.colcon_core.package_identification:Package '.' with type 'ros.ament_cmake' and name 'mapping_interfaces'
[0.227s] Level 1:colcon.colcon_core.package_discovery:discover_packages(recursive) using defaults
[0.227s] Level 1:colcon.colcon_core.package_discovery:discover_packages(ignore) discover
[0.227s] Level 1:colcon.colcon_core.package_discovery:discover_packages(ignore) using defaults
[0.227s] Level 1:colcon.colcon_core.package_discovery:discover_packages(path) discover
[0.227s] Level 1:colcon.colcon_core.package_discovery:discover_packages(path) using defaults
[0.249s] Level 1:colcon.colcon_core.package_discovery:discover_packages(prefix_path) check parameters
[0.249s] Level 1:colcon.colcon_core.package_discovery:discover_packages(prefix_path) discover
[0.253s] DEBUG:colcon.colcon_installed_package_information.package_discovery:Found 510 installed packages in /opt/ros/kilted
[0.255s] Level 1:colcon.colcon_core.package_discovery:discover_packages(prefix_path) using defaults
[0.335s] Level 5:colcon.colcon_core.verb:set package 'mapping_interfaces' build argument 'cmake_args' from command line to 'None'
[0.336s] Level 5:colcon.colcon_core.verb:set package 'mapping_interfaces' build argument 'cmake_target' from command line to 'None'
[0.336s] Level 5:colcon.colcon_core.verb:set package 'mapping_interfaces' build argument 'cmake_target_skip_unavailable' from command line to 'False'
[0.336s] Level 5:colcon.colcon_core.verb:set package 'mapping_interfaces' build argument 'cmake_clean_cache' from command line to 'False'
[0.336s] Level 5:colcon.colcon_core.verb:set package 'mapping_interfaces' build argument 'cmake_clean_first' from command line to 'False'
[0.336s] Level 5:colcon.colcon_core.verb:set package 'mapping_interfaces' build argument 'cmake_force_configure' from command line to 'False'
[0.336s] Level 5:colcon.colcon_core.verb:set package 'mapping_interfaces' build argument 'ament_cmake_args' from command line to 'None'
[0.336s] Level 5:colcon.colcon_core.verb:set package 'mapping_interfaces' build argument 'catkin_cmake_args' from command line to 'None'
[0.336s] Level 5:colcon.colcon_core.verb:set package 'mapping_interfaces' build argument 'catkin_skip_building_tests' from command line to 'False'
[0.336s] DEBUG:colcon.colcon_core.verb:Building package 'mapping_interfaces' with the following arguments: {'ament_cmake_args': None, 'build_base': '/home/daniel-choate/paml_ros2/src/mapping_interfaces/build/mapping_interfaces', 'catkin_cmake_args': None, 'catkin_skip_building_tests': False, 'cmake_args': None, 'cmake_clean_cache': False, 'cmake_clean_first': False, 'cmake_force_configure': False, 'cmake_target': None, 'cmake_target_skip_unavailable': False, 'install_base': '/home/daniel-choate/paml_ros2/src/mapping_interfaces/install/mapping_interfaces', 'merge_install': False, 'path': '/home/daniel-choate/paml_ros2/src/mapping_interfaces', 'symlink_install': False, 'test_result_base': None}
[0.336s] INFO:colcon.colcon_core.executor:Executing jobs using 'parallel' executor
[0.337s] DEBUG:colcon.colcon_parallel_executor.executor.parallel:run_until_complete
[0.338s] INFO:colcon.colcon_ros.task.ament_cmake.build:Building ROS package in '/home/daniel-choate/paml_ros2/src/mapping_interfaces' with build type 'ament_cmake'
[0.338s] INFO:colcon.colcon_cmake.task.cmake.build:Building CMake package in '/home/daniel-choate/paml_ros2/src/mapping_interfaces'
[0.340s] INFO:colcon.colcon_core.plugin_system:Skipping extension 'colcon_core.shell.bat': Not used on non-Windows systems
[0.340s] INFO:colcon.colcon_core.shell:Skip shell extension 'powershell' for command environment: Not usable outside of PowerShell
[0.340s] DEBUG:colcon.colcon_core.shell:Skip shell extension 'dsv' for command environment
[0.352s] DEBUG:colcon.colcon_core.event_handler.log_command:Invoking command in '/home/daniel-choate/paml_ros2/src/mapping_interfaces/build/mapping_interfaces': CMAKE_PREFIX_PATH=${CMAKE_PREFIX_PATH}:/opt/ros/kilted DEBUGINFOD_URLS=https://debuginfod.ubuntu.com /usr/bin/cmake /home/daniel-choate/paml_ros2/src/mapping_interfaces -DCMAKE_INSTALL_PREFIX=/home/daniel-choate/paml_ros2/src/mapping_interfaces/install/mapping_interfaces
[5.635s] DEBUG:colcon.colcon_core.event_handler.log_command:Invoked command in '/home/daniel-choate/paml_ros2/src/mapping_interfaces/build/mapping_interfaces' returned '0': CMAKE_PREFIX_PATH=${CMAKE_PREFIX_PATH}:/opt/ros/kilted DEBUGINFOD_URLS=https://debuginfod.ubuntu.com /usr/bin/cmake /home/daniel-choate/paml_ros2/src/mapping_interfaces -DCMAKE_INSTALL_PREFIX=/home/daniel-choate/paml_ros2/src/mapping_interfaces/install/mapping_interfaces
[5.637s] DEBUG:colcon.colcon_core.event_handler.log_command:Invoking command in '/home/daniel-choate/paml_ros2/src/mapping_interfaces/build/mapping_interfaces': CMAKE_PREFIX_PATH=${CMAKE_PREFIX_PATH}:/opt/ros/kilted DEBUGINFOD_URLS=https://debuginfod.ubuntu.com /usr/bin/cmake --build /home/daniel-choate/paml_ros2/src/mapping_interfaces/build/mapping_interfaces -- -j20 -l20
[10.099s] DEBUG:colcon.colcon_core.event_handler.log_command:Invoked command in '/home/daniel-choate/paml_ros2/src/mapping_interfaces/build/mapping_interfaces' returned '0': CMAKE_PREFIX_PATH=${CMAKE_PREFIX_PATH}:/opt/ros/kilted DEBUGINFOD_URLS=https://debuginfod.ubuntu.com /usr/bin/cmake --build /home/daniel-choate/paml_ros2/src/mapping_interfaces/build/mapping_interfaces -- -j20 -l20
[10.115s] DEBUG:colcon.colcon_core.event_handler.log_command:Invoking command in '/home/daniel-choate/paml_ros2/src/mapping_interfaces/build/mapping_interfaces': CMAKE_PREFIX_PATH=${CMAKE_PREFIX_PATH}:/opt/ros/kilted DEBUGINFOD_URLS=https://debuginfod.ubuntu.com /usr/bin/cmake --install /home/daniel-choate/paml_ros2/src/mapping_interfaces/build/mapping_interfaces
[10.237s] Level 1:colcon.colcon_core.environment:create_environment_scripts_only(mapping_interfaces)
[10.238s] DEBUG:colcon.colcon_core.event_handler.log_command:Invoked command in '/home/daniel-choate/paml_ros2/src/mapping_interfaces/build/mapping_interfaces' returned '0': CMAKE_PREFIX_PATH=${CMAKE_PREFIX_PATH}:/opt/ros/kilted DEBUGINFOD_URLS=https://debuginfod.ubuntu.com /usr/bin/cmake --install /home/daniel-choate/paml_ros2/src/mapping_interfaces/build/mapping_interfaces
[10.240s] Level 1:colcon.colcon_core.environment:checking '/home/daniel-choate/paml_ros2/src/mapping_interfaces/install/mapping_interfaces' for CMake module files
[10.241s] Level 1:colcon.colcon_core.environment:checking '/home/daniel-choate/paml_ros2/src/mapping_interfaces/install/mapping_interfaces' for CMake config files
[10.241s] Level 1:colcon.colcon_core.shell:create_environment_hook('mapping_interfaces', 'cmake_prefix_path')
[10.242s] INFO:colcon.colcon_core.shell:Creating environment hook '/home/daniel-choate/paml_ros2/src/mapping_interfaces/install/mapping_interfaces/share/mapping_interfaces/hook/cmake_prefix_path.ps1'
[10.242s] INFO:colcon.colcon_core.shell:Creating environment descriptor '/home/daniel-choate/paml_ros2/src/mapping_interfaces/install/mapping_interfaces/share/mapping_interfaces/hook/cmake_prefix_path.dsv'
[10.243s] INFO:colcon.colcon_core.shell:Creating environment hook '/home/daniel-choate/paml_ros2/src/mapping_interfaces/install/mapping_interfaces/share/mapping_interfaces/hook/cmake_prefix_path.sh'
[10.244s] Level 1:colcon.colcon_core.environment:checking '/home/daniel-choate/paml_ros2/src/mapping_interfaces/install/mapping_interfaces/lib'
[10.244s] Level 1:colcon.colcon_core.shell:create_environment_hook('mapping_interfaces', 'ld_library_path_lib')
[10.244s] INFO:colcon.colcon_core.shell:Creating environment hook '/home/daniel-choate/paml_ros2/src/mapping_interfaces/install/mapping_interfaces/share/mapping_interfaces/hook/ld_library_path_lib.ps1'
[10.244s] INFO:colcon.colcon_core.shell:Creating environment descriptor '/home/daniel-choate/paml_ros2/src/mapping_interfaces/install/mapping_interfaces/share/mapping_interfaces/hook/ld_library_path_lib.dsv'
[10.245s] INFO:colcon.colcon_core.shell:Creating environment hook '/home/daniel-choate/paml_ros2/src/mapping_interfaces/install/mapping_interfaces/share/mapping_interfaces/hook/ld_library_path_lib.sh'
[10.245s] Level 1:colcon.colcon_core.environment:checking '/home/daniel-choate/paml_ros2/src/mapping_interfaces/install/mapping_interfaces/bin'
[10.245s] Level 1:colcon.colcon_core.environment:checking '/home/daniel-choate/paml_ros2/src/mapping_interfaces/install/mapping_interfaces/lib/pkgconfig/mapping_interfaces.pc'
[10.245s] Level 1:colcon.colcon_core.environment:checking '/home/daniel-choate/paml_ros2/src/mapping_interfaces/install/mapping_interfaces/lib/python3.12/site-packages'
[10.245s] Level 1:colcon.colcon_core.shell:create_environment_hook('mapping_interfaces', 'pythonpath')
[10.246s] INFO:colcon.colcon_core.shell:Creating environment hook '/home/daniel-choate/paml_ros2/src/mapping_interfaces/install/mapping_interfaces/share/mapping_interfaces/hook/pythonpath.ps1'
[10.246s] INFO:colcon.colcon_core.shell:Creating environment descriptor '/home/daniel-choate/paml_ros2/src/mapping_interfaces/install/mapping_interfaces/share/mapping_interfaces/hook/pythonpath.dsv'
[10.246s] INFO:colcon.colcon_core.shell:Creating environment hook '/home/daniel-choate/paml_ros2/src/mapping_interfaces/install/mapping_interfaces/share/mapping_interfaces/hook/pythonpath.sh'
[10.247s] Level 1:colcon.colcon_core.environment:checking '/home/daniel-choate/paml_ros2/src/mapping_interfaces/install/mapping_interfaces/bin'
[10.247s] INFO:colcon.colcon_core.shell:Creating package script '/home/daniel-choate/paml_ros2/src/mapping_interfaces/install/mapping_interfaces/share/mapping_interfaces/package.ps1'
[10.248s] INFO:colcon.colcon_core.shell:Creating package descriptor '/home/daniel-choate/paml_ros2/src/mapping_interfaces/install/mapping_interfaces/share/mapping_interfaces/package.dsv'
[10.249s] INFO:colcon.colcon_core.shell:Creating package script '/home/daniel-choate/paml_ros2/src/mapping_interfaces/install/mapping_interfaces/share/mapping_interfaces/package.sh'
[10.250s] INFO:colcon.colcon_core.shell:Creating package script '/home/daniel-choate/paml_ros2/src/mapping_interfaces/install/mapping_interfaces/share/mapping_interfaces/package.bash'
[10.250s] INFO:colcon.colcon_core.shell:Creating package script '/home/daniel-choate/paml_ros2/src/mapping_interfaces/install/mapping_interfaces/share/mapping_interfaces/package.zsh'
[10.251s] Level 1:colcon.colcon_core.environment:create_file_with_runtime_dependencies(/home/daniel-choate/paml_ros2/src/mapping_interfaces/install/mapping_interfaces/share/colcon-core/packages/mapping_interfaces)
[10.251s] Level 1:colcon.colcon_core.environment:create_environment_scripts_only(mapping_interfaces)
[10.252s] Level 1:colcon.colcon_core.environment:checking '/home/daniel-choate/paml_ros2/src/mapping_interfaces/install/mapping_interfaces' for CMake module files
[10.252s] Level 1:colcon.colcon_core.environment:checking '/home/daniel-choate/paml_ros2/src/mapping_interfaces/install/mapping_interfaces' for CMake config files
[10.253s] Level 1:colcon.colcon_core.shell:create_environment_hook('mapping_interfaces', 'cmake_prefix_path')
[10.253s] INFO:colcon.colcon_core.shell:Creating environment hook '/home/daniel-choate/paml_ros2/src/mapping_interfaces/install/mapping_interfaces/share/mapping_interfaces/hook/cmake_prefix_path.ps1'
[10.253s] INFO:colcon.colcon_core.shell:Creating environment descriptor '/home/daniel-choate/paml_ros2/src/mapping_interfaces/install/mapping_interfaces/share/mapping_interfaces/hook/cmake_prefix_path.dsv'
[10.254s] INFO:colcon.colcon_core.shell:Creating environment hook '/home/daniel-choate/paml_ros2/src/mapping_interfaces/install/mapping_interfaces/share/mapping_interfaces/hook/cmake_prefix_path.sh'
[10.254s] Level 1:colcon.colcon_core.environment:checking '/home/daniel-choate/paml_ros2/src/mapping_interfaces/install/mapping_interfaces/lib'
[10.254s] Level 1:colcon.colcon_core.shell:create_environment_hook('mapping_interfaces', 'ld_library_path_lib')
[10.254s] INFO:colcon.colcon_core.shell:Creating environment hook '/home/daniel-choate/paml_ros2/src/mapping_interfaces/install/mapping_interfaces/share/mapping_interfaces/hook/ld_library_path_lib.ps1'
[10.255s] INFO:colcon.colcon_core.shell:Creating environment descriptor '/home/daniel-choate/paml_ros2/src/mapping_interfaces/install/mapping_interfaces/share/mapping_interfaces/hook/ld_library_path_lib.dsv'
[10.255s] INFO:colcon.colcon_core.shell:Creating environment hook '/home/daniel-choate/paml_ros2/src/mapping_interfaces/install/mapping_interfaces/share/mapping_interfaces/hook/ld_library_path_lib.sh'
[10.255s] Level 1:colcon.colcon_core.environment:checking '/home/daniel-choate/paml_ros2/src/mapping_interfaces/install/mapping_interfaces/bin'
[10.256s] Level 1:colcon.colcon_core.environment:checking '/home/daniel-choate/paml_ros2/src/mapping_interfaces/install/mapping_interfaces/lib/pkgconfig/mapping_interfaces.pc'
[10.256s] Level 1:colcon.colcon_core.environment:checking '/home/daniel-choate/paml_ros2/src/mapping_interfaces/install/mapping_interfaces/lib/python3.12/site-packages'
[10.256s] Level 1:colcon.colcon_core.shell:create_environment_hook('mapping_interfaces', 'pythonpath')
[10.256s] INFO:colcon.colcon_core.shell:Creating environment hook '/home/daniel-choate/paml_ros2/src/mapping_interfaces/install/mapping_interfaces/share/mapping_interfaces/hook/pythonpath.ps1'
[10.256s] INFO:colcon.colcon_core.shell:Creating environment descriptor '/home/daniel-choate/paml_ros2/src/mapping_interfaces/install/mapping_interfaces/share/mapping_interfaces/hook/pythonpath.dsv'
[10.257s] INFO:colcon.colcon_core.shell:Creating environment hook '/home/daniel-choate/paml_ros2/src/mapping_interfaces/install/mapping_interfaces/share/mapping_interfaces/hook/pythonpath.sh'
[10.257s] Level 1:colcon.colcon_core.environment:checking '/home/daniel-choate/paml_ros2/src/mapping_interfaces/install/mapping_interfaces/bin'
[10.258s] INFO:colcon.colcon_core.shell:Creating package script '/home/daniel-choate/paml_ros2/src/mapping_interfaces/install/mapping_interfaces/share/mapping_interfaces/package.ps1'
[10.258s] INFO:colcon.colcon_core.shell:Creating package descriptor '/home/daniel-choate/paml_ros2/src/mapping_interfaces/install/mapping_interfaces/share/mapping_interfaces/package.dsv'
[10.259s] INFO:colcon.colcon_core.shell:Creating package script '/home/daniel-choate/paml_ros2/src/mapping_interfaces/install/mapping_interfaces/share/mapping_interfaces/package.sh'
[10.259s] INFO:colcon.colcon_core.shell:Creating package script '/home/daniel-choate/paml_ros2/src/mapping_interfaces/install/mapping_interfaces/share/mapping_interfaces/package.bash'
[10.260s] INFO:colcon.colcon_core.shell:Creating package script '/home/daniel-choate/paml_ros2/src/mapping_interfaces/install/mapping_interfaces/share/mapping_interfaces/package.zsh'
[10.260s] Level 1:colcon.colcon_core.environment:create_file_with_runtime_dependencies(/home/daniel-choate/paml_ros2/src/mapping_interfaces/install/mapping_interfaces/share/colcon-core/packages/mapping_interfaces)
[10.260s] DEBUG:colcon.colcon_parallel_executor.executor.parallel:closing loop
[10.261s] DEBUG:colcon.colcon_parallel_executor.executor.parallel:loop closed
[10.261s] DEBUG:colcon.colcon_parallel_executor.executor.parallel:run_until_complete finished with '0'
[10.261s] DEBUG:colcon.colcon_core.event_reactor:joining thread
[10.267s] INFO:colcon.colcon_core.plugin_system:Skipping extension 'colcon_notification.desktop_notification.terminal_notifier': Not used on non-Darwin systems
[10.267s] INFO:colcon.colcon_core.plugin_system:Skipping extension 'colcon_notification.desktop_notification.win32': Not used on non-Windows systems
[10.267s] INFO:colcon.colcon_notification.desktop_notification:Sending desktop notification using 'notify2'
[10.287s] DEBUG:colcon.colcon_core.event_reactor:joined thread
[10.288s] INFO:colcon.colcon_core.shell:Creating prefix script '/home/daniel-choate/paml_ros2/src/mapping_interfaces/install/local_setup.ps1'
[10.289s] INFO:colcon.colcon_core.shell:Creating prefix util module '/home/daniel-choate/paml_ros2/src/mapping_interfaces/install/_local_setup_util_ps1.py'
[10.290s] INFO:colcon.colcon_core.shell:Creating prefix chain script '/home/daniel-choate/paml_ros2/src/mapping_interfaces/install/setup.ps1'
[10.291s] INFO:colcon.colcon_core.shell:Creating prefix script '/home/daniel-choate/paml_ros2/src/mapping_interfaces/install/local_setup.sh'
[10.292s] INFO:colcon.colcon_core.shell:Creating prefix util module '/home/daniel-choate/paml_ros2/src/mapping_interfaces/install/_local_setup_util_sh.py'
[10.293s] INFO:colcon.colcon_core.shell:Creating prefix chain script '/home/daniel-choate/paml_ros2/src/mapping_interfaces/install/setup.sh'
[10.294s] INFO:colcon.colcon_core.shell:Creating prefix script '/home/daniel-choate/paml_ros2/src/mapping_interfaces/install/local_setup.bash'
[10.294s] INFO:colcon.colcon_core.shell:Creating prefix chain script '/home/daniel-choate/paml_ros2/src/mapping_interfaces/install/setup.bash'
[10.295s] INFO:colcon.colcon_core.shell:Creating prefix script '/home/daniel-choate/paml_ros2/src/mapping_interfaces/install/local_setup.zsh'
[10.296s] INFO:colcon.colcon_core.shell:Creating prefix chain script '/home/daniel-choate/paml_ros2/src/mapping_interfaces/install/setup.zsh'
