[0.433s] Invoking command in '/home/daniel-choate/paml_ros2/build/ur3_demo': CMAKE_PREFIX_PATH=${CMAKE_PREFIX_PATH}:/opt/ros/kilted DEBUGINFOD_URLS=https://debuginfod.ubuntu.com /usr/bin/cmake --build /home/daniel-choate/paml_ros2/build/ur3_demo -- -j20 -l20
[0.548s] [ 50%] [32m[1mLinking CXX executable move_demo[0m
[1.102s] [100%] Built target move_demo
[1.555s] Invoked command in '/home/daniel-choate/paml_ros2/build/ur3_demo' returned '0': CMAKE_PREFIX_PATH=${CMAKE_PREFIX_PATH}:/opt/ros/kilted DEBUGINFOD_URLS=https://debuginfod.ubuntu.com /usr/bin/cmake --build /home/daniel-choate/paml_ros2/build/ur3_demo -- -j20 -l20
[1.557s] Invoking command in '/home/daniel-choate/paml_ros2/build/ur3_demo': CMAKE_PREFIX_PATH=${CMAKE_PREFIX_PATH}:/opt/ros/kilted DEBUGINFOD_URLS=https://debuginfod.ubuntu.com /usr/bin/cmake --install /home/daniel-choate/paml_ros2/build/ur3_demo
[1.572s] -- Install configuration: ""
[1.573s] -- Installing: /home/daniel-choate/paml_ros2/install/ur3_demo/lib/ur3_demo/move_demo
[1.574s] -- Set non-toolchain portion of runtime path of "/home/daniel-choate/paml_ros2/install/ur3_demo/lib/ur3_demo/move_demo" to ""
[1.574s] -- Up-to-date: /home/daniel-choate/paml_ros2/install/ur3_demo/share/ur3_demo/launch
[1.574s] -- Up-to-date: /home/daniel-choate/paml_ros2/install/ur3_demo/share/ur3_demo/launch/launch.py
[1.574s] -- Up-to-date: /home/daniel-choate/paml_ros2/install/ur3_demo/share/ament_index/resource_index/package_run_dependencies/ur3_demo
[1.574s] -- Up-to-date: /home/daniel-choate/paml_ros2/install/ur3_demo/share/ament_index/resource_index/parent_prefix_path/ur3_demo
[1.574s] -- Up-to-date: /home/daniel-choate/paml_ros2/install/ur3_demo/share/ur3_demo/environment/ament_prefix_path.sh
[1.574s] -- Up-to-date: /home/daniel-choate/paml_ros2/install/ur3_demo/share/ur3_demo/environment/ament_prefix_path.dsv
[1.574s] -- Up-to-date: /home/daniel-choate/paml_ros2/install/ur3_demo/share/ur3_demo/environment/path.sh
[1.575s] -- Up-to-date: /home/daniel-choate/paml_ros2/install/ur3_demo/share/ur3_demo/environment/path.dsv
[1.575s] -- Up-to-date: /home/daniel-choate/paml_ros2/install/ur3_demo/share/ur3_demo/local_setup.bash
[1.575s] -- Up-to-date: /home/daniel-choate/paml_ros2/install/ur3_demo/share/ur3_demo/local_setup.sh
[1.575s] -- Up-to-date: /home/daniel-choate/paml_ros2/install/ur3_demo/share/ur3_demo/local_setup.zsh
[1.575s] -- Up-to-date: /home/daniel-choate/paml_ros2/install/ur3_demo/share/ur3_demo/local_setup.dsv
[1.575s] -- Installing: /home/daniel-choate/paml_ros2/install/ur3_demo/share/ur3_demo/package.dsv
[1.575s] -- Up-to-date: /home/daniel-choate/paml_ros2/install/ur3_demo/share/ament_index/resource_index/packages/ur3_demo
[1.575s] -- Up-to-date: /home/daniel-choate/paml_ros2/install/ur3_demo/share/ur3_demo/cmake/ur3_demoConfig.cmake
[1.575s] -- Up-to-date: /home/daniel-choate/paml_ros2/install/ur3_demo/share/ur3_demo/cmake/ur3_demoConfig-version.cmake
[1.575s] -- Up-to-date: /home/daniel-choate/paml_ros2/install/ur3_demo/share/ur3_demo/package.xml
[1.577s] Invoked command in '/home/daniel-choate/paml_ros2/build/ur3_demo' returned '0': CMAKE_PREFIX_PATH=${CMAKE_PREFIX_PATH}:/opt/ros/kilted DEBUGINFOD_URLS=https://debuginfod.ubuntu.com /usr/bin/cmake --install /home/daniel-choate/paml_ros2/build/ur3_demo
