[1.329s] Invoking command in '/home/daniel-choate/paml_ros2/src/map_builder': DEBUGINFOD_URLS=https://debuginfod.ubuntu.com PYTHONPATH=/home/daniel-choate/paml_ros2/build/map_builder/prefix_override:/usr/lib/python3/dist-packages/colcon_core/task/python/colcon_distutils_commands:/home/daniel-choate/paml_ros2/install/map_builder/lib/python3.12/site-packages:${PYTHONPATH} /usr/bin/python3 -W ignore:setup.py install is deprecated -W ignore:easy_install command is deprecated setup.py egg_info --egg-base ../../build/map_builder build --build-base /home/daniel-choate/paml_ros2/build/map_builder/build install --record /home/daniel-choate/paml_ros2/build/map_builder/install.log --single-version-externally-managed install_data
[1.574s] running egg_info
[1.594s] writing ../../build/map_builder/map_builder.egg-info/PKG-INFO
[1.594s] writing dependency_links to ../../build/map_builder/map_builder.egg-info/dependency_links.txt
[1.594s] writing entry points to ../../build/map_builder/map_builder.egg-info/entry_points.txt
[1.594s] writing requirements to ../../build/map_builder/map_builder.egg-info/requires.txt
[1.594s] writing top-level names to ../../build/map_builder/map_builder.egg-info/top_level.txt
[1.636s] reading manifest file '../../build/map_builder/map_builder.egg-info/SOURCES.txt'
[1.636s] adding license file 'LICENSE'
[1.637s] writing manifest file '../../build/map_builder/map_builder.egg-info/SOURCES.txt'
[1.637s] running build
[1.637s] running build_py
[1.637s] copying map_builder/map_builder_live.py -> /home/daniel-choate/paml_ros2/build/map_builder/build/lib/map_builder
[1.637s] running install
[1.642s] running install_lib
[1.663s] copying /home/daniel-choate/paml_ros2/build/map_builder/build/lib/map_builder/map_builder_live.py -> /home/daniel-choate/paml_ros2/install/map_builder/lib/python3.12/site-packages/map_builder
[1.663s] byte-compiling /home/daniel-choate/paml_ros2/install/map_builder/lib/python3.12/site-packages/map_builder/map_builder_live.py to map_builder_live.cpython-312.pyc
[1.665s] running install_data
[1.665s] running install_egg_info
[1.687s] removing '/home/daniel-choate/paml_ros2/install/map_builder/lib/python3.12/site-packages/map_builder-0.0.0-py3.12.egg-info' (and everything under it)
[1.688s] Copying ../../build/map_builder/map_builder.egg-info to /home/daniel-choate/paml_ros2/install/map_builder/lib/python3.12/site-packages/map_builder-0.0.0-py3.12.egg-info
[1.688s] running install_scripts
[1.814s] Installing map_builder_live script to /home/daniel-choate/paml_ros2/install/map_builder/lib/map_builder
[1.815s] Installing map_builder_node script to /home/daniel-choate/paml_ros2/install/map_builder/lib/map_builder
[1.815s] writing list of installed files to '/home/daniel-choate/paml_ros2/build/map_builder/install.log'
[1.844s] Invoked command in '/home/daniel-choate/paml_ros2/src/map_builder' returned '0': DEBUGINFOD_URLS=https://debuginfod.ubuntu.com PYTHONPATH=/home/daniel-choate/paml_ros2/build/map_builder/prefix_override:/usr/lib/python3/dist-packages/colcon_core/task/python/colcon_distutils_commands:/home/daniel-choate/paml_ros2/install/map_builder/lib/python3.12/site-packages:${PYTHONPATH} /usr/bin/python3 -W ignore:setup.py install is deprecated -W ignore:easy_install command is deprecated setup.py egg_info --egg-base ../../build/map_builder build --build-base /home/daniel-choate/paml_ros2/build/map_builder/build install --record /home/daniel-choate/paml_ros2/build/map_builder/install.log --single-version-externally-managed install_data
