[0.080s] DEBUG:colcon:Command line arguments: ['/usr/bin/colcon', 'build']
[0.080s] DEBUG:colcon:Parsed command line arguments: Namespace(log_base=None, log_level=None, verb_name='build', build_base='build', install_base='install', merge_install=False, symlink_install=False, test_result_base=None, continue_on_error=False, executor='parallel', parallel_workers=20, event_handlers=None, ignore_user_meta=False, metas=['./colcon.meta'], base_paths=['.'], packages_ignore=None, packages_ignore_regex=None, paths=None, packages_up_to=None, packages_up_to_regex=None, packages_above=None, packages_above_and_dependencies=None, packages_above_depth=None, packages_select_by_dep=None, packages_skip_by_dep=None, packages_skip_up_to=None, packages_select_build_failed=False, packages_skip_build_finished=False, packages_select_test_failures=False, packages_skip_test_passed=False, packages_select=None, packages_skip=None, packages_select_regex=None, packages_skip_regex=None, packages_start=None, packages_end=None, allow_overriding=[], cmake_args=None, cmake_target=None, cmake_target_skip_unavailable=False, cmake_clean_cache=False, cmake_clean_first=False, cmake_force_configure=False, ament_cmake_args=None, catkin_cmake_args=None, catkin_skip_building_tests=False, mixin_files=None, mixin=None, verb_parser=<colcon_mixin.mixin.mixin_argument.MixinArgumentDecorator object at 0x7a8fa84ecf50>, verb_extension=<colcon_core.verb.build.BuildVerb object at 0x7a8fa8419760>, main=<bound method BuildVerb.main of <colcon_core.verb.build.BuildVerb object at 0x7a8fa8419760>>, mixin_verb=('build',))
[0.105s] Level 1:colcon.colcon_core.package_discovery:discover_packages(colcon_meta) check parameters
[0.105s] Level 1:colcon.colcon_core.package_discovery:discover_packages(recursive) check parameters
[0.105s] Level 1:colcon.colcon_core.package_discovery:discover_packages(ignore) check parameters
[0.105s] Level 1:colcon.colcon_core.package_discovery:discover_packages(path) check parameters
[0.105s] Level 1:colcon.colcon_core.package_discovery:discover_packages(colcon_meta) discover
[0.105s] Level 1:colcon.colcon_core.package_discovery:discover_packages(recursive) discover
[0.105s] INFO:colcon.colcon_core.package_discovery:Crawling recursively for packages in '/home/daniel-choate/paml_ros2'
[0.106s] Level 1:colcon.colcon_core.package_identification:_identify(.) by extensions ['ignore', 'ignore_ament_install']
[0.106s] Level 1:colcon.colcon_core.package_identification:_identify(.) by extension 'ignore'
[0.106s] Level 1:colcon.colcon_core.package_identification:_identify(.) by extension 'ignore_ament_install'
[0.106s] Level 1:colcon.colcon_core.package_identification:_identify(.) by extensions ['colcon_pkg']
[0.106s] Level 1:colcon.colcon_core.package_identification:_identify(.) by extension 'colcon_pkg'
[0.106s] Level 1:colcon.colcon_core.package_identification:_identify(.) by extensions ['colcon_meta']
[0.106s] Level 1:colcon.colcon_core.package_identification:_identify(.) by extension 'colcon_meta'
[0.106s] Level 1:colcon.colcon_core.package_identification:_identify(.) by extensions ['ros']
[0.106s] Level 1:colcon.colcon_core.package_identification:_identify(.) by extension 'ros'
[0.123s] Level 1:colcon.colcon_core.package_identification:_identify(.) by extensions ['cmake', 'python']
[0.123s] Level 1:colcon.colcon_core.package_identification:_identify(.) by extension 'cmake'
[0.123s] Level 1:colcon.colcon_core.package_identification:_identify(.) by extension 'python'
[0.123s] Level 1:colcon.colcon_core.package_identification:_identify(.) by extensions ['python_setup_py']
[0.123s] Level 1:colcon.colcon_core.package_identification:_identify(.) by extension 'python_setup_py'
[0.124s] Level 1:colcon.colcon_core.package_identification:_identify(build) by extensions ['ignore', 'ignore_ament_install']
[0.124s] Level 1:colcon.colcon_core.package_identification:_identify(build) by extension 'ignore'
[0.124s] Level 1:colcon.colcon_core.package_identification:_identify(build) ignored
[0.124s] Level 1:colcon.colcon_core.package_identification:_identify(data) by extensions ['ignore', 'ignore_ament_install']
[0.124s] Level 1:colcon.colcon_core.package_identification:_identify(data) by extension 'ignore'
[0.124s] Level 1:colcon.colcon_core.package_identification:_identify(data) by extension 'ignore_ament_install'
[0.124s] Level 1:colcon.colcon_core.package_identification:_identify(data) by extensions ['colcon_pkg']
[0.124s] Level 1:colcon.colcon_core.package_identification:_identify(data) by extension 'colcon_pkg'
[0.124s] Level 1:colcon.colcon_core.package_identification:_identify(data) by extensions ['colcon_meta']
[0.124s] Level 1:colcon.colcon_core.package_identification:_identify(data) by extension 'colcon_meta'
[0.124s] Level 1:colcon.colcon_core.package_identification:_identify(data) by extensions ['ros']
[0.124s] Level 1:colcon.colcon_core.package_identification:_identify(data) by extension 'ros'
[0.124s] Level 1:colcon.colcon_core.package_identification:_identify(data) by extensions ['cmake', 'python']
[0.124s] Level 1:colcon.colcon_core.package_identification:_identify(data) by extension 'cmake'
[0.124s] Level 1:colcon.colcon_core.package_identification:_identify(data) by extension 'python'
[0.124s] Level 1:colcon.colcon_core.package_identification:_identify(data) by extensions ['python_setup_py']
[0.124s] Level 1:colcon.colcon_core.package_identification:_identify(data) by extension 'python_setup_py'
[0.124s] Level 1:colcon.colcon_core.package_identification:_identify(install) by extensions ['ignore', 'ignore_ament_install']
[0.124s] Level 1:colcon.colcon_core.package_identification:_identify(install) by extension 'ignore'
[0.124s] Level 1:colcon.colcon_core.package_identification:_identify(install) ignored
[0.124s] Level 1:colcon.colcon_core.package_identification:_identify(log) by extensions ['ignore', 'ignore_ament_install']
[0.124s] Level 1:colcon.colcon_core.package_identification:_identify(log) by extension 'ignore'
[0.124s] Level 1:colcon.colcon_core.package_identification:_identify(log) ignored
[0.124s] Level 1:colcon.colcon_core.package_identification:_identify(msc) by extensions ['ignore', 'ignore_ament_install']
[0.124s] Level 1:colcon.colcon_core.package_identification:_identify(msc) by extension 'ignore'
[0.124s] Level 1:colcon.colcon_core.package_identification:_identify(msc) by extension 'ignore_ament_install'
[0.124s] Level 1:colcon.colcon_core.package_identification:_identify(msc) by extensions ['colcon_pkg']
[0.124s] Level 1:colcon.colcon_core.package_identification:_identify(msc) by extension 'colcon_pkg'
[0.125s] Level 1:colcon.colcon_core.package_identification:_identify(msc) by extensions ['colcon_meta']
[0.125s] Level 1:colcon.colcon_core.package_identification:_identify(msc) by extension 'colcon_meta'
[0.125s] Level 1:colcon.colcon_core.package_identification:_identify(msc) by extensions ['ros']
[0.125s] Level 1:colcon.colcon_core.package_identification:_identify(msc) by extension 'ros'
[0.125s] Level 1:colcon.colcon_core.package_identification:_identify(msc) by extensions ['cmake', 'python']
[0.125s] Level 1:colcon.colcon_core.package_identification:_identify(msc) by extension 'cmake'
[0.125s] Level 1:colcon.colcon_core.package_identification:_identify(msc) by extension 'python'
[0.125s] Level 1:colcon.colcon_core.package_identification:_identify(msc) by extensions ['python_setup_py']
[0.125s] Level 1:colcon.colcon_core.package_identification:_identify(msc) by extension 'python_setup_py'
[0.125s] Level 1:colcon.colcon_core.package_identification:_identify(src) by extensions ['ignore', 'ignore_ament_install']
[0.125s] Level 1:colcon.colcon_core.package_identification:_identify(src) by extension 'ignore'
[0.125s] Level 1:colcon.colcon_core.package_identification:_identify(src) by extension 'ignore_ament_install'
[0.125s] Level 1:colcon.colcon_core.package_identification:_identify(src) by extensions ['colcon_pkg']
[0.125s] Level 1:colcon.colcon_core.package_identification:_identify(src) by extension 'colcon_pkg'
[0.125s] Level 1:colcon.colcon_core.package_identification:_identify(src) by extensions ['colcon_meta']
[0.125s] Level 1:colcon.colcon_core.package_identification:_identify(src) by extension 'colcon_meta'
[0.125s] Level 1:colcon.colcon_core.package_identification:_identify(src) by extensions ['ros']
[0.125s] Level 1:colcon.colcon_core.package_identification:_identify(src) by extension 'ros'
[0.125s] Level 1:colcon.colcon_core.package_identification:_identify(src) by extensions ['cmake', 'python']
[0.125s] Level 1:colcon.colcon_core.package_identification:_identify(src) by extension 'cmake'
[0.125s] Level 1:colcon.colcon_core.package_identification:_identify(src) by extension 'python'
[0.125s] Level 1:colcon.colcon_core.package_identification:_identify(src) by extensions ['python_setup_py']
[0.125s] Level 1:colcon.colcon_core.package_identification:_identify(src) by extension 'python_setup_py'
[0.125s] Level 1:colcon.colcon_core.package_identification:_identify(src/map_builder) by extensions ['ignore', 'ignore_ament_install']
[0.125s] Level 1:colcon.colcon_core.package_identification:_identify(src/map_builder) by extension 'ignore'
[0.125s] Level 1:colcon.colcon_core.package_identification:_identify(src/map_builder) by extension 'ignore_ament_install'
[0.125s] Level 1:colcon.colcon_core.package_identification:_identify(src/map_builder) by extensions ['colcon_pkg']
[0.125s] Level 1:colcon.colcon_core.package_identification:_identify(src/map_builder) by extension 'colcon_pkg'
[0.125s] Level 1:colcon.colcon_core.package_identification:_identify(src/map_builder) by extensions ['colcon_meta']
[0.125s] Level 1:colcon.colcon_core.package_identification:_identify(src/map_builder) by extension 'colcon_meta'
[0.125s] Level 1:colcon.colcon_core.package_identification:_identify(src/map_builder) by extensions ['ros']
[0.125s] Level 1:colcon.colcon_core.package_identification:_identify(src/map_builder) by extension 'ros'
[0.127s] DEBUG:colcon.colcon_core.package_identification:Package 'src/map_builder' with type 'ros.ament_python' and name 'map_builder'
[0.127s] Level 1:colcon.colcon_core.package_identification:_identify(src/mapping_executor) by extensions ['ignore', 'ignore_ament_install']
[0.127s] Level 1:colcon.colcon_core.package_identification:_identify(src/mapping_executor) by extension 'ignore'
[0.127s] Level 1:colcon.colcon_core.package_identification:_identify(src/mapping_executor) by extension 'ignore_ament_install'
[0.127s] Level 1:colcon.colcon_core.package_identification:_identify(src/mapping_executor) by extensions ['colcon_pkg']
[0.127s] Level 1:colcon.colcon_core.package_identification:_identify(src/mapping_executor) by extension 'colcon_pkg'
[0.127s] Level 1:colcon.colcon_core.package_identification:_identify(src/mapping_executor) by extensions ['colcon_meta']
[0.127s] Level 1:colcon.colcon_core.package_identification:_identify(src/mapping_executor) by extension 'colcon_meta'
[0.127s] Level 1:colcon.colcon_core.package_identification:_identify(src/mapping_executor) by extensions ['ros']
[0.127s] Level 1:colcon.colcon_core.package_identification:_identify(src/mapping_executor) by extension 'ros'
[0.128s] DEBUG:colcon.colcon_core.package_identification:Package 'src/mapping_executor' with type 'ros.ament_python' and name 'mapping_executor'
[0.128s] Level 1:colcon.colcon_core.package_identification:_identify(src/mapping_interfaces) by extensions ['ignore', 'ignore_ament_install']
[0.128s] Level 1:colcon.colcon_core.package_identification:_identify(src/mapping_interfaces) by extension 'ignore'
[0.128s] Level 1:colcon.colcon_core.package_identification:_identify(src/mapping_interfaces) by extension 'ignore_ament_install'
[0.128s] Level 1:colcon.colcon_core.package_identification:_identify(src/mapping_interfaces) by extensions ['colcon_pkg']
[0.128s] Level 1:colcon.colcon_core.package_identification:_identify(src/mapping_interfaces) by extension 'colcon_pkg'
[0.128s] Level 1:colcon.colcon_core.package_identification:_identify(src/mapping_interfaces) by extensions ['colcon_meta']
[0.128s] Level 1:colcon.colcon_core.package_identification:_identify(src/mapping_interfaces) by extension 'colcon_meta'
[0.128s] Level 1:colcon.colcon_core.package_identification:_identify(src/mapping_interfaces) by extensions ['ros']
[0.128s] Level 1:colcon.colcon_core.package_identification:_identify(src/mapping_interfaces) by extension 'ros'
[0.128s] DEBUG:colcon.colcon_core.package_identification:Package 'src/mapping_interfaces' with type 'ros.ament_cmake' and name 'mapping_interfaces'
[0.128s] Level 1:colcon.colcon_core.package_identification:_identify(src/mapping_planner) by extensions ['ignore', 'ignore_ament_install']
[0.128s] Level 1:colcon.colcon_core.package_identification:_identify(src/mapping_planner) by extension 'ignore'
[0.128s] Level 1:colcon.colcon_core.package_identification:_identify(src/mapping_planner) by extension 'ignore_ament_install'
[0.128s] Level 1:colcon.colcon_core.package_identification:_identify(src/mapping_planner) by extensions ['colcon_pkg']
[0.128s] Level 1:colcon.colcon_core.package_identification:_identify(src/mapping_planner) by extension 'colcon_pkg'
[0.128s] Level 1:colcon.colcon_core.package_identification:_identify(src/mapping_planner) by extensions ['colcon_meta']
[0.128s] Level 1:colcon.colcon_core.package_identification:_identify(src/mapping_planner) by extension 'colcon_meta'
[0.129s] Level 1:colcon.colcon_core.package_identification:_identify(src/mapping_planner) by extensions ['ros']
[0.129s] Level 1:colcon.colcon_core.package_identification:_identify(src/mapping_planner) by extension 'ros'
[0.129s] DEBUG:colcon.colcon_core.package_identification:Package 'src/mapping_planner' with type 'ros.ament_python' and name 'mapping_planner'
[0.129s] Level 1:colcon.colcon_core.package_identification:_identify(src/rgbd_capture) by extensions ['ignore', 'ignore_ament_install']
[0.129s] Level 1:colcon.colcon_core.package_identification:_identify(src/rgbd_capture) by extension 'ignore'
[0.129s] Level 1:colcon.colcon_core.package_identification:_identify(src/rgbd_capture) by extension 'ignore_ament_install'
[0.129s] Level 1:colcon.colcon_core.package_identification:_identify(src/rgbd_capture) by extensions ['colcon_pkg']
[0.129s] Level 1:colcon.colcon_core.package_identification:_identify(src/rgbd_capture) by extension 'colcon_pkg'
[0.129s] Level 1:colcon.colcon_core.package_identification:_identify(src/rgbd_capture) by extensions ['colcon_meta']
[0.129s] Level 1:colcon.colcon_core.package_identification:_identify(src/rgbd_capture) by extension 'colcon_meta'
[0.129s] Level 1:colcon.colcon_core.package_identification:_identify(src/rgbd_capture) by extensions ['ros']
[0.129s] Level 1:colcon.colcon_core.package_identification:_identify(src/rgbd_capture) by extension 'ros'
[0.130s] DEBUG:colcon.colcon_core.package_identification:Package 'src/rgbd_capture' with type 'ros.ament_python' and name 'rgbd_capture'
[0.130s] Level 1:colcon.colcon_core.package_identification:_identify(src/ur3_demo) by extensions ['ignore', 'ignore_ament_install']
[0.130s] Level 1:colcon.colcon_core.package_identification:_identify(src/ur3_demo) by extension 'ignore'
[0.130s] Level 1:colcon.colcon_core.package_identification:_identify(src/ur3_demo) by extension 'ignore_ament_install'
[0.130s] Level 1:colcon.colcon_core.package_identification:_identify(src/ur3_demo) by extensions ['colcon_pkg']
[0.130s] Level 1:colcon.colcon_core.package_identification:_identify(src/ur3_demo) by extension 'colcon_pkg'
[0.130s] Level 1:colcon.colcon_core.package_identification:_identify(src/ur3_demo) by extensions ['colcon_meta']
[0.130s] Level 1:colcon.colcon_core.package_identification:_identify(src/ur3_demo) by extension 'colcon_meta'
[0.130s] Level 1:colcon.colcon_core.package_identification:_identify(src/ur3_demo) by extensions ['ros']
[0.130s] Level 1:colcon.colcon_core.package_identification:_identify(src/ur3_demo) by extension 'ros'
[0.130s] DEBUG:colcon.colcon_core.package_identification:Package 'src/ur3_demo' with type 'ros.ament_cmake' and name 'ur3_demo'
[0.130s] Level 1:colcon.colcon_core.package_identification:_identify(src/ur3_movement) by extensions ['ignore', 'ignore_ament_install']
[0.130s] Level 1:colcon.colcon_core.package_identification:_identify(src/ur3_movement) by extension 'ignore'
[0.130s] Level 1:colcon.colcon_core.package_identification:_identify(src/ur3_movement) by extension 'ignore_ament_install'
[0.130s] Level 1:colcon.colcon_core.package_identification:_identify(src/ur3_movement) by extensions ['colcon_pkg']
[0.130s] Level 1:colcon.colcon_core.package_identification:_identify(src/ur3_movement) by extension 'colcon_pkg'
[0.130s] Level 1:colcon.colcon_core.package_identification:_identify(src/ur3_movement) by extensions ['colcon_meta']
[0.130s] Level 1:colcon.colcon_core.package_identification:_identify(src/ur3_movement) by extension 'colcon_meta'
[0.130s] Level 1:colcon.colcon_core.package_identification:_identify(src/ur3_movement) by extensions ['ros']
[0.130s] Level 1:colcon.colcon_core.package_identification:_identify(src/ur3_movement) by extension 'ros'
[0.131s] DEBUG:colcon.colcon_core.package_identification:Package 'src/ur3_movement' with type 'ros.ament_python' and name 'ur3_movement'
[0.131s] Level 1:colcon.colcon_core.package_discovery:discover_packages(recursive) using defaults
[0.131s] Level 1:colcon.colcon_core.package_discovery:discover_packages(ignore) discover
[0.131s] Level 1:colcon.colcon_core.package_discovery:discover_packages(ignore) using defaults
[0.131s] Level 1:colcon.colcon_core.package_discovery:discover_packages(path) discover
[0.131s] Level 1:colcon.colcon_core.package_discovery:discover_packages(path) using defaults
[0.144s] Level 1:colcon.colcon_core.package_discovery:discover_packages(prefix_path) check parameters
[0.144s] Level 1:colcon.colcon_core.package_discovery:discover_packages(prefix_path) discover
[0.146s] DEBUG:colcon.colcon_installed_package_information.package_discovery:Found 457 installed packages in /opt/ros/kilted
[0.146s] Level 1:colcon.colcon_core.package_discovery:discover_packages(prefix_path) using defaults
[0.182s] Level 5:colcon.colcon_core.verb:set package 'map_builder' build argument 'cmake_args' from command line to 'None'
[0.182s] Level 5:colcon.colcon_core.verb:set package 'map_builder' build argument 'cmake_target' from command line to 'None'
[0.182s] Level 5:colcon.colcon_core.verb:set package 'map_builder' build argument 'cmake_target_skip_unavailable' from command line to 'False'
[0.182s] Level 5:colcon.colcon_core.verb:set package 'map_builder' build argument 'cmake_clean_cache' from command line to 'False'
[0.182s] Level 5:colcon.colcon_core.verb:set package 'map_builder' build argument 'cmake_clean_first' from command line to 'False'
[0.182s] Level 5:colcon.colcon_core.verb:set package 'map_builder' build argument 'cmake_force_configure' from command line to 'False'
[0.182s] Level 5:colcon.colcon_core.verb:set package 'map_builder' build argument 'ament_cmake_args' from command line to 'None'
[0.182s] Level 5:colcon.colcon_core.verb:set package 'map_builder' build argument 'catkin_cmake_args' from command line to 'None'
[0.182s] Level 5:colcon.colcon_core.verb:set package 'map_builder' build argument 'catkin_skip_building_tests' from command line to 'False'
[0.182s] DEBUG:colcon.colcon_core.verb:Building package 'map_builder' with the following arguments: {'ament_cmake_args': None, 'build_base': '/home/daniel-choate/paml_ros2/build/map_builder', 'catkin_cmake_args': None, 'catkin_skip_building_tests': False, 'cmake_args': None, 'cmake_clean_cache': False, 'cmake_clean_first': False, 'cmake_force_configure': False, 'cmake_target': None, 'cmake_target_skip_unavailable': False, 'install_base': '/home/daniel-choate/paml_ros2/install/map_builder', 'merge_install': False, 'path': '/home/daniel-choate/paml_ros2/src/map_builder', 'symlink_install': False, 'test_result_base': None}
[0.182s] Level 5:colcon.colcon_core.verb:set package 'mapping_interfaces' build argument 'cmake_args' from command line to 'None'
[0.182s] Level 5:colcon.colcon_core.verb:set package 'mapping_interfaces' build argument 'cmake_target' from command line to 'None'
[0.182s] Level 5:colcon.colcon_core.verb:set package 'mapping_interfaces' build argument 'cmake_target_skip_unavailable' from command line to 'False'
[0.182s] Level 5:colcon.colcon_core.verb:set package 'mapping_interfaces' build argument 'cmake_clean_cache' from command line to 'False'
[0.182s] Level 5:colcon.colcon_core.verb:set package 'mapping_interfaces' build argument 'cmake_clean_first' from command line to 'False'
[0.182s] Level 5:colcon.colcon_core.verb:set package 'mapping_interfaces' build argument 'cmake_force_configure' from command line to 'False'
[0.182s] Level 5:colcon.colcon_core.verb:set package 'mapping_interfaces' build argument 'ament_cmake_args' from command line to 'None'
[0.182s] Level 5:colcon.colcon_core.verb:set package 'mapping_interfaces' build argument 'catkin_cmake_args' from command line to 'None'
[0.182s] Level 5:colcon.colcon_core.verb:set package 'mapping_interfaces' build argument 'catkin_skip_building_tests' from command line to 'False'
[0.182s] DEBUG:colcon.colcon_core.verb:Building package 'mapping_interfaces' with the following arguments: {'ament_cmake_args': None, 'build_base': '/home/daniel-choate/paml_ros2/build/mapping_interfaces', 'catkin_cmake_args': None, 'catkin_skip_building_tests': False, 'cmake_args': None, 'cmake_clean_cache': False, 'cmake_clean_first': False, 'cmake_force_configure': False, 'cmake_target': None, 'cmake_target_skip_unavailable': False, 'install_base': '/home/daniel-choate/paml_ros2/install/mapping_interfaces', 'merge_install': False, 'path': '/home/daniel-choate/paml_ros2/src/mapping_interfaces', 'symlink_install': False, 'test_result_base': None}
[0.183s] Level 5:colcon.colcon_core.verb:set package 'rgbd_capture' build argument 'cmake_args' from command line to 'None'
[0.183s] Level 5:colcon.colcon_core.verb:set package 'rgbd_capture' build argument 'cmake_target' from command line to 'None'
[0.183s] Level 5:colcon.colcon_core.verb:set package 'rgbd_capture' build argument 'cmake_target_skip_unavailable' from command line to 'False'
[0.183s] Level 5:colcon.colcon_core.verb:set package 'rgbd_capture' build argument 'cmake_clean_cache' from command line to 'False'
[0.183s] Level 5:colcon.colcon_core.verb:set package 'rgbd_capture' build argument 'cmake_clean_first' from command line to 'False'
[0.183s] Level 5:colcon.colcon_core.verb:set package 'rgbd_capture' build argument 'cmake_force_configure' from command line to 'False'
[0.183s] Level 5:colcon.colcon_core.verb:set package 'rgbd_capture' build argument 'ament_cmake_args' from command line to 'None'
[0.183s] Level 5:colcon.colcon_core.verb:set package 'rgbd_capture' build argument 'catkin_cmake_args' from command line to 'None'
[0.183s] Level 5:colcon.colcon_core.verb:set package 'rgbd_capture' build argument 'catkin_skip_building_tests' from command line to 'False'
[0.183s] DEBUG:colcon.colcon_core.verb:Building package 'rgbd_capture' with the following arguments: {'ament_cmake_args': None, 'build_base': '/home/daniel-choate/paml_ros2/build/rgbd_capture', 'catkin_cmake_args': None, 'catkin_skip_building_tests': False, 'cmake_args': None, 'cmake_clean_cache': False, 'cmake_clean_first': False, 'cmake_force_configure': False, 'cmake_target': None, 'cmake_target_skip_unavailable': False, 'install_base': '/home/daniel-choate/paml_ros2/install/rgbd_capture', 'merge_install': False, 'path': '/home/daniel-choate/paml_ros2/src/rgbd_capture', 'symlink_install': False, 'test_result_base': None}
[0.183s] Level 5:colcon.colcon_core.verb:set package 'ur3_demo' build argument 'cmake_args' from command line to 'None'
[0.183s] Level 5:colcon.colcon_core.verb:set package 'ur3_demo' build argument 'cmake_target' from command line to 'None'
[0.183s] Level 5:colcon.colcon_core.verb:set package 'ur3_demo' build argument 'cmake_target_skip_unavailable' from command line to 'False'
[0.183s] Level 5:colcon.colcon_core.verb:set package 'ur3_demo' build argument 'cmake_clean_cache' from command line to 'False'
[0.183s] Level 5:colcon.colcon_core.verb:set package 'ur3_demo' build argument 'cmake_clean_first' from command line to 'False'
[0.183s] Level 5:colcon.colcon_core.verb:set package 'ur3_demo' build argument 'cmake_force_configure' from command line to 'False'
[0.183s] Level 5:colcon.colcon_core.verb:set package 'ur3_demo' build argument 'ament_cmake_args' from command line to 'None'
[0.183s] Level 5:colcon.colcon_core.verb:set package 'ur3_demo' build argument 'catkin_cmake_args' from command line to 'None'
[0.183s] Level 5:colcon.colcon_core.verb:set package 'ur3_demo' build argument 'catkin_skip_building_tests' from command line to 'False'
[0.183s] DEBUG:colcon.colcon_core.verb:Building package 'ur3_demo' with the following arguments: {'ament_cmake_args': None, 'build_base': '/home/daniel-choate/paml_ros2/build/ur3_demo', 'catkin_cmake_args': None, 'catkin_skip_building_tests': False, 'cmake_args': None, 'cmake_clean_cache': False, 'cmake_clean_first': False, 'cmake_force_configure': False, 'cmake_target': None, 'cmake_target_skip_unavailable': False, 'install_base': '/home/daniel-choate/paml_ros2/install/ur3_demo', 'merge_install': False, 'path': '/home/daniel-choate/paml_ros2/src/ur3_demo', 'symlink_install': False, 'test_result_base': None}
[0.183s] Level 5:colcon.colcon_core.verb:set package 'ur3_movement' build argument 'cmake_args' from command line to 'None'
[0.183s] Level 5:colcon.colcon_core.verb:set package 'ur3_movement' build argument 'cmake_target' from command line to 'None'
[0.183s] Level 5:colcon.colcon_core.verb:set package 'ur3_movement' build argument 'cmake_target_skip_unavailable' from command line to 'False'
[0.183s] Level 5:colcon.colcon_core.verb:set package 'ur3_movement' build argument 'cmake_clean_cache' from command line to 'False'
[0.183s] Level 5:colcon.colcon_core.verb:set package 'ur3_movement' build argument 'cmake_clean_first' from command line to 'False'
[0.183s] Level 5:colcon.colcon_core.verb:set package 'ur3_movement' build argument 'cmake_force_configure' from command line to 'False'
[0.183s] Level 5:colcon.colcon_core.verb:set package 'ur3_movement' build argument 'ament_cmake_args' from command line to 'None'
[0.183s] Level 5:colcon.colcon_core.verb:set package 'ur3_movement' build argument 'catkin_cmake_args' from command line to 'None'
[0.183s] Level 5:colcon.colcon_core.verb:set package 'ur3_movement' build argument 'catkin_skip_building_tests' from command line to 'False'
[0.183s] DEBUG:colcon.colcon_core.verb:Building package 'ur3_movement' with the following arguments: {'ament_cmake_args': None, 'build_base': '/home/daniel-choate/paml_ros2/build/ur3_movement', 'catkin_cmake_args': None, 'catkin_skip_building_tests': False, 'cmake_args': None, 'cmake_clean_cache': False, 'cmake_clean_first': False, 'cmake_force_configure': False, 'cmake_target': None, 'cmake_target_skip_unavailable': False, 'install_base': '/home/daniel-choate/paml_ros2/install/ur3_movement', 'merge_install': False, 'path': '/home/daniel-choate/paml_ros2/src/ur3_movement', 'symlink_install': False, 'test_result_base': None}
[0.183s] Level 5:colcon.colcon_core.verb:set package 'mapping_executor' build argument 'cmake_args' from command line to 'None'
[0.183s] Level 5:colcon.colcon_core.verb:set package 'mapping_executor' build argument 'cmake_target' from command line to 'None'
[0.183s] Level 5:colcon.colcon_core.verb:set package 'mapping_executor' build argument 'cmake_target_skip_unavailable' from command line to 'False'
[0.183s] Level 5:colcon.colcon_core.verb:set package 'mapping_executor' build argument 'cmake_clean_cache' from command line to 'False'
[0.183s] Level 5:colcon.colcon_core.verb:set package 'mapping_executor' build argument 'cmake_clean_first' from command line to 'False'
[0.183s] Level 5:colcon.colcon_core.verb:set package 'mapping_executor' build argument 'cmake_force_configure' from command line to 'False'
[0.183s] Level 5:colcon.colcon_core.verb:set package 'mapping_executor' build argument 'ament_cmake_args' from command line to 'None'
[0.183s] Level 5:colcon.colcon_core.verb:set package 'mapping_executor' build argument 'catkin_cmake_args' from command line to 'None'
[0.183s] Level 5:colcon.colcon_core.verb:set package 'mapping_executor' build argument 'catkin_skip_building_tests' from command line to 'False'
[0.183s] DEBUG:colcon.colcon_core.verb:Building package 'mapping_executor' with the following arguments: {'ament_cmake_args': None, 'build_base': '/home/daniel-choate/paml_ros2/build/mapping_executor', 'catkin_cmake_args': None, 'catkin_skip_building_tests': False, 'cmake_args': None, 'cmake_clean_cache': False, 'cmake_clean_first': False, 'cmake_force_configure': False, 'cmake_target': None, 'cmake_target_skip_unavailable': False, 'install_base': '/home/daniel-choate/paml_ros2/install/mapping_executor', 'merge_install': False, 'path': '/home/daniel-choate/paml_ros2/src/mapping_executor', 'symlink_install': False, 'test_result_base': None}
[0.183s] Level 5:colcon.colcon_core.verb:set package 'mapping_planner' build argument 'cmake_args' from command line to 'None'
[0.183s] Level 5:colcon.colcon_core.verb:set package 'mapping_planner' build argument 'cmake_target' from command line to 'None'
[0.184s] Level 5:colcon.colcon_core.verb:set package 'mapping_planner' build argument 'cmake_target_skip_unavailable' from command line to 'False'
[0.184s] Level 5:colcon.colcon_core.verb:set package 'mapping_planner' build argument 'cmake_clean_cache' from command line to 'False'
[0.184s] Level 5:colcon.colcon_core.verb:set package 'mapping_planner' build argument 'cmake_clean_first' from command line to 'False'
[0.184s] Level 5:colcon.colcon_core.verb:set package 'mapping_planner' build argument 'cmake_force_configure' from command line to 'False'
[0.184s] Level 5:colcon.colcon_core.verb:set package 'mapping_planner' build argument 'ament_cmake_args' from command line to 'None'
[0.184s] Level 5:colcon.colcon_core.verb:set package 'mapping_planner' build argument 'catkin_cmake_args' from command line to 'None'
[0.184s] Level 5:colcon.colcon_core.verb:set package 'mapping_planner' build argument 'catkin_skip_building_tests' from command line to 'False'
[0.184s] DEBUG:colcon.colcon_core.verb:Building package 'mapping_planner' with the following arguments: {'ament_cmake_args': None, 'build_base': '/home/daniel-choate/paml_ros2/build/mapping_planner', 'catkin_cmake_args': None, 'catkin_skip_building_tests': False, 'cmake_args': None, 'cmake_clean_cache': False, 'cmake_clean_first': False, 'cmake_force_configure': False, 'cmake_target': None, 'cmake_target_skip_unavailable': False, 'install_base': '/home/daniel-choate/paml_ros2/install/mapping_planner', 'merge_install': False, 'path': '/home/daniel-choate/paml_ros2/src/mapping_planner', 'symlink_install': False, 'test_result_base': None}
[0.184s] INFO:colcon.colcon_core.executor:Executing jobs using 'parallel' executor
[0.185s] DEBUG:colcon.colcon_parallel_executor.executor.parallel:run_until_complete
[0.185s] INFO:colcon.colcon_ros.task.ament_cmake.build:Building ROS package in '/home/daniel-choate/paml_ros2/src/mapping_interfaces' with build type 'ament_cmake'
[0.185s] INFO:colcon.colcon_cmake.task.cmake.build:Building CMake package in '/home/daniel-choate/paml_ros2/src/mapping_interfaces'
[0.186s] INFO:colcon.colcon_core.plugin_system:Skipping extension 'colcon_core.shell.bat': Not used on non-Windows systems
[0.186s] INFO:colcon.colcon_core.shell:Skip shell extension 'powershell' for command environment: Not usable outside of PowerShell
[0.186s] DEBUG:colcon.colcon_core.shell:Skip shell extension 'dsv' for command environment
[0.189s] INFO:colcon.colcon_ros.task.ament_python.build:Building ROS package in '/home/daniel-choate/paml_ros2/src/map_builder' with build type 'ament_python'
[0.189s] Level 1:colcon.colcon_core.shell:create_environment_hook('map_builder', 'ament_prefix_path')
[0.189s] INFO:colcon.colcon_core.shell:Creating environment hook '/home/daniel-choate/paml_ros2/install/map_builder/share/map_builder/hook/ament_prefix_path.ps1'
[0.190s] INFO:colcon.colcon_core.shell:Creating environment descriptor '/home/daniel-choate/paml_ros2/install/map_builder/share/map_builder/hook/ament_prefix_path.dsv'
[0.190s] INFO:colcon.colcon_core.shell:Creating environment hook '/home/daniel-choate/paml_ros2/install/map_builder/share/map_builder/hook/ament_prefix_path.sh'
[0.190s] INFO:colcon.colcon_core.shell:Skip shell extension 'powershell' for command environment: Not usable outside of PowerShell
[0.190s] DEBUG:colcon.colcon_core.shell:Skip shell extension 'dsv' for command environment
[0.192s] INFO:colcon.colcon_ros.task.ament_python.build:Building ROS package in '/home/daniel-choate/paml_ros2/src/rgbd_capture' with build type 'ament_python'
[0.192s] Level 1:colcon.colcon_core.shell:create_environment_hook('rgbd_capture', 'ament_prefix_path')
[0.192s] INFO:colcon.colcon_core.shell:Creating environment hook '/home/daniel-choate/paml_ros2/install/rgbd_capture/share/rgbd_capture/hook/ament_prefix_path.ps1'
[0.193s] INFO:colcon.colcon_core.shell:Creating environment descriptor '/home/daniel-choate/paml_ros2/install/rgbd_capture/share/rgbd_capture/hook/ament_prefix_path.dsv'
[0.193s] INFO:colcon.colcon_core.shell:Creating environment hook '/home/daniel-choate/paml_ros2/install/rgbd_capture/share/rgbd_capture/hook/ament_prefix_path.sh'
[0.193s] INFO:colcon.colcon_core.shell:Skip shell extension 'powershell' for command environment: Not usable outside of PowerShell
[0.193s] DEBUG:colcon.colcon_core.shell:Skip shell extension 'dsv' for command environment
[0.195s] INFO:colcon.colcon_ros.task.ament_cmake.build:Building ROS package in '/home/daniel-choate/paml_ros2/src/ur3_demo' with build type 'ament_cmake'
[0.195s] INFO:colcon.colcon_cmake.task.cmake.build:Building CMake package in '/home/daniel-choate/paml_ros2/src/ur3_demo'
[0.195s] INFO:colcon.colcon_core.shell:Skip shell extension 'powershell' for command environment: Not usable outside of PowerShell
[0.195s] DEBUG:colcon.colcon_core.shell:Skip shell extension 'dsv' for command environment
[0.197s] INFO:colcon.colcon_ros.task.ament_python.build:Building ROS package in '/home/daniel-choate/paml_ros2/src/ur3_movement' with build type 'ament_python'
[0.197s] Level 1:colcon.colcon_core.shell:create_environment_hook('ur3_movement', 'ament_prefix_path')
[0.198s] INFO:colcon.colcon_core.shell:Creating environment hook '/home/daniel-choate/paml_ros2/install/ur3_movement/share/ur3_movement/hook/ament_prefix_path.ps1'
[0.198s] INFO:colcon.colcon_core.shell:Creating environment descriptor '/home/daniel-choate/paml_ros2/install/ur3_movement/share/ur3_movement/hook/ament_prefix_path.dsv'
[0.198s] INFO:colcon.colcon_core.shell:Creating environment hook '/home/daniel-choate/paml_ros2/install/ur3_movement/share/ur3_movement/hook/ament_prefix_path.sh'
[0.198s] INFO:colcon.colcon_core.shell:Skip shell extension 'powershell' for command environment: Not usable outside of PowerShell
[0.198s] DEBUG:colcon.colcon_core.shell:Skip shell extension 'dsv' for command environment
[0.203s] DEBUG:colcon.colcon_core.event_handler.log_command:Invoking command in '/home/daniel-choate/paml_ros2/build/mapping_interfaces': CMAKE_PREFIX_PATH=${CMAKE_PREFIX_PATH}:/opt/ros/kilted DEBUGINFOD_URLS=https://debuginfod.ubuntu.com /usr/bin/cmake --build /home/daniel-choate/paml_ros2/build/mapping_interfaces -- -j20 -l20
[0.375s] INFO:colcon.colcon_core.task.python.build:Building Python package in '/home/daniel-choate/paml_ros2/src/map_builder'
[0.375s] INFO:colcon.colcon_core.shell:Skip shell extension 'powershell' for command environment: Not usable outside of PowerShell
[0.375s] DEBUG:colcon.colcon_core.shell:Skip shell extension 'dsv' for command environment
[0.539s] INFO:colcon.colcon_core.task.python.build:Building Python package in '/home/daniel-choate/paml_ros2/src/rgbd_capture'
[0.539s] INFO:colcon.colcon_core.shell:Skip shell extension 'powershell' for command environment: Not usable outside of PowerShell
[0.539s] DEBUG:colcon.colcon_core.shell:Skip shell extension 'dsv' for command environment
[0.543s] DEBUG:colcon.colcon_core.event_handler.log_command:Invoking command in '/home/daniel-choate/paml_ros2/build/ur3_demo': CMAKE_PREFIX_PATH=${CMAKE_PREFIX_PATH}:/opt/ros/kilted DEBUGINFOD_URLS=https://debuginfod.ubuntu.com /usr/bin/cmake --build /home/daniel-choate/paml_ros2/build/ur3_demo -- -j20 -l20
[0.546s] DEBUG:colcon.colcon_core.event_handler.log_command:Invoked command in '/home/daniel-choate/paml_ros2/build/mapping_interfaces' returned '0': CMAKE_PREFIX_PATH=${CMAKE_PREFIX_PATH}:/opt/ros/kilted DEBUGINFOD_URLS=https://debuginfod.ubuntu.com /usr/bin/cmake --build /home/daniel-choate/paml_ros2/build/mapping_interfaces -- -j20 -l20
[0.554s] DEBUG:colcon.colcon_core.event_handler.log_command:Invoking command in '/home/daniel-choate/paml_ros2/build/mapping_interfaces': CMAKE_PREFIX_PATH=${CMAKE_PREFIX_PATH}:/opt/ros/kilted DEBUGINFOD_URLS=https://debuginfod.ubuntu.com /usr/bin/cmake --install /home/daniel-choate/paml_ros2/build/mapping_interfaces
[0.717s] INFO:colcon.colcon_core.task.python.build:Building Python package in '/home/daniel-choate/paml_ros2/src/ur3_movement'
[0.717s] INFO:colcon.colcon_core.shell:Skip shell extension 'powershell' for command environment: Not usable outside of PowerShell
[0.717s] DEBUG:colcon.colcon_core.shell:Skip shell extension 'dsv' for command environment
[0.732s] DEBUG:colcon.colcon_core.event_handler.log_command:Invoked command in '/home/daniel-choate/paml_ros2/build/ur3_demo' returned '0': CMAKE_PREFIX_PATH=${CMAKE_PREFIX_PATH}:/opt/ros/kilted DEBUGINFOD_URLS=https://debuginfod.ubuntu.com /usr/bin/cmake --build /home/daniel-choate/paml_ros2/build/ur3_demo -- -j20 -l20
[0.732s] DEBUG:colcon.colcon_core.event_handler.log_command:Invoking command in '/home/daniel-choate/paml_ros2/build/ur3_demo': CMAKE_PREFIX_PATH=${CMAKE_PREFIX_PATH}:/opt/ros/kilted DEBUGINFOD_URLS=https://debuginfod.ubuntu.com /usr/bin/cmake --install /home/daniel-choate/paml_ros2/build/ur3_demo
[0.732s] Level 1:colcon.colcon_core.environment:create_environment_scripts_only(mapping_interfaces)
[0.733s] DEBUG:colcon.colcon_core.event_handler.log_command:Invoked command in '/home/daniel-choate/paml_ros2/build/mapping_interfaces' returned '0': CMAKE_PREFIX_PATH=${CMAKE_PREFIX_PATH}:/opt/ros/kilted DEBUGINFOD_URLS=https://debuginfod.ubuntu.com /usr/bin/cmake --install /home/daniel-choate/paml_ros2/build/mapping_interfaces
[0.735s] Level 1:colcon.colcon_core.environment:checking '/home/daniel-choate/paml_ros2/install/mapping_interfaces' for CMake module files
[0.736s] Level 1:colcon.colcon_core.environment:checking '/home/daniel-choate/paml_ros2/install/mapping_interfaces' for CMake config files
[0.736s] Level 1:colcon.colcon_core.shell:create_environment_hook('mapping_interfaces', 'cmake_prefix_path')
[0.736s] INFO:colcon.colcon_core.shell:Creating environment hook '/home/daniel-choate/paml_ros2/install/mapping_interfaces/share/mapping_interfaces/hook/cmake_prefix_path.ps1'
[0.736s] INFO:colcon.colcon_core.shell:Creating environment descriptor '/home/daniel-choate/paml_ros2/install/mapping_interfaces/share/mapping_interfaces/hook/cmake_prefix_path.dsv'
[0.737s] INFO:colcon.colcon_core.shell:Creating environment hook '/home/daniel-choate/paml_ros2/install/mapping_interfaces/share/mapping_interfaces/hook/cmake_prefix_path.sh'
[0.737s] Level 1:colcon.colcon_core.environment:checking '/home/daniel-choate/paml_ros2/install/mapping_interfaces/lib'
[0.737s] Level 1:colcon.colcon_core.shell:create_environment_hook('mapping_interfaces', 'ld_library_path_lib')
[0.737s] INFO:colcon.colcon_core.shell:Creating environment hook '/home/daniel-choate/paml_ros2/install/mapping_interfaces/share/mapping_interfaces/hook/ld_library_path_lib.ps1'
[0.738s] INFO:colcon.colcon_core.shell:Creating environment descriptor '/home/daniel-choate/paml_ros2/install/mapping_interfaces/share/mapping_interfaces/hook/ld_library_path_lib.dsv'
[0.738s] INFO:colcon.colcon_core.shell:Creating environment hook '/home/daniel-choate/paml_ros2/install/mapping_interfaces/share/mapping_interfaces/hook/ld_library_path_lib.sh'
[0.738s] Level 1:colcon.colcon_core.environment:checking '/home/daniel-choate/paml_ros2/install/mapping_interfaces/bin'
[0.738s] Level 1:colcon.colcon_core.environment:checking '/home/daniel-choate/paml_ros2/install/mapping_interfaces/lib/pkgconfig/mapping_interfaces.pc'
[0.738s] Level 1:colcon.colcon_core.environment:checking '/home/daniel-choate/paml_ros2/install/mapping_interfaces/lib/python3.12/site-packages'
[0.738s] Level 1:colcon.colcon_core.shell:create_environment_hook('mapping_interfaces', 'pythonpath')
[0.738s] INFO:colcon.colcon_core.shell:Creating environment hook '/home/daniel-choate/paml_ros2/install/mapping_interfaces/share/mapping_interfaces/hook/pythonpath.ps1'
[0.739s] INFO:colcon.colcon_core.shell:Creating environment descriptor '/home/daniel-choate/paml_ros2/install/mapping_interfaces/share/mapping_interfaces/hook/pythonpath.dsv'
[0.739s] INFO:colcon.colcon_core.shell:Creating environment hook '/home/daniel-choate/paml_ros2/install/mapping_interfaces/share/mapping_interfaces/hook/pythonpath.sh'
[0.739s] Level 1:colcon.colcon_core.environment:checking '/home/daniel-choate/paml_ros2/install/mapping_interfaces/bin'
[0.739s] INFO:colcon.colcon_core.shell:Creating package script '/home/daniel-choate/paml_ros2/install/mapping_interfaces/share/mapping_interfaces/package.ps1'
[0.740s] INFO:colcon.colcon_core.shell:Creating package descriptor '/home/daniel-choate/paml_ros2/install/mapping_interfaces/share/mapping_interfaces/package.dsv'
[0.740s] INFO:colcon.colcon_core.shell:Creating package script '/home/daniel-choate/paml_ros2/install/mapping_interfaces/share/mapping_interfaces/package.sh'
[0.741s] INFO:colcon.colcon_core.shell:Creating package script '/home/daniel-choate/paml_ros2/install/mapping_interfaces/share/mapping_interfaces/package.bash'
[0.741s] INFO:colcon.colcon_core.shell:Creating package script '/home/daniel-choate/paml_ros2/install/mapping_interfaces/share/mapping_interfaces/package.zsh'
[0.742s] Level 1:colcon.colcon_core.environment:create_file_with_runtime_dependencies(/home/daniel-choate/paml_ros2/install/mapping_interfaces/share/colcon-core/packages/mapping_interfaces)
[0.742s] Level 1:colcon.colcon_core.environment:create_environment_scripts_only(mapping_interfaces)
[0.742s] Level 1:colcon.colcon_core.environment:checking '/home/daniel-choate/paml_ros2/install/mapping_interfaces' for CMake module files
[0.743s] Level 1:colcon.colcon_core.environment:checking '/home/daniel-choate/paml_ros2/install/mapping_interfaces' for CMake config files
[0.743s] Level 1:colcon.colcon_core.shell:create_environment_hook('mapping_interfaces', 'cmake_prefix_path')
[0.743s] INFO:colcon.colcon_core.shell:Creating environment hook '/home/daniel-choate/paml_ros2/install/mapping_interfaces/share/mapping_interfaces/hook/cmake_prefix_path.ps1'
[0.743s] INFO:colcon.colcon_core.shell:Creating environment descriptor '/home/daniel-choate/paml_ros2/install/mapping_interfaces/share/mapping_interfaces/hook/cmake_prefix_path.dsv'
[0.743s] INFO:colcon.colcon_core.shell:Creating environment hook '/home/daniel-choate/paml_ros2/install/mapping_interfaces/share/mapping_interfaces/hook/cmake_prefix_path.sh'
[0.744s] Level 1:colcon.colcon_core.environment:checking '/home/daniel-choate/paml_ros2/install/mapping_interfaces/lib'
[0.744s] Level 1:colcon.colcon_core.shell:create_environment_hook('mapping_interfaces', 'ld_library_path_lib')
[0.744s] INFO:colcon.colcon_core.shell:Creating environment hook '/home/daniel-choate/paml_ros2/install/mapping_interfaces/share/mapping_interfaces/hook/ld_library_path_lib.ps1'
[0.744s] INFO:colcon.colcon_core.shell:Creating environment descriptor '/home/daniel-choate/paml_ros2/install/mapping_interfaces/share/mapping_interfaces/hook/ld_library_path_lib.dsv'
[0.744s] INFO:colcon.colcon_core.shell:Creating environment hook '/home/daniel-choate/paml_ros2/install/mapping_interfaces/share/mapping_interfaces/hook/ld_library_path_lib.sh'
[0.744s] Level 1:colcon.colcon_core.environment:checking '/home/daniel-choate/paml_ros2/install/mapping_interfaces/bin'
[0.744s] Level 1:colcon.colcon_core.environment:checking '/home/daniel-choate/paml_ros2/install/mapping_interfaces/lib/pkgconfig/mapping_interfaces.pc'
[0.745s] Level 1:colcon.colcon_core.environment:checking '/home/daniel-choate/paml_ros2/install/mapping_interfaces/lib/python3.12/site-packages'
[0.745s] Level 1:colcon.colcon_core.shell:create_environment_hook('mapping_interfaces', 'pythonpath')
[0.745s] INFO:colcon.colcon_core.shell:Creating environment hook '/home/daniel-choate/paml_ros2/install/mapping_interfaces/share/mapping_interfaces/hook/pythonpath.ps1'
[0.745s] INFO:colcon.colcon_core.shell:Creating environment descriptor '/home/daniel-choate/paml_ros2/install/mapping_interfaces/share/mapping_interfaces/hook/pythonpath.dsv'
[0.745s] INFO:colcon.colcon_core.shell:Creating environment hook '/home/daniel-choate/paml_ros2/install/mapping_interfaces/share/mapping_interfaces/hook/pythonpath.sh'
[0.746s] Level 1:colcon.colcon_core.environment:checking '/home/daniel-choate/paml_ros2/install/mapping_interfaces/bin'
[0.746s] INFO:colcon.colcon_core.shell:Creating package script '/home/daniel-choate/paml_ros2/install/mapping_interfaces/share/mapping_interfaces/package.ps1'
[0.746s] INFO:colcon.colcon_core.shell:Creating package descriptor '/home/daniel-choate/paml_ros2/install/mapping_interfaces/share/mapping_interfaces/package.dsv'
[0.746s] INFO:colcon.colcon_core.shell:Creating package script '/home/daniel-choate/paml_ros2/install/mapping_interfaces/share/mapping_interfaces/package.sh'
[0.747s] INFO:colcon.colcon_core.shell:Creating package script '/home/daniel-choate/paml_ros2/install/mapping_interfaces/share/mapping_interfaces/package.bash'
[0.747s] INFO:colcon.colcon_core.shell:Creating package script '/home/daniel-choate/paml_ros2/install/mapping_interfaces/share/mapping_interfaces/package.zsh'
[0.747s] Level 1:colcon.colcon_core.environment:create_file_with_runtime_dependencies(/home/daniel-choate/paml_ros2/install/mapping_interfaces/share/colcon-core/packages/mapping_interfaces)
[0.748s] INFO:colcon.colcon_ros.task.ament_python.build:Building ROS package in '/home/daniel-choate/paml_ros2/src/mapping_executor' with build type 'ament_python'
[0.748s] Level 1:colcon.colcon_core.shell:create_environment_hook('mapping_executor', 'ament_prefix_path')
[0.748s] INFO:colcon.colcon_core.shell:Creating environment hook '/home/daniel-choate/paml_ros2/install/mapping_executor/share/mapping_executor/hook/ament_prefix_path.ps1'
[0.748s] INFO:colcon.colcon_core.shell:Creating environment descriptor '/home/daniel-choate/paml_ros2/install/mapping_executor/share/mapping_executor/hook/ament_prefix_path.dsv'
[0.750s] INFO:colcon.colcon_core.shell:Creating environment hook '/home/daniel-choate/paml_ros2/install/mapping_executor/share/mapping_executor/hook/ament_prefix_path.sh'
[0.750s] INFO:colcon.colcon_core.shell:Skip shell extension 'powershell' for command environment: Not usable outside of PowerShell
[0.750s] DEBUG:colcon.colcon_core.shell:Skip shell extension 'dsv' for command environment
[0.752s] INFO:colcon.colcon_ros.task.ament_python.build:Building ROS package in '/home/daniel-choate/paml_ros2/src/mapping_planner' with build type 'ament_python'
[0.752s] Level 1:colcon.colcon_core.shell:create_environment_hook('mapping_planner', 'ament_prefix_path')
[0.752s] INFO:colcon.colcon_core.shell:Creating environment hook '/home/daniel-choate/paml_ros2/install/mapping_planner/share/mapping_planner/hook/ament_prefix_path.ps1'
[0.753s] INFO:colcon.colcon_core.shell:Creating environment descriptor '/home/daniel-choate/paml_ros2/install/mapping_planner/share/mapping_planner/hook/ament_prefix_path.dsv'
[0.753s] INFO:colcon.colcon_core.shell:Creating environment hook '/home/daniel-choate/paml_ros2/install/mapping_planner/share/mapping_planner/hook/ament_prefix_path.sh'
[0.753s] INFO:colcon.colcon_core.shell:Skip shell extension 'powershell' for command environment: Not usable outside of PowerShell
[0.753s] DEBUG:colcon.colcon_core.shell:Skip shell extension 'dsv' for command environment
[0.755s] Level 1:colcon.colcon_core.environment:create_environment_scripts_only(ur3_demo)
[0.755s] Level 1:colcon.colcon_core.environment:checking '/home/daniel-choate/paml_ros2/install/ur3_demo' for CMake module files
[0.756s] DEBUG:colcon.colcon_core.event_handler.log_command:Invoked command in '/home/daniel-choate/paml_ros2/build/ur3_demo' returned '0': CMAKE_PREFIX_PATH=${CMAKE_PREFIX_PATH}:/opt/ros/kilted DEBUGINFOD_URLS=https://debuginfod.ubuntu.com /usr/bin/cmake --install /home/daniel-choate/paml_ros2/build/ur3_demo
[0.756s] Level 1:colcon.colcon_core.environment:checking '/home/daniel-choate/paml_ros2/install/ur3_demo' for CMake config files
[0.756s] Level 1:colcon.colcon_core.shell:create_environment_hook('ur3_demo', 'cmake_prefix_path')
[0.756s] INFO:colcon.colcon_core.shell:Creating environment hook '/home/daniel-choate/paml_ros2/install/ur3_demo/share/ur3_demo/hook/cmake_prefix_path.ps1'
[0.756s] INFO:colcon.colcon_core.shell:Creating environment descriptor '/home/daniel-choate/paml_ros2/install/ur3_demo/share/ur3_demo/hook/cmake_prefix_path.dsv'
[0.757s] INFO:colcon.colcon_core.shell:Creating environment hook '/home/daniel-choate/paml_ros2/install/ur3_demo/share/ur3_demo/hook/cmake_prefix_path.sh'
[0.757s] Level 1:colcon.colcon_core.environment:checking '/home/daniel-choate/paml_ros2/install/ur3_demo/lib'
[0.757s] Level 1:colcon.colcon_core.environment:checking '/home/daniel-choate/paml_ros2/install/ur3_demo/bin'
[0.757s] Level 1:colcon.colcon_core.environment:checking '/home/daniel-choate/paml_ros2/install/ur3_demo/lib/pkgconfig/ur3_demo.pc'
[0.757s] Level 1:colcon.colcon_core.environment:checking '/home/daniel-choate/paml_ros2/install/ur3_demo/lib/python3.12/site-packages'
[0.757s] Level 1:colcon.colcon_core.environment:checking '/home/daniel-choate/paml_ros2/install/ur3_demo/bin'
[0.758s] INFO:colcon.colcon_core.shell:Creating package script '/home/daniel-choate/paml_ros2/install/ur3_demo/share/ur3_demo/package.ps1'
[0.758s] INFO:colcon.colcon_core.shell:Creating package descriptor '/home/daniel-choate/paml_ros2/install/ur3_demo/share/ur3_demo/package.dsv'
[0.758s] INFO:colcon.colcon_core.shell:Creating package script '/home/daniel-choate/paml_ros2/install/ur3_demo/share/ur3_demo/package.sh'
[0.758s] INFO:colcon.colcon_core.shell:Creating package script '/home/daniel-choate/paml_ros2/install/ur3_demo/share/ur3_demo/package.bash'
[0.759s] INFO:colcon.colcon_core.shell:Creating package script '/home/daniel-choate/paml_ros2/install/ur3_demo/share/ur3_demo/package.zsh'
[0.759s] Level 1:colcon.colcon_core.environment:create_file_with_runtime_dependencies(/home/daniel-choate/paml_ros2/install/ur3_demo/share/colcon-core/packages/ur3_demo)
[0.759s] Level 1:colcon.colcon_core.environment:create_environment_scripts_only(ur3_demo)
[0.759s] Level 1:colcon.colcon_core.environment:checking '/home/daniel-choate/paml_ros2/install/ur3_demo' for CMake module files
[0.759s] Level 1:colcon.colcon_core.environment:checking '/home/daniel-choate/paml_ros2/install/ur3_demo' for CMake config files
[0.759s] Level 1:colcon.colcon_core.shell:create_environment_hook('ur3_demo', 'cmake_prefix_path')
[0.759s] INFO:colcon.colcon_core.shell:Creating environment hook '/home/daniel-choate/paml_ros2/install/ur3_demo/share/ur3_demo/hook/cmake_prefix_path.ps1'
[0.760s] INFO:colcon.colcon_core.shell:Creating environment descriptor '/home/daniel-choate/paml_ros2/install/ur3_demo/share/ur3_demo/hook/cmake_prefix_path.dsv'
[0.760s] INFO:colcon.colcon_core.shell:Creating environment hook '/home/daniel-choate/paml_ros2/install/ur3_demo/share/ur3_demo/hook/cmake_prefix_path.sh'
[0.760s] Level 1:colcon.colcon_core.environment:checking '/home/daniel-choate/paml_ros2/install/ur3_demo/lib'
[0.760s] Level 1:colcon.colcon_core.environment:checking '/home/daniel-choate/paml_ros2/install/ur3_demo/bin'
[0.760s] Level 1:colcon.colcon_core.environment:checking '/home/daniel-choate/paml_ros2/install/ur3_demo/lib/pkgconfig/ur3_demo.pc'
[0.760s] Level 1:colcon.colcon_core.environment:checking '/home/daniel-choate/paml_ros2/install/ur3_demo/lib/python3.12/site-packages'
[0.761s] Level 1:colcon.colcon_core.environment:checking '/home/daniel-choate/paml_ros2/install/ur3_demo/bin'
[0.761s] INFO:colcon.colcon_core.shell:Creating package script '/home/daniel-choate/paml_ros2/install/ur3_demo/share/ur3_demo/package.ps1'
[0.761s] INFO:colcon.colcon_core.shell:Creating package descriptor '/home/daniel-choate/paml_ros2/install/ur3_demo/share/ur3_demo/package.dsv'
[0.761s] INFO:colcon.colcon_core.shell:Creating package script '/home/daniel-choate/paml_ros2/install/ur3_demo/share/ur3_demo/package.sh'
[0.762s] INFO:colcon.colcon_core.shell:Creating package script '/home/daniel-choate/paml_ros2/install/ur3_demo/share/ur3_demo/package.bash'
[0.762s] INFO:colcon.colcon_core.shell:Creating package script '/home/daniel-choate/paml_ros2/install/ur3_demo/share/ur3_demo/package.zsh'
[0.762s] Level 1:colcon.colcon_core.environment:create_file_with_runtime_dependencies(/home/daniel-choate/paml_ros2/install/ur3_demo/share/colcon-core/packages/ur3_demo)
[0.926s] INFO:colcon.colcon_core.task.python.build:Building Python package in '/home/daniel-choate/paml_ros2/src/mapping_executor'
[0.927s] INFO:colcon.colcon_core.shell:Skip shell extension 'powershell' for command environment: Not usable outside of PowerShell
[0.927s] DEBUG:colcon.colcon_core.shell:Skip shell extension 'dsv' for command environment
[1.093s] INFO:colcon.colcon_core.task.python.build:Building Python package in '/home/daniel-choate/paml_ros2/src/mapping_planner'
[1.093s] INFO:colcon.colcon_core.shell:Skip shell extension 'powershell' for command environment: Not usable outside of PowerShell
[1.093s] DEBUG:colcon.colcon_core.shell:Skip shell extension 'dsv' for command environment
[1.275s] DEBUG:colcon.colcon_core.event_handler.log_command:Invoking command in '/home/daniel-choate/paml_ros2/src/rgbd_capture': DEBUGINFOD_URLS=https://debuginfod.ubuntu.com PYTHONPATH=/home/daniel-choate/paml_ros2/build/rgbd_capture/prefix_override:/usr/lib/python3/dist-packages/colcon_core/task/python/colcon_distutils_commands:/home/daniel-choate/paml_ros2/install/rgbd_capture/lib/python3.12/site-packages:${PYTHONPATH} /usr/bin/python3 -W ignore:setup.py install is deprecated -W ignore:easy_install command is deprecated setup.py egg_info --egg-base ../../build/rgbd_capture build --build-base /home/daniel-choate/paml_ros2/build/rgbd_capture/build install --record /home/daniel-choate/paml_ros2/build/rgbd_capture/install.log --single-version-externally-managed install_data
[1.276s] DEBUG:colcon.colcon_core.event_handler.log_command:Invoking command in '/home/daniel-choate/paml_ros2/src/map_builder': DEBUGINFOD_URLS=https://debuginfod.ubuntu.com PYTHONPATH=/home/daniel-choate/paml_ros2/build/map_builder/prefix_override:/usr/lib/python3/dist-packages/colcon_core/task/python/colcon_distutils_commands:/home/daniel-choate/paml_ros2/install/map_builder/lib/python3.12/site-packages:${PYTHONPATH} /usr/bin/python3 -W ignore:setup.py install is deprecated -W ignore:easy_install command is deprecated setup.py egg_info --egg-base ../../build/map_builder build --build-base /home/daniel-choate/paml_ros2/build/map_builder/build install --record /home/daniel-choate/paml_ros2/build/map_builder/install.log --single-version-externally-managed install_data
[1.278s] DEBUG:colcon.colcon_core.event_handler.log_command:Invoking command in '/home/daniel-choate/paml_ros2/src/ur3_movement': DEBUGINFOD_URLS=https://debuginfod.ubuntu.com PYTHONPATH=/home/daniel-choate/paml_ros2/build/ur3_movement/prefix_override:/usr/lib/python3/dist-packages/colcon_core/task/python/colcon_distutils_commands:/home/daniel-choate/paml_ros2/install/ur3_movement/lib/python3.12/site-packages:${PYTHONPATH} /usr/bin/python3 -W ignore:setup.py install is deprecated -W ignore:easy_install command is deprecated setup.py egg_info --egg-base ../../build/ur3_movement build --build-base /home/daniel-choate/paml_ros2/build/ur3_movement/build install --record /home/daniel-choate/paml_ros2/build/ur3_movement/install.log --single-version-externally-managed install_data
[1.572s] DEBUG:colcon.colcon_core.event_handler.log_command:Invoking command in '/home/daniel-choate/paml_ros2/src/mapping_executor': AMENT_PREFIX_PATH=/home/daniel-choate/paml_ros2/install/mapping_interfaces:${AMENT_PREFIX_PATH} CMAKE_PREFIX_PATH=/home/daniel-choate/paml_ros2/install/mapping_interfaces:${CMAKE_PREFIX_PATH} DEBUGINFOD_URLS=https://debuginfod.ubuntu.com LD_LIBRARY_PATH=/home/daniel-choate/paml_ros2/install/mapping_interfaces/lib:/opt/ros/kilted/opt/gz_sim_vendor/lib:/opt/ros/kilted/opt/gz_sensors_vendor/lib:/opt/ros/kilted/opt/gz_physics_vendor/lib:/opt/ros/kilted/opt/sdformat_vendor/lib:/opt/ros/kilted/opt/gz_gui_vendor/lib:/opt/ros/kilted/opt/gz_transport_vendor/lib:/opt/ros/kilted/opt/gz_rendering_vendor/lib:/opt/ros/kilted/opt/gz_plugin_vendor/lib:/opt/ros/kilted/opt/gz_fuel_tools_vendor/lib:/opt/ros/kilted/opt/gz_msgs_vendor/lib:/opt/ros/kilted/opt/gz_common_vendor/lib:/opt/ros/kilted/opt/gz_math_vendor/lib:/opt/ros/kilted/opt/gz_utils_vendor/lib:/opt/ros/kilted/opt/rviz_ogre_vendor/lib:/opt/ros/kilted/lib/x86_64-linux-gnu:/opt/ros/kilted/opt/gz_tools_vendor/lib:/opt/ros/kilted/opt/gz_ogre_next_vendor/lib:/opt/ros/kilted/opt/gz_dartsim_vendor/lib:/opt/ros/kilted/opt/gz_cmake_vendor/lib:/opt/ros/kilted/lib:/usr/local/lib PYTHONPATH=/home/daniel-choate/paml_ros2/build/mapping_executor/prefix_override:/usr/lib/python3/dist-packages/colcon_core/task/python/colcon_distutils_commands:/home/daniel-choate/paml_ros2/install/mapping_executor/lib/python3.12/site-packages:/home/daniel-choate/paml_ros2/install/mapping_interfaces/lib/python3.12/site-packages:${PYTHONPATH} /usr/bin/python3 -W ignore:setup.py install is deprecated -W ignore:easy_install command is deprecated setup.py egg_info --egg-base ../../build/mapping_executor build --build-base /home/daniel-choate/paml_ros2/build/mapping_executor/build install --record /home/daniel-choate/paml_ros2/build/mapping_executor/install.log --single-version-externally-managed install_data
[1.579s] DEBUG:colcon.colcon_core.event_handler.log_command:Invoking command in '/home/daniel-choate/paml_ros2/src/mapping_planner': AMENT_PREFIX_PATH=/home/daniel-choate/paml_ros2/install/mapping_interfaces:${AMENT_PREFIX_PATH} CMAKE_PREFIX_PATH=/home/daniel-choate/paml_ros2/install/mapping_interfaces:${CMAKE_PREFIX_PATH} DEBUGINFOD_URLS=https://debuginfod.ubuntu.com LD_LIBRARY_PATH=/home/daniel-choate/paml_ros2/install/mapping_interfaces/lib:/opt/ros/kilted/opt/gz_sim_vendor/lib:/opt/ros/kilted/opt/gz_sensors_vendor/lib:/opt/ros/kilted/opt/gz_physics_vendor/lib:/opt/ros/kilted/opt/sdformat_vendor/lib:/opt/ros/kilted/opt/gz_gui_vendor/lib:/opt/ros/kilted/opt/gz_transport_vendor/lib:/opt/ros/kilted/opt/gz_rendering_vendor/lib:/opt/ros/kilted/opt/gz_plugin_vendor/lib:/opt/ros/kilted/opt/gz_fuel_tools_vendor/lib:/opt/ros/kilted/opt/gz_msgs_vendor/lib:/opt/ros/kilted/opt/gz_common_vendor/lib:/opt/ros/kilted/opt/gz_math_vendor/lib:/opt/ros/kilted/opt/gz_utils_vendor/lib:/opt/ros/kilted/opt/rviz_ogre_vendor/lib:/opt/ros/kilted/lib/x86_64-linux-gnu:/opt/ros/kilted/opt/gz_tools_vendor/lib:/opt/ros/kilted/opt/gz_ogre_next_vendor/lib:/opt/ros/kilted/opt/gz_dartsim_vendor/lib:/opt/ros/kilted/opt/gz_cmake_vendor/lib:/opt/ros/kilted/lib:/usr/local/lib PYTHONPATH=/home/daniel-choate/paml_ros2/build/mapping_planner/prefix_override:/usr/lib/python3/dist-packages/colcon_core/task/python/colcon_distutils_commands:/home/daniel-choate/paml_ros2/install/mapping_planner/lib/python3.12/site-packages:/home/daniel-choate/paml_ros2/install/mapping_interfaces/lib/python3.12/site-packages:${PYTHONPATH} /usr/bin/python3 -W ignore:setup.py install is deprecated -W ignore:easy_install command is deprecated setup.py egg_info --egg-base ../../build/mapping_planner build --build-base /home/daniel-choate/paml_ros2/build/mapping_planner/build install --record /home/daniel-choate/paml_ros2/build/mapping_planner/install.log --single-version-externally-managed install_data
[1.731s] Level 1:colcon.colcon_core.environment:checking '/home/daniel-choate/paml_ros2/install/map_builder' for CMake module files
[1.732s] DEBUG:colcon.colcon_core.event_handler.log_command:Invoked command in '/home/daniel-choate/paml_ros2/src/map_builder' returned '0': DEBUGINFOD_URLS=https://debuginfod.ubuntu.com PYTHONPATH=/home/daniel-choate/paml_ros2/build/map_builder/prefix_override:/usr/lib/python3/dist-packages/colcon_core/task/python/colcon_distutils_commands:/home/daniel-choate/paml_ros2/install/map_builder/lib/python3.12/site-packages:${PYTHONPATH} /usr/bin/python3 -W ignore:setup.py install is deprecated -W ignore:easy_install command is deprecated setup.py egg_info --egg-base ../../build/map_builder build --build-base /home/daniel-choate/paml_ros2/build/map_builder/build install --record /home/daniel-choate/paml_ros2/build/map_builder/install.log --single-version-externally-managed install_data
[1.732s] Level 1:colcon.colcon_core.environment:checking '/home/daniel-choate/paml_ros2/install/map_builder' for CMake config files
[1.733s] Level 1:colcon.colcon_core.environment:checking '/home/daniel-choate/paml_ros2/install/map_builder/lib'
[1.733s] Level 1:colcon.colcon_core.environment:checking '/home/daniel-choate/paml_ros2/install/map_builder/bin'
[1.733s] Level 1:colcon.colcon_core.environment:checking '/home/daniel-choate/paml_ros2/install/map_builder/lib/pkgconfig/map_builder.pc'
[1.733s] Level 1:colcon.colcon_core.environment:checking '/home/daniel-choate/paml_ros2/install/map_builder/lib/python3.12/site-packages'
[1.734s] Level 1:colcon.colcon_core.shell:create_environment_hook('map_builder', 'pythonpath')
[1.734s] INFO:colcon.colcon_core.shell:Creating environment hook '/home/daniel-choate/paml_ros2/install/map_builder/share/map_builder/hook/pythonpath.ps1'
[1.734s] INFO:colcon.colcon_core.shell:Creating environment descriptor '/home/daniel-choate/paml_ros2/install/map_builder/share/map_builder/hook/pythonpath.dsv'
[1.735s] INFO:colcon.colcon_core.shell:Creating environment hook '/home/daniel-choate/paml_ros2/install/map_builder/share/map_builder/hook/pythonpath.sh'
[1.735s] Level 1:colcon.colcon_core.environment:checking '/home/daniel-choate/paml_ros2/install/map_builder/bin'
[1.735s] Level 1:colcon.colcon_core.environment:create_environment_scripts_only(map_builder)
[1.735s] INFO:colcon.colcon_core.shell:Creating package script '/home/daniel-choate/paml_ros2/install/map_builder/share/map_builder/package.ps1'
[1.736s] INFO:colcon.colcon_core.shell:Creating package descriptor '/home/daniel-choate/paml_ros2/install/map_builder/share/map_builder/package.dsv'
[1.736s] INFO:colcon.colcon_core.shell:Creating package script '/home/daniel-choate/paml_ros2/install/map_builder/share/map_builder/package.sh'
[1.736s] INFO:colcon.colcon_core.shell:Creating package script '/home/daniel-choate/paml_ros2/install/map_builder/share/map_builder/package.bash'
[1.736s] INFO:colcon.colcon_core.shell:Creating package script '/home/daniel-choate/paml_ros2/install/map_builder/share/map_builder/package.zsh'
[1.736s] Level 1:colcon.colcon_core.environment:create_file_with_runtime_dependencies(/home/daniel-choate/paml_ros2/install/map_builder/share/colcon-core/packages/map_builder)
[1.738s] Level 1:colcon.colcon_core.environment:checking '/home/daniel-choate/paml_ros2/install/ur3_movement' for CMake module files
[1.738s] DEBUG:colcon.colcon_core.event_handler.log_command:Invoked command in '/home/daniel-choate/paml_ros2/src/ur3_movement' returned '0': DEBUGINFOD_URLS=https://debuginfod.ubuntu.com PYTHONPATH=/home/daniel-choate/paml_ros2/build/ur3_movement/prefix_override:/usr/lib/python3/dist-packages/colcon_core/task/python/colcon_distutils_commands:/home/daniel-choate/paml_ros2/install/ur3_movement/lib/python3.12/site-packages:${PYTHONPATH} /usr/bin/python3 -W ignore:setup.py install is deprecated -W ignore:easy_install command is deprecated setup.py egg_info --egg-base ../../build/ur3_movement build --build-base /home/daniel-choate/paml_ros2/build/ur3_movement/build install --record /home/daniel-choate/paml_ros2/build/ur3_movement/install.log --single-version-externally-managed install_data
[1.739s] Level 1:colcon.colcon_core.environment:checking '/home/daniel-choate/paml_ros2/install/ur3_movement' for CMake config files
[1.739s] Level 1:colcon.colcon_core.environment:checking '/home/daniel-choate/paml_ros2/install/ur3_movement/lib'
[1.739s] Level 1:colcon.colcon_core.environment:checking '/home/daniel-choate/paml_ros2/install/ur3_movement/bin'
[1.739s] Level 1:colcon.colcon_core.environment:checking '/home/daniel-choate/paml_ros2/install/ur3_movement/lib/pkgconfig/ur3_movement.pc'
[1.740s] Level 1:colcon.colcon_core.environment:checking '/home/daniel-choate/paml_ros2/install/ur3_movement/lib/python3.12/site-packages'
[1.740s] Level 1:colcon.colcon_core.shell:create_environment_hook('ur3_movement', 'pythonpath')
[1.740s] INFO:colcon.colcon_core.shell:Creating environment hook '/home/daniel-choate/paml_ros2/install/ur3_movement/share/ur3_movement/hook/pythonpath.ps1'
[1.741s] INFO:colcon.colcon_core.shell:Creating environment descriptor '/home/daniel-choate/paml_ros2/install/ur3_movement/share/ur3_movement/hook/pythonpath.dsv'
[1.741s] INFO:colcon.colcon_core.shell:Creating environment hook '/home/daniel-choate/paml_ros2/install/ur3_movement/share/ur3_movement/hook/pythonpath.sh'
[1.742s] Level 1:colcon.colcon_core.environment:checking '/home/daniel-choate/paml_ros2/install/ur3_movement/bin'
[1.742s] Level 1:colcon.colcon_core.environment:create_environment_scripts_only(ur3_movement)
[1.742s] INFO:colcon.colcon_core.shell:Creating package script '/home/daniel-choate/paml_ros2/install/ur3_movement/share/ur3_movement/package.ps1'
[1.742s] INFO:colcon.colcon_core.shell:Creating package descriptor '/home/daniel-choate/paml_ros2/install/ur3_movement/share/ur3_movement/package.dsv'
[1.742s] INFO:colcon.colcon_core.shell:Creating package script '/home/daniel-choate/paml_ros2/install/ur3_movement/share/ur3_movement/package.sh'
[1.743s] INFO:colcon.colcon_core.shell:Creating package script '/home/daniel-choate/paml_ros2/install/ur3_movement/share/ur3_movement/package.bash'
[1.743s] INFO:colcon.colcon_core.shell:Creating package script '/home/daniel-choate/paml_ros2/install/ur3_movement/share/ur3_movement/package.zsh'
[1.743s] Level 1:colcon.colcon_core.environment:create_file_with_runtime_dependencies(/home/daniel-choate/paml_ros2/install/ur3_movement/share/colcon-core/packages/ur3_movement)
[1.744s] Level 1:colcon.colcon_core.environment:checking '/home/daniel-choate/paml_ros2/install/rgbd_capture' for CMake module files
[1.744s] DEBUG:colcon.colcon_core.event_handler.log_command:Invoked command in '/home/daniel-choate/paml_ros2/src/rgbd_capture' returned '0': DEBUGINFOD_URLS=https://debuginfod.ubuntu.com PYTHONPATH=/home/daniel-choate/paml_ros2/build/rgbd_capture/prefix_override:/usr/lib/python3/dist-packages/colcon_core/task/python/colcon_distutils_commands:/home/daniel-choate/paml_ros2/install/rgbd_capture/lib/python3.12/site-packages:${PYTHONPATH} /usr/bin/python3 -W ignore:setup.py install is deprecated -W ignore:easy_install command is deprecated setup.py egg_info --egg-base ../../build/rgbd_capture build --build-base /home/daniel-choate/paml_ros2/build/rgbd_capture/build install --record /home/daniel-choate/paml_ros2/build/rgbd_capture/install.log --single-version-externally-managed install_data
[1.744s] Level 1:colcon.colcon_core.environment:checking '/home/daniel-choate/paml_ros2/install/rgbd_capture' for CMake config files
[1.745s] Level 1:colcon.colcon_core.environment:checking '/home/daniel-choate/paml_ros2/install/rgbd_capture/lib'
[1.745s] Level 1:colcon.colcon_core.environment:checking '/home/daniel-choate/paml_ros2/install/rgbd_capture/bin'
[1.745s] Level 1:colcon.colcon_core.environment:checking '/home/daniel-choate/paml_ros2/install/rgbd_capture/lib/pkgconfig/rgbd_capture.pc'
[1.745s] Level 1:colcon.colcon_core.environment:checking '/home/daniel-choate/paml_ros2/install/rgbd_capture/lib/python3.12/site-packages'
[1.745s] Level 1:colcon.colcon_core.shell:create_environment_hook('rgbd_capture', 'pythonpath')
[1.745s] INFO:colcon.colcon_core.shell:Creating environment hook '/home/daniel-choate/paml_ros2/install/rgbd_capture/share/rgbd_capture/hook/pythonpath.ps1'
[1.745s] INFO:colcon.colcon_core.shell:Creating environment descriptor '/home/daniel-choate/paml_ros2/install/rgbd_capture/share/rgbd_capture/hook/pythonpath.dsv'
[1.746s] INFO:colcon.colcon_core.shell:Creating environment hook '/home/daniel-choate/paml_ros2/install/rgbd_capture/share/rgbd_capture/hook/pythonpath.sh'
[1.746s] Level 1:colcon.colcon_core.environment:checking '/home/daniel-choate/paml_ros2/install/rgbd_capture/bin'
[1.746s] Level 1:colcon.colcon_core.environment:create_environment_scripts_only(rgbd_capture)
[1.746s] INFO:colcon.colcon_core.shell:Creating package script '/home/daniel-choate/paml_ros2/install/rgbd_capture/share/rgbd_capture/package.ps1'
[1.747s] INFO:colcon.colcon_core.shell:Creating package descriptor '/home/daniel-choate/paml_ros2/install/rgbd_capture/share/rgbd_capture/package.dsv'
[1.747s] INFO:colcon.colcon_core.shell:Creating package script '/home/daniel-choate/paml_ros2/install/rgbd_capture/share/rgbd_capture/package.sh'
[1.747s] INFO:colcon.colcon_core.shell:Creating package script '/home/daniel-choate/paml_ros2/install/rgbd_capture/share/rgbd_capture/package.bash'
[1.747s] INFO:colcon.colcon_core.shell:Creating package script '/home/daniel-choate/paml_ros2/install/rgbd_capture/share/rgbd_capture/package.zsh'
[1.747s] Level 1:colcon.colcon_core.environment:create_file_with_runtime_dependencies(/home/daniel-choate/paml_ros2/install/rgbd_capture/share/colcon-core/packages/rgbd_capture)
[2.024s] Level 1:colcon.colcon_core.environment:checking '/home/daniel-choate/paml_ros2/install/mapping_executor' for CMake module files
[2.025s] DEBUG:colcon.colcon_core.event_handler.log_command:Invoked command in '/home/daniel-choate/paml_ros2/src/mapping_executor' returned '0': AMENT_PREFIX_PATH=/home/daniel-choate/paml_ros2/install/mapping_interfaces:${AMENT_PREFIX_PATH} CMAKE_PREFIX_PATH=/home/daniel-choate/paml_ros2/install/mapping_interfaces:${CMAKE_PREFIX_PATH} DEBUGINFOD_URLS=https://debuginfod.ubuntu.com LD_LIBRARY_PATH=/home/daniel-choate/paml_ros2/install/mapping_interfaces/lib:/opt/ros/kilted/opt/gz_sim_vendor/lib:/opt/ros/kilted/opt/gz_sensors_vendor/lib:/opt/ros/kilted/opt/gz_physics_vendor/lib:/opt/ros/kilted/opt/sdformat_vendor/lib:/opt/ros/kilted/opt/gz_gui_vendor/lib:/opt/ros/kilted/opt/gz_transport_vendor/lib:/opt/ros/kilted/opt/gz_rendering_vendor/lib:/opt/ros/kilted/opt/gz_plugin_vendor/lib:/opt/ros/kilted/opt/gz_fuel_tools_vendor/lib:/opt/ros/kilted/opt/gz_msgs_vendor/lib:/opt/ros/kilted/opt/gz_common_vendor/lib:/opt/ros/kilted/opt/gz_math_vendor/lib:/opt/ros/kilted/opt/gz_utils_vendor/lib:/opt/ros/kilted/opt/rviz_ogre_vendor/lib:/opt/ros/kilted/lib/x86_64-linux-gnu:/opt/ros/kilted/opt/gz_tools_vendor/lib:/opt/ros/kilted/opt/gz_ogre_next_vendor/lib:/opt/ros/kilted/opt/gz_dartsim_vendor/lib:/opt/ros/kilted/opt/gz_cmake_vendor/lib:/opt/ros/kilted/lib:/usr/local/lib PYTHONPATH=/home/daniel-choate/paml_ros2/build/mapping_executor/prefix_override:/usr/lib/python3/dist-packages/colcon_core/task/python/colcon_distutils_commands:/home/daniel-choate/paml_ros2/install/mapping_executor/lib/python3.12/site-packages:/home/daniel-choate/paml_ros2/install/mapping_interfaces/lib/python3.12/site-packages:${PYTHONPATH} /usr/bin/python3 -W ignore:setup.py install is deprecated -W ignore:easy_install command is deprecated setup.py egg_info --egg-base ../../build/mapping_executor build --build-base /home/daniel-choate/paml_ros2/build/mapping_executor/build install --record /home/daniel-choate/paml_ros2/build/mapping_executor/install.log --single-version-externally-managed install_data
[2.025s] Level 1:colcon.colcon_core.environment:checking '/home/daniel-choate/paml_ros2/install/mapping_executor' for CMake config files
[2.025s] Level 1:colcon.colcon_core.environment:checking '/home/daniel-choate/paml_ros2/install/mapping_executor/lib'
[2.025s] Level 1:colcon.colcon_core.environment:checking '/home/daniel-choate/paml_ros2/install/mapping_executor/bin'
[2.025s] Level 1:colcon.colcon_core.environment:checking '/home/daniel-choate/paml_ros2/install/mapping_executor/lib/pkgconfig/mapping_executor.pc'
[2.026s] Level 1:colcon.colcon_core.environment:checking '/home/daniel-choate/paml_ros2/install/mapping_executor/lib/python3.12/site-packages'
[2.026s] Level 1:colcon.colcon_core.shell:create_environment_hook('mapping_executor', 'pythonpath')
[2.026s] INFO:colcon.colcon_core.shell:Creating environment hook '/home/daniel-choate/paml_ros2/install/mapping_executor/share/mapping_executor/hook/pythonpath.ps1'
[2.026s] INFO:colcon.colcon_core.shell:Creating environment descriptor '/home/daniel-choate/paml_ros2/install/mapping_executor/share/mapping_executor/hook/pythonpath.dsv'
[2.026s] INFO:colcon.colcon_core.shell:Creating environment hook '/home/daniel-choate/paml_ros2/install/mapping_executor/share/mapping_executor/hook/pythonpath.sh'
[2.027s] Level 1:colcon.colcon_core.environment:checking '/home/daniel-choate/paml_ros2/install/mapping_executor/bin'
[2.027s] Level 1:colcon.colcon_core.environment:create_environment_scripts_only(mapping_executor)
[2.027s] INFO:colcon.colcon_core.shell:Creating package script '/home/daniel-choate/paml_ros2/install/mapping_executor/share/mapping_executor/package.ps1'
[2.027s] INFO:colcon.colcon_core.shell:Creating package descriptor '/home/daniel-choate/paml_ros2/install/mapping_executor/share/mapping_executor/package.dsv'
[2.028s] INFO:colcon.colcon_core.shell:Creating package script '/home/daniel-choate/paml_ros2/install/mapping_executor/share/mapping_executor/package.sh'
[2.028s] INFO:colcon.colcon_core.shell:Creating package script '/home/daniel-choate/paml_ros2/install/mapping_executor/share/mapping_executor/package.bash'
[2.028s] INFO:colcon.colcon_core.shell:Creating package script '/home/daniel-choate/paml_ros2/install/mapping_executor/share/mapping_executor/package.zsh'
[2.028s] Level 1:colcon.colcon_core.environment:create_file_with_runtime_dependencies(/home/daniel-choate/paml_ros2/install/mapping_executor/share/colcon-core/packages/mapping_executor)
[2.029s] Level 1:colcon.colcon_core.environment:checking '/home/daniel-choate/paml_ros2/install/mapping_planner' for CMake module files
[2.030s] DEBUG:colcon.colcon_core.event_handler.log_command:Invoked command in '/home/daniel-choate/paml_ros2/src/mapping_planner' returned '0': AMENT_PREFIX_PATH=/home/daniel-choate/paml_ros2/install/mapping_interfaces:${AMENT_PREFIX_PATH} CMAKE_PREFIX_PATH=/home/daniel-choate/paml_ros2/install/mapping_interfaces:${CMAKE_PREFIX_PATH} DEBUGINFOD_URLS=https://debuginfod.ubuntu.com LD_LIBRARY_PATH=/home/daniel-choate/paml_ros2/install/mapping_interfaces/lib:/opt/ros/kilted/opt/gz_sim_vendor/lib:/opt/ros/kilted/opt/gz_sensors_vendor/lib:/opt/ros/kilted/opt/gz_physics_vendor/lib:/opt/ros/kilted/opt/sdformat_vendor/lib:/opt/ros/kilted/opt/gz_gui_vendor/lib:/opt/ros/kilted/opt/gz_transport_vendor/lib:/opt/ros/kilted/opt/gz_rendering_vendor/lib:/opt/ros/kilted/opt/gz_plugin_vendor/lib:/opt/ros/kilted/opt/gz_fuel_tools_vendor/lib:/opt/ros/kilted/opt/gz_msgs_vendor/lib:/opt/ros/kilted/opt/gz_common_vendor/lib:/opt/ros/kilted/opt/gz_math_vendor/lib:/opt/ros/kilted/opt/gz_utils_vendor/lib:/opt/ros/kilted/opt/rviz_ogre_vendor/lib:/opt/ros/kilted/lib/x86_64-linux-gnu:/opt/ros/kilted/opt/gz_tools_vendor/lib:/opt/ros/kilted/opt/gz_ogre_next_vendor/lib:/opt/ros/kilted/opt/gz_dartsim_vendor/lib:/opt/ros/kilted/opt/gz_cmake_vendor/lib:/opt/ros/kilted/lib:/usr/local/lib PYTHONPATH=/home/daniel-choate/paml_ros2/build/mapping_planner/prefix_override:/usr/lib/python3/dist-packages/colcon_core/task/python/colcon_distutils_commands:/home/daniel-choate/paml_ros2/install/mapping_planner/lib/python3.12/site-packages:/home/daniel-choate/paml_ros2/install/mapping_interfaces/lib/python3.12/site-packages:${PYTHONPATH} /usr/bin/python3 -W ignore:setup.py install is deprecated -W ignore:easy_install command is deprecated setup.py egg_info --egg-base ../../build/mapping_planner build --build-base /home/daniel-choate/paml_ros2/build/mapping_planner/build install --record /home/daniel-choate/paml_ros2/build/mapping_planner/install.log --single-version-externally-managed install_data
[2.030s] Level 1:colcon.colcon_core.environment:checking '/home/daniel-choate/paml_ros2/install/mapping_planner' for CMake config files
[2.030s] Level 1:colcon.colcon_core.environment:checking '/home/daniel-choate/paml_ros2/install/mapping_planner/lib'
[2.030s] Level 1:colcon.colcon_core.environment:checking '/home/daniel-choate/paml_ros2/install/mapping_planner/bin'
[2.030s] Level 1:colcon.colcon_core.environment:checking '/home/daniel-choate/paml_ros2/install/mapping_planner/lib/pkgconfig/mapping_planner.pc'
[2.030s] Level 1:colcon.colcon_core.environment:checking '/home/daniel-choate/paml_ros2/install/mapping_planner/lib/python3.12/site-packages'
[2.030s] Level 1:colcon.colcon_core.shell:create_environment_hook('mapping_planner', 'pythonpath')
[2.031s] INFO:colcon.colcon_core.shell:Creating environment hook '/home/daniel-choate/paml_ros2/install/mapping_planner/share/mapping_planner/hook/pythonpath.ps1'
[2.031s] INFO:colcon.colcon_core.shell:Creating environment descriptor '/home/daniel-choate/paml_ros2/install/mapping_planner/share/mapping_planner/hook/pythonpath.dsv'
[2.031s] INFO:colcon.colcon_core.shell:Creating environment hook '/home/daniel-choate/paml_ros2/install/mapping_planner/share/mapping_planner/hook/pythonpath.sh'
[2.031s] Level 1:colcon.colcon_core.environment:checking '/home/daniel-choate/paml_ros2/install/mapping_planner/bin'
[2.031s] Level 1:colcon.colcon_core.environment:create_environment_scripts_only(mapping_planner)
[2.032s] INFO:colcon.colcon_core.shell:Creating package script '/home/daniel-choate/paml_ros2/install/mapping_planner/share/mapping_planner/package.ps1'
[2.032s] INFO:colcon.colcon_core.shell:Creating package descriptor '/home/daniel-choate/paml_ros2/install/mapping_planner/share/mapping_planner/package.dsv'
[2.032s] INFO:colcon.colcon_core.shell:Creating package script '/home/daniel-choate/paml_ros2/install/mapping_planner/share/mapping_planner/package.sh'
[2.032s] INFO:colcon.colcon_core.shell:Creating package script '/home/daniel-choate/paml_ros2/install/mapping_planner/share/mapping_planner/package.bash'
[2.033s] INFO:colcon.colcon_core.shell:Creating package script '/home/daniel-choate/paml_ros2/install/mapping_planner/share/mapping_planner/package.zsh'
[2.033s] Level 1:colcon.colcon_core.environment:create_file_with_runtime_dependencies(/home/daniel-choate/paml_ros2/install/mapping_planner/share/colcon-core/packages/mapping_planner)
[2.033s] DEBUG:colcon.colcon_parallel_executor.executor.parallel:closing loop
[2.033s] DEBUG:colcon.colcon_parallel_executor.executor.parallel:loop closed
[2.033s] DEBUG:colcon.colcon_parallel_executor.executor.parallel:run_until_complete finished with '0'
[2.033s] DEBUG:colcon.colcon_core.event_reactor:joining thread
[2.037s] INFO:colcon.colcon_core.plugin_system:Skipping extension 'colcon_notification.desktop_notification.terminal_notifier': Not used on non-Darwin systems
[2.037s] INFO:colcon.colcon_core.plugin_system:Skipping extension 'colcon_notification.desktop_notification.win32': Not used on non-Windows systems
[2.037s] INFO:colcon.colcon_notification.desktop_notification:Sending desktop notification using 'notify2'
[2.047s] DEBUG:colcon.colcon_core.event_reactor:joined thread
[2.048s] INFO:colcon.colcon_core.shell:Creating prefix script '/home/daniel-choate/paml_ros2/install/local_setup.ps1'
[2.048s] INFO:colcon.colcon_core.shell:Creating prefix util module '/home/daniel-choate/paml_ros2/install/_local_setup_util_ps1.py'
[2.049s] INFO:colcon.colcon_core.shell:Creating prefix chain script '/home/daniel-choate/paml_ros2/install/setup.ps1'
[2.050s] INFO:colcon.colcon_core.shell:Creating prefix script '/home/daniel-choate/paml_ros2/install/local_setup.sh'
[2.050s] INFO:colcon.colcon_core.shell:Creating prefix util module '/home/daniel-choate/paml_ros2/install/_local_setup_util_sh.py'
[2.050s] INFO:colcon.colcon_core.shell:Creating prefix chain script '/home/daniel-choate/paml_ros2/install/setup.sh'
[2.051s] INFO:colcon.colcon_core.shell:Creating prefix script '/home/daniel-choate/paml_ros2/install/local_setup.bash'
[2.051s] INFO:colcon.colcon_core.shell:Creating prefix chain script '/home/daniel-choate/paml_ros2/install/setup.bash'
[2.052s] INFO:colcon.colcon_core.shell:Creating prefix script '/home/daniel-choate/paml_ros2/install/local_setup.zsh'
[2.052s] INFO:colcon.colcon_core.shell:Creating prefix chain script '/home/daniel-choate/paml_ros2/install/setup.zsh'
