[0.013s] Invoking command in '/home/daniel-choate/paml_ros2/build/mapping_interfaces': CMAKE_PREFIX_PATH=${CMAKE_PREFIX_PATH}:/opt/ros/kilted DEBUGINFOD_URLS=https://debuginfod.ubuntu.com /usr/bin/cmake --build /home/daniel-choate/paml_ros2/build/mapping_interfaces -- -j20 -l20
[0.052s] -- Found ament_cmake: 2.7.5 (/opt/ros/kilted/share/ament_cmake/cmake)
[0.189s] -- Found std_msgs: 5.5.2 (/opt/ros/kilted/share/std_msgs/cmake)
[0.214s] -- Found rosidl_generator_c: 4.9.6 (/opt/ros/kilted/share/rosidl_generator_c/cmake)
[0.226s] -- Found rosidl_generator_cpp: 4.9.6 (/opt/ros/kilted/share/rosidl_generator_cpp/cmake)
[0.241s] -- Using all available rosidl_typesupport_c: rosidl_typesupport_fastrtps_c;rosidl_typesupport_introspection_c
[0.259s] -- Using all available rosidl_typesupport_cpp: rosidl_typesupport_fastrtps_cpp;rosidl_typesupport_introspection_cpp
[0.295s] -- Found geometry_msgs: 5.5.2 (/opt/ros/kilted/share/geometry_msgs/cmake)
[0.312s] -- Found rosidl_default_generators: 1.7.2 (/opt/ros/kilted/share/rosidl_default_generators/cmake)
[0.325s] -- Found rosidl_adapter: 4.9.6 (/opt/ros/kilted/share/rosidl_adapter/cmake)
[0.346s] -- Found sensor_msgs: 5.5.2 (/opt/ros/kilted/share/sensor_msgs/cmake)
[0.796s] -- Found ament_cmake_ros_core: 0.14.7 (/opt/ros/kilted/share/ament_cmake_ros_core/cmake)
[1.160s] -- Using all available rosidl_typesupport_c: rosidl_typesupport_fastrtps_c;rosidl_typesupport_introspection_c
[1.315s] -- Using all available rosidl_typesupport_cpp: rosidl_typesupport_fastrtps_cpp;rosidl_typesupport_introspection_cpp
[1.631s] -- Found Python3: /usr/bin/python3 (found version "3.12.3") found components: Interpreter Development NumPy Development.Module Development.Embed 
[1.741s] -- Found Python3: /usr/bin/python3 (found version "3.12.3") found components: Interpreter 
[1.743s] -- Found ament_lint_auto: 0.19.2 (/opt/ros/kilted/share/ament_lint_auto/cmake)
[1.754s] -- Added test 'lint_cmake' to check CMake code style
[1.755s] -- Added test 'xmllint' to check XML markup files
[1.757s] -- Configuring done (1.7s)
[1.807s] -- Generating done (0.0s)
[1.823s] -- Build files have been written to: /home/daniel-choate/paml_ros2/build/mapping_interfaces
[1.880s] [  1%] [34m[1mGenerating type hashes for ROS interfaces[0m
[1.884s] [  3%] Built target mapping_interfaces__rs
[1.899s] [  3%] Built target ament_cmake_python_copy_mapping_interfaces
[2.214s] running egg_info
[2.245s] writing mapping_interfaces.egg-info/PKG-INFO
[2.245s] writing dependency_links to mapping_interfaces.egg-info/dependency_links.txt
[2.245s] writing top-level names to mapping_interfaces.egg-info/top_level.txt
[2.343s] reading manifest file 'mapping_interfaces.egg-info/SOURCES.txt'
[2.344s] writing manifest file 'mapping_interfaces.egg-info/SOURCES.txt'
[2.394s] [  3%] Built target ament_cmake_python_build_mapping_interfaces_egg
[6.133s] Traceback (most recent call last):
[6.133s]   File "/opt/ros/kilted/lib/rosidl_generator_type_description/rosidl_generator_type_description", line 50, in <module>
[6.133s]     sys.exit(main())
[6.133s]              ^^^^^^
[6.133s]   File "/opt/ros/kilted/lib/rosidl_generator_type_description/rosidl_generator_type_description", line 46, in main
[6.133s]     generate_type_hash(args.generator_arguments_file)
[6.133s]   File "/opt/ros/kilted/lib/python3.12/site-packages/rosidl_generator_type_description/__init__.py", line 160, in generate_type_hash
[6.133s]     pkg_dir = include_map[pkg]
[6.133s]               ~~~~~~~~~~~^^^^^
[6.133s] KeyError: 'sensor_msgs'
[6.179s] gmake[2]: *** [CMakeFiles/mapping_interfaces__rosidl_generator_type_description.dir/build.make:79: rosidl_generator_type_description/mapping_interfaces/srv/GenerateMappingPlan.json] Error 1
[6.180s] gmake[1]: *** [CMakeFiles/Makefile2:234: CMakeFiles/mapping_interfaces__rosidl_generator_type_description.dir/all] Error 2
[6.180s] gmake: *** [Makefile:146: all] Error 2
[6.184s] Invoked command in '/home/daniel-choate/paml_ros2/build/mapping_interfaces' returned '2': CMAKE_PREFIX_PATH=${CMAKE_PREFIX_PATH}:/opt/ros/kilted DEBUGINFOD_URLS=https://debuginfod.ubuntu.com /usr/bin/cmake --build /home/daniel-choate/paml_ros2/build/mapping_interfaces -- -j20 -l20
