[3.649s] Invoking command in '/home/daniel-choate/paml_ros2/src/turtle_nav': DEBUGINFOD_URLS=https://debuginfod.ubuntu.com PYTHONPATH=/home/daniel-choate/paml_ros2/build/turtle_nav/prefix_override:/usr/lib/python3/dist-packages/colcon_core/task/python/colcon_distutils_commands:/home/daniel-choate/paml_ros2/install/turtle_nav/lib/python3.12/site-packages:${PYTHONPATH} /usr/bin/python3 -W ignore:setup.py install is deprecated -W ignore:easy_install command is deprecated setup.py egg_info --egg-base ../../build/turtle_nav build --build-base /home/daniel-choate/paml_ros2/build/turtle_nav/build install --record /home/daniel-choate/paml_ros2/build/turtle_nav/install.log --single-version-externally-managed install_data
[4.266s] running egg_info
[4.302s] writing ../../build/turtle_nav/turtle_nav.egg-info/PKG-INFO
[4.302s] writing dependency_links to ../../build/turtle_nav/turtle_nav.egg-info/dependency_links.txt
[4.302s] writing entry points to ../../build/turtle_nav/turtle_nav.egg-info/entry_points.txt
[4.303s] writing requirements to ../../build/turtle_nav/turtle_nav.egg-info/requires.txt
[4.303s] writing top-level names to ../../build/turtle_nav/turtle_nav.egg-info/top_level.txt
[4.370s] reading manifest file '../../build/turtle_nav/turtle_nav.egg-info/SOURCES.txt'
[4.370s] adding license file 'LICENSE'
[4.371s] writing manifest file '../../build/turtle_nav/turtle_nav.egg-info/SOURCES.txt'
[4.371s] running build
[4.371s] running build_py
[4.371s] running install
[4.380s] running install_lib
[4.440s] running install_data
[4.440s] running install_egg_info
[4.477s] removing '/home/daniel-choate/paml_ros2/install/turtle_nav/lib/python3.12/site-packages/turtle_nav-0.0.0-py3.12.egg-info' (and everything under it)
[4.477s] Copying ../../build/turtle_nav/turtle_nav.egg-info to /home/daniel-choate/paml_ros2/install/turtle_nav/lib/python3.12/site-packages/turtle_nav-0.0.0-py3.12.egg-info
[4.478s] running install_scripts
[4.754s] Installing turtle_nav script to /home/daniel-choate/paml_ros2/install/turtle_nav/lib/turtle_nav
[4.754s] writing list of installed files to '/home/daniel-choate/paml_ros2/build/turtle_nav/install.log'
[4.790s] Invoked command in '/home/daniel-choate/paml_ros2/src/turtle_nav' returned '0': DEBUGINFOD_URLS=https://debuginfod.ubuntu.com PYTHONPATH=/home/daniel-choate/paml_ros2/build/turtle_nav/prefix_override:/usr/lib/python3/dist-packages/colcon_core/task/python/colcon_distutils_commands:/home/daniel-choate/paml_ros2/install/turtle_nav/lib/python3.12/site-packages:${PYTHONPATH} /usr/bin/python3 -W ignore:setup.py install is deprecated -W ignore:easy_install command is deprecated setup.py egg_info --egg-base ../../build/turtle_nav build --build-base /home/daniel-choate/paml_ros2/build/turtle_nav/build install --record /home/daniel-choate/paml_ros2/build/turtle_nav/install.log --single-version-externally-managed install_data
