[0.011s] Invoking command in '/home/daniel-choate/paml_ros2/build/ur3_demo': CMAKE_PREFIX_PATH=${CMAKE_PREFIX_PATH}:/home/daniel-choate/paml_ros2/install/mapping_planner:/home/daniel-choate/paml_ros2/install/mapping_executor:/home/daniel-choate/ws_moveit/install/moveit_configs_utils:/opt/ros/kilted DEBUGINFOD_URLS=https://debuginfod.ubuntu.com /usr/bin/cmake --build /home/daniel-choate/paml_ros2/build/ur3_demo -- -j20 -l20
[0.037s] -- Found ament_cmake: 2.7.5 (/opt/ros/kilted/share/ament_cmake/cmake)
[0.256s] -- Found rclcpp: 29.5.7 (/opt/ros/kilted/share/rclcpp/cmake)
[0.270s] -- Found rosidl_generator_c: 4.9.6 (/opt/ros/kilted/share/rosidl_generator_c/cmake)
[0.277s] -- Found rosidl_generator_cpp: 4.9.6 (/opt/ros/kilted/share/rosidl_generator_cpp/cmake)
[0.288s] -- Using all available rosidl_typesupport_c: rosidl_typesupport_fastrtps_c;rosidl_typesupport_introspection_c
[0.300s] -- Using all available rosidl_typesupport_cpp: rosidl_typesupport_fastrtps_cpp;rosidl_typesupport_introspection_cpp
[0.348s] -- Found rmw_implementation_cmake: 7.8.2 (/opt/ros/kilted/share/rmw_implementation_cmake/cmake)
[0.351s] -- Found rmw_fastrtps_cpp: 9.3.3 (/opt/ros/kilted/share/rmw_fastrtps_cpp/cmake)
[0.384s] -- Using RMW implementation 'rmw_fastrtps_cpp' as default
[0.439s] -- Found moveit_ros_planning_interface: 2.14.1 (/home/daniel-choate/ws_moveit/install/moveit_ros_planning_interface/share/moveit_ros_planning_interface/cmake)
[0.448s] -- Found Boost: /usr/lib/x86_64-linux-gnu/cmake/Boost-1.83.0/BoostConfig.cmake (found version "1.83.0") found components: date_time filesystem program_options system thread 
[0.644s] -- Found Boost: /usr/lib/x86_64-linux-gnu/cmake/Boost-1.83.0/BoostConfig.cmake (found version "1.83.0") found components: chrono date_time filesystem iostreams program_options regex serialization system thread 
[0.674s] -- Found parameter_traits: 0.7.0 (/opt/ros/kilted/share/parameter_traits/cmake)
[0.679s] -- Found rclcpp_lifecycle: 29.5.7 (/opt/ros/kilted/share/rclcpp_lifecycle/cmake)
[0.706s] -- Found Boost: /usr/lib/x86_64-linux-gnu/cmake/Boost-1.83.0/BoostConfig.cmake (found version "1.83.0") found components: random 
[0.737s] -- Ensuring Eigen3 include directory is part of orocos-kdl CMake target
[0.834s] -- Found Boost: /usr/lib/x86_64-linux-gnu/cmake/Boost-1.83.0/BoostConfig.cmake (found version "1.83.0") found components: system filesystem date_time program_options thread chrono 
[0.873s] -- Found Boost: /usr/lib/x86_64-linux-gnu/cmake/Boost-1.83.0/BoostConfig.cmake (found version "1.83.0") found components: thread system filesystem regex date_time program_options 
[0.892s] -- Found Boost: /usr/lib/x86_64-linux-gnu/cmake/Boost-1.83.0/BoostConfig.cmake (found version "1.83.0") found components: system filesystem date_time program_options thread 
[0.921s] -- Found ament_lint_auto: 0.19.2 (/opt/ros/kilted/share/ament_lint_auto/cmake)
[1.000s] -- Added test 'cppcheck' to perform static code analysis on C / C++ code
[1.001s] -- Configured cppcheck include dirs: 
[1.001s] -- Configured cppcheck exclude dirs and/or files: 
[1.001s] -- Added test 'flake8' to check Python code syntax and style conventions
[1.001s] -- Configured 'flake8' exclude dirs and/or files: 
[1.002s] -- Added test 'lint_cmake' to check CMake code style
[1.002s] -- Added test 'pep257' to check Python code against some of the docstring style conventions in PEP 257
[1.004s] -- Added test 'uncrustify' to check C / C++ code style
[1.004s] -- Configured uncrustify additional arguments: 
[1.004s] -- Added test 'xmllint' to check XML markup files
[1.004s] -- Configuring done (1.0s)
[1.026s] -- Generating done (0.0s)
[1.030s] -- Build files have been written to: /home/daniel-choate/paml_ros2/build/ur3_demo
[1.090s] [100%] Built target move_demo
[1.101s] Invoked command in '/home/daniel-choate/paml_ros2/build/ur3_demo' returned '0': CMAKE_PREFIX_PATH=${CMAKE_PREFIX_PATH}:/home/daniel-choate/paml_ros2/install/mapping_planner:/home/daniel-choate/paml_ros2/install/mapping_executor:/home/daniel-choate/ws_moveit/install/moveit_configs_utils:/opt/ros/kilted DEBUGINFOD_URLS=https://debuginfod.ubuntu.com /usr/bin/cmake --build /home/daniel-choate/paml_ros2/build/ur3_demo -- -j20 -l20
[1.103s] Invoking command in '/home/daniel-choate/paml_ros2/build/ur3_demo': CMAKE_PREFIX_PATH=${CMAKE_PREFIX_PATH}:/home/daniel-choate/paml_ros2/install/mapping_planner:/home/daniel-choate/paml_ros2/install/mapping_executor:/home/daniel-choate/ws_moveit/install/moveit_configs_utils:/opt/ros/kilted DEBUGINFOD_URLS=https://debuginfod.ubuntu.com /usr/bin/cmake --install /home/daniel-choate/paml_ros2/build/ur3_demo
[1.113s] -- Install configuration: ""
[1.113s] -- Up-to-date: /home/daniel-choate/paml_ros2/install/ur3_demo/lib/ur3_demo/move_demo
[1.113s] -- Installing: /home/daniel-choate/paml_ros2/install/ur3_demo/share/ur3_demo/launch
[1.114s] -- Installing: /home/daniel-choate/paml_ros2/install/ur3_demo/share/ur3_demo/launch/launch.py
[1.114s] -- Up-to-date: /home/daniel-choate/paml_ros2/install/ur3_demo/share/ament_index/resource_index/package_run_dependencies/ur3_demo
[1.114s] -- Up-to-date: /home/daniel-choate/paml_ros2/install/ur3_demo/share/ament_index/resource_index/parent_prefix_path/ur3_demo
[1.114s] -- Up-to-date: /home/daniel-choate/paml_ros2/install/ur3_demo/share/ur3_demo/environment/ament_prefix_path.sh
[1.114s] -- Up-to-date: /home/daniel-choate/paml_ros2/install/ur3_demo/share/ur3_demo/environment/ament_prefix_path.dsv
[1.114s] -- Up-to-date: /home/daniel-choate/paml_ros2/install/ur3_demo/share/ur3_demo/environment/path.sh
[1.114s] -- Up-to-date: /home/daniel-choate/paml_ros2/install/ur3_demo/share/ur3_demo/environment/path.dsv
[1.114s] -- Up-to-date: /home/daniel-choate/paml_ros2/install/ur3_demo/share/ur3_demo/local_setup.bash
[1.114s] -- Up-to-date: /home/daniel-choate/paml_ros2/install/ur3_demo/share/ur3_demo/local_setup.sh
[1.115s] -- Up-to-date: /home/daniel-choate/paml_ros2/install/ur3_demo/share/ur3_demo/local_setup.zsh
[1.115s] -- Up-to-date: /home/daniel-choate/paml_ros2/install/ur3_demo/share/ur3_demo/local_setup.dsv
[1.115s] -- Installing: /home/daniel-choate/paml_ros2/install/ur3_demo/share/ur3_demo/package.dsv
[1.115s] -- Up-to-date: /home/daniel-choate/paml_ros2/install/ur3_demo/share/ament_index/resource_index/packages/ur3_demo
[1.115s] -- Up-to-date: /home/daniel-choate/paml_ros2/install/ur3_demo/share/ur3_demo/cmake/ur3_demoConfig.cmake
[1.115s] -- Up-to-date: /home/daniel-choate/paml_ros2/install/ur3_demo/share/ur3_demo/cmake/ur3_demoConfig-version.cmake
[1.115s] -- Up-to-date: /home/daniel-choate/paml_ros2/install/ur3_demo/share/ur3_demo/package.xml
[1.116s] Invoked command in '/home/daniel-choate/paml_ros2/build/ur3_demo' returned '0': CMAKE_PREFIX_PATH=${CMAKE_PREFIX_PATH}:/home/daniel-choate/paml_ros2/install/mapping_planner:/home/daniel-choate/paml_ros2/install/mapping_executor:/home/daniel-choate/ws_moveit/install/moveit_configs_utils:/opt/ros/kilted DEBUGINFOD_URLS=https://debuginfod.ubuntu.com /usr/bin/cmake --install /home/daniel-choate/paml_ros2/build/ur3_demo
