[2.244s] Invoking command in '/home/daniel-choate/paml_ros2/src/map_builder': DEBUGINFOD_URLS=https://debuginfod.ubuntu.com PYTHONPATH=/home/daniel-choate/paml_ros2/build/map_builder/prefix_override:/usr/lib/python3/dist-packages/colcon_core/task/python/colcon_distutils_commands:/home/daniel-choate/paml_ros2/install/map_builder/lib/python3.12/site-packages:${PYTHONPATH} /usr/bin/python3 -W ignore:setup.py install is deprecated -W ignore:easy_install command is deprecated setup.py egg_info --egg-base ../../build/map_builder build --build-base /home/daniel-choate/paml_ros2/build/map_builder/build install --record /home/daniel-choate/paml_ros2/build/map_builder/install.log --single-version-externally-managed install_data
[2.661s] running egg_info
[2.692s] writing ../../build/map_builder/map_builder.egg-info/PKG-INFO
[2.693s] writing dependency_links to ../../build/map_builder/map_builder.egg-info/dependency_links.txt
[2.693s] writing entry points to ../../build/map_builder/map_builder.egg-info/entry_points.txt
[2.693s] writing requirements to ../../build/map_builder/map_builder.egg-info/requires.txt
[2.693s] writing top-level names to ../../build/map_builder/map_builder.egg-info/top_level.txt
[2.757s] reading manifest file '../../build/map_builder/map_builder.egg-info/SOURCES.txt'
[2.757s] adding license file 'LICENSE'
[2.758s] writing manifest file '../../build/map_builder/map_builder.egg-info/SOURCES.txt'
[2.758s] running build
[2.758s] running build_py
[2.758s] running install
[2.766s] running install_lib
[2.799s] running install_data
[2.799s] running install_egg_info
[2.832s] removing '/home/daniel-choate/paml_ros2/install/map_builder/lib/python3.12/site-packages/map_builder-0.0.0-py3.12.egg-info' (and everything under it)
[2.833s] Copying ../../build/map_builder/map_builder.egg-info to /home/daniel-choate/paml_ros2/install/map_builder/lib/python3.12/site-packages/map_builder-0.0.0-py3.12.egg-info
[2.833s] running install_scripts
[3.035s] Installing map_builder_node script to /home/daniel-choate/paml_ros2/install/map_builder/lib/map_builder
[3.036s] writing list of installed files to '/home/daniel-choate/paml_ros2/build/map_builder/install.log'
[3.091s] Invoked command in '/home/daniel-choate/paml_ros2/src/map_builder' returned '0': DEBUGINFOD_URLS=https://debuginfod.ubuntu.com PYTHONPATH=/home/daniel-choate/paml_ros2/build/map_builder/prefix_override:/usr/lib/python3/dist-packages/colcon_core/task/python/colcon_distutils_commands:/home/daniel-choate/paml_ros2/install/map_builder/lib/python3.12/site-packages:${PYTHONPATH} /usr/bin/python3 -W ignore:setup.py install is deprecated -W ignore:easy_install command is deprecated setup.py egg_info --egg-base ../../build/map_builder build --build-base /home/daniel-choate/paml_ros2/build/map_builder/build install --record /home/daniel-choate/paml_ros2/build/map_builder/install.log --single-version-externally-managed install_data
