[1.568s] Invoking command in '/home/daniel-choate/paml_ros2/src/mapping_executor': AMENT_PREFIX_PATH=/home/daniel-choate/paml_ros2/install/mapping_interfaces:${AMENT_PREFIX_PATH} CMAKE_PREFIX_PATH=/home/daniel-choate/paml_ros2/install/mapping_interfaces:${CMAKE_PREFIX_PATH} DEBUGINFOD_URLS=https://debuginfod.ubuntu.com LD_LIBRARY_PATH=/home/daniel-choate/paml_ros2/install/mapping_interfaces/lib:/opt/ros/kilted/opt/gz_sim_vendor/lib:/opt/ros/kilted/opt/gz_sensors_vendor/lib:/opt/ros/kilted/opt/gz_physics_vendor/lib:/opt/ros/kilted/opt/sdformat_vendor/lib:/opt/ros/kilted/opt/gz_gui_vendor/lib:/opt/ros/kilted/opt/gz_transport_vendor/lib:/opt/ros/kilted/opt/gz_rendering_vendor/lib:/opt/ros/kilted/opt/gz_plugin_vendor/lib:/opt/ros/kilted/opt/gz_fuel_tools_vendor/lib:/opt/ros/kilted/opt/gz_msgs_vendor/lib:/opt/ros/kilted/opt/gz_common_vendor/lib:/opt/ros/kilted/opt/gz_math_vendor/lib:/opt/ros/kilted/opt/gz_utils_vendor/lib:/opt/ros/kilted/opt/rviz_ogre_vendor/lib:/opt/ros/kilted/lib/x86_64-linux-gnu:/opt/ros/kilted/opt/gz_tools_vendor/lib:/opt/ros/kilted/opt/gz_ogre_next_vendor/lib:/opt/ros/kilted/opt/gz_dartsim_vendor/lib:/opt/ros/kilted/opt/gz_cmake_vendor/lib:/opt/ros/kilted/lib:/usr/local/lib PYTHONPATH=/home/daniel-choate/paml_ros2/build/mapping_executor/prefix_override:/usr/lib/python3/dist-packages/colcon_core/task/python/colcon_distutils_commands:/home/daniel-choate/paml_ros2/install/mapping_executor/lib/python3.12/site-packages:/home/daniel-choate/paml_ros2/install/mapping_interfaces/lib/python3.12/site-packages:${PYTHONPATH} /usr/bin/python3 -W ignore:setup.py install is deprecated -W ignore:easy_install command is deprecated setup.py egg_info --egg-base ../../build/mapping_executor build --build-base /home/daniel-choate/paml_ros2/build/mapping_executor/build install --record /home/daniel-choate/paml_ros2/build/mapping_executor/install.log --single-version-externally-managed install_data
[1.988s] running egg_info
[2.021s] writing ../../build/mapping_executor/mapping_executor.egg-info/PKG-INFO
[2.021s] writing dependency_links to ../../build/mapping_executor/mapping_executor.egg-info/dependency_links.txt
[2.021s] writing entry points to ../../build/mapping_executor/mapping_executor.egg-info/entry_points.txt
[2.022s] writing requirements to ../../build/mapping_executor/mapping_executor.egg-info/requires.txt
[2.022s] writing top-level names to ../../build/mapping_executor/mapping_executor.egg-info/top_level.txt
[2.085s] reading manifest file '../../build/mapping_executor/mapping_executor.egg-info/SOURCES.txt'
[2.086s] adding license file 'LICENSE'
[2.087s] writing manifest file '../../build/mapping_executor/mapping_executor.egg-info/SOURCES.txt'
[2.087s] running build
[2.087s] running build_py
[2.087s] running install
[2.095s] running install_lib
[2.126s] running install_data
[2.126s] running install_egg_info
[2.158s] removing '/home/daniel-choate/paml_ros2/install/mapping_executor/lib/python3.12/site-packages/mapping_executor-0.0.0-py3.12.egg-info' (and everything under it)
[2.158s] Copying ../../build/mapping_executor/mapping_executor.egg-info to /home/daniel-choate/paml_ros2/install/mapping_executor/lib/python3.12/site-packages/mapping_executor-0.0.0-py3.12.egg-info
[2.160s] running install_scripts
[2.352s] Installing mapping_client script to /home/daniel-choate/paml_ros2/install/mapping_executor/lib/mapping_executor
[2.353s] Installing mapping_executor script to /home/daniel-choate/paml_ros2/install/mapping_executor/lib/mapping_executor
[2.353s] Installing test_moveit script to /home/daniel-choate/paml_ros2/install/mapping_executor/lib/mapping_executor
[2.353s] Installing ur3_executor script to /home/daniel-choate/paml_ros2/install/mapping_executor/lib/mapping_executor
[2.353s] writing list of installed files to '/home/daniel-choate/paml_ros2/build/mapping_executor/install.log'
[2.385s] Invoked command in '/home/daniel-choate/paml_ros2/src/mapping_executor' returned '0': AMENT_PREFIX_PATH=/home/daniel-choate/paml_ros2/install/mapping_interfaces:${AMENT_PREFIX_PATH} CMAKE_PREFIX_PATH=/home/daniel-choate/paml_ros2/install/mapping_interfaces:${CMAKE_PREFIX_PATH} DEBUGINFOD_URLS=https://debuginfod.ubuntu.com LD_LIBRARY_PATH=/home/daniel-choate/paml_ros2/install/mapping_interfaces/lib:/opt/ros/kilted/opt/gz_sim_vendor/lib:/opt/ros/kilted/opt/gz_sensors_vendor/lib:/opt/ros/kilted/opt/gz_physics_vendor/lib:/opt/ros/kilted/opt/sdformat_vendor/lib:/opt/ros/kilted/opt/gz_gui_vendor/lib:/opt/ros/kilted/opt/gz_transport_vendor/lib:/opt/ros/kilted/opt/gz_rendering_vendor/lib:/opt/ros/kilted/opt/gz_plugin_vendor/lib:/opt/ros/kilted/opt/gz_fuel_tools_vendor/lib:/opt/ros/kilted/opt/gz_msgs_vendor/lib:/opt/ros/kilted/opt/gz_common_vendor/lib:/opt/ros/kilted/opt/gz_math_vendor/lib:/opt/ros/kilted/opt/gz_utils_vendor/lib:/opt/ros/kilted/opt/rviz_ogre_vendor/lib:/opt/ros/kilted/lib/x86_64-linux-gnu:/opt/ros/kilted/opt/gz_tools_vendor/lib:/opt/ros/kilted/opt/gz_ogre_next_vendor/lib:/opt/ros/kilted/opt/gz_dartsim_vendor/lib:/opt/ros/kilted/opt/gz_cmake_vendor/lib:/opt/ros/kilted/lib:/usr/local/lib PYTHONPATH=/home/daniel-choate/paml_ros2/build/mapping_executor/prefix_override:/usr/lib/python3/dist-packages/colcon_core/task/python/colcon_distutils_commands:/home/daniel-choate/paml_ros2/install/mapping_executor/lib/python3.12/site-packages:/home/daniel-choate/paml_ros2/install/mapping_interfaces/lib/python3.12/site-packages:${PYTHONPATH} /usr/bin/python3 -W ignore:setup.py install is deprecated -W ignore:easy_install command is deprecated setup.py egg_info --egg-base ../../build/mapping_executor build --build-base /home/daniel-choate/paml_ros2/build/mapping_executor/build install --record /home/daniel-choate/paml_ros2/build/mapping_executor/install.log --single-version-externally-managed install_data
