[0.078s] Invoking command in '/home/daniel-choate/paml_ros2/build/mapping_interfaces': CMAKE_PREFIX_PATH=${CMAKE_PREFIX_PATH}:/home/daniel-choate/paml_ros2/install/ur3_movement:/home/daniel-choate/paml_ros2/install/rgbd_capture:/home/daniel-choate/paml_ros2/install/mapping_planner:/home/daniel-choate/paml_ros2/install/mapping_executor:/home/daniel-choate/paml_ros2/install/map_builder:/home/daniel-choate/paml_ros2/install/localization_bringup:/opt/ros/kilted DEBUGINFOD_URLS=https://debuginfod.ubuntu.com /usr/bin/cmake --build /home/daniel-choate/paml_ros2/build/mapping_interfaces -- -j20 -l20
[1.540s] [  1%] Built target mapping_interfaces__rs
[1.540s] [  3%] Built target mapping_interfaces__rosidl_generator_type_description
[1.541s] [  3%] Built target ament_cmake_python_copy_mapping_interfaces
[1.541s] [  4%] Built target mapping_interfaces__cpp
[1.542s] [ 26%] Built target mapping_interfaces__rosidl_generator_c
[1.542s] [ 35%] Built target mapping_interfaces__rosidl_typesupport_c
[1.543s] [ 44%] Built target mapping_interfaces__rosidl_typesupport_introspection_c
[1.543s] [ 53%] Built target mapping_interfaces__rosidl_typesupport_fastrtps_c
[1.543s] [ 63%] Built target mapping_interfaces__rosidl_typesupport_fastrtps_cpp
[1.544s] [ 72%] Built target mapping_interfaces__rosidl_typesupport_cpp
[1.544s] [ 81%] Built target mapping_interfaces__rosidl_typesupport_introspection_cpp
[1.544s] [ 81%] Built target mapping_interfaces
[1.544s] [ 83%] Built target mapping_interfaces__py
[1.544s] [ 90%] Built target mapping_interfaces__rosidl_generator_py
[1.544s] [ 93%] Built target mapping_interfaces_s__rosidl_typesupport_fastrtps_c
[1.545s] [ 96%] Built target mapping_interfaces_s__rosidl_typesupport_c
[1.546s] [100%] Built target mapping_interfaces_s__rosidl_typesupport_introspection_c
[1.546s] running egg_info
[1.546s] writing mapping_interfaces.egg-info/PKG-INFO
[1.547s] writing dependency_links to mapping_interfaces.egg-info/dependency_links.txt
[1.547s] writing top-level names to mapping_interfaces.egg-info/top_level.txt
[1.548s] reading manifest file 'mapping_interfaces.egg-info/SOURCES.txt'
[1.548s] writing manifest file 'mapping_interfaces.egg-info/SOURCES.txt'
[1.549s] [100%] Built target ament_cmake_python_build_mapping_interfaces_egg
[1.549s] Invoked command in '/home/daniel-choate/paml_ros2/build/mapping_interfaces' returned '0': CMAKE_PREFIX_PATH=${CMAKE_PREFIX_PATH}:/home/daniel-choate/paml_ros2/install/ur3_movement:/home/daniel-choate/paml_ros2/install/rgbd_capture:/home/daniel-choate/paml_ros2/install/mapping_planner:/home/daniel-choate/paml_ros2/install/mapping_executor:/home/daniel-choate/paml_ros2/install/map_builder:/home/daniel-choate/paml_ros2/install/localization_bringup:/opt/ros/kilted DEBUGINFOD_URLS=https://debuginfod.ubuntu.com /usr/bin/cmake --build /home/daniel-choate/paml_ros2/build/mapping_interfaces -- -j20 -l20
[1.574s] Invoking command in '/home/daniel-choate/paml_ros2/build/mapping_interfaces': CMAKE_PREFIX_PATH=${CMAKE_PREFIX_PATH}:/home/daniel-choate/paml_ros2/install/ur3_movement:/home/daniel-choate/paml_ros2/install/rgbd_capture:/home/daniel-choate/paml_ros2/install/mapping_planner:/home/daniel-choate/paml_ros2/install/mapping_executor:/home/daniel-choate/paml_ros2/install/map_builder:/home/daniel-choate/paml_ros2/install/localization_bringup:/opt/ros/kilted DEBUGINFOD_URLS=https://debuginfod.ubuntu.com /usr/bin/cmake --install /home/daniel-choate/paml_ros2/build/mapping_interfaces
[2.067s] -- Install configuration: ""
[2.068s] -- Up-to-date: /home/daniel-choate/paml_ros2/install/mapping_interfaces/share/ament_index/resource_index/rosidl_interfaces/mapping_interfaces
[2.068s] -- Up-to-date: /home/daniel-choate/paml_ros2/install/mapping_interfaces/share/mapping_interfaces/srv/GenerateMappingPlan.json
[2.069s] -- Up-to-date: /home/daniel-choate/paml_ros2/install/mapping_interfaces/share/mapping_interfaces/srv/ExecuteMappingPlan.json
[2.069s] -- Up-to-date: /home/daniel-choate/paml_ros2/install/mapping_interfaces/share/mapping_interfaces/srv/CaptureFrame.json
[2.069s] -- Up-to-date: /home/daniel-choate/paml_ros2/install/mapping_interfaces/share/mapping_interfaces/srv/IntegrateFrame.json
[2.070s] -- Up-to-date: /home/daniel-choate/paml_ros2/install/mapping_interfaces/include/mapping_interfaces/mapping_interfaces
[2.071s] -- Up-to-date: /home/daniel-choate/paml_ros2/install/mapping_interfaces/include/mapping_interfaces/mapping_interfaces/msg
[2.072s] -- Up-to-date: /home/daniel-choate/paml_ros2/install/mapping_interfaces/include/mapping_interfaces/mapping_interfaces/msg/rosidl_generator_c__visibility_control.h
[2.072s] -- Up-to-date: /home/daniel-choate/paml_ros2/install/mapping_interfaces/include/mapping_interfaces/mapping_interfaces/srv
[2.072s] -- Up-to-date: /home/daniel-choate/paml_ros2/install/mapping_interfaces/include/mapping_interfaces/mapping_interfaces/srv/integrate_frame.h
[2.072s] -- Up-to-date: /home/daniel-choate/paml_ros2/install/mapping_interfaces/include/mapping_interfaces/mapping_interfaces/srv/execute_mapping_plan.h
[2.072s] -- Up-to-date: /home/daniel-choate/paml_ros2/install/mapping_interfaces/include/mapping_interfaces/mapping_interfaces/srv/detail
[2.072s] -- Up-to-date: /home/daniel-choate/paml_ros2/install/mapping_interfaces/include/mapping_interfaces/mapping_interfaces/srv/detail/capture_frame__type_support.c
[2.072s] -- Up-to-date: /home/daniel-choate/paml_ros2/install/mapping_interfaces/include/mapping_interfaces/mapping_interfaces/srv/detail/integrate_frame__functions.h
[2.073s] -- Up-to-date: /home/daniel-choate/paml_ros2/install/mapping_interfaces/include/mapping_interfaces/mapping_interfaces/srv/detail/integrate_frame__type_support.h
[2.073s] -- Up-to-date: /home/daniel-choate/paml_ros2/install/mapping_interfaces/include/mapping_interfaces/mapping_interfaces/srv/detail/execute_mapping_plan__functions.c
[2.074s] -- Up-to-date: /home/daniel-choate/paml_ros2/install/mapping_interfaces/include/mapping_interfaces/mapping_interfaces/srv/detail/generate_mapping_plan__description.c
[2.074s] -- Up-to-date: /home/daniel-choate/paml_ros2/install/mapping_interfaces/include/mapping_interfaces/mapping_interfaces/srv/detail/capture_frame__type_support.h
[2.074s] -- Up-to-date: /home/daniel-choate/paml_ros2/install/mapping_interfaces/include/mapping_interfaces/mapping_interfaces/srv/detail/execute_mapping_plan__struct.h
[2.074s] -- Up-to-date: /home/daniel-choate/paml_ros2/install/mapping_interfaces/include/mapping_interfaces/mapping_interfaces/srv/detail/capture_frame__functions.c
[2.074s] -- Up-to-date: /home/daniel-choate/paml_ros2/install/mapping_interfaces/include/mapping_interfaces/mapping_interfaces/srv/detail/generate_mapping_plan__functions.h
[2.075s] -- Up-to-date: /home/daniel-choate/paml_ros2/install/mapping_interfaces/include/mapping_interfaces/mapping_interfaces/srv/detail/execute_mapping_plan__description.c
[2.075s] -- Up-to-date: /home/daniel-choate/paml_ros2/install/mapping_interfaces/include/mapping_interfaces/mapping_interfaces/srv/detail/generate_mapping_plan__struct.h
[2.075s] -- Up-to-date: /home/daniel-choate/paml_ros2/install/mapping_interfaces/include/mapping_interfaces/mapping_interfaces/srv/detail/generate_mapping_plan__functions.c
[2.075s] -- Up-to-date: /home/daniel-choate/paml_ros2/install/mapping_interfaces/include/mapping_interfaces/mapping_interfaces/srv/detail/integrate_frame__struct.h
[2.075s] -- Up-to-date: /home/daniel-choate/paml_ros2/install/mapping_interfaces/include/mapping_interfaces/mapping_interfaces/srv/detail/integrate_frame__description.c
[2.075s] -- Up-to-date: /home/daniel-choate/paml_ros2/install/mapping_interfaces/include/mapping_interfaces/mapping_interfaces/srv/detail/capture_frame__functions.h
[2.076s] -- Up-to-date: /home/daniel-choate/paml_ros2/install/mapping_interfaces/include/mapping_interfaces/mapping_interfaces/srv/detail/capture_frame__struct.h
[2.076s] -- Up-to-date: /home/daniel-choate/paml_ros2/install/mapping_interfaces/include/mapping_interfaces/mapping_interfaces/srv/detail/execute_mapping_plan__functions.h
[2.076s] -- Up-to-date: /home/daniel-choate/paml_ros2/install/mapping_interfaces/include/mapping_interfaces/mapping_interfaces/srv/detail/execute_mapping_plan__type_support.h
[2.076s] -- Up-to-date: /home/daniel-choate/paml_ros2/install/mapping_interfaces/include/mapping_interfaces/mapping_interfaces/srv/detail/capture_frame__description.c
[2.076s] -- Up-to-date: /home/daniel-choate/paml_ros2/install/mapping_interfaces/include/mapping_interfaces/mapping_interfaces/srv/detail/generate_mapping_plan__type_support.c
[2.076s] -- Up-to-date: /home/daniel-choate/paml_ros2/install/mapping_interfaces/include/mapping_interfaces/mapping_interfaces/srv/detail/generate_mapping_plan__type_support.h
[2.076s] -- Up-to-date: /home/daniel-choate/paml_ros2/install/mapping_interfaces/include/mapping_interfaces/mapping_interfaces/srv/detail/execute_mapping_plan__type_support.c
[2.077s] -- Up-to-date: /home/daniel-choate/paml_ros2/install/mapping_interfaces/include/mapping_interfaces/mapping_interfaces/srv/detail/integrate_frame__functions.c
[2.078s] -- Up-to-date: /home/daniel-choate/paml_ros2/install/mapping_interfaces/include/mapping_interfaces/mapping_interfaces/srv/detail/integrate_frame__type_support.c
[2.078s] -- Up-to-date: /home/daniel-choate/paml_ros2/install/mapping_interfaces/include/mapping_interfaces/mapping_interfaces/srv/capture_frame.h
[2.078s] -- Up-to-date: /home/daniel-choate/paml_ros2/install/mapping_interfaces/include/mapping_interfaces/mapping_interfaces/srv/generate_mapping_plan.h
[2.078s] -- Up-to-date: /home/daniel-choate/paml_ros2/install/mapping_interfaces/share/mapping_interfaces/environment/library_path.sh
[2.078s] -- Up-to-date: /home/daniel-choate/paml_ros2/install/mapping_interfaces/share/mapping_interfaces/environment/library_path.dsv
[2.078s] -- Up-to-date: /home/daniel-choate/paml_ros2/install/mapping_interfaces/lib/libmapping_interfaces__rosidl_generator_c.so
[2.079s] -- Up-to-date: /home/daniel-choate/paml_ros2/install/mapping_interfaces/include/mapping_interfaces/mapping_interfaces
[2.079s] -- Up-to-date: /home/daniel-choate/paml_ros2/install/mapping_interfaces/include/mapping_interfaces/mapping_interfaces/msg
[2.079s] -- Up-to-date: /home/daniel-choate/paml_ros2/install/mapping_interfaces/include/mapping_interfaces/mapping_interfaces/msg/rosidl_typesupport_fastrtps_c__visibility_control.h
[2.079s] -- Up-to-date: /home/daniel-choate/paml_ros2/install/mapping_interfaces/include/mapping_interfaces/mapping_interfaces/srv
[2.079s] -- Up-to-date: /home/daniel-choate/paml_ros2/install/mapping_interfaces/include/mapping_interfaces/mapping_interfaces/srv/detail
[2.079s] -- Up-to-date: /home/daniel-choate/paml_ros2/install/mapping_interfaces/include/mapping_interfaces/mapping_interfaces/srv/detail/generate_mapping_plan__rosidl_typesupport_fastrtps_c.h
[2.079s] -- Up-to-date: /home/daniel-choate/paml_ros2/install/mapping_interfaces/include/mapping_interfaces/mapping_interfaces/srv/detail/execute_mapping_plan__rosidl_typesupport_fastrtps_c.h
[2.081s] -- Up-to-date: /home/daniel-choate/paml_ros2/install/mapping_interfaces/include/mapping_interfaces/mapping_interfaces/srv/detail/capture_frame__rosidl_typesupport_fastrtps_c.h
[2.081s] -- Up-to-date: /home/daniel-choate/paml_ros2/install/mapping_interfaces/include/mapping_interfaces/mapping_interfaces/srv/detail/integrate_frame__rosidl_typesupport_fastrtps_c.h
[2.081s] -- Up-to-date: /home/daniel-choate/paml_ros2/install/mapping_interfaces/lib/libmapping_interfaces__rosidl_typesupport_fastrtps_c.so
[2.081s] -- Up-to-date: /home/daniel-choate/paml_ros2/install/mapping_interfaces/include/mapping_interfaces/mapping_interfaces
[2.081s] -- Up-to-date: /home/daniel-choate/paml_ros2/install/mapping_interfaces/include/mapping_interfaces/mapping_interfaces/msg
[2.082s] -- Up-to-date: /home/daniel-choate/paml_ros2/install/mapping_interfaces/include/mapping_interfaces/mapping_interfaces/msg/rosidl_generator_cpp__visibility_control.hpp
[2.082s] -- Up-to-date: /home/daniel-choate/paml_ros2/install/mapping_interfaces/include/mapping_interfaces/mapping_interfaces/srv
[2.082s] -- Up-to-date: /home/daniel-choate/paml_ros2/install/mapping_interfaces/include/mapping_interfaces/mapping_interfaces/srv/generate_mapping_plan.hpp
[2.082s] -- Up-to-date: /home/daniel-choate/paml_ros2/install/mapping_interfaces/include/mapping_interfaces/mapping_interfaces/srv/detail
[2.082s] -- Up-to-date: /home/daniel-choate/paml_ros2/install/mapping_interfaces/include/mapping_interfaces/mapping_interfaces/srv/detail/integrate_frame__type_support.hpp
[2.082s] -- Up-to-date: /home/daniel-choate/paml_ros2/install/mapping_interfaces/include/mapping_interfaces/mapping_interfaces/srv/detail/generate_mapping_plan__type_support.hpp
[2.082s] -- Up-to-date: /home/daniel-choate/paml_ros2/install/mapping_interfaces/include/mapping_interfaces/mapping_interfaces/srv/detail/execute_mapping_plan__type_support.hpp
[2.083s] -- Up-to-date: /home/daniel-choate/paml_ros2/install/mapping_interfaces/include/mapping_interfaces/mapping_interfaces/srv/detail/capture_frame__struct.hpp
[2.083s] -- Up-to-date: /home/daniel-choate/paml_ros2/install/mapping_interfaces/include/mapping_interfaces/mapping_interfaces/srv/detail/generate_mapping_plan__struct.hpp
[2.083s] -- Up-to-date: /home/daniel-choate/paml_ros2/install/mapping_interfaces/include/mapping_interfaces/mapping_interfaces/srv/detail/execute_mapping_plan__struct.hpp
[2.083s] -- Up-to-date: /home/daniel-choate/paml_ros2/install/mapping_interfaces/include/mapping_interfaces/mapping_interfaces/srv/detail/integrate_frame__struct.hpp
[2.083s] -- Up-to-date: /home/daniel-choate/paml_ros2/install/mapping_interfaces/include/mapping_interfaces/mapping_interfaces/srv/detail/capture_frame__type_support.hpp
[2.083s] -- Up-to-date: /home/daniel-choate/paml_ros2/install/mapping_interfaces/include/mapping_interfaces/mapping_interfaces/srv/detail/execute_mapping_plan__builder.hpp
[2.083s] -- Up-to-date: /home/daniel-choate/paml_ros2/install/mapping_interfaces/include/mapping_interfaces/mapping_interfaces/srv/detail/execute_mapping_plan__traits.hpp
[2.084s] -- Up-to-date: /home/daniel-choate/paml_ros2/install/mapping_interfaces/include/mapping_interfaces/mapping_interfaces/srv/detail/generate_mapping_plan__traits.hpp
[2.084s] -- Up-to-date: /home/daniel-choate/paml_ros2/install/mapping_interfaces/include/mapping_interfaces/mapping_interfaces/srv/detail/integrate_frame__traits.hpp
[2.084s] -- Up-to-date: /home/daniel-choate/paml_ros2/install/mapping_interfaces/include/mapping_interfaces/mapping_interfaces/srv/detail/generate_mapping_plan__builder.hpp
[2.084s] -- Up-to-date: /home/daniel-choate/paml_ros2/install/mapping_interfaces/include/mapping_interfaces/mapping_interfaces/srv/detail/capture_frame__builder.hpp
[2.084s] -- Up-to-date: /home/daniel-choate/paml_ros2/install/mapping_interfaces/include/mapping_interfaces/mapping_interfaces/srv/detail/integrate_frame__builder.hpp
[2.085s] -- Up-to-date: /home/daniel-choate/paml_ros2/install/mapping_interfaces/include/mapping_interfaces/mapping_interfaces/srv/detail/capture_frame__traits.hpp
[2.086s] -- Up-to-date: /home/daniel-choate/paml_ros2/install/mapping_interfaces/include/mapping_interfaces/mapping_interfaces/srv/integrate_frame.hpp
[2.086s] -- Up-to-date: /home/daniel-choate/paml_ros2/install/mapping_interfaces/include/mapping_interfaces/mapping_interfaces/srv/execute_mapping_plan.hpp
[2.086s] -- Up-to-date: /home/daniel-choate/paml_ros2/install/mapping_interfaces/include/mapping_interfaces/mapping_interfaces/srv/capture_frame.hpp
[2.086s] -- Up-to-date: /home/daniel-choate/paml_ros2/install/mapping_interfaces/include/mapping_interfaces/mapping_interfaces
[2.086s] -- Up-to-date: /home/daniel-choate/paml_ros2/install/mapping_interfaces/include/mapping_interfaces/mapping_interfaces/msg
[2.086s] -- Up-to-date: /home/daniel-choate/paml_ros2/install/mapping_interfaces/include/mapping_interfaces/mapping_interfaces/msg/rosidl_typesupport_fastrtps_cpp__visibility_control.h
[2.087s] -- Up-to-date: /home/daniel-choate/paml_ros2/install/mapping_interfaces/include/mapping_interfaces/mapping_interfaces/srv
[2.087s] -- Up-to-date: /home/daniel-choate/paml_ros2/install/mapping_interfaces/include/mapping_interfaces/mapping_interfaces/srv/detail
[2.087s] -- Up-to-date: /home/daniel-choate/paml_ros2/install/mapping_interfaces/include/mapping_interfaces/mapping_interfaces/srv/detail/dds_fastrtps
[2.087s] -- Up-to-date: /home/daniel-choate/paml_ros2/install/mapping_interfaces/include/mapping_interfaces/mapping_interfaces/srv/detail/generate_mapping_plan__rosidl_typesupport_fastrtps_cpp.hpp
[2.087s] -- Up-to-date: /home/daniel-choate/paml_ros2/install/mapping_interfaces/include/mapping_interfaces/mapping_interfaces/srv/detail/execute_mapping_plan__rosidl_typesupport_fastrtps_cpp.hpp
[2.087s] -- Up-to-date: /home/daniel-choate/paml_ros2/install/mapping_interfaces/include/mapping_interfaces/mapping_interfaces/srv/detail/integrate_frame__rosidl_typesupport_fastrtps_cpp.hpp
[2.088s] -- Up-to-date: /home/daniel-choate/paml_ros2/install/mapping_interfaces/include/mapping_interfaces/mapping_interfaces/srv/detail/capture_frame__rosidl_typesupport_fastrtps_cpp.hpp
[2.088s] -- Up-to-date: /home/daniel-choate/paml_ros2/install/mapping_interfaces/lib/libmapping_interfaces__rosidl_typesupport_fastrtps_cpp.so
[2.088s] -- Up-to-date: /home/daniel-choate/paml_ros2/install/mapping_interfaces/include/mapping_interfaces/mapping_interfaces
[2.088s] -- Up-to-date: /home/daniel-choate/paml_ros2/install/mapping_interfaces/include/mapping_interfaces/mapping_interfaces/msg
[2.088s] -- Up-to-date: /home/daniel-choate/paml_ros2/install/mapping_interfaces/include/mapping_interfaces/mapping_interfaces/msg/rosidl_typesupport_introspection_c__visibility_control.h
[2.088s] -- Up-to-date: /home/daniel-choate/paml_ros2/install/mapping_interfaces/include/mapping_interfaces/mapping_interfaces/srv
[2.088s] -- Up-to-date: /home/daniel-choate/paml_ros2/install/mapping_interfaces/include/mapping_interfaces/mapping_interfaces/srv/detail
[2.089s] -- Up-to-date: /home/daniel-choate/paml_ros2/install/mapping_interfaces/include/mapping_interfaces/mapping_interfaces/srv/detail/capture_frame__type_support.c
[2.089s] -- Up-to-date: /home/daniel-choate/paml_ros2/install/mapping_interfaces/include/mapping_interfaces/mapping_interfaces/srv/detail/execute_mapping_plan__rosidl_typesupport_introspection_c.h
[2.089s] -- Up-to-date: /home/daniel-choate/paml_ros2/install/mapping_interfaces/include/mapping_interfaces/mapping_interfaces/srv/detail/capture_frame__rosidl_typesupport_introspection_c.h
[2.089s] -- Up-to-date: /home/daniel-choate/paml_ros2/install/mapping_interfaces/include/mapping_interfaces/mapping_interfaces/srv/detail/generate_mapping_plan__rosidl_typesupport_introspection_c.h
[2.089s] -- Up-to-date: /home/daniel-choate/paml_ros2/install/mapping_interfaces/include/mapping_interfaces/mapping_interfaces/srv/detail/generate_mapping_plan__type_support.c
[2.089s] -- Up-to-date: /home/daniel-choate/paml_ros2/install/mapping_interfaces/include/mapping_interfaces/mapping_interfaces/srv/detail/execute_mapping_plan__type_support.c
[2.090s] -- Up-to-date: /home/daniel-choate/paml_ros2/install/mapping_interfaces/include/mapping_interfaces/mapping_interfaces/srv/detail/integrate_frame__rosidl_typesupport_introspection_c.h
[2.090s] -- Up-to-date: /home/daniel-choate/paml_ros2/install/mapping_interfaces/include/mapping_interfaces/mapping_interfaces/srv/detail/integrate_frame__type_support.c
[2.090s] -- Up-to-date: /home/daniel-choate/paml_ros2/install/mapping_interfaces/lib/libmapping_interfaces__rosidl_typesupport_introspection_c.so
[2.090s] -- Up-to-date: /home/daniel-choate/paml_ros2/install/mapping_interfaces/lib/libmapping_interfaces__rosidl_typesupport_c.so
[2.090s] -- Up-to-date: /home/daniel-choate/paml_ros2/install/mapping_interfaces/include/mapping_interfaces/mapping_interfaces
[2.090s] -- Up-to-date: /home/daniel-choate/paml_ros2/install/mapping_interfaces/include/mapping_interfaces/mapping_interfaces/srv
[2.091s] -- Up-to-date: /home/daniel-choate/paml_ros2/install/mapping_interfaces/include/mapping_interfaces/mapping_interfaces/srv/detail
[2.091s] -- Up-to-date: /home/daniel-choate/paml_ros2/install/mapping_interfaces/include/mapping_interfaces/mapping_interfaces/srv/detail/integrate_frame__rosidl_typesupport_introspection_cpp.hpp
[2.091s] -- Up-to-date: /home/daniel-choate/paml_ros2/install/mapping_interfaces/include/mapping_interfaces/mapping_interfaces/srv/detail/integrate_frame__type_support.cpp
[2.091s] -- Up-to-date: /home/daniel-choate/paml_ros2/install/mapping_interfaces/include/mapping_interfaces/mapping_interfaces/srv/detail/capture_frame__type_support.cpp
[2.091s] -- Up-to-date: /home/daniel-choate/paml_ros2/install/mapping_interfaces/include/mapping_interfaces/mapping_interfaces/srv/detail/generate_mapping_plan__type_support.cpp
[2.091s] -- Up-to-date: /home/daniel-choate/paml_ros2/install/mapping_interfaces/include/mapping_interfaces/mapping_interfaces/srv/detail/execute_mapping_plan__type_support.cpp
[2.092s] -- Up-to-date: /home/daniel-choate/paml_ros2/install/mapping_interfaces/include/mapping_interfaces/mapping_interfaces/srv/detail/execute_mapping_plan__rosidl_typesupport_introspection_cpp.hpp
[2.092s] -- Up-to-date: /home/daniel-choate/paml_ros2/install/mapping_interfaces/include/mapping_interfaces/mapping_interfaces/srv/detail/capture_frame__rosidl_typesupport_introspection_cpp.hpp
[2.093s] -- Up-to-date: /home/daniel-choate/paml_ros2/install/mapping_interfaces/include/mapping_interfaces/mapping_interfaces/srv/detail/generate_mapping_plan__rosidl_typesupport_introspection_cpp.hpp
[2.094s] -- Up-to-date: /home/daniel-choate/paml_ros2/install/mapping_interfaces/lib/libmapping_interfaces__rosidl_typesupport_introspection_cpp.so
[2.095s] -- Up-to-date: /home/daniel-choate/paml_ros2/install/mapping_interfaces/lib/libmapping_interfaces__rosidl_typesupport_cpp.so
[2.095s] -- Up-to-date: /home/daniel-choate/paml_ros2/install/mapping_interfaces/share/mapping_interfaces/environment/pythonpath.sh
[2.096s] -- Up-to-date: /home/daniel-choate/paml_ros2/install/mapping_interfaces/share/mapping_interfaces/environment/pythonpath.dsv
[2.096s] -- Up-to-date: /home/daniel-choate/paml_ros2/install/mapping_interfaces/lib/python3.12/site-packages/mapping_interfaces-0.0.0-py3.12.egg-info
[2.096s] -- Installing: /home/daniel-choate/paml_ros2/install/mapping_interfaces/lib/python3.12/site-packages/mapping_interfaces-0.0.0-py3.12.egg-info/dependency_links.txt
[2.097s] -- Installing: /home/daniel-choate/paml_ros2/install/mapping_interfaces/lib/python3.12/site-packages/mapping_interfaces-0.0.0-py3.12.egg-info/PKG-INFO
[2.099s] -- Installing: /home/daniel-choate/paml_ros2/install/mapping_interfaces/lib/python3.12/site-packages/mapping_interfaces-0.0.0-py3.12.egg-info/top_level.txt
[2.102s] -- Installing: /home/daniel-choate/paml_ros2/install/mapping_interfaces/lib/python3.12/site-packages/mapping_interfaces-0.0.0-py3.12.egg-info/SOURCES.txt
[2.102s] -- Up-to-date: /home/daniel-choate/paml_ros2/install/mapping_interfaces/lib/python3.12/site-packages/mapping_interfaces
[2.103s] -- Up-to-date: /home/daniel-choate/paml_ros2/install/mapping_interfaces/lib/python3.12/site-packages/mapping_interfaces/_mapping_interfaces_s.ep.rosidl_typesupport_fastrtps_c.c
[2.103s] -- Up-to-date: /home/daniel-choate/paml_ros2/install/mapping_interfaces/lib/python3.12/site-packages/mapping_interfaces/mapping_interfaces_s__rosidl_typesupport_c.so
[2.104s] -- Up-to-date: /home/daniel-choate/paml_ros2/install/mapping_interfaces/lib/python3.12/site-packages/mapping_interfaces/__init__.py
[2.104s] -- Up-to-date: /home/daniel-choate/paml_ros2/install/mapping_interfaces/lib/python3.12/site-packages/mapping_interfaces/_mapping_interfaces_s.ep.rosidl_typesupport_introspection_c.c
[2.104s] -- Up-to-date: /home/daniel-choate/paml_ros2/install/mapping_interfaces/lib/python3.12/site-packages/mapping_interfaces/srv
[2.104s] -- Up-to-date: /home/daniel-choate/paml_ros2/install/mapping_interfaces/lib/python3.12/site-packages/mapping_interfaces/srv/_capture_frame_s.c
[2.104s] -- Up-to-date: /home/daniel-choate/paml_ros2/install/mapping_interfaces/lib/python3.12/site-packages/mapping_interfaces/srv/_generate_mapping_plan.py
[2.104s] -- Up-to-date: /home/daniel-choate/paml_ros2/install/mapping_interfaces/lib/python3.12/site-packages/mapping_interfaces/srv/__init__.py
[2.104s] -- Up-to-date: /home/daniel-choate/paml_ros2/install/mapping_interfaces/lib/python3.12/site-packages/mapping_interfaces/srv/_execute_mapping_plan_s.c
[2.106s] -- Up-to-date: /home/daniel-choate/paml_ros2/install/mapping_interfaces/lib/python3.12/site-packages/mapping_interfaces/srv/_integrate_frame.py
[2.107s] -- Up-to-date: /home/daniel-choate/paml_ros2/install/mapping_interfaces/lib/python3.12/site-packages/mapping_interfaces/srv/_capture_frame.py
[2.107s] -- Up-to-date: /home/daniel-choate/paml_ros2/install/mapping_interfaces/lib/python3.12/site-packages/mapping_interfaces/srv/_generate_mapping_plan_s.c
[2.108s] -- Up-to-date: /home/daniel-choate/paml_ros2/install/mapping_interfaces/lib/python3.12/site-packages/mapping_interfaces/srv/_execute_mapping_plan.py
[2.108s] -- Up-to-date: /home/daniel-choate/paml_ros2/install/mapping_interfaces/lib/python3.12/site-packages/mapping_interfaces/srv/_integrate_frame_s.c
[2.108s] -- Up-to-date: /home/daniel-choate/paml_ros2/install/mapping_interfaces/lib/python3.12/site-packages/mapping_interfaces/mapping_interfaces_s__rosidl_typesupport_fastrtps_c.so
[2.108s] -- Up-to-date: /home/daniel-choate/paml_ros2/install/mapping_interfaces/lib/python3.12/site-packages/mapping_interfaces/mapping_interfaces_s__rosidl_typesupport_introspection_c.so
[2.108s] -- Up-to-date: /home/daniel-choate/paml_ros2/install/mapping_interfaces/lib/python3.12/site-packages/mapping_interfaces/_mapping_interfaces_s.ep.rosidl_typesupport_c.c
[2.168s] Listing '/home/daniel-choate/paml_ros2/install/mapping_interfaces/lib/python3.12/site-packages/mapping_interfaces'...
[2.168s] Listing '/home/daniel-choate/paml_ros2/install/mapping_interfaces/lib/python3.12/site-packages/mapping_interfaces/srv'...
[2.185s] -- Up-to-date: /home/daniel-choate/paml_ros2/install/mapping_interfaces/lib/python3.12/site-packages/mapping_interfaces/mapping_interfaces_s__rosidl_typesupport_fastrtps_c.so
[2.185s] -- Up-to-date: /home/daniel-choate/paml_ros2/install/mapping_interfaces/lib/python3.12/site-packages/mapping_interfaces/mapping_interfaces_s__rosidl_typesupport_introspection_c.so
[2.185s] -- Up-to-date: /home/daniel-choate/paml_ros2/install/mapping_interfaces/lib/python3.12/site-packages/mapping_interfaces/mapping_interfaces_s__rosidl_typesupport_c.so
[2.187s] -- Up-to-date: /home/daniel-choate/paml_ros2/install/mapping_interfaces/lib/libmapping_interfaces__rosidl_generator_py.so
[2.189s] -- Up-to-date: /home/daniel-choate/paml_ros2/install/mapping_interfaces/share/ament_index/resource_index/rust_packages/mapping_interfaces
[2.189s] -- Up-to-date: /home/daniel-choate/paml_ros2/install/mapping_interfaces/share/mapping_interfaces/rust
[2.190s] -- Up-to-date: /home/daniel-choate/paml_ros2/install/mapping_interfaces/share/mapping_interfaces/rust/src
[2.190s] -- Up-to-date: /home/daniel-choate/paml_ros2/install/mapping_interfaces/share/mapping_interfaces/rust/src/srv
[2.190s] -- Up-to-date: /home/daniel-choate/paml_ros2/install/mapping_interfaces/share/mapping_interfaces/rust/src/srv/rmw.rs
[2.190s] -- Up-to-date: /home/daniel-choate/paml_ros2/install/mapping_interfaces/share/mapping_interfaces/rust/src/lib.rs
[2.190s] -- Up-to-date: /home/daniel-choate/paml_ros2/install/mapping_interfaces/share/mapping_interfaces/rust/src/srv.rs
[2.191s] -- Up-to-date: /home/daniel-choate/paml_ros2/install/mapping_interfaces/share/mapping_interfaces/rust/build.rs
[2.191s] -- Up-to-date: /home/daniel-choate/paml_ros2/install/mapping_interfaces/share/mapping_interfaces/rust/Cargo.toml
[2.192s] -- Up-to-date: /home/daniel-choate/paml_ros2/install/mapping_interfaces/share/mapping_interfaces/srv/GenerateMappingPlan.idl
[2.192s] -- Up-to-date: /home/daniel-choate/paml_ros2/install/mapping_interfaces/share/mapping_interfaces/srv/ExecuteMappingPlan.idl
[2.192s] -- Up-to-date: /home/daniel-choate/paml_ros2/install/mapping_interfaces/share/mapping_interfaces/srv/CaptureFrame.idl
[2.192s] -- Up-to-date: /home/daniel-choate/paml_ros2/install/mapping_interfaces/share/mapping_interfaces/srv/IntegrateFrame.idl
[2.193s] -- Up-to-date: /home/daniel-choate/paml_ros2/install/mapping_interfaces/share/mapping_interfaces/srv/GenerateMappingPlan.srv
[2.194s] -- Up-to-date: /home/daniel-choate/paml_ros2/install/mapping_interfaces/share/mapping_interfaces/srv/ExecuteMappingPlan.srv
[2.195s] -- Up-to-date: /home/daniel-choate/paml_ros2/install/mapping_interfaces/share/mapping_interfaces/srv/CaptureFrame.srv
[2.197s] -- Up-to-date: /home/daniel-choate/paml_ros2/install/mapping_interfaces/share/mapping_interfaces/srv/IntegrateFrame.srv
[2.198s] -- Up-to-date: /home/daniel-choate/paml_ros2/install/mapping_interfaces/share/ament_index/resource_index/package_run_dependencies/mapping_interfaces
[2.198s] -- Up-to-date: /home/daniel-choate/paml_ros2/install/mapping_interfaces/share/ament_index/resource_index/parent_prefix_path/mapping_interfaces
[2.198s] -- Up-to-date: /home/daniel-choate/paml_ros2/install/mapping_interfaces/share/mapping_interfaces/environment/ament_prefix_path.sh
[2.199s] -- Up-to-date: /home/daniel-choate/paml_ros2/install/mapping_interfaces/share/mapping_interfaces/environment/ament_prefix_path.dsv
[2.200s] -- Up-to-date: /home/daniel-choate/paml_ros2/install/mapping_interfaces/share/mapping_interfaces/environment/path.sh
[2.200s] -- Up-to-date: /home/daniel-choate/paml_ros2/install/mapping_interfaces/share/mapping_interfaces/environment/path.dsv
[2.201s] -- Up-to-date: /home/daniel-choate/paml_ros2/install/mapping_interfaces/share/mapping_interfaces/local_setup.bash
[2.202s] -- Up-to-date: /home/daniel-choate/paml_ros2/install/mapping_interfaces/share/mapping_interfaces/local_setup.sh
[2.203s] -- Up-to-date: /home/daniel-choate/paml_ros2/install/mapping_interfaces/share/mapping_interfaces/local_setup.zsh
[2.204s] -- Up-to-date: /home/daniel-choate/paml_ros2/install/mapping_interfaces/share/mapping_interfaces/local_setup.dsv
[2.205s] -- Installing: /home/daniel-choate/paml_ros2/install/mapping_interfaces/share/mapping_interfaces/package.dsv
[2.205s] -- Up-to-date: /home/daniel-choate/paml_ros2/install/mapping_interfaces/share/ament_index/resource_index/packages/mapping_interfaces
[2.207s] -- Up-to-date: /home/daniel-choate/paml_ros2/install/mapping_interfaces/share/mapping_interfaces/cmake/export_mapping_interfaces__rosidl_generator_cExport.cmake
[2.207s] -- Up-to-date: /home/daniel-choate/paml_ros2/install/mapping_interfaces/share/mapping_interfaces/cmake/export_mapping_interfaces__rosidl_generator_cExport-noconfig.cmake
[2.208s] -- Up-to-date: /home/daniel-choate/paml_ros2/install/mapping_interfaces/share/mapping_interfaces/cmake/export_mapping_interfaces__rosidl_typesupport_fastrtps_cExport.cmake
[2.209s] -- Up-to-date: /home/daniel-choate/paml_ros2/install/mapping_interfaces/share/mapping_interfaces/cmake/export_mapping_interfaces__rosidl_typesupport_fastrtps_cExport-noconfig.cmake
[2.209s] -- Up-to-date: /home/daniel-choate/paml_ros2/install/mapping_interfaces/share/mapping_interfaces/cmake/export_mapping_interfaces__rosidl_generator_cppExport.cmake
[2.209s] -- Up-to-date: /home/daniel-choate/paml_ros2/install/mapping_interfaces/share/mapping_interfaces/cmake/export_mapping_interfaces__rosidl_typesupport_fastrtps_cppExport.cmake
[2.209s] -- Up-to-date: /home/daniel-choate/paml_ros2/install/mapping_interfaces/share/mapping_interfaces/cmake/export_mapping_interfaces__rosidl_typesupport_fastrtps_cppExport-noconfig.cmake
[2.209s] -- Up-to-date: /home/daniel-choate/paml_ros2/install/mapping_interfaces/share/mapping_interfaces/cmake/mapping_interfaces__rosidl_typesupport_introspection_cExport.cmake
[2.209s] -- Up-to-date: /home/daniel-choate/paml_ros2/install/mapping_interfaces/share/mapping_interfaces/cmake/mapping_interfaces__rosidl_typesupport_introspection_cExport-noconfig.cmake
[2.210s] -- Up-to-date: /home/daniel-choate/paml_ros2/install/mapping_interfaces/share/mapping_interfaces/cmake/mapping_interfaces__rosidl_typesupport_cExport.cmake
[2.210s] -- Up-to-date: /home/daniel-choate/paml_ros2/install/mapping_interfaces/share/mapping_interfaces/cmake/mapping_interfaces__rosidl_typesupport_cExport-noconfig.cmake
[2.211s] -- Up-to-date: /home/daniel-choate/paml_ros2/install/mapping_interfaces/share/mapping_interfaces/cmake/mapping_interfaces__rosidl_typesupport_introspection_cppExport.cmake
[2.214s] -- Up-to-date: /home/daniel-choate/paml_ros2/install/mapping_interfaces/share/mapping_interfaces/cmake/mapping_interfaces__rosidl_typesupport_introspection_cppExport-noconfig.cmake
[2.214s] -- Up-to-date: /home/daniel-choate/paml_ros2/install/mapping_interfaces/share/mapping_interfaces/cmake/mapping_interfaces__rosidl_typesupport_cppExport.cmake
[2.214s] -- Up-to-date: /home/daniel-choate/paml_ros2/install/mapping_interfaces/share/mapping_interfaces/cmake/mapping_interfaces__rosidl_typesupport_cppExport-noconfig.cmake
[2.216s] -- Up-to-date: /home/daniel-choate/paml_ros2/install/mapping_interfaces/share/mapping_interfaces/cmake/export_mapping_interfaces__rosidl_generator_pyExport.cmake
[2.216s] -- Up-to-date: /home/daniel-choate/paml_ros2/install/mapping_interfaces/share/mapping_interfaces/cmake/export_mapping_interfaces__rosidl_generator_pyExport-noconfig.cmake
[2.217s] -- Up-to-date: /home/daniel-choate/paml_ros2/install/mapping_interfaces/share/mapping_interfaces/cmake/rosidl_cmake-extras.cmake
[2.217s] -- Up-to-date: /home/daniel-choate/paml_ros2/install/mapping_interfaces/share/mapping_interfaces/cmake/ament_cmake_export_dependencies-extras.cmake
[2.217s] -- Up-to-date: /home/daniel-choate/paml_ros2/install/mapping_interfaces/share/mapping_interfaces/cmake/ament_cmake_export_include_directories-extras.cmake
[2.218s] -- Up-to-date: /home/daniel-choate/paml_ros2/install/mapping_interfaces/share/mapping_interfaces/cmake/ament_cmake_export_libraries-extras.cmake
[2.218s] -- Up-to-date: /home/daniel-choate/paml_ros2/install/mapping_interfaces/share/mapping_interfaces/cmake/ament_cmake_export_targets-extras.cmake
[2.218s] -- Up-to-date: /home/daniel-choate/paml_ros2/install/mapping_interfaces/share/mapping_interfaces/cmake/rosidl_cmake_export_typesupport_targets-extras.cmake
[2.218s] -- Up-to-date: /home/daniel-choate/paml_ros2/install/mapping_interfaces/share/mapping_interfaces/cmake/rosidl_cmake_export_typesupport_libraries-extras.cmake
[2.218s] -- Up-to-date: /home/daniel-choate/paml_ros2/install/mapping_interfaces/share/mapping_interfaces/cmake/mapping_interfacesConfig.cmake
[2.219s] -- Up-to-date: /home/daniel-choate/paml_ros2/install/mapping_interfaces/share/mapping_interfaces/cmake/mapping_interfacesConfig-version.cmake
[2.219s] -- Up-to-date: /home/daniel-choate/paml_ros2/install/mapping_interfaces/share/mapping_interfaces/package.xml
[2.252s] Invoked command in '/home/daniel-choate/paml_ros2/build/mapping_interfaces' returned '0': CMAKE_PREFIX_PATH=${CMAKE_PREFIX_PATH}:/home/daniel-choate/paml_ros2/install/ur3_movement:/home/daniel-choate/paml_ros2/install/rgbd_capture:/home/daniel-choate/paml_ros2/install/mapping_planner:/home/daniel-choate/paml_ros2/install/mapping_executor:/home/daniel-choate/paml_ros2/install/map_builder:/home/daniel-choate/paml_ros2/install/localization_bringup:/opt/ros/kilted DEBUGINFOD_URLS=https://debuginfod.ubuntu.com /usr/bin/cmake --install /home/daniel-choate/paml_ros2/build/mapping_interfaces
