[4.341s] Invoking command in '/home/daniel-choate/paml_ros2/src/turtle_nav': DEBUGINFOD_URLS=https://debuginfod.ubuntu.com PYTHONPATH=/home/daniel-choate/paml_ros2/build/turtle_nav/prefix_override:/usr/lib/python3/dist-packages/colcon_core/task/python/colcon_distutils_commands:/home/daniel-choate/paml_ros2/install/turtle_nav/lib/python3.12/site-packages:${PYTHONPATH} /usr/bin/python3 -W ignore:setup.py install is deprecated -W ignore:easy_install command is deprecated setup.py egg_info --egg-base ../../build/turtle_nav build --build-base /home/daniel-choate/paml_ros2/build/turtle_nav/build install --record /home/daniel-choate/paml_ros2/build/turtle_nav/install.log --single-version-externally-managed install_data
[4.840s] running egg_info
[4.917s] writing ../../build/turtle_nav/turtle_nav.egg-info/PKG-INFO
[4.917s] writing dependency_links to ../../build/turtle_nav/turtle_nav.egg-info/dependency_links.txt
[4.919s] writing entry points to ../../build/turtle_nav/turtle_nav.egg-info/entry_points.txt
[4.919s] writing requirements to ../../build/turtle_nav/turtle_nav.egg-info/requires.txt
[4.919s] writing top-level names to ../../build/turtle_nav/turtle_nav.egg-info/top_level.txt
[5.103s] reading manifest file '../../build/turtle_nav/turtle_nav.egg-info/SOURCES.txt'
[5.104s] adding license file 'LICENSE'
[5.104s] writing manifest file '../../build/turtle_nav/turtle_nav.egg-info/SOURCES.txt'
[5.104s] running build
[5.104s] running build_py
[5.105s] running install
[5.118s] running install_lib
[5.206s] running install_data
[5.206s] running install_egg_info
[5.247s] removing '/home/daniel-choate/paml_ros2/install/turtle_nav/lib/python3.12/site-packages/turtle_nav-0.0.0-py3.12.egg-info' (and everything under it)
[5.247s] Copying ../../build/turtle_nav/turtle_nav.egg-info to /home/daniel-choate/paml_ros2/install/turtle_nav/lib/python3.12/site-packages/turtle_nav-0.0.0-py3.12.egg-info
[5.248s] running install_scripts
[5.527s] Installing turtle_nav script to /home/daniel-choate/paml_ros2/install/turtle_nav/lib/turtle_nav
[5.527s] writing list of installed files to '/home/daniel-choate/paml_ros2/build/turtle_nav/install.log'
[5.565s] Invoked command in '/home/daniel-choate/paml_ros2/src/turtle_nav' returned '0': DEBUGINFOD_URLS=https://debuginfod.ubuntu.com PYTHONPATH=/home/daniel-choate/paml_ros2/build/turtle_nav/prefix_override:/usr/lib/python3/dist-packages/colcon_core/task/python/colcon_distutils_commands:/home/daniel-choate/paml_ros2/install/turtle_nav/lib/python3.12/site-packages:${PYTHONPATH} /usr/bin/python3 -W ignore:setup.py install is deprecated -W ignore:easy_install command is deprecated setup.py egg_info --egg-base ../../build/turtle_nav build --build-base /home/daniel-choate/paml_ros2/build/turtle_nav/build install --record /home/daniel-choate/paml_ros2/build/turtle_nav/install.log --single-version-externally-managed install_data
