[0.686s] Invoking command in '/home/daniel-choate/paml_ros2/src/rgbd_capture': DEBUGINFOD_URLS=https://debuginfod.ubuntu.com PYTHONPATH=/home/daniel-choate/paml_ros2/build/rgbd_capture/prefix_override:/usr/lib/python3/dist-packages/colcon_core/task/python/colcon_distutils_commands:/home/daniel-choate/paml_ros2/install/rgbd_capture/lib/python3.12/site-packages:${PYTHONPATH} /usr/bin/python3 -W ignore:setup.py install is deprecated -W ignore:easy_install command is deprecated setup.py egg_info --egg-base ../../build/rgbd_capture build --build-base /home/daniel-choate/paml_ros2/build/rgbd_capture/build install --record /home/daniel-choate/paml_ros2/build/rgbd_capture/install.log --single-version-externally-managed install_data
[0.918s] running egg_info
[0.936s] writing ../../build/rgbd_capture/rgbd_capture.egg-info/PKG-INFO
[0.936s] writing dependency_links to ../../build/rgbd_capture/rgbd_capture.egg-info/dependency_links.txt
[0.936s] writing entry points to ../../build/rgbd_capture/rgbd_capture.egg-info/entry_points.txt
[0.936s] writing requirements to ../../build/rgbd_capture/rgbd_capture.egg-info/requires.txt
[0.936s] writing top-level names to ../../build/rgbd_capture/rgbd_capture.egg-info/top_level.txt
[0.974s] reading manifest file '../../build/rgbd_capture/rgbd_capture.egg-info/SOURCES.txt'
[0.974s] adding license file 'LICENSE'
[0.974s] writing manifest file '../../build/rgbd_capture/rgbd_capture.egg-info/SOURCES.txt'
[0.974s] running build
[0.975s] running build_py
[0.975s] copying rgbd_capture/capture_node.py -> /home/daniel-choate/paml_ros2/build/rgbd_capture/build/lib/rgbd_capture
[0.975s] running install
[0.979s] running install_lib
[0.998s] copying /home/daniel-choate/paml_ros2/build/rgbd_capture/build/lib/rgbd_capture/capture_node.py -> /home/daniel-choate/paml_ros2/install/rgbd_capture/lib/python3.12/site-packages/rgbd_capture
[0.999s] byte-compiling /home/daniel-choate/paml_ros2/install/rgbd_capture/lib/python3.12/site-packages/rgbd_capture/capture_node.py to capture_node.cpython-312.pyc
[0.999s] running install_data
[0.999s] running install_egg_info
[1.019s] removing '/home/daniel-choate/paml_ros2/install/rgbd_capture/lib/python3.12/site-packages/rgbd_capture-0.0.0-py3.12.egg-info' (and everything under it)
[1.019s] Copying ../../build/rgbd_capture/rgbd_capture.egg-info to /home/daniel-choate/paml_ros2/install/rgbd_capture/lib/python3.12/site-packages/rgbd_capture-0.0.0-py3.12.egg-info
[1.019s] running install_scripts
[1.135s] Installing rgbd_capture_node script to /home/daniel-choate/paml_ros2/install/rgbd_capture/lib/rgbd_capture
[1.135s] Installing rgbd_capture_node_test script to /home/daniel-choate/paml_ros2/install/rgbd_capture/lib/rgbd_capture
[1.135s] writing list of installed files to '/home/daniel-choate/paml_ros2/build/rgbd_capture/install.log'
[1.154s] Invoked command in '/home/daniel-choate/paml_ros2/src/rgbd_capture' returned '0': DEBUGINFOD_URLS=https://debuginfod.ubuntu.com PYTHONPATH=/home/daniel-choate/paml_ros2/build/rgbd_capture/prefix_override:/usr/lib/python3/dist-packages/colcon_core/task/python/colcon_distutils_commands:/home/daniel-choate/paml_ros2/install/rgbd_capture/lib/python3.12/site-packages:${PYTHONPATH} /usr/bin/python3 -W ignore:setup.py install is deprecated -W ignore:easy_install command is deprecated setup.py egg_info --egg-base ../../build/rgbd_capture build --build-base /home/daniel-choate/paml_ros2/build/rgbd_capture/build install --record /home/daniel-choate/paml_ros2/build/rgbd_capture/install.log --single-version-externally-managed install_data
