/home/daniel-choate/paml_ros2/install/mapping_executor/lib/python3.12/site-packages/mapping_executor/executor_node.py
/home/daniel-choate/paml_ros2/install/mapping_executor/lib/python3.12/site-packages/mapping_executor/__init__.py
/home/daniel-choate/paml_ros2/install/mapping_executor/lib/python3.12/site-packages/mapping_executor/mapping_client.py
/home/daniel-choate/paml_ros2/install/mapping_executor/lib/python3.12/site-packages/mapping_executor/test_moveit_node.py
/home/daniel-choate/paml_ros2/install/mapping_executor/lib/python3.12/site-packages/mapping_executor/py.typed
/home/daniel-choate/paml_ros2/install/mapping_executor/lib/python3.12/site-packages/mapping_executor/__pycache__/executor_node.cpython-312.pyc
/home/daniel-choate/paml_ros2/install/mapping_executor/lib/python3.12/site-packages/mapping_executor/__pycache__/__init__.cpython-312.pyc
/home/daniel-choate/paml_ros2/install/mapping_executor/lib/python3.12/site-packages/mapping_executor/__pycache__/mapping_client.cpython-312.pyc
/home/daniel-choate/paml_ros2/install/mapping_executor/lib/python3.12/site-packages/mapping_executor/__pycache__/test_moveit_node.cpython-312.pyc
/home/daniel-choate/paml_ros2/install/mapping_executor/share/ament_index/resource_index/packages/mapping_executor
/home/daniel-choate/paml_ros2/install/mapping_executor/share/mapping_executor/package.xml
/home/daniel-choate/paml_ros2/install/mapping_executor/lib/python3.12/site-packages/mapping_executor-0.0.0-py3.12.egg-info/entry_points.txt
/home/daniel-choate/paml_ros2/install/mapping_executor/lib/python3.12/site-packages/mapping_executor-0.0.0-py3.12.egg-info/dependency_links.txt
/home/daniel-choate/paml_ros2/install/mapping_executor/lib/python3.12/site-packages/mapping_executor-0.0.0-py3.12.egg-info/requires.txt
/home/daniel-choate/paml_ros2/install/mapping_executor/lib/python3.12/site-packages/mapping_executor-0.0.0-py3.12.egg-info/zip-safe
/home/daniel-choate/paml_ros2/install/mapping_executor/lib/python3.12/site-packages/mapping_executor-0.0.0-py3.12.egg-info/PKG-INFO
/home/daniel-choate/paml_ros2/install/mapping_executor/lib/python3.12/site-packages/mapping_executor-0.0.0-py3.12.egg-info/top_level.txt
/home/daniel-choate/paml_ros2/install/mapping_executor/lib/python3.12/site-packages/mapping_executor-0.0.0-py3.12.egg-info/SOURCES.txt
/home/daniel-choate/paml_ros2/install/mapping_executor/lib/mapping_executor/mapping_client
/home/daniel-choate/paml_ros2/install/mapping_executor/lib/mapping_executor/mapping_executor
/home/daniel-choate/paml_ros2/install/mapping_executor/lib/mapping_executor/test_moveit
