[1.087s] Invoking command in '/home/daniel-choate/paml_ros2/src/map_builder': DEBUGINFOD_URLS=https://debuginfod.ubuntu.com PYTHONPATH=/home/daniel-choate/paml_ros2/build/map_builder/prefix_override:/usr/lib/python3/dist-packages/colcon_core/task/python/colcon_distutils_commands:/home/daniel-choate/paml_ros2/install/map_builder/lib/python3.12/site-packages:${PYTHONPATH} /usr/bin/python3 -W ignore:setup.py install is deprecated -W ignore:easy_install command is deprecated setup.py egg_info --egg-base ../../build/map_builder build --build-base /home/daniel-choate/paml_ros2/build/map_builder/build install --record /home/daniel-choate/paml_ros2/build/map_builder/install.log --single-version-externally-managed install_data
[1.304s] running egg_info
[1.304s] creating ../../build/map_builder/map_builder.egg-info
[1.321s] writing ../../build/map_builder/map_builder.egg-info/PKG-INFO
[1.321s] writing dependency_links to ../../build/map_builder/map_builder.egg-info/dependency_links.txt
[1.322s] writing entry points to ../../build/map_builder/map_builder.egg-info/entry_points.txt
[1.322s] writing requirements to ../../build/map_builder/map_builder.egg-info/requires.txt
[1.322s] writing top-level names to ../../build/map_builder/map_builder.egg-info/top_level.txt
[1.322s] writing manifest file '../../build/map_builder/map_builder.egg-info/SOURCES.txt'
[1.358s] reading manifest file '../../build/map_builder/map_builder.egg-info/SOURCES.txt'
[1.358s] adding license file 'LICENSE'
[1.358s] writing manifest file '../../build/map_builder/map_builder.egg-info/SOURCES.txt'
[1.358s] running build
[1.358s] running build_py
[1.358s] creating /home/daniel-choate/paml_ros2/build/map_builder/build
[1.359s] creating /home/daniel-choate/paml_ros2/build/map_builder/build/lib
[1.359s] creating /home/daniel-choate/paml_ros2/build/map_builder/build/lib/map_builder
[1.359s] copying map_builder/__init__.py -> /home/daniel-choate/paml_ros2/build/map_builder/build/lib/map_builder
[1.359s] copying map_builder/map_builder_node.py -> /home/daniel-choate/paml_ros2/build/map_builder/build/lib/map_builder
[1.359s] copying map_builder/py.typed -> /home/daniel-choate/paml_ros2/build/map_builder/build/lib/map_builder
[1.359s] running install
[1.363s] running install_lib
[1.383s] creating /home/daniel-choate/paml_ros2/install/map_builder/lib/python3.12/site-packages/map_builder
[1.383s] copying /home/daniel-choate/paml_ros2/build/map_builder/build/lib/map_builder/__init__.py -> /home/daniel-choate/paml_ros2/install/map_builder/lib/python3.12/site-packages/map_builder
[1.384s] copying /home/daniel-choate/paml_ros2/build/map_builder/build/lib/map_builder/py.typed -> /home/daniel-choate/paml_ros2/install/map_builder/lib/python3.12/site-packages/map_builder
[1.384s] copying /home/daniel-choate/paml_ros2/build/map_builder/build/lib/map_builder/map_builder_node.py -> /home/daniel-choate/paml_ros2/install/map_builder/lib/python3.12/site-packages/map_builder
[1.384s] byte-compiling /home/daniel-choate/paml_ros2/install/map_builder/lib/python3.12/site-packages/map_builder/__init__.py to __init__.cpython-312.pyc
[1.384s] byte-compiling /home/daniel-choate/paml_ros2/install/map_builder/lib/python3.12/site-packages/map_builder/map_builder_node.py to map_builder_node.cpython-312.pyc
[1.385s] running install_data
[1.385s] creating /home/daniel-choate/paml_ros2/install/map_builder/share/ament_index
[1.385s] creating /home/daniel-choate/paml_ros2/install/map_builder/share/ament_index/resource_index
[1.385s] creating /home/daniel-choate/paml_ros2/install/map_builder/share/ament_index/resource_index/packages
[1.385s] copying resource/map_builder -> /home/daniel-choate/paml_ros2/install/map_builder/share/ament_index/resource_index/packages
[1.385s] copying package.xml -> /home/daniel-choate/paml_ros2/install/map_builder/share/map_builder
[1.385s] running install_egg_info
[1.405s] Copying ../../build/map_builder/map_builder.egg-info to /home/daniel-choate/paml_ros2/install/map_builder/lib/python3.12/site-packages/map_builder-0.0.0-py3.12.egg-info
[1.405s] running install_scripts
[1.520s] Installing map_builder_node script to /home/daniel-choate/paml_ros2/install/map_builder/lib/map_builder
[1.520s] writing list of installed files to '/home/daniel-choate/paml_ros2/build/map_builder/install.log'
[1.543s] Invoked command in '/home/daniel-choate/paml_ros2/src/map_builder' returned '0': DEBUGINFOD_URLS=https://debuginfod.ubuntu.com PYTHONPATH=/home/daniel-choate/paml_ros2/build/map_builder/prefix_override:/usr/lib/python3/dist-packages/colcon_core/task/python/colcon_distutils_commands:/home/daniel-choate/paml_ros2/install/map_builder/lib/python3.12/site-packages:${PYTHONPATH} /usr/bin/python3 -W ignore:setup.py install is deprecated -W ignore:easy_install command is deprecated setup.py egg_info --egg-base ../../build/map_builder build --build-base /home/daniel-choate/paml_ros2/build/map_builder/build install --record /home/daniel-choate/paml_ros2/build/map_builder/install.log --single-version-externally-managed install_data
