[3.234s] Invoking command in '/home/daniel-choate/paml_ros2/src/rgbd_capture': DEBUGINFOD_URLS=https://debuginfod.ubuntu.com PYTHONPATH=/home/daniel-choate/paml_ros2/build/rgbd_capture/prefix_override:/usr/lib/python3/dist-packages/colcon_core/task/python/colcon_distutils_commands:/home/daniel-choate/paml_ros2/install/rgbd_capture/lib/python3.12/site-packages:${PYTHONPATH} /usr/bin/python3 -W ignore:setup.py install is deprecated -W ignore:easy_install command is deprecated setup.py egg_info --egg-base ../../build/rgbd_capture build --build-base /home/daniel-choate/paml_ros2/build/rgbd_capture/build install --record /home/daniel-choate/paml_ros2/build/rgbd_capture/install.log --single-version-externally-managed install_data
[4.211s] running egg_info
[4.293s] writing ../../build/rgbd_capture/rgbd_capture.egg-info/PKG-INFO
[4.294s] writing dependency_links to ../../build/rgbd_capture/rgbd_capture.egg-info/dependency_links.txt
[4.294s] writing entry points to ../../build/rgbd_capture/rgbd_capture.egg-info/entry_points.txt
[4.294s] writing requirements to ../../build/rgbd_capture/rgbd_capture.egg-info/requires.txt
[4.295s] writing top-level names to ../../build/rgbd_capture/rgbd_capture.egg-info/top_level.txt
[4.463s] reading manifest file '../../build/rgbd_capture/rgbd_capture.egg-info/SOURCES.txt'
[4.465s] adding license file 'LICENSE'
[4.466s] writing manifest file '../../build/rgbd_capture/rgbd_capture.egg-info/SOURCES.txt'
[4.466s] running build
[4.466s] running build_py
[4.467s] running install
[4.480s] running install_lib
[4.566s] running install_data
[4.566s] running install_egg_info
[4.607s] removing '/home/daniel-choate/paml_ros2/install/rgbd_capture/lib/python3.12/site-packages/rgbd_capture-0.0.0-py3.12.egg-info' (and everything under it)
[4.608s] Copying ../../build/rgbd_capture/rgbd_capture.egg-info to /home/daniel-choate/paml_ros2/install/rgbd_capture/lib/python3.12/site-packages/rgbd_capture-0.0.0-py3.12.egg-info
[4.608s] running install_scripts
[4.868s] Installing rgbd_capture_node script to /home/daniel-choate/paml_ros2/install/rgbd_capture/lib/rgbd_capture
[4.868s] Installing rgbd_capture_node_test script to /home/daniel-choate/paml_ros2/install/rgbd_capture/lib/rgbd_capture
[4.868s] writing list of installed files to '/home/daniel-choate/paml_ros2/build/rgbd_capture/install.log'
[4.900s] Invoked command in '/home/daniel-choate/paml_ros2/src/rgbd_capture' returned '0': DEBUGINFOD_URLS=https://debuginfod.ubuntu.com PYTHONPATH=/home/daniel-choate/paml_ros2/build/rgbd_capture/prefix_override:/usr/lib/python3/dist-packages/colcon_core/task/python/colcon_distutils_commands:/home/daniel-choate/paml_ros2/install/rgbd_capture/lib/python3.12/site-packages:${PYTHONPATH} /usr/bin/python3 -W ignore:setup.py install is deprecated -W ignore:easy_install command is deprecated setup.py egg_info --egg-base ../../build/rgbd_capture build --build-base /home/daniel-choate/paml_ros2/build/rgbd_capture/build install --record /home/daniel-choate/paml_ros2/build/rgbd_capture/install.log --single-version-externally-managed install_data
