[0.017s] Invoking command in '/home/daniel-choate/paml_ros2/build/mapping_interfaces': CMAKE_PREFIX_PATH=${CMAKE_PREFIX_PATH}:/home/daniel-choate/paml_ros2/install/ur3_movement:/home/daniel-choate/paml_ros2/install/rgbd_capture:/home/daniel-choate/paml_ros2/install/mapping_planner:/home/daniel-choate/paml_ros2/install/mapping_executor:/home/daniel-choate/paml_ros2/install/map_builder:/home/daniel-choate/paml_ros2/install/localization_bringup:/opt/ros/kilted DEBUGINFOD_URLS=https://debuginfod.ubuntu.com /usr/bin/cmake --build /home/daniel-choate/paml_ros2/build/mapping_interfaces -- -j20 -l20
[0.069s] -- Found ament_cmake: 2.7.5 (/opt/ros/kilted/share/ament_cmake/cmake)
[0.239s] -- Found std_msgs: 5.5.2 (/opt/ros/kilted/share/std_msgs/cmake)
[0.274s] -- Found rosidl_generator_c: 4.9.6 (/opt/ros/kilted/share/rosidl_generator_c/cmake)
[0.291s] -- Found rosidl_generator_cpp: 4.9.6 (/opt/ros/kilted/share/rosidl_generator_cpp/cmake)
[0.315s] -- Using all available rosidl_typesupport_c: rosidl_typesupport_fastrtps_c;rosidl_typesupport_introspection_c
[0.338s] -- Using all available rosidl_typesupport_cpp: rosidl_typesupport_fastrtps_cpp;rosidl_typesupport_introspection_cpp
[0.373s] -- Found geometry_msgs: 5.5.2 (/opt/ros/kilted/share/geometry_msgs/cmake)
[0.393s] -- Found rosidl_default_generators: 1.7.2 (/opt/ros/kilted/share/rosidl_default_generators/cmake)
[0.409s] -- Found rosidl_adapter: 4.9.6 (/opt/ros/kilted/share/rosidl_adapter/cmake)
[0.902s] -- Found ament_cmake_ros_core: 0.14.7 (/opt/ros/kilted/share/ament_cmake_ros_core/cmake)
[1.330s] -- Using all available rosidl_typesupport_c: rosidl_typesupport_fastrtps_c;rosidl_typesupport_introspection_c
[1.508s] -- Using all available rosidl_typesupport_cpp: rosidl_typesupport_fastrtps_cpp;rosidl_typesupport_introspection_cpp
[1.852s] -- Found Python3: /usr/bin/python3 (found version "3.12.3") found components: Interpreter Development NumPy Development.Module Development.Embed 
[1.968s] -- Found Python3: /usr/bin/python3 (found version "3.12.3") found components: Interpreter 
[1.970s] -- Found ament_lint_auto: 0.19.2 (/opt/ros/kilted/share/ament_lint_auto/cmake)
[1.986s] -- Added test 'lint_cmake' to check CMake code style
[1.987s] -- Added test 'xmllint' to check XML markup files
[1.989s] -- Configuring done (1.9s)
[2.048s] -- Generating done (0.0s)
[2.064s] -- Build files have been written to: /home/daniel-choate/paml_ros2/build/mapping_interfaces
[2.126s] [  1%] [34m[1mGenerating Rust code for ROS interfaces[0m
[2.128s] [  3%] [34m[1mGenerating type hashes for ROS interfaces[0m
[2.143s] [  3%] Built target ament_cmake_python_copy_mapping_interfaces
[2.473s] running egg_info
[2.480s] [  3%] Built target mapping_interfaces__rs
[2.506s] writing mapping_interfaces.egg-info/PKG-INFO
[2.507s] writing dependency_links to mapping_interfaces.egg-info/dependency_links.txt
[2.507s] writing top-level names to mapping_interfaces.egg-info/top_level.txt
[2.603s] reading manifest file 'mapping_interfaces.egg-info/SOURCES.txt'
[2.604s] writing manifest file 'mapping_interfaces.egg-info/SOURCES.txt'
[2.641s] [  3%] Built target ament_cmake_python_build_mapping_interfaces_egg
[7.063s] Traceback (most recent call last):
[7.063s]   File "/opt/ros/kilted/lib/rosidl_generator_type_description/rosidl_generator_type_description", line 50, in <module>
[7.063s]     sys.exit(main())
[7.063s]              ^^^^^^
[7.063s]   File "/opt/ros/kilted/lib/rosidl_generator_type_description/rosidl_generator_type_description", line 46, in main
[7.063s]     generate_type_hash(args.generator_arguments_file)
[7.063s]   File "/opt/ros/kilted/lib/python3.12/site-packages/rosidl_generator_type_description/__init__.py", line 160, in generate_type_hash
[7.063s]     pkg_dir = include_map[pkg]
[7.063s]               ~~~~~~~~~~~^^^^^
[7.063s] KeyError: 'sensor_msgs'
[7.111s] gmake[2]: *** [CMakeFiles/mapping_interfaces__rosidl_generator_type_description.dir/build.make:79: rosidl_generator_type_description/mapping_interfaces/srv/GenerateMappingPlan.json] Error 1
[7.111s] gmake[1]: *** [CMakeFiles/Makefile2:234: CMakeFiles/mapping_interfaces__rosidl_generator_type_description.dir/all] Error 2
[7.111s] gmake: *** [Makefile:146: all] Error 2
[7.115s] Invoked command in '/home/daniel-choate/paml_ros2/build/mapping_interfaces' returned '2': CMAKE_PREFIX_PATH=${CMAKE_PREFIX_PATH}:/home/daniel-choate/paml_ros2/install/ur3_movement:/home/daniel-choate/paml_ros2/install/rgbd_capture:/home/daniel-choate/paml_ros2/install/mapping_planner:/home/daniel-choate/paml_ros2/install/mapping_executor:/home/daniel-choate/paml_ros2/install/map_builder:/home/daniel-choate/paml_ros2/install/localization_bringup:/opt/ros/kilted DEBUGINFOD_URLS=https://debuginfod.ubuntu.com /usr/bin/cmake --build /home/daniel-choate/paml_ros2/build/mapping_interfaces -- -j20 -l20
