[1.731s] Invoking command in '/home/daniel-choate/paml_ros2/src/rgbd_capture': DEBUGINFOD_URLS=https://debuginfod.ubuntu.com PYTHONPATH=/home/daniel-choate/paml_ros2/build/rgbd_capture/prefix_override:/usr/lib/python3/dist-packages/colcon_core/task/python/colcon_distutils_commands:/home/daniel-choate/paml_ros2/install/rgbd_capture/lib/python3.12/site-packages:${PYTHONPATH} /usr/bin/python3 -W ignore:setup.py install is deprecated -W ignore:easy_install command is deprecated setup.py egg_info --egg-base ../../build/rgbd_capture build --build-base /home/daniel-choate/paml_ros2/build/rgbd_capture/build install --record /home/daniel-choate/paml_ros2/build/rgbd_capture/install.log --single-version-externally-managed install_data
[2.132s] running egg_info
[2.164s] writing ../../build/rgbd_capture/rgbd_capture.egg-info/PKG-INFO
[2.164s] writing dependency_links to ../../build/rgbd_capture/rgbd_capture.egg-info/dependency_links.txt
[2.164s] writing entry points to ../../build/rgbd_capture/rgbd_capture.egg-info/entry_points.txt
[2.164s] writing requirements to ../../build/rgbd_capture/rgbd_capture.egg-info/requires.txt
[2.165s] writing top-level names to ../../build/rgbd_capture/rgbd_capture.egg-info/top_level.txt
[2.229s] reading manifest file '../../build/rgbd_capture/rgbd_capture.egg-info/SOURCES.txt'
[2.230s] adding license file 'LICENSE'
[2.231s] writing manifest file '../../build/rgbd_capture/rgbd_capture.egg-info/SOURCES.txt'
[2.231s] running build
[2.231s] running build_py
[2.231s] copying rgbd_capture/capture_node_test.py -> /home/daniel-choate/paml_ros2/build/rgbd_capture/build/lib/rgbd_capture
[2.232s] running install
[2.239s] running install_lib
[2.272s] copying /home/daniel-choate/paml_ros2/build/rgbd_capture/build/lib/rgbd_capture/capture_node_test.py -> /home/daniel-choate/paml_ros2/install/rgbd_capture/lib/python3.12/site-packages/rgbd_capture
[2.272s] byte-compiling /home/daniel-choate/paml_ros2/install/rgbd_capture/lib/python3.12/site-packages/rgbd_capture/capture_node_test.py to capture_node_test.cpython-312.pyc
[2.274s] running install_data
[2.274s] running install_egg_info
[2.308s] removing '/home/daniel-choate/paml_ros2/install/rgbd_capture/lib/python3.12/site-packages/rgbd_capture-0.0.0-py3.12.egg-info' (and everything under it)
[2.309s] Copying ../../build/rgbd_capture/rgbd_capture.egg-info to /home/daniel-choate/paml_ros2/install/rgbd_capture/lib/python3.12/site-packages/rgbd_capture-0.0.0-py3.12.egg-info
[2.310s] running install_scripts
[2.511s] Installing rgbd_capture_node script to /home/daniel-choate/paml_ros2/install/rgbd_capture/lib/rgbd_capture
[2.511s] writing list of installed files to '/home/daniel-choate/paml_ros2/build/rgbd_capture/install.log'
[2.549s] Invoked command in '/home/daniel-choate/paml_ros2/src/rgbd_capture' returned '0': DEBUGINFOD_URLS=https://debuginfod.ubuntu.com PYTHONPATH=/home/daniel-choate/paml_ros2/build/rgbd_capture/prefix_override:/usr/lib/python3/dist-packages/colcon_core/task/python/colcon_distutils_commands:/home/daniel-choate/paml_ros2/install/rgbd_capture/lib/python3.12/site-packages:${PYTHONPATH} /usr/bin/python3 -W ignore:setup.py install is deprecated -W ignore:easy_install command is deprecated setup.py egg_info --egg-base ../../build/rgbd_capture build --build-base /home/daniel-choate/paml_ros2/build/rgbd_capture/build install --record /home/daniel-choate/paml_ros2/build/rgbd_capture/install.log --single-version-externally-managed install_data
