[3.050s] Invoking command in '/home/daniel-choate/paml_ros2/src/rgbd_capture': DEBUGINFOD_URLS=https://debuginfod.ubuntu.com PYTHONPATH=/home/daniel-choate/paml_ros2/build/rgbd_capture/prefix_override:/usr/lib/python3/dist-packages/colcon_core/task/python/colcon_distutils_commands:/home/daniel-choate/paml_ros2/install/rgbd_capture/lib/python3.12/site-packages:${PYTHONPATH} /usr/bin/python3 -W ignore:setup.py install is deprecated -W ignore:easy_install command is deprecated setup.py egg_info --egg-base ../../build/rgbd_capture build --build-base /home/daniel-choate/paml_ros2/build/rgbd_capture/build install --record /home/daniel-choate/paml_ros2/build/rgbd_capture/install.log --single-version-externally-managed install_data
[3.612s] running egg_info
[3.666s] writing ../../build/rgbd_capture/rgbd_capture.egg-info/PKG-INFO
[3.667s] writing dependency_links to ../../build/rgbd_capture/rgbd_capture.egg-info/dependency_links.txt
[3.667s] writing entry points to ../../build/rgbd_capture/rgbd_capture.egg-info/entry_points.txt
[3.668s] writing requirements to ../../build/rgbd_capture/rgbd_capture.egg-info/requires.txt
[3.668s] writing top-level names to ../../build/rgbd_capture/rgbd_capture.egg-info/top_level.txt
[3.833s] reading manifest file '../../build/rgbd_capture/rgbd_capture.egg-info/SOURCES.txt'
[3.834s] adding license file 'LICENSE'
[3.835s] writing manifest file '../../build/rgbd_capture/rgbd_capture.egg-info/SOURCES.txt'
[3.836s] running build
[3.836s] running build_py
[3.837s] running install
[3.850s] running install_lib
[3.931s] running install_data
[3.931s] running install_egg_info
[3.989s] removing '/home/daniel-choate/paml_ros2/install/rgbd_capture/lib/python3.12/site-packages/rgbd_capture-0.0.0-py3.12.egg-info' (and everything under it)
[3.990s] Copying ../../build/rgbd_capture/rgbd_capture.egg-info to /home/daniel-choate/paml_ros2/install/rgbd_capture/lib/python3.12/site-packages/rgbd_capture-0.0.0-py3.12.egg-info
[3.992s] running install_scripts
[4.259s] Installing rgbd_capture_node script to /home/daniel-choate/paml_ros2/install/rgbd_capture/lib/rgbd_capture
[4.259s] Installing rgbd_capture_node_test script to /home/daniel-choate/paml_ros2/install/rgbd_capture/lib/rgbd_capture
[4.259s] writing list of installed files to '/home/daniel-choate/paml_ros2/build/rgbd_capture/install.log'
[4.296s] Invoked command in '/home/daniel-choate/paml_ros2/src/rgbd_capture' returned '0': DEBUGINFOD_URLS=https://debuginfod.ubuntu.com PYTHONPATH=/home/daniel-choate/paml_ros2/build/rgbd_capture/prefix_override:/usr/lib/python3/dist-packages/colcon_core/task/python/colcon_distutils_commands:/home/daniel-choate/paml_ros2/install/rgbd_capture/lib/python3.12/site-packages:${PYTHONPATH} /usr/bin/python3 -W ignore:setup.py install is deprecated -W ignore:easy_install command is deprecated setup.py egg_info --egg-base ../../build/rgbd_capture build --build-base /home/daniel-choate/paml_ros2/build/rgbd_capture/build install --record /home/daniel-choate/paml_ros2/build/rgbd_capture/install.log --single-version-externally-managed install_data
