[0.754s] Invoking command in '/home/daniel-choate/paml_ros2/src/ur3_movement': DEBUGINFOD_URLS=https://debuginfod.ubuntu.com PYTHONPATH=/home/daniel-choate/paml_ros2/build/ur3_movement/prefix_override:/usr/lib/python3/dist-packages/colcon_core/task/python/colcon_distutils_commands:/home/daniel-choate/paml_ros2/install/ur3_movement/lib/python3.12/site-packages:${PYTHONPATH} /usr/bin/python3 -W ignore:setup.py install is deprecated -W ignore:easy_install command is deprecated setup.py egg_info --egg-base ../../build/ur3_movement build --build-base /home/daniel-choate/paml_ros2/build/ur3_movement/build install --record /home/daniel-choate/paml_ros2/build/ur3_movement/install.log --single-version-externally-managed install_data
[0.973s] running egg_info
[0.990s] writing ../../build/ur3_movement/ur3_movement.egg-info/PKG-INFO
[0.990s] writing dependency_links to ../../build/ur3_movement/ur3_movement.egg-info/dependency_links.txt
[0.990s] writing entry points to ../../build/ur3_movement/ur3_movement.egg-info/entry_points.txt
[0.990s] writing requirements to ../../build/ur3_movement/ur3_movement.egg-info/requires.txt
[0.990s] writing top-level names to ../../build/ur3_movement/ur3_movement.egg-info/top_level.txt
[1.025s] reading manifest file '../../build/ur3_movement/ur3_movement.egg-info/SOURCES.txt'
[1.025s] adding license file 'LICENSE'
[1.026s] writing manifest file '../../build/ur3_movement/ur3_movement.egg-info/SOURCES.txt'
[1.026s] running build
[1.026s] running build_py
[1.026s] copying ur3_movement/test_node.py -> /home/daniel-choate/paml_ros2/build/ur3_movement/build/lib/ur3_movement
[1.026s] running install
[1.030s] running install_lib
[1.048s] copying /home/daniel-choate/paml_ros2/build/ur3_movement/build/lib/ur3_movement/test_node.py -> /home/daniel-choate/paml_ros2/install/ur3_movement/lib/python3.12/site-packages/ur3_movement
[1.048s] byte-compiling /home/daniel-choate/paml_ros2/install/ur3_movement/lib/python3.12/site-packages/ur3_movement/test_node.py to test_node.cpython-312.pyc
[1.049s] running install_data
[1.049s] running install_egg_info
[1.067s] removing '/home/daniel-choate/paml_ros2/install/ur3_movement/lib/python3.12/site-packages/ur3_movement-0.0.0-py3.12.egg-info' (and everything under it)
[1.067s] Copying ../../build/ur3_movement/ur3_movement.egg-info to /home/daniel-choate/paml_ros2/install/ur3_movement/lib/python3.12/site-packages/ur3_movement-0.0.0-py3.12.egg-info
[1.067s] running install_scripts
[1.176s] Installing ur3_movement script to /home/daniel-choate/paml_ros2/install/ur3_movement/lib/ur3_movement
[1.176s] writing list of installed files to '/home/daniel-choate/paml_ros2/build/ur3_movement/install.log'
[1.195s] Invoked command in '/home/daniel-choate/paml_ros2/src/ur3_movement' returned '0': DEBUGINFOD_URLS=https://debuginfod.ubuntu.com PYTHONPATH=/home/daniel-choate/paml_ros2/build/ur3_movement/prefix_override:/usr/lib/python3/dist-packages/colcon_core/task/python/colcon_distutils_commands:/home/daniel-choate/paml_ros2/install/ur3_movement/lib/python3.12/site-packages:${PYTHONPATH} /usr/bin/python3 -W ignore:setup.py install is deprecated -W ignore:easy_install command is deprecated setup.py egg_info --egg-base ../../build/ur3_movement build --build-base /home/daniel-choate/paml_ros2/build/ur3_movement/build install --record /home/daniel-choate/paml_ros2/build/ur3_movement/install.log --single-version-externally-managed install_data
