[4.783s] Invoking command in '/home/daniel-choate/paml_ros2/src/turtle_nav': DEBUGINFOD_URLS=https://debuginfod.ubuntu.com PYTHONPATH=/home/daniel-choate/paml_ros2/build/turtle_nav/prefix_override:/usr/lib/python3/dist-packages/colcon_core/task/python/colcon_distutils_commands:/home/daniel-choate/paml_ros2/install/turtle_nav/lib/python3.12/site-packages:${PYTHONPATH} /usr/bin/python3 -W ignore:setup.py install is deprecated -W ignore:easy_install command is deprecated setup.py egg_info --egg-base ../../build/turtle_nav build --build-base /home/daniel-choate/paml_ros2/build/turtle_nav/build install --record /home/daniel-choate/paml_ros2/build/turtle_nav/install.log --single-version-externally-managed install_data
[5.443s] running egg_info
[5.443s] creating ../../build/turtle_nav/turtle_nav.egg-info
[5.476s] writing ../../build/turtle_nav/turtle_nav.egg-info/PKG-INFO
[5.477s] writing dependency_links to ../../build/turtle_nav/turtle_nav.egg-info/dependency_links.txt
[5.477s] writing requirements to ../../build/turtle_nav/turtle_nav.egg-info/requires.txt
[5.477s] writing top-level names to ../../build/turtle_nav/turtle_nav.egg-info/top_level.txt
[5.477s] writing manifest file '../../build/turtle_nav/turtle_nav.egg-info/SOURCES.txt'
[5.545s] reading manifest file '../../build/turtle_nav/turtle_nav.egg-info/SOURCES.txt'
[5.545s] adding license file 'LICENSE'
[5.546s] writing manifest file '../../build/turtle_nav/turtle_nav.egg-info/SOURCES.txt'
[5.546s] running build
[5.546s] running build_py
[5.546s] creating /home/daniel-choate/paml_ros2/build/turtle_nav/build
[5.546s] creating /home/daniel-choate/paml_ros2/build/turtle_nav/build/lib
[5.546s] creating /home/daniel-choate/paml_ros2/build/turtle_nav/build/lib/turtle_nav
[5.546s] copying turtle_nav/__init__.py -> /home/daniel-choate/paml_ros2/build/turtle_nav/build/lib/turtle_nav
[5.546s] copying turtle_nav/nav_node.py -> /home/daniel-choate/paml_ros2/build/turtle_nav/build/lib/turtle_nav
[5.546s] copying turtle_nav/py.typed -> /home/daniel-choate/paml_ros2/build/turtle_nav/build/lib/turtle_nav
[5.546s] running install
[5.554s] running install_lib
[5.587s] creating /home/daniel-choate/paml_ros2/install/turtle_nav/lib/python3.12/site-packages/turtle_nav
[5.587s] copying /home/daniel-choate/paml_ros2/build/turtle_nav/build/lib/turtle_nav/__init__.py -> /home/daniel-choate/paml_ros2/install/turtle_nav/lib/python3.12/site-packages/turtle_nav
[5.587s] copying /home/daniel-choate/paml_ros2/build/turtle_nav/build/lib/turtle_nav/nav_node.py -> /home/daniel-choate/paml_ros2/install/turtle_nav/lib/python3.12/site-packages/turtle_nav
[5.588s] copying /home/daniel-choate/paml_ros2/build/turtle_nav/build/lib/turtle_nav/py.typed -> /home/daniel-choate/paml_ros2/install/turtle_nav/lib/python3.12/site-packages/turtle_nav
[5.588s] byte-compiling /home/daniel-choate/paml_ros2/install/turtle_nav/lib/python3.12/site-packages/turtle_nav/__init__.py to __init__.cpython-312.pyc
[5.588s] byte-compiling /home/daniel-choate/paml_ros2/install/turtle_nav/lib/python3.12/site-packages/turtle_nav/nav_node.py to nav_node.cpython-312.pyc
[5.589s] running install_data
[5.589s] creating /home/daniel-choate/paml_ros2/install/turtle_nav/share/ament_index
[5.589s] creating /home/daniel-choate/paml_ros2/install/turtle_nav/share/ament_index/resource_index
[5.589s] creating /home/daniel-choate/paml_ros2/install/turtle_nav/share/ament_index/resource_index/packages
[5.590s] copying resource/turtle_nav -> /home/daniel-choate/paml_ros2/install/turtle_nav/share/ament_index/resource_index/packages
[5.590s] copying package.xml -> /home/daniel-choate/paml_ros2/install/turtle_nav/share/turtle_nav
[5.590s] running install_egg_info
[5.624s] Copying ../../build/turtle_nav/turtle_nav.egg-info to /home/daniel-choate/paml_ros2/install/turtle_nav/lib/python3.12/site-packages/turtle_nav-0.0.0-py3.12.egg-info
[5.625s] running install_scripts
[5.917s] writing list of installed files to '/home/daniel-choate/paml_ros2/build/turtle_nav/install.log'
[5.958s] Invoked command in '/home/daniel-choate/paml_ros2/src/turtle_nav' returned '0': DEBUGINFOD_URLS=https://debuginfod.ubuntu.com PYTHONPATH=/home/daniel-choate/paml_ros2/build/turtle_nav/prefix_override:/usr/lib/python3/dist-packages/colcon_core/task/python/colcon_distutils_commands:/home/daniel-choate/paml_ros2/install/turtle_nav/lib/python3.12/site-packages:${PYTHONPATH} /usr/bin/python3 -W ignore:setup.py install is deprecated -W ignore:easy_install command is deprecated setup.py egg_info --egg-base ../../build/turtle_nav build --build-base /home/daniel-choate/paml_ros2/build/turtle_nav/build install --record /home/daniel-choate/paml_ros2/build/turtle_nav/install.log --single-version-externally-managed install_data
