running egg_info
writing ../../build/turtle_nav/turtle_nav.egg-info/PKG-INFO
writing dependency_links to ../../build/turtle_nav/turtle_nav.egg-info/dependency_links.txt
writing entry points to ../../build/turtle_nav/turtle_nav.egg-info/entry_points.txt
writing requirements to ../../build/turtle_nav/turtle_nav.egg-info/requires.txt
writing top-level names to ../../build/turtle_nav/turtle_nav.egg-info/top_level.txt
reading manifest file '../../build/turtle_nav/turtle_nav.egg-info/SOURCES.txt'
adding license file 'LICENSE'
writing manifest file '../../build/turtle_nav/turtle_nav.egg-info/SOURCES.txt'
running build
running build_py
running install
running install_lib
running install_data
running install_egg_info
removing '/home/daniel-choate/paml_ros2/install/turtle_nav/lib/python3.12/site-packages/turtle_nav-0.0.0-py3.12.egg-info' (and everything under it)
Copying ../../build/turtle_nav/turtle_nav.egg-info to /home/daniel-choate/paml_ros2/install/turtle_nav/lib/python3.12/site-packages/turtle_nav-0.0.0-py3.12.egg-info
running install_scripts
Installing turtle_nav script to /home/daniel-choate/paml_ros2/install/turtle_nav/lib/turtle_nav
writing list of installed files to '/home/daniel-choate/paml_ros2/build/turtle_nav/install.log'
