-- The C compiler identification is GNU 13.3.0
-- The CXX compiler identification is GNU 13.3.0
-- Detecting C compiler ABI info
-- Detecting C compiler ABI info - done
-- Check for working C compiler: /usr/bin/cc - skipped
-- Detecting C compile features
-- Detecting C compile features - done
-- Detecting CXX compiler ABI info
-- Detecting CXX compiler ABI info - done
-- Check for working CXX compiler: /usr/bin/c++ - skipped
-- Detecting CXX compile features
-- Detecting CXX compile features - done
-- Found ament_cmake: 2.7.5 (/opt/ros/kilted/share/ament_cmake/cmake)
-- Found Python3: /usr/bin/python3 (found version "3.12.3") found components: Interpreter 
-- Found std_msgs: 5.5.2 (/opt/ros/kilted/share/std_msgs/cmake)
-- Found rosidl_generator_c: 4.9.6 (/opt/ros/kilted/share/rosidl_generator_c/cmake)
-- Found rosidl_generator_cpp: 4.9.6 (/opt/ros/kilted/share/rosidl_generator_cpp/cmake)
-- Using all available rosidl_typesupport_c: rosidl_typesupport_fastrtps_c;rosidl_typesupport_introspection_c
-- Using all available rosidl_typesupport_cpp: rosidl_typesupport_fastrtps_cpp;rosidl_typesupport_introspection_cpp
-- Found geometry_msgs: 5.5.2 (/opt/ros/kilted/share/geometry_msgs/cmake)
-- Found rosidl_default_generators: 1.7.2 (/opt/ros/kilted/share/rosidl_default_generators/cmake)
-- Found rosidl_adapter: 4.9.6 (/opt/ros/kilted/share/rosidl_adapter/cmake)
-- Found sensor_msgs: 5.5.2 (/opt/ros/kilted/share/sensor_msgs/cmake)
-- Found ament_cmake_ros_core: 0.14.7 (/opt/ros/kilted/share/ament_cmake_ros_core/cmake)
-- Using all available rosidl_typesupport_c: rosidl_typesupport_fastrtps_c;rosidl_typesupport_introspection_c
-- Using all available rosidl_typesupport_cpp: rosidl_typesupport_fastrtps_cpp;rosidl_typesupport_introspection_cpp
-- Found Python3: /usr/bin/python3 (found version "3.12.3") found components: Interpreter Development NumPy Development.Module Development.Embed 
-- Found Python3: /usr/bin/python3 (found version "3.12.3") found components: Interpreter 
-- Found ament_lint_auto: 0.19.2 (/opt/ros/kilted/share/ament_lint_auto/cmake)
-- Added test 'cppcheck' to perform static code analysis on C / C++ code
-- Configured cppcheck include dirs: $<BUILD_INTERFACE:/home/daniel-choate/paml_ros2/src/mapping_interfaces/build/mapping_interfaces/rosidl_generator_c>;$<BUILD_INTERFACE:/home/daniel-choate/paml_ros2/src/mapping_interfaces/build/mapping_interfaces/rosidl_typesupport_fastrtps_c>;$<BUILD_INTERFACE:/home/daniel-choate/paml_ros2/src/mapping_interfaces/build/mapping_interfaces/rosidl_generator_cpp>;$<BUILD_INTERFACE:/home/daniel-choate/paml_ros2/src/mapping_interfaces/build/mapping_interfaces/rosidl_typesupport_fastrtps_cpp>;$<BUILD_INTERFACE:/home/daniel-choate/paml_ros2/src/mapping_interfaces/build/mapping_interfaces/rosidl_typesupport_introspection_c>;$<BUILD_INTERFACE:/home/daniel-choate/paml_ros2/src/mapping_interfaces/build/mapping_interfaces/rosidl_typesupport_introspection_cpp>;/home/daniel-choate/paml_ros2/src/mapping_interfaces/build/mapping_interfaces/rosidl_generator_c;/home/daniel-choate/paml_ros2/src/mapping_interfaces/build/mapping_interfaces/rosidl_generator_py
-- Configured cppcheck exclude dirs and/or files: 
-- Added test 'flake8' to check Python code syntax and style conventions
-- Configured 'flake8' exclude dirs and/or files: 
-- Added test 'lint_cmake' to check CMake code style
-- Added test 'pep257' to check Python code against some of the docstring style conventions in PEP 257
-- Added test 'uncrustify' to check C / C++ code style
-- Configured uncrustify additional arguments: 
-- Added test 'xmllint' to check XML markup files
-- Configuring done (5.2s)
-- Generating done (0.0s)
-- Build files have been written to: /home/daniel-choate/paml_ros2/src/mapping_interfaces/build/mapping_interfaces
[  1%] [34m[1mGenerating type hashes for ROS interfaces[0m
[  3%] [34m[1mGenerating Rust code for ROS interfaces[0m
[  3%] Built target ament_cmake_python_copy_mapping_interfaces
[  3%] Built target mapping_interfaces__rosidl_generator_type_description
[  5%] [34m[1mGenerating C code for ROS interfaces[0m
[  5%] Built target mapping_interfaces__rs
[  7%] [34m[1mGenerating C++ code for ROS interfaces[0m
running egg_info
creating mapping_interfaces.egg-info
writing mapping_interfaces.egg-info/PKG-INFO
writing dependency_links to mapping_interfaces.egg-info/dependency_links.txt
writing top-level names to mapping_interfaces.egg-info/top_level.txt
writing manifest file 'mapping_interfaces.egg-info/SOURCES.txt'
reading manifest file 'mapping_interfaces.egg-info/SOURCES.txt'
writing manifest file 'mapping_interfaces.egg-info/SOURCES.txt'
[  7%] Built target ament_cmake_python_build_mapping_interfaces_egg
[  7%] Built target mapping_interfaces__cpp
[  9%] [32mBuilding C object CMakeFiles/mapping_interfaces__rosidl_generator_c.dir/rosidl_generator_c/mapping_interfaces/srv/detail/execute_mapping_plan__description.c.o[0m
[ 10%] [32mBuilding C object CMakeFiles/mapping_interfaces__rosidl_generator_c.dir/rosidl_generator_c/mapping_interfaces/srv/detail/execute_mapping_plan__functions.c.o[0m
[ 12%] [32mBuilding C object CMakeFiles/mapping_interfaces__rosidl_generator_c.dir/rosidl_generator_c/mapping_interfaces/srv/detail/capture_frame__functions.c.o[0m
[ 14%] [32mBuilding C object CMakeFiles/mapping_interfaces__rosidl_generator_c.dir/rosidl_generator_c/mapping_interfaces/srv/detail/generate_mapping_plan__functions.c.o[0m
[ 16%] [32mBuilding C object CMakeFiles/mapping_interfaces__rosidl_generator_c.dir/rosidl_generator_c/mapping_interfaces/srv/detail/capture_frame__description.c.o[0m
[ 18%] [32mBuilding C object CMakeFiles/mapping_interfaces__rosidl_generator_c.dir/rosidl_generator_c/mapping_interfaces/srv/detail/generate_mapping_plan__description.c.o[0m
[ 20%] [32mBuilding C object CMakeFiles/mapping_interfaces__rosidl_generator_c.dir/rosidl_generator_c/mapping_interfaces/srv/detail/generate_mapping_plan__type_support.c.o[0m
[ 21%] [32mBuilding C object CMakeFiles/mapping_interfaces__rosidl_generator_c.dir/rosidl_generator_c/mapping_interfaces/srv/detail/execute_mapping_plan__type_support.c.o[0m
[ 23%] [32mBuilding C object CMakeFiles/mapping_interfaces__rosidl_generator_c.dir/rosidl_generator_c/mapping_interfaces/srv/detail/capture_frame__type_support.c.o[0m
[ 25%] [32m[1mLinking C shared library libmapping_interfaces__rosidl_generator_c.so[0m
[ 25%] Built target mapping_interfaces__rosidl_generator_c
[ 27%] [34m[1mGenerating C type support for eProsima Fast-RTPS[0m
[ 29%] [34m[1mGenerating C++ type support for eProsima Fast-RTPS[0m
[ 30%] [34m[1mGenerating C++ type support dispatch for ROS interfaces[0m
[ 36%] [34m[1mGenerating C type support dispatch for ROS interfaces[0m
[ 36%] [34m[1mGenerating C introspection for ROS interfaces[0m
[ 36%] [34m[1mGenerating C++ introspection for ROS interfaces[0m
[ 38%] [32mBuilding CXX object CMakeFiles/mapping_interfaces__rosidl_typesupport_cpp.dir/rosidl_typesupport_cpp/mapping_interfaces/srv/capture_frame__type_support.cpp.o[0m
[ 41%] [32mBuilding CXX object CMakeFiles/mapping_interfaces__rosidl_typesupport_cpp.dir/rosidl_typesupport_cpp/mapping_interfaces/srv/generate_mapping_plan__type_support.cpp.o[0m
[ 41%] [32mBuilding CXX object CMakeFiles/mapping_interfaces__rosidl_typesupport_cpp.dir/rosidl_typesupport_cpp/mapping_interfaces/srv/execute_mapping_plan__type_support.cpp.o[0m
[ 43%] [32mBuilding CXX object CMakeFiles/mapping_interfaces__rosidl_typesupport_introspection_cpp.dir/rosidl_typesupport_introspection_cpp/mapping_interfaces/srv/detail/capture_frame__type_support.cpp.o[0m
[ 45%] [32mBuilding CXX object CMakeFiles/mapping_interfaces__rosidl_typesupport_introspection_cpp.dir/rosidl_typesupport_introspection_cpp/mapping_interfaces/srv/detail/execute_mapping_plan__type_support.cpp.o[0m
[ 47%] [32mBuilding CXX object CMakeFiles/mapping_interfaces__rosidl_typesupport_introspection_cpp.dir/rosidl_typesupport_introspection_cpp/mapping_interfaces/srv/detail/generate_mapping_plan__type_support.cpp.o[0m
[ 49%] [32mBuilding C object CMakeFiles/mapping_interfaces__rosidl_typesupport_introspection_c.dir/rosidl_typesupport_introspection_c/mapping_interfaces/srv/detail/generate_mapping_plan__type_support.c.o[0m
[ 50%] [32mBuilding C object CMakeFiles/mapping_interfaces__rosidl_typesupport_introspection_c.dir/rosidl_typesupport_introspection_c/mapping_interfaces/srv/detail/capture_frame__type_support.c.o[0m
[ 52%] [32mBuilding C object CMakeFiles/mapping_interfaces__rosidl_typesupport_introspection_c.dir/rosidl_typesupport_introspection_c/mapping_interfaces/srv/detail/execute_mapping_plan__type_support.c.o[0m
[ 56%] [32mBuilding CXX object CMakeFiles/mapping_interfaces__rosidl_typesupport_c.dir/rosidl_typesupport_c/mapping_interfaces/srv/execute_mapping_plan__type_support.cpp.o[0m
[ 56%] [32mBuilding CXX object CMakeFiles/mapping_interfaces__rosidl_typesupport_c.dir/rosidl_typesupport_c/mapping_interfaces/srv/generate_mapping_plan__type_support.cpp.o[0m
[ 58%] [32mBuilding CXX object CMakeFiles/mapping_interfaces__rosidl_typesupport_c.dir/rosidl_typesupport_c/mapping_interfaces/srv/capture_frame__type_support.cpp.o[0m
[ 60%] [32m[1mLinking C shared library libmapping_interfaces__rosidl_typesupport_introspection_c.so[0m
[ 61%] [32m[1mLinking CXX shared library libmapping_interfaces__rosidl_typesupport_c.so[0m
[ 61%] Built target mapping_interfaces__rosidl_typesupport_introspection_c
[ 65%] [32mBuilding CXX object CMakeFiles/mapping_interfaces__rosidl_typesupport_fastrtps_c.dir/rosidl_typesupport_fastrtps_c/mapping_interfaces/srv/detail/execute_mapping_plan__type_support_c.cpp.o[0m
[ 65%] [32mBuilding CXX object CMakeFiles/mapping_interfaces__rosidl_typesupport_fastrtps_c.dir/rosidl_typesupport_fastrtps_c/mapping_interfaces/srv/detail/generate_mapping_plan__type_support_c.cpp.o[0m
[ 67%] [32mBuilding CXX object CMakeFiles/mapping_interfaces__rosidl_typesupport_fastrtps_c.dir/rosidl_typesupport_fastrtps_c/mapping_interfaces/srv/detail/capture_frame__type_support_c.cpp.o[0m
[ 70%] [32mBuilding CXX object CMakeFiles/mapping_interfaces__rosidl_typesupport_fastrtps_cpp.dir/rosidl_typesupport_fastrtps_cpp/mapping_interfaces/srv/detail/dds_fastrtps/execute_mapping_plan__type_support.cpp.o[0m
[ 70%] [32mBuilding CXX object CMakeFiles/mapping_interfaces__rosidl_typesupport_fastrtps_cpp.dir/rosidl_typesupport_fastrtps_cpp/mapping_interfaces/srv/detail/dds_fastrtps/generate_mapping_plan__type_support.cpp.o[0m
[ 72%] [32mBuilding CXX object CMakeFiles/mapping_interfaces__rosidl_typesupport_fastrtps_cpp.dir/rosidl_typesupport_fastrtps_cpp/mapping_interfaces/srv/detail/dds_fastrtps/capture_frame__type_support.cpp.o[0m
[ 72%] Built target mapping_interfaces__rosidl_typesupport_c
[ 74%] [32m[1mLinking CXX shared library libmapping_interfaces__rosidl_typesupport_cpp.so[0m
[ 74%] Built target mapping_interfaces__rosidl_typesupport_cpp
[ 76%] [32m[1mLinking CXX shared library libmapping_interfaces__rosidl_typesupport_fastrtps_c.so[0m
[ 76%] Built target mapping_interfaces__rosidl_typesupport_fastrtps_c
[ 78%] [32m[1mLinking CXX shared library libmapping_interfaces__rosidl_typesupport_introspection_cpp.so[0m
[ 78%] Built target mapping_interfaces__rosidl_typesupport_introspection_cpp
[ 80%] [32m[1mLinking CXX shared library libmapping_interfaces__rosidl_typesupport_fastrtps_cpp.so[0m
[ 80%] Built target mapping_interfaces__rosidl_typesupport_fastrtps_cpp
[ 80%] Built target mapping_interfaces
[ 81%] [34m[1mGenerating Python code for ROS interfaces[0m
[ 81%] Built target mapping_interfaces__py
[ 83%] [32mBuilding C object CMakeFiles/mapping_interfaces__rosidl_generator_py.dir/rosidl_generator_py/mapping_interfaces/srv/_execute_mapping_plan_s.c.o[0m
[ 85%] [32mBuilding C object CMakeFiles/mapping_interfaces__rosidl_generator_py.dir/rosidl_generator_py/mapping_interfaces/srv/_capture_frame_s.c.o[0m
[ 87%] [32mBuilding C object CMakeFiles/mapping_interfaces__rosidl_generator_py.dir/rosidl_generator_py/mapping_interfaces/srv/_generate_mapping_plan_s.c.o[0m
[ 89%] [32m[1mLinking C shared library libmapping_interfaces__rosidl_generator_py.so[0m
[ 89%] Built target mapping_interfaces__rosidl_generator_py
[ 90%] [32mBuilding C object CMakeFiles/mapping_interfaces_s__rosidl_typesupport_fastrtps_c.dir/rosidl_generator_py/mapping_interfaces/_mapping_interfaces_s.ep.rosidl_typesupport_fastrtps_c.c.o[0m
[ 92%] [32mBuilding C object CMakeFiles/mapping_interfaces_s__rosidl_typesupport_introspection_c.dir/rosidl_generator_py/mapping_interfaces/_mapping_interfaces_s.ep.rosidl_typesupport_introspection_c.c.o[0m
[ 94%] [32mBuilding C object CMakeFiles/mapping_interfaces_s__rosidl_typesupport_c.dir/rosidl_generator_py/mapping_interfaces/_mapping_interfaces_s.ep.rosidl_typesupport_c.c.o[0m
[ 96%] [32m[1mLinking C shared module rosidl_generator_py/mapping_interfaces/mapping_interfaces_s__rosidl_typesupport_c.so[0m
[ 98%] [32m[1mLinking C shared module rosidl_generator_py/mapping_interfaces/mapping_interfaces_s__rosidl_typesupport_introspection_c.so[0m
[100%] [32m[1mLinking C shared module rosidl_generator_py/mapping_interfaces/mapping_interfaces_s__rosidl_typesupport_fastrtps_c.so[0m
[100%] Built target mapping_interfaces_s__rosidl_typesupport_c
[100%] Built target mapping_interfaces_s__rosidl_typesupport_introspection_c
[100%] Built target mapping_interfaces_s__rosidl_typesupport_fastrtps_c
-- Install configuration: ""
-- Installing: /home/daniel-choate/paml_ros2/src/mapping_interfaces/install/mapping_interfaces/share/ament_index/resource_index/rosidl_interfaces/mapping_interfaces
-- Installing: /home/daniel-choate/paml_ros2/src/mapping_interfaces/install/mapping_interfaces/share/mapping_interfaces/srv/GenerateMappingPlan.json
-- Installing: /home/daniel-choate/paml_ros2/src/mapping_interfaces/install/mapping_interfaces/share/mapping_interfaces/srv/ExecuteMappingPlan.json
-- Installing: /home/daniel-choate/paml_ros2/src/mapping_interfaces/install/mapping_interfaces/share/mapping_interfaces/srv/CaptureFrame.json
-- Installing: /home/daniel-choate/paml_ros2/src/mapping_interfaces/install/mapping_interfaces/include/mapping_interfaces/mapping_interfaces
-- Installing: /home/daniel-choate/paml_ros2/src/mapping_interfaces/install/mapping_interfaces/include/mapping_interfaces/mapping_interfaces/msg
-- Installing: /home/daniel-choate/paml_ros2/src/mapping_interfaces/install/mapping_interfaces/include/mapping_interfaces/mapping_interfaces/msg/rosidl_generator_c__visibility_control.h
-- Installing: /home/daniel-choate/paml_ros2/src/mapping_interfaces/install/mapping_interfaces/include/mapping_interfaces/mapping_interfaces/srv
-- Installing: /home/daniel-choate/paml_ros2/src/mapping_interfaces/install/mapping_interfaces/include/mapping_interfaces/mapping_interfaces/srv/execute_mapping_plan.h
-- Installing: /home/daniel-choate/paml_ros2/src/mapping_interfaces/install/mapping_interfaces/include/mapping_interfaces/mapping_interfaces/srv/detail
-- Installing: /home/daniel-choate/paml_ros2/src/mapping_interfaces/install/mapping_interfaces/include/mapping_interfaces/mapping_interfaces/srv/detail/capture_frame__type_support.c
-- Installing: /home/daniel-choate/paml_ros2/src/mapping_interfaces/install/mapping_interfaces/include/mapping_interfaces/mapping_interfaces/srv/detail/execute_mapping_plan__functions.c
-- Installing: /home/daniel-choate/paml_ros2/src/mapping_interfaces/install/mapping_interfaces/include/mapping_interfaces/mapping_interfaces/srv/detail/generate_mapping_plan__description.c
-- Installing: /home/daniel-choate/paml_ros2/src/mapping_interfaces/install/mapping_interfaces/include/mapping_interfaces/mapping_interfaces/srv/detail/capture_frame__type_support.h
-- Installing: /home/daniel-choate/paml_ros2/src/mapping_interfaces/install/mapping_interfaces/include/mapping_interfaces/mapping_interfaces/srv/detail/execute_mapping_plan__struct.h
-- Installing: /home/daniel-choate/paml_ros2/src/mapping_interfaces/install/mapping_interfaces/include/mapping_interfaces/mapping_interfaces/srv/detail/capture_frame__functions.c
-- Installing: /home/daniel-choate/paml_ros2/src/mapping_interfaces/install/mapping_interfaces/include/mapping_interfaces/mapping_interfaces/srv/detail/generate_mapping_plan__functions.h
-- Installing: /home/daniel-choate/paml_ros2/src/mapping_interfaces/install/mapping_interfaces/include/mapping_interfaces/mapping_interfaces/srv/detail/execute_mapping_plan__description.c
-- Installing: /home/daniel-choate/paml_ros2/src/mapping_interfaces/install/mapping_interfaces/include/mapping_interfaces/mapping_interfaces/srv/detail/generate_mapping_plan__struct.h
-- Installing: /home/daniel-choate/paml_ros2/src/mapping_interfaces/install/mapping_interfaces/include/mapping_interfaces/mapping_interfaces/srv/detail/generate_mapping_plan__functions.c
-- Installing: /home/daniel-choate/paml_ros2/src/mapping_interfaces/install/mapping_interfaces/include/mapping_interfaces/mapping_interfaces/srv/detail/capture_frame__functions.h
-- Installing: /home/daniel-choate/paml_ros2/src/mapping_interfaces/install/mapping_interfaces/include/mapping_interfaces/mapping_interfaces/srv/detail/capture_frame__struct.h
-- Installing: /home/daniel-choate/paml_ros2/src/mapping_interfaces/install/mapping_interfaces/include/mapping_interfaces/mapping_interfaces/srv/detail/execute_mapping_plan__functions.h
-- Installing: /home/daniel-choate/paml_ros2/src/mapping_interfaces/install/mapping_interfaces/include/mapping_interfaces/mapping_interfaces/srv/detail/execute_mapping_plan__type_support.h
-- Installing: /home/daniel-choate/paml_ros2/src/mapping_interfaces/install/mapping_interfaces/include/mapping_interfaces/mapping_interfaces/srv/detail/capture_frame__description.c
-- Installing: /home/daniel-choate/paml_ros2/src/mapping_interfaces/install/mapping_interfaces/include/mapping_interfaces/mapping_interfaces/srv/detail/generate_mapping_plan__type_support.c
-- Installing: /home/daniel-choate/paml_ros2/src/mapping_interfaces/install/mapping_interfaces/include/mapping_interfaces/mapping_interfaces/srv/detail/generate_mapping_plan__type_support.h
-- Installing: /home/daniel-choate/paml_ros2/src/mapping_interfaces/install/mapping_interfaces/include/mapping_interfaces/mapping_interfaces/srv/detail/execute_mapping_plan__type_support.c
-- Installing: /home/daniel-choate/paml_ros2/src/mapping_interfaces/install/mapping_interfaces/include/mapping_interfaces/mapping_interfaces/srv/capture_frame.h
-- Installing: /home/daniel-choate/paml_ros2/src/mapping_interfaces/install/mapping_interfaces/include/mapping_interfaces/mapping_interfaces/srv/generate_mapping_plan.h
-- Installing: /home/daniel-choate/paml_ros2/src/mapping_interfaces/install/mapping_interfaces/share/mapping_interfaces/environment/library_path.sh
-- Installing: /home/daniel-choate/paml_ros2/src/mapping_interfaces/install/mapping_interfaces/share/mapping_interfaces/environment/library_path.dsv
-- Installing: /home/daniel-choate/paml_ros2/src/mapping_interfaces/install/mapping_interfaces/lib/libmapping_interfaces__rosidl_generator_c.so
-- Set non-toolchain portion of runtime path of "/home/daniel-choate/paml_ros2/src/mapping_interfaces/install/mapping_interfaces/lib/libmapping_interfaces__rosidl_generator_c.so" to ""
-- Up-to-date: /home/daniel-choate/paml_ros2/src/mapping_interfaces/install/mapping_interfaces/include/mapping_interfaces/mapping_interfaces
-- Up-to-date: /home/daniel-choate/paml_ros2/src/mapping_interfaces/install/mapping_interfaces/include/mapping_interfaces/mapping_interfaces/msg
-- Installing: /home/daniel-choate/paml_ros2/src/mapping_interfaces/install/mapping_interfaces/include/mapping_interfaces/mapping_interfaces/msg/rosidl_typesupport_fastrtps_c__visibility_control.h
-- Up-to-date: /home/daniel-choate/paml_ros2/src/mapping_interfaces/install/mapping_interfaces/include/mapping_interfaces/mapping_interfaces/srv
-- Up-to-date: /home/daniel-choate/paml_ros2/src/mapping_interfaces/install/mapping_interfaces/include/mapping_interfaces/mapping_interfaces/srv/detail
-- Installing: /home/daniel-choate/paml_ros2/src/mapping_interfaces/install/mapping_interfaces/include/mapping_interfaces/mapping_interfaces/srv/detail/generate_mapping_plan__rosidl_typesupport_fastrtps_c.h
-- Installing: /home/daniel-choate/paml_ros2/src/mapping_interfaces/install/mapping_interfaces/include/mapping_interfaces/mapping_interfaces/srv/detail/execute_mapping_plan__rosidl_typesupport_fastrtps_c.h
-- Installing: /home/daniel-choate/paml_ros2/src/mapping_interfaces/install/mapping_interfaces/include/mapping_interfaces/mapping_interfaces/srv/detail/capture_frame__rosidl_typesupport_fastrtps_c.h
-- Installing: /home/daniel-choate/paml_ros2/src/mapping_interfaces/install/mapping_interfaces/lib/libmapping_interfaces__rosidl_typesupport_fastrtps_c.so
-- Set non-toolchain portion of runtime path of "/home/daniel-choate/paml_ros2/src/mapping_interfaces/install/mapping_interfaces/lib/libmapping_interfaces__rosidl_typesupport_fastrtps_c.so" to ""
-- Up-to-date: /home/daniel-choate/paml_ros2/src/mapping_interfaces/install/mapping_interfaces/include/mapping_interfaces/mapping_interfaces
-- Up-to-date: /home/daniel-choate/paml_ros2/src/mapping_interfaces/install/mapping_interfaces/include/mapping_interfaces/mapping_interfaces/msg
-- Installing: /home/daniel-choate/paml_ros2/src/mapping_interfaces/install/mapping_interfaces/include/mapping_interfaces/mapping_interfaces/msg/rosidl_generator_cpp__visibility_control.hpp
-- Up-to-date: /home/daniel-choate/paml_ros2/src/mapping_interfaces/install/mapping_interfaces/include/mapping_interfaces/mapping_interfaces/srv
-- Installing: /home/daniel-choate/paml_ros2/src/mapping_interfaces/install/mapping_interfaces/include/mapping_interfaces/mapping_interfaces/srv/generate_mapping_plan.hpp
-- Up-to-date: /home/daniel-choate/paml_ros2/src/mapping_interfaces/install/mapping_interfaces/include/mapping_interfaces/mapping_interfaces/srv/detail
-- Installing: /home/daniel-choate/paml_ros2/src/mapping_interfaces/install/mapping_interfaces/include/mapping_interfaces/mapping_interfaces/srv/detail/generate_mapping_plan__type_support.hpp
-- Installing: /home/daniel-choate/paml_ros2/src/mapping_interfaces/install/mapping_interfaces/include/mapping_interfaces/mapping_interfaces/srv/detail/execute_mapping_plan__type_support.hpp
-- Installing: /home/daniel-choate/paml_ros2/src/mapping_interfaces/install/mapping_interfaces/include/mapping_interfaces/mapping_interfaces/srv/detail/capture_frame__struct.hpp
-- Installing: /home/daniel-choate/paml_ros2/src/mapping_interfaces/install/mapping_interfaces/include/mapping_interfaces/mapping_interfaces/srv/detail/generate_mapping_plan__struct.hpp
-- Installing: /home/daniel-choate/paml_ros2/src/mapping_interfaces/install/mapping_interfaces/include/mapping_interfaces/mapping_interfaces/srv/detail/execute_mapping_plan__struct.hpp
-- Installing: /home/daniel-choate/paml_ros2/src/mapping_interfaces/install/mapping_interfaces/include/mapping_interfaces/mapping_interfaces/srv/detail/capture_frame__type_support.hpp
-- Installing: /home/daniel-choate/paml_ros2/src/mapping_interfaces/install/mapping_interfaces/include/mapping_interfaces/mapping_interfaces/srv/detail/execute_mapping_plan__builder.hpp
-- Installing: /home/daniel-choate/paml_ros2/src/mapping_interfaces/install/mapping_interfaces/include/mapping_interfaces/mapping_interfaces/srv/detail/execute_mapping_plan__traits.hpp
-- Installing: /home/daniel-choate/paml_ros2/src/mapping_interfaces/install/mapping_interfaces/include/mapping_interfaces/mapping_interfaces/srv/detail/generate_mapping_plan__traits.hpp
-- Installing: /home/daniel-choate/paml_ros2/src/mapping_interfaces/install/mapping_interfaces/include/mapping_interfaces/mapping_interfaces/srv/detail/generate_mapping_plan__builder.hpp
-- Installing: /home/daniel-choate/paml_ros2/src/mapping_interfaces/install/mapping_interfaces/include/mapping_interfaces/mapping_interfaces/srv/detail/capture_frame__builder.hpp
-- Installing: /home/daniel-choate/paml_ros2/src/mapping_interfaces/install/mapping_interfaces/include/mapping_interfaces/mapping_interfaces/srv/detail/capture_frame__traits.hpp
-- Installing: /home/daniel-choate/paml_ros2/src/mapping_interfaces/install/mapping_interfaces/include/mapping_interfaces/mapping_interfaces/srv/execute_mapping_plan.hpp
-- Installing: /home/daniel-choate/paml_ros2/src/mapping_interfaces/install/mapping_interfaces/include/mapping_interfaces/mapping_interfaces/srv/capture_frame.hpp
-- Up-to-date: /home/daniel-choate/paml_ros2/src/mapping_interfaces/install/mapping_interfaces/include/mapping_interfaces/mapping_interfaces
-- Up-to-date: /home/daniel-choate/paml_ros2/src/mapping_interfaces/install/mapping_interfaces/include/mapping_interfaces/mapping_interfaces/msg
-- Installing: /home/daniel-choate/paml_ros2/src/mapping_interfaces/install/mapping_interfaces/include/mapping_interfaces/mapping_interfaces/msg/rosidl_typesupport_fastrtps_cpp__visibility_control.h
-- Up-to-date: /home/daniel-choate/paml_ros2/src/mapping_interfaces/install/mapping_interfaces/include/mapping_interfaces/mapping_interfaces/srv
-- Up-to-date: /home/daniel-choate/paml_ros2/src/mapping_interfaces/install/mapping_interfaces/include/mapping_interfaces/mapping_interfaces/srv/detail
-- Installing: /home/daniel-choate/paml_ros2/src/mapping_interfaces/install/mapping_interfaces/include/mapping_interfaces/mapping_interfaces/srv/detail/dds_fastrtps
-- Installing: /home/daniel-choate/paml_ros2/src/mapping_interfaces/install/mapping_interfaces/include/mapping_interfaces/mapping_interfaces/srv/detail/generate_mapping_plan__rosidl_typesupport_fastrtps_cpp.hpp
-- Installing: /home/daniel-choate/paml_ros2/src/mapping_interfaces/install/mapping_interfaces/include/mapping_interfaces/mapping_interfaces/srv/detail/execute_mapping_plan__rosidl_typesupport_fastrtps_cpp.hpp
-- Installing: /home/daniel-choate/paml_ros2/src/mapping_interfaces/install/mapping_interfaces/include/mapping_interfaces/mapping_interfaces/srv/detail/capture_frame__rosidl_typesupport_fastrtps_cpp.hpp
-- Installing: /home/daniel-choate/paml_ros2/src/mapping_interfaces/install/mapping_interfaces/lib/libmapping_interfaces__rosidl_typesupport_fastrtps_cpp.so
-- Set non-toolchain portion of runtime path of "/home/daniel-choate/paml_ros2/src/mapping_interfaces/install/mapping_interfaces/lib/libmapping_interfaces__rosidl_typesupport_fastrtps_cpp.so" to ""
-- Up-to-date: /home/daniel-choate/paml_ros2/src/mapping_interfaces/install/mapping_interfaces/include/mapping_interfaces/mapping_interfaces
-- Up-to-date: /home/daniel-choate/paml_ros2/src/mapping_interfaces/install/mapping_interfaces/include/mapping_interfaces/mapping_interfaces/msg
-- Installing: /home/daniel-choate/paml_ros2/src/mapping_interfaces/install/mapping_interfaces/include/mapping_interfaces/mapping_interfaces/msg/rosidl_typesupport_introspection_c__visibility_control.h
-- Up-to-date: /home/daniel-choate/paml_ros2/src/mapping_interfaces/install/mapping_interfaces/include/mapping_interfaces/mapping_interfaces/srv
-- Up-to-date: /home/daniel-choate/paml_ros2/src/mapping_interfaces/install/mapping_interfaces/include/mapping_interfaces/mapping_interfaces/srv/detail
-- Installing: /home/daniel-choate/paml_ros2/src/mapping_interfaces/install/mapping_interfaces/include/mapping_interfaces/mapping_interfaces/srv/detail/capture_frame__type_support.c
-- Installing: /home/daniel-choate/paml_ros2/src/mapping_interfaces/install/mapping_interfaces/include/mapping_interfaces/mapping_interfaces/srv/detail/execute_mapping_plan__rosidl_typesupport_introspection_c.h
-- Installing: /home/daniel-choate/paml_ros2/src/mapping_interfaces/install/mapping_interfaces/include/mapping_interfaces/mapping_interfaces/srv/detail/capture_frame__rosidl_typesupport_introspection_c.h
-- Installing: /home/daniel-choate/paml_ros2/src/mapping_interfaces/install/mapping_interfaces/include/mapping_interfaces/mapping_interfaces/srv/detail/generate_mapping_plan__rosidl_typesupport_introspection_c.h
-- Installing: /home/daniel-choate/paml_ros2/src/mapping_interfaces/install/mapping_interfaces/include/mapping_interfaces/mapping_interfaces/srv/detail/generate_mapping_plan__type_support.c
-- Installing: /home/daniel-choate/paml_ros2/src/mapping_interfaces/install/mapping_interfaces/include/mapping_interfaces/mapping_interfaces/srv/detail/execute_mapping_plan__type_support.c
-- Installing: /home/daniel-choate/paml_ros2/src/mapping_interfaces/install/mapping_interfaces/lib/libmapping_interfaces__rosidl_typesupport_introspection_c.so
-- Set non-toolchain portion of runtime path of "/home/daniel-choate/paml_ros2/src/mapping_interfaces/install/mapping_interfaces/lib/libmapping_interfaces__rosidl_typesupport_introspection_c.so" to ""
-- Installing: /home/daniel-choate/paml_ros2/src/mapping_interfaces/install/mapping_interfaces/lib/libmapping_interfaces__rosidl_typesupport_c.so
-- Set non-toolchain portion of runtime path of "/home/daniel-choate/paml_ros2/src/mapping_interfaces/install/mapping_interfaces/lib/libmapping_interfaces__rosidl_typesupport_c.so" to ""
-- Up-to-date: /home/daniel-choate/paml_ros2/src/mapping_interfaces/install/mapping_interfaces/include/mapping_interfaces/mapping_interfaces
-- Up-to-date: /home/daniel-choate/paml_ros2/src/mapping_interfaces/install/mapping_interfaces/include/mapping_interfaces/mapping_interfaces/srv
-- Up-to-date: /home/daniel-choate/paml_ros2/src/mapping_interfaces/install/mapping_interfaces/include/mapping_interfaces/mapping_interfaces/srv/detail
-- Installing: /home/daniel-choate/paml_ros2/src/mapping_interfaces/install/mapping_interfaces/include/mapping_interfaces/mapping_interfaces/srv/detail/capture_frame__type_support.cpp
-- Installing: /home/daniel-choate/paml_ros2/src/mapping_interfaces/install/mapping_interfaces/include/mapping_interfaces/mapping_interfaces/srv/detail/generate_mapping_plan__type_support.cpp
-- Installing: /home/daniel-choate/paml_ros2/src/mapping_interfaces/install/mapping_interfaces/include/mapping_interfaces/mapping_interfaces/srv/detail/execute_mapping_plan__type_support.cpp
-- Installing: /home/daniel-choate/paml_ros2/src/mapping_interfaces/install/mapping_interfaces/include/mapping_interfaces/mapping_interfaces/srv/detail/execute_mapping_plan__rosidl_typesupport_introspection_cpp.hpp
-- Installing: /home/daniel-choate/paml_ros2/src/mapping_interfaces/install/mapping_interfaces/include/mapping_interfaces/mapping_interfaces/srv/detail/capture_frame__rosidl_typesupport_introspection_cpp.hpp
-- Installing: /home/daniel-choate/paml_ros2/src/mapping_interfaces/install/mapping_interfaces/include/mapping_interfaces/mapping_interfaces/srv/detail/generate_mapping_plan__rosidl_typesupport_introspection_cpp.hpp
-- Installing: /home/daniel-choate/paml_ros2/src/mapping_interfaces/install/mapping_interfaces/lib/libmapping_interfaces__rosidl_typesupport_introspection_cpp.so
-- Set non-toolchain portion of runtime path of "/home/daniel-choate/paml_ros2/src/mapping_interfaces/install/mapping_interfaces/lib/libmapping_interfaces__rosidl_typesupport_introspection_cpp.so" to ""
-- Installing: /home/daniel-choate/paml_ros2/src/mapping_interfaces/install/mapping_interfaces/lib/libmapping_interfaces__rosidl_typesupport_cpp.so
-- Set non-toolchain portion of runtime path of "/home/daniel-choate/paml_ros2/src/mapping_interfaces/install/mapping_interfaces/lib/libmapping_interfaces__rosidl_typesupport_cpp.so" to ""
-- Installing: /home/daniel-choate/paml_ros2/src/mapping_interfaces/install/mapping_interfaces/share/mapping_interfaces/environment/pythonpath.sh
-- Installing: /home/daniel-choate/paml_ros2/src/mapping_interfaces/install/mapping_interfaces/share/mapping_interfaces/environment/pythonpath.dsv
-- Installing: /home/daniel-choate/paml_ros2/src/mapping_interfaces/install/mapping_interfaces/lib/python3.12/site-packages/mapping_interfaces-0.0.0-py3.12.egg-info
-- Installing: /home/daniel-choate/paml_ros2/src/mapping_interfaces/install/mapping_interfaces/lib/python3.12/site-packages/mapping_interfaces-0.0.0-py3.12.egg-info/dependency_links.txt
-- Installing: /home/daniel-choate/paml_ros2/src/mapping_interfaces/install/mapping_interfaces/lib/python3.12/site-packages/mapping_interfaces-0.0.0-py3.12.egg-info/PKG-INFO
-- Installing: /home/daniel-choate/paml_ros2/src/mapping_interfaces/install/mapping_interfaces/lib/python3.12/site-packages/mapping_interfaces-0.0.0-py3.12.egg-info/top_level.txt
-- Installing: /home/daniel-choate/paml_ros2/src/mapping_interfaces/install/mapping_interfaces/lib/python3.12/site-packages/mapping_interfaces-0.0.0-py3.12.egg-info/SOURCES.txt
-- Installing: /home/daniel-choate/paml_ros2/src/mapping_interfaces/install/mapping_interfaces/lib/python3.12/site-packages/mapping_interfaces
-- Installing: /home/daniel-choate/paml_ros2/src/mapping_interfaces/install/mapping_interfaces/lib/python3.12/site-packages/mapping_interfaces/_mapping_interfaces_s.ep.rosidl_typesupport_fastrtps_c.c
-- Installing: /home/daniel-choate/paml_ros2/src/mapping_interfaces/install/mapping_interfaces/lib/python3.12/site-packages/mapping_interfaces/mapping_interfaces_s__rosidl_typesupport_c.so
-- Installing: /home/daniel-choate/paml_ros2/src/mapping_interfaces/install/mapping_interfaces/lib/python3.12/site-packages/mapping_interfaces/__init__.py
-- Installing: /home/daniel-choate/paml_ros2/src/mapping_interfaces/install/mapping_interfaces/lib/python3.12/site-packages/mapping_interfaces/_mapping_interfaces_s.ep.rosidl_typesupport_introspection_c.c
-- Installing: /home/daniel-choate/paml_ros2/src/mapping_interfaces/install/mapping_interfaces/lib/python3.12/site-packages/mapping_interfaces/srv
-- Installing: /home/daniel-choate/paml_ros2/src/mapping_interfaces/install/mapping_interfaces/lib/python3.12/site-packages/mapping_interfaces/srv/_capture_frame_s.c
-- Installing: /home/daniel-choate/paml_ros2/src/mapping_interfaces/install/mapping_interfaces/lib/python3.12/site-packages/mapping_interfaces/srv/_generate_mapping_plan.py
-- Installing: /home/daniel-choate/paml_ros2/src/mapping_interfaces/install/mapping_interfaces/lib/python3.12/site-packages/mapping_interfaces/srv/__init__.py
-- Installing: /home/daniel-choate/paml_ros2/src/mapping_interfaces/install/mapping_interfaces/lib/python3.12/site-packages/mapping_interfaces/srv/_execute_mapping_plan_s.c
-- Installing: /home/daniel-choate/paml_ros2/src/mapping_interfaces/install/mapping_interfaces/lib/python3.12/site-packages/mapping_interfaces/srv/_capture_frame.py
-- Installing: /home/daniel-choate/paml_ros2/src/mapping_interfaces/install/mapping_interfaces/lib/python3.12/site-packages/mapping_interfaces/srv/_generate_mapping_plan_s.c
-- Installing: /home/daniel-choate/paml_ros2/src/mapping_interfaces/install/mapping_interfaces/lib/python3.12/site-packages/mapping_interfaces/srv/_execute_mapping_plan.py
-- Installing: /home/daniel-choate/paml_ros2/src/mapping_interfaces/install/mapping_interfaces/lib/python3.12/site-packages/mapping_interfaces/mapping_interfaces_s__rosidl_typesupport_fastrtps_c.so
-- Installing: /home/daniel-choate/paml_ros2/src/mapping_interfaces/install/mapping_interfaces/lib/python3.12/site-packages/mapping_interfaces/mapping_interfaces_s__rosidl_typesupport_introspection_c.so
-- Installing: /home/daniel-choate/paml_ros2/src/mapping_interfaces/install/mapping_interfaces/lib/python3.12/site-packages/mapping_interfaces/_mapping_interfaces_s.ep.rosidl_typesupport_c.c
Listing '/home/daniel-choate/paml_ros2/src/mapping_interfaces/install/mapping_interfaces/lib/python3.12/site-packages/mapping_interfaces'...
Compiling '/home/daniel-choate/paml_ros2/src/mapping_interfaces/install/mapping_interfaces/lib/python3.12/site-packages/mapping_interfaces/__init__.py'...
Listing '/home/daniel-choate/paml_ros2/src/mapping_interfaces/install/mapping_interfaces/lib/python3.12/site-packages/mapping_interfaces/srv'...
Compiling '/home/daniel-choate/paml_ros2/src/mapping_interfaces/install/mapping_interfaces/lib/python3.12/site-packages/mapping_interfaces/srv/__init__.py'...
Compiling '/home/daniel-choate/paml_ros2/src/mapping_interfaces/install/mapping_interfaces/lib/python3.12/site-packages/mapping_interfaces/srv/_capture_frame.py'...
Compiling '/home/daniel-choate/paml_ros2/src/mapping_interfaces/install/mapping_interfaces/lib/python3.12/site-packages/mapping_interfaces/srv/_execute_mapping_plan.py'...
Compiling '/home/daniel-choate/paml_ros2/src/mapping_interfaces/install/mapping_interfaces/lib/python3.12/site-packages/mapping_interfaces/srv/_generate_mapping_plan.py'...
-- Installing: /home/daniel-choate/paml_ros2/src/mapping_interfaces/install/mapping_interfaces/lib/python3.12/site-packages/mapping_interfaces/mapping_interfaces_s__rosidl_typesupport_fastrtps_c.so
-- Set non-toolchain portion of runtime path of "/home/daniel-choate/paml_ros2/src/mapping_interfaces/install/mapping_interfaces/lib/python3.12/site-packages/mapping_interfaces/mapping_interfaces_s__rosidl_typesupport_fastrtps_c.so" to ""
-- Installing: /home/daniel-choate/paml_ros2/src/mapping_interfaces/install/mapping_interfaces/lib/python3.12/site-packages/mapping_interfaces/mapping_interfaces_s__rosidl_typesupport_introspection_c.so
-- Set non-toolchain portion of runtime path of "/home/daniel-choate/paml_ros2/src/mapping_interfaces/install/mapping_interfaces/lib/python3.12/site-packages/mapping_interfaces/mapping_interfaces_s__rosidl_typesupport_introspection_c.so" to ""
-- Installing: /home/daniel-choate/paml_ros2/src/mapping_interfaces/install/mapping_interfaces/lib/python3.12/site-packages/mapping_interfaces/mapping_interfaces_s__rosidl_typesupport_c.so
-- Set non-toolchain portion of runtime path of "/home/daniel-choate/paml_ros2/src/mapping_interfaces/install/mapping_interfaces/lib/python3.12/site-packages/mapping_interfaces/mapping_interfaces_s__rosidl_typesupport_c.so" to ""
-- Installing: /home/daniel-choate/paml_ros2/src/mapping_interfaces/install/mapping_interfaces/lib/libmapping_interfaces__rosidl_generator_py.so
-- Set non-toolchain portion of runtime path of "/home/daniel-choate/paml_ros2/src/mapping_interfaces/install/mapping_interfaces/lib/libmapping_interfaces__rosidl_generator_py.so" to ""
-- Installing: /home/daniel-choate/paml_ros2/src/mapping_interfaces/install/mapping_interfaces/share/ament_index/resource_index/rust_packages/mapping_interfaces
-- Installing: /home/daniel-choate/paml_ros2/src/mapping_interfaces/install/mapping_interfaces/share/mapping_interfaces/rust
-- Installing: /home/daniel-choate/paml_ros2/src/mapping_interfaces/install/mapping_interfaces/share/mapping_interfaces/rust/src
-- Installing: /home/daniel-choate/paml_ros2/src/mapping_interfaces/install/mapping_interfaces/share/mapping_interfaces/rust/src/srv
-- Installing: /home/daniel-choate/paml_ros2/src/mapping_interfaces/install/mapping_interfaces/share/mapping_interfaces/rust/src/srv/rmw.rs
-- Installing: /home/daniel-choate/paml_ros2/src/mapping_interfaces/install/mapping_interfaces/share/mapping_interfaces/rust/src/lib.rs
-- Installing: /home/daniel-choate/paml_ros2/src/mapping_interfaces/install/mapping_interfaces/share/mapping_interfaces/rust/src/srv.rs
-- Installing: /home/daniel-choate/paml_ros2/src/mapping_interfaces/install/mapping_interfaces/share/mapping_interfaces/rust/build.rs
-- Installing: /home/daniel-choate/paml_ros2/src/mapping_interfaces/install/mapping_interfaces/share/mapping_interfaces/rust/Cargo.toml
-- Installing: /home/daniel-choate/paml_ros2/src/mapping_interfaces/install/mapping_interfaces/share/mapping_interfaces/srv/GenerateMappingPlan.idl
-- Installing: /home/daniel-choate/paml_ros2/src/mapping_interfaces/install/mapping_interfaces/share/mapping_interfaces/srv/ExecuteMappingPlan.idl
-- Installing: /home/daniel-choate/paml_ros2/src/mapping_interfaces/install/mapping_interfaces/share/mapping_interfaces/srv/CaptureFrame.idl
-- Installing: /home/daniel-choate/paml_ros2/src/mapping_interfaces/install/mapping_interfaces/share/mapping_interfaces/srv/GenerateMappingPlan.srv
-- Installing: /home/daniel-choate/paml_ros2/src/mapping_interfaces/install/mapping_interfaces/share/mapping_interfaces/srv/ExecuteMappingPlan.srv
-- Installing: /home/daniel-choate/paml_ros2/src/mapping_interfaces/install/mapping_interfaces/share/mapping_interfaces/srv/CaptureFrame.srv
-- Installing: /home/daniel-choate/paml_ros2/src/mapping_interfaces/install/mapping_interfaces/share/ament_index/resource_index/package_run_dependencies/mapping_interfaces
-- Installing: /home/daniel-choate/paml_ros2/src/mapping_interfaces/install/mapping_interfaces/share/ament_index/resource_index/parent_prefix_path/mapping_interfaces
-- Installing: /home/daniel-choate/paml_ros2/src/mapping_interfaces/install/mapping_interfaces/share/mapping_interfaces/environment/ament_prefix_path.sh
-- Installing: /home/daniel-choate/paml_ros2/src/mapping_interfaces/install/mapping_interfaces/share/mapping_interfaces/environment/ament_prefix_path.dsv
-- Installing: /home/daniel-choate/paml_ros2/src/mapping_interfaces/install/mapping_interfaces/share/mapping_interfaces/environment/path.sh
-- Installing: /home/daniel-choate/paml_ros2/src/mapping_interfaces/install/mapping_interfaces/share/mapping_interfaces/environment/path.dsv
-- Installing: /home/daniel-choate/paml_ros2/src/mapping_interfaces/install/mapping_interfaces/share/mapping_interfaces/local_setup.bash
-- Installing: /home/daniel-choate/paml_ros2/src/mapping_interfaces/install/mapping_interfaces/share/mapping_interfaces/local_setup.sh
-- Installing: /home/daniel-choate/paml_ros2/src/mapping_interfaces/install/mapping_interfaces/share/mapping_interfaces/local_setup.zsh
-- Installing: /home/daniel-choate/paml_ros2/src/mapping_interfaces/install/mapping_interfaces/share/mapping_interfaces/local_setup.dsv
-- Installing: /home/daniel-choate/paml_ros2/src/mapping_interfaces/install/mapping_interfaces/share/mapping_interfaces/package.dsv
-- Installing: /home/daniel-choate/paml_ros2/src/mapping_interfaces/install/mapping_interfaces/share/ament_index/resource_index/packages/mapping_interfaces
-- Installing: /home/daniel-choate/paml_ros2/src/mapping_interfaces/install/mapping_interfaces/share/mapping_interfaces/cmake/export_mapping_interfaces__rosidl_generator_cExport.cmake
-- Installing: /home/daniel-choate/paml_ros2/src/mapping_interfaces/install/mapping_interfaces/share/mapping_interfaces/cmake/export_mapping_interfaces__rosidl_generator_cExport-noconfig.cmake
-- Installing: /home/daniel-choate/paml_ros2/src/mapping_interfaces/install/mapping_interfaces/share/mapping_interfaces/cmake/export_mapping_interfaces__rosidl_typesupport_fastrtps_cExport.cmake
-- Installing: /home/daniel-choate/paml_ros2/src/mapping_interfaces/install/mapping_interfaces/share/mapping_interfaces/cmake/export_mapping_interfaces__rosidl_typesupport_fastrtps_cExport-noconfig.cmake
-- Installing: /home/daniel-choate/paml_ros2/src/mapping_interfaces/install/mapping_interfaces/share/mapping_interfaces/cmake/export_mapping_interfaces__rosidl_generator_cppExport.cmake
-- Installing: /home/daniel-choate/paml_ros2/src/mapping_interfaces/install/mapping_interfaces/share/mapping_interfaces/cmake/export_mapping_interfaces__rosidl_typesupport_fastrtps_cppExport.cmake
-- Installing: /home/daniel-choate/paml_ros2/src/mapping_interfaces/install/mapping_interfaces/share/mapping_interfaces/cmake/export_mapping_interfaces__rosidl_typesupport_fastrtps_cppExport-noconfig.cmake
-- Installing: /home/daniel-choate/paml_ros2/src/mapping_interfaces/install/mapping_interfaces/share/mapping_interfaces/cmake/mapping_interfaces__rosidl_typesupport_introspection_cExport.cmake
-- Installing: /home/daniel-choate/paml_ros2/src/mapping_interfaces/install/mapping_interfaces/share/mapping_interfaces/cmake/mapping_interfaces__rosidl_typesupport_introspection_cExport-noconfig.cmake
-- Installing: /home/daniel-choate/paml_ros2/src/mapping_interfaces/install/mapping_interfaces/share/mapping_interfaces/cmake/mapping_interfaces__rosidl_typesupport_cExport.cmake
-- Installing: /home/daniel-choate/paml_ros2/src/mapping_interfaces/install/mapping_interfaces/share/mapping_interfaces/cmake/mapping_interfaces__rosidl_typesupport_cExport-noconfig.cmake
-- Installing: /home/daniel-choate/paml_ros2/src/mapping_interfaces/install/mapping_interfaces/share/mapping_interfaces/cmake/mapping_interfaces__rosidl_typesupport_introspection_cppExport.cmake
-- Installing: /home/daniel-choate/paml_ros2/src/mapping_interfaces/install/mapping_interfaces/share/mapping_interfaces/cmake/mapping_interfaces__rosidl_typesupport_introspection_cppExport-noconfig.cmake
-- Installing: /home/daniel-choate/paml_ros2/src/mapping_interfaces/install/mapping_interfaces/share/mapping_interfaces/cmake/mapping_interfaces__rosidl_typesupport_cppExport.cmake
-- Installing: /home/daniel-choate/paml_ros2/src/mapping_interfaces/install/mapping_interfaces/share/mapping_interfaces/cmake/mapping_interfaces__rosidl_typesupport_cppExport-noconfig.cmake
-- Installing: /home/daniel-choate/paml_ros2/src/mapping_interfaces/install/mapping_interfaces/share/mapping_interfaces/cmake/export_mapping_interfaces__rosidl_generator_pyExport.cmake
-- Installing: /home/daniel-choate/paml_ros2/src/mapping_interfaces/install/mapping_interfaces/share/mapping_interfaces/cmake/export_mapping_interfaces__rosidl_generator_pyExport-noconfig.cmake
-- Installing: /home/daniel-choate/paml_ros2/src/mapping_interfaces/install/mapping_interfaces/share/mapping_interfaces/cmake/rosidl_cmake-extras.cmake
-- Installing: /home/daniel-choate/paml_ros2/src/mapping_interfaces/install/mapping_interfaces/share/mapping_interfaces/cmake/ament_cmake_export_dependencies-extras.cmake
-- Installing: /home/daniel-choate/paml_ros2/src/mapping_interfaces/install/mapping_interfaces/share/mapping_interfaces/cmake/ament_cmake_export_include_directories-extras.cmake
-- Installing: /home/daniel-choate/paml_ros2/src/mapping_interfaces/install/mapping_interfaces/share/mapping_interfaces/cmake/ament_cmake_export_libraries-extras.cmake
-- Installing: /home/daniel-choate/paml_ros2/src/mapping_interfaces/install/mapping_interfaces/share/mapping_interfaces/cmake/ament_cmake_export_targets-extras.cmake
-- Installing: /home/daniel-choate/paml_ros2/src/mapping_interfaces/install/mapping_interfaces/share/mapping_interfaces/cmake/rosidl_cmake_export_typesupport_targets-extras.cmake
-- Installing: /home/daniel-choate/paml_ros2/src/mapping_interfaces/install/mapping_interfaces/share/mapping_interfaces/cmake/rosidl_cmake_export_typesupport_libraries-extras.cmake
-- Installing: /home/daniel-choate/paml_ros2/src/mapping_interfaces/install/mapping_interfaces/share/mapping_interfaces/cmake/mapping_interfacesConfig.cmake
-- Installing: /home/daniel-choate/paml_ros2/src/mapping_interfaces/install/mapping_interfaces/share/mapping_interfaces/cmake/mapping_interfacesConfig-version.cmake
-- Installing: /home/daniel-choate/paml_ros2/src/mapping_interfaces/install/mapping_interfaces/share/mapping_interfaces/package.xml
