[0.013s] Invoking command in '/home/daniel-choate/paml_ros2/src/mapping_interfaces/build/mapping_interfaces': CMAKE_PREFIX_PATH=${CMAKE_PREFIX_PATH}:/opt/ros/kilted DEBUGINFOD_URLS=https://debuginfod.ubuntu.com /usr/bin/cmake /home/daniel-choate/paml_ros2/src/mapping_interfaces -DCMAKE_INSTALL_PREFIX=/home/daniel-choate/paml_ros2/src/mapping_interfaces/install/mapping_interfaces
[0.119s] -- The C compiler identification is GNU 13.3.0
[0.217s] -- The CXX compiler identification is GNU 13.3.0
[0.246s] -- Detecting C compiler ABI info
[0.395s] -- Detecting C compiler ABI info - done
[0.412s] -- Check for working C compiler: /usr/bin/cc - skipped
[0.413s] -- Detecting C compile features
[0.414s] -- Detecting C compile features - done
[0.431s] -- Detecting CXX compiler ABI info
[0.589s] -- Detecting CXX compiler ABI info - done
[0.603s] -- Check for working CXX compiler: /usr/bin/c++ - skipped
[0.604s] -- Detecting CXX compile features
[0.605s] -- Detecting CXX compile features - done
[0.615s] -- Found ament_cmake: 2.7.5 (/opt/ros/kilted/share/ament_cmake/cmake)
[0.847s] -- Found Python3: /usr/bin/python3 (found version "3.12.3") found components: Interpreter 
[1.020s] -- Found std_msgs: 5.5.2 (/opt/ros/kilted/share/std_msgs/cmake)
[1.085s] -- Found rosidl_generator_c: 4.9.6 (/opt/ros/kilted/share/rosidl_generator_c/cmake)
[1.107s] -- Found rosidl_generator_cpp: 4.9.6 (/opt/ros/kilted/share/rosidl_generator_cpp/cmake)
[1.136s] -- Using all available rosidl_typesupport_c: rosidl_typesupport_fastrtps_c;rosidl_typesupport_introspection_c
[1.164s] -- Using all available rosidl_typesupport_cpp: rosidl_typesupport_fastrtps_cpp;rosidl_typesupport_introspection_cpp
[1.212s] -- Found geometry_msgs: 5.5.2 (/opt/ros/kilted/share/geometry_msgs/cmake)
[1.234s] -- Found rosidl_default_generators: 1.7.2 (/opt/ros/kilted/share/rosidl_default_generators/cmake)
[1.267s] -- Found rosidl_adapter: 4.9.6 (/opt/ros/kilted/share/rosidl_adapter/cmake)
[1.273s] -- Found sensor_msgs: 5.5.2 (/opt/ros/kilted/share/sensor_msgs/cmake)
[2.427s] -- Found ament_cmake_ros_core: 0.14.7 (/opt/ros/kilted/share/ament_cmake_ros_core/cmake)
[3.782s] -- Using all available rosidl_typesupport_c: rosidl_typesupport_fastrtps_c;rosidl_typesupport_introspection_c
[4.307s] -- Using all available rosidl_typesupport_cpp: rosidl_typesupport_fastrtps_cpp;rosidl_typesupport_introspection_cpp
[4.944s] -- Found Python3: /usr/bin/python3 (found version "3.12.3") found components: Interpreter Development NumPy Development.Module Development.Embed 
[5.138s] -- Found Python3: /usr/bin/python3 (found version "3.12.3") found components: Interpreter 
[5.145s] -- Found ament_lint_auto: 0.19.2 (/opt/ros/kilted/share/ament_lint_auto/cmake)
[5.192s] -- Added test 'cppcheck' to perform static code analysis on C / C++ code
[5.193s] -- Configured cppcheck include dirs: $<BUILD_INTERFACE:/home/daniel-choate/paml_ros2/src/mapping_interfaces/build/mapping_interfaces/rosidl_generator_c>;$<BUILD_INTERFACE:/home/daniel-choate/paml_ros2/src/mapping_interfaces/build/mapping_interfaces/rosidl_typesupport_fastrtps_c>;$<BUILD_INTERFACE:/home/daniel-choate/paml_ros2/src/mapping_interfaces/build/mapping_interfaces/rosidl_generator_cpp>;$<BUILD_INTERFACE:/home/daniel-choate/paml_ros2/src/mapping_interfaces/build/mapping_interfaces/rosidl_typesupport_fastrtps_cpp>;$<BUILD_INTERFACE:/home/daniel-choate/paml_ros2/src/mapping_interfaces/build/mapping_interfaces/rosidl_typesupport_introspection_c>;$<BUILD_INTERFACE:/home/daniel-choate/paml_ros2/src/mapping_interfaces/build/mapping_interfaces/rosidl_typesupport_introspection_cpp>;/home/daniel-choate/paml_ros2/src/mapping_interfaces/build/mapping_interfaces/rosidl_generator_c;/home/daniel-choate/paml_ros2/src/mapping_interfaces/build/mapping_interfaces/rosidl_generator_py
[5.193s] -- Configured cppcheck exclude dirs and/or files: 
[5.195s] -- Added test 'flake8' to check Python code syntax and style conventions
[5.195s] -- Configured 'flake8' exclude dirs and/or files: 
[5.197s] -- Added test 'lint_cmake' to check CMake code style
[5.199s] -- Added test 'pep257' to check Python code against some of the docstring style conventions in PEP 257
[5.206s] -- Added test 'uncrustify' to check C / C++ code style
[5.206s] -- Configured uncrustify additional arguments: 
[5.207s] -- Added test 'xmllint' to check XML markup files
[5.211s] -- Configuring done (5.2s)
[5.265s] -- Generating done (0.0s)
[5.284s] -- Build files have been written to: /home/daniel-choate/paml_ros2/src/mapping_interfaces/build/mapping_interfaces
[5.296s] Invoked command in '/home/daniel-choate/paml_ros2/src/mapping_interfaces/build/mapping_interfaces' returned '0': CMAKE_PREFIX_PATH=${CMAKE_PREFIX_PATH}:/opt/ros/kilted DEBUGINFOD_URLS=https://debuginfod.ubuntu.com /usr/bin/cmake /home/daniel-choate/paml_ros2/src/mapping_interfaces -DCMAKE_INSTALL_PREFIX=/home/daniel-choate/paml_ros2/src/mapping_interfaces/install/mapping_interfaces
[5.298s] Invoking command in '/home/daniel-choate/paml_ros2/src/mapping_interfaces/build/mapping_interfaces': CMAKE_PREFIX_PATH=${CMAKE_PREFIX_PATH}:/opt/ros/kilted DEBUGINFOD_URLS=https://debuginfod.ubuntu.com /usr/bin/cmake --build /home/daniel-choate/paml_ros2/src/mapping_interfaces/build/mapping_interfaces -- -j20 -l20
[5.388s] [  1%] [34m[1mGenerating type hashes for ROS interfaces[0m
[5.388s] [  3%] [34m[1mGenerating Rust code for ROS interfaces[0m
[5.402s] [  3%] Built target ament_cmake_python_copy_mapping_interfaces
[5.693s] [  3%] Built target mapping_interfaces__rosidl_generator_type_description
[5.707s] [  5%] [34m[1mGenerating C code for ROS interfaces[0m
[5.717s] [  5%] Built target mapping_interfaces__rs
[5.723s] [  7%] [34m[1mGenerating C++ code for ROS interfaces[0m
[5.731s] running egg_info
[5.732s] creating mapping_interfaces.egg-info
[5.764s] writing mapping_interfaces.egg-info/PKG-INFO
[5.765s] writing dependency_links to mapping_interfaces.egg-info/dependency_links.txt
[5.765s] writing top-level names to mapping_interfaces.egg-info/top_level.txt
[5.765s] writing manifest file 'mapping_interfaces.egg-info/SOURCES.txt'
[5.860s] reading manifest file 'mapping_interfaces.egg-info/SOURCES.txt'
[5.861s] writing manifest file 'mapping_interfaces.egg-info/SOURCES.txt'
[5.897s] [  7%] Built target ament_cmake_python_build_mapping_interfaces_egg
[6.216s] [  7%] Built target mapping_interfaces__cpp
[6.297s] [  9%] [32mBuilding C object CMakeFiles/mapping_interfaces__rosidl_generator_c.dir/rosidl_generator_c/mapping_interfaces/srv/detail/execute_mapping_plan__description.c.o[0m
[6.298s] [ 10%] [32mBuilding C object CMakeFiles/mapping_interfaces__rosidl_generator_c.dir/rosidl_generator_c/mapping_interfaces/srv/detail/execute_mapping_plan__functions.c.o[0m
[6.299s] [ 12%] [32mBuilding C object CMakeFiles/mapping_interfaces__rosidl_generator_c.dir/rosidl_generator_c/mapping_interfaces/srv/detail/capture_frame__functions.c.o[0m
[6.299s] [ 14%] [32mBuilding C object CMakeFiles/mapping_interfaces__rosidl_generator_c.dir/rosidl_generator_c/mapping_interfaces/srv/detail/generate_mapping_plan__functions.c.o[0m
[6.300s] [ 16%] [32mBuilding C object CMakeFiles/mapping_interfaces__rosidl_generator_c.dir/rosidl_generator_c/mapping_interfaces/srv/detail/capture_frame__description.c.o[0m
[6.302s] [ 18%] [32mBuilding C object CMakeFiles/mapping_interfaces__rosidl_generator_c.dir/rosidl_generator_c/mapping_interfaces/srv/detail/generate_mapping_plan__description.c.o[0m
[6.303s] [ 20%] [32mBuilding C object CMakeFiles/mapping_interfaces__rosidl_generator_c.dir/rosidl_generator_c/mapping_interfaces/srv/detail/generate_mapping_plan__type_support.c.o[0m
[6.304s] [ 21%] [32mBuilding C object CMakeFiles/mapping_interfaces__rosidl_generator_c.dir/rosidl_generator_c/mapping_interfaces/srv/detail/execute_mapping_plan__type_support.c.o[0m
[6.307s] [ 23%] [32mBuilding C object CMakeFiles/mapping_interfaces__rosidl_generator_c.dir/rosidl_generator_c/mapping_interfaces/srv/detail/capture_frame__type_support.c.o[0m
[6.444s] [ 25%] [32m[1mLinking C shared library libmapping_interfaces__rosidl_generator_c.so[0m
[6.520s] [ 25%] Built target mapping_interfaces__rosidl_generator_c
[6.538s] [ 27%] [34m[1mGenerating C type support for eProsima Fast-RTPS[0m
[6.539s] [ 29%] [34m[1mGenerating C++ type support for eProsima Fast-RTPS[0m
[6.540s] [ 30%] [34m[1mGenerating C++ type support dispatch for ROS interfaces[0m
[6.546s] [ 36%] [34m[1mGenerating C type support dispatch for ROS interfaces[0m
[6.547s] [ 36%] [34m[1mGenerating C introspection for ROS interfaces[0m
[6.547s] [ 36%] [34m[1mGenerating C++ introspection for ROS interfaces[0m
[6.958s] [ 38%] [32mBuilding CXX object CMakeFiles/mapping_interfaces__rosidl_typesupport_cpp.dir/rosidl_typesupport_cpp/mapping_interfaces/srv/capture_frame__type_support.cpp.o[0m
[6.962s] [ 41%] [32mBuilding CXX object CMakeFiles/mapping_interfaces__rosidl_typesupport_cpp.dir/rosidl_typesupport_cpp/mapping_interfaces/srv/generate_mapping_plan__type_support.cpp.o[0m
[6.962s] [ 41%] [32mBuilding CXX object CMakeFiles/mapping_interfaces__rosidl_typesupport_cpp.dir/rosidl_typesupport_cpp/mapping_interfaces/srv/execute_mapping_plan__type_support.cpp.o[0m
[7.018s] [ 43%] [32mBuilding CXX object CMakeFiles/mapping_interfaces__rosidl_typesupport_introspection_cpp.dir/rosidl_typesupport_introspection_cpp/mapping_interfaces/srv/detail/capture_frame__type_support.cpp.o[0m
[7.022s] [ 45%] [32mBuilding CXX object CMakeFiles/mapping_interfaces__rosidl_typesupport_introspection_cpp.dir/rosidl_typesupport_introspection_cpp/mapping_interfaces/srv/detail/execute_mapping_plan__type_support.cpp.o[0m
[7.022s] [ 47%] [32mBuilding CXX object CMakeFiles/mapping_interfaces__rosidl_typesupport_introspection_cpp.dir/rosidl_typesupport_introspection_cpp/mapping_interfaces/srv/detail/generate_mapping_plan__type_support.cpp.o[0m
[7.032s] [ 49%] [32mBuilding C object CMakeFiles/mapping_interfaces__rosidl_typesupport_introspection_c.dir/rosidl_typesupport_introspection_c/mapping_interfaces/srv/detail/generate_mapping_plan__type_support.c.o[0m
[7.034s] [ 50%] [32mBuilding C object CMakeFiles/mapping_interfaces__rosidl_typesupport_introspection_c.dir/rosidl_typesupport_introspection_c/mapping_interfaces/srv/detail/capture_frame__type_support.c.o[0m
[7.034s] [ 52%] [32mBuilding C object CMakeFiles/mapping_interfaces__rosidl_typesupport_introspection_c.dir/rosidl_typesupport_introspection_c/mapping_interfaces/srv/detail/execute_mapping_plan__type_support.c.o[0m
[7.057s] [ 56%] [32mBuilding CXX object CMakeFiles/mapping_interfaces__rosidl_typesupport_c.dir/rosidl_typesupport_c/mapping_interfaces/srv/execute_mapping_plan__type_support.cpp.o[0m
[7.057s] [ 56%] [32mBuilding CXX object CMakeFiles/mapping_interfaces__rosidl_typesupport_c.dir/rosidl_typesupport_c/mapping_interfaces/srv/generate_mapping_plan__type_support.cpp.o[0m
[7.066s] [ 58%] [32mBuilding CXX object CMakeFiles/mapping_interfaces__rosidl_typesupport_c.dir/rosidl_typesupport_c/mapping_interfaces/srv/capture_frame__type_support.cpp.o[0m
[7.119s] [ 60%] [32m[1mLinking C shared library libmapping_interfaces__rosidl_typesupport_introspection_c.so[0m
[7.154s] [ 61%] [32m[1mLinking CXX shared library libmapping_interfaces__rosidl_typesupport_c.so[0m
[7.159s] [ 61%] Built target mapping_interfaces__rosidl_typesupport_introspection_c
[7.173s] [ 65%] [32mBuilding CXX object CMakeFiles/mapping_interfaces__rosidl_typesupport_fastrtps_c.dir/rosidl_typesupport_fastrtps_c/mapping_interfaces/srv/detail/execute_mapping_plan__type_support_c.cpp.o[0m
[7.173s] [ 65%] [32mBuilding CXX object CMakeFiles/mapping_interfaces__rosidl_typesupport_fastrtps_c.dir/rosidl_typesupport_fastrtps_c/mapping_interfaces/srv/detail/generate_mapping_plan__type_support_c.cpp.o[0m
[7.179s] [ 67%] [32mBuilding CXX object CMakeFiles/mapping_interfaces__rosidl_typesupport_fastrtps_c.dir/rosidl_typesupport_fastrtps_c/mapping_interfaces/srv/detail/capture_frame__type_support_c.cpp.o[0m
[7.198s] [ 70%] [32mBuilding CXX object CMakeFiles/mapping_interfaces__rosidl_typesupport_fastrtps_cpp.dir/rosidl_typesupport_fastrtps_cpp/mapping_interfaces/srv/detail/dds_fastrtps/execute_mapping_plan__type_support.cpp.o[0m
[7.198s] [ 70%] [32mBuilding CXX object CMakeFiles/mapping_interfaces__rosidl_typesupport_fastrtps_cpp.dir/rosidl_typesupport_fastrtps_cpp/mapping_interfaces/srv/detail/dds_fastrtps/generate_mapping_plan__type_support.cpp.o[0m
[7.198s] [ 72%] [32mBuilding CXX object CMakeFiles/mapping_interfaces__rosidl_typesupport_fastrtps_cpp.dir/rosidl_typesupport_fastrtps_cpp/mapping_interfaces/srv/detail/dds_fastrtps/capture_frame__type_support.cpp.o[0m
[7.217s] [ 72%] Built target mapping_interfaces__rosidl_typesupport_c
[7.691s] [ 74%] [32m[1mLinking CXX shared library libmapping_interfaces__rosidl_typesupport_cpp.so[0m
[7.791s] [ 74%] Built target mapping_interfaces__rosidl_typesupport_cpp
[7.900s] [ 76%] [32m[1mLinking CXX shared library libmapping_interfaces__rosidl_typesupport_fastrtps_c.so[0m
[8.003s] [ 76%] Built target mapping_interfaces__rosidl_typesupport_fastrtps_c
[8.062s] [ 78%] [32m[1mLinking CXX shared library libmapping_interfaces__rosidl_typesupport_introspection_cpp.so[0m
[8.165s] [ 78%] Built target mapping_interfaces__rosidl_typesupport_introspection_cpp
[8.237s] [ 80%] [32m[1mLinking CXX shared library libmapping_interfaces__rosidl_typesupport_fastrtps_cpp.so[0m
[8.352s] [ 80%] Built target mapping_interfaces__rosidl_typesupport_fastrtps_cpp
[8.387s] [ 80%] Built target mapping_interfaces
[8.421s] [ 81%] [34m[1mGenerating Python code for ROS interfaces[0m
[9.194s] [ 81%] Built target mapping_interfaces__py
[9.231s] [ 83%] [32mBuilding C object CMakeFiles/mapping_interfaces__rosidl_generator_py.dir/rosidl_generator_py/mapping_interfaces/srv/_execute_mapping_plan_s.c.o[0m
[9.232s] [ 85%] [32mBuilding C object CMakeFiles/mapping_interfaces__rosidl_generator_py.dir/rosidl_generator_py/mapping_interfaces/srv/_capture_frame_s.c.o[0m
[9.233s] [ 87%] [32mBuilding C object CMakeFiles/mapping_interfaces__rosidl_generator_py.dir/rosidl_generator_py/mapping_interfaces/srv/_generate_mapping_plan_s.c.o[0m
[9.419s] [ 89%] [32m[1mLinking C shared library libmapping_interfaces__rosidl_generator_py.so[0m
[9.491s] [ 89%] Built target mapping_interfaces__rosidl_generator_py
[9.526s] [ 90%] [32mBuilding C object CMakeFiles/mapping_interfaces_s__rosidl_typesupport_fastrtps_c.dir/rosidl_generator_py/mapping_interfaces/_mapping_interfaces_s.ep.rosidl_typesupport_fastrtps_c.c.o[0m
[9.527s] [ 92%] [32mBuilding C object CMakeFiles/mapping_interfaces_s__rosidl_typesupport_introspection_c.dir/rosidl_generator_py/mapping_interfaces/_mapping_interfaces_s.ep.rosidl_typesupport_introspection_c.c.o[0m
[9.527s] [ 94%] [32mBuilding C object CMakeFiles/mapping_interfaces_s__rosidl_typesupport_c.dir/rosidl_generator_py/mapping_interfaces/_mapping_interfaces_s.ep.rosidl_typesupport_c.c.o[0m
[9.681s] [ 96%] [32m[1mLinking C shared module rosidl_generator_py/mapping_interfaces/mapping_interfaces_s__rosidl_typesupport_c.so[0m
[9.684s] [ 98%] [32m[1mLinking C shared module rosidl_generator_py/mapping_interfaces/mapping_interfaces_s__rosidl_typesupport_introspection_c.so[0m
[9.691s] [100%] [32m[1mLinking C shared module rosidl_generator_py/mapping_interfaces/mapping_interfaces_s__rosidl_typesupport_fastrtps_c.so[0m
[9.736s] [100%] Built target mapping_interfaces_s__rosidl_typesupport_c
[9.737s] [100%] Built target mapping_interfaces_s__rosidl_typesupport_introspection_c
[9.740s] [100%] Built target mapping_interfaces_s__rosidl_typesupport_fastrtps_c
[9.760s] Invoked command in '/home/daniel-choate/paml_ros2/src/mapping_interfaces/build/mapping_interfaces' returned '0': CMAKE_PREFIX_PATH=${CMAKE_PREFIX_PATH}:/opt/ros/kilted DEBUGINFOD_URLS=https://debuginfod.ubuntu.com /usr/bin/cmake --build /home/daniel-choate/paml_ros2/src/mapping_interfaces/build/mapping_interfaces -- -j20 -l20
[9.777s] Invoking command in '/home/daniel-choate/paml_ros2/src/mapping_interfaces/build/mapping_interfaces': CMAKE_PREFIX_PATH=${CMAKE_PREFIX_PATH}:/opt/ros/kilted DEBUGINFOD_URLS=https://debuginfod.ubuntu.com /usr/bin/cmake --install /home/daniel-choate/paml_ros2/src/mapping_interfaces/build/mapping_interfaces
[9.790s] -- Install configuration: ""
[9.790s] -- Installing: /home/daniel-choate/paml_ros2/src/mapping_interfaces/install/mapping_interfaces/share/ament_index/resource_index/rosidl_interfaces/mapping_interfaces
[9.790s] -- Installing: /home/daniel-choate/paml_ros2/src/mapping_interfaces/install/mapping_interfaces/share/mapping_interfaces/srv/GenerateMappingPlan.json
[9.790s] -- Installing: /home/daniel-choate/paml_ros2/src/mapping_interfaces/install/mapping_interfaces/share/mapping_interfaces/srv/ExecuteMappingPlan.json
[9.791s] -- Installing: /home/daniel-choate/paml_ros2/src/mapping_interfaces/install/mapping_interfaces/share/mapping_interfaces/srv/CaptureFrame.json
[9.791s] -- Installing: /home/daniel-choate/paml_ros2/src/mapping_interfaces/install/mapping_interfaces/include/mapping_interfaces/mapping_interfaces
[9.791s] -- Installing: /home/daniel-choate/paml_ros2/src/mapping_interfaces/install/mapping_interfaces/include/mapping_interfaces/mapping_interfaces/msg
[9.791s] -- Installing: /home/daniel-choate/paml_ros2/src/mapping_interfaces/install/mapping_interfaces/include/mapping_interfaces/mapping_interfaces/msg/rosidl_generator_c__visibility_control.h
[9.791s] -- Installing: /home/daniel-choate/paml_ros2/src/mapping_interfaces/install/mapping_interfaces/include/mapping_interfaces/mapping_interfaces/srv
[9.791s] -- Installing: /home/daniel-choate/paml_ros2/src/mapping_interfaces/install/mapping_interfaces/include/mapping_interfaces/mapping_interfaces/srv/execute_mapping_plan.h
[9.791s] -- Installing: /home/daniel-choate/paml_ros2/src/mapping_interfaces/install/mapping_interfaces/include/mapping_interfaces/mapping_interfaces/srv/detail
[9.791s] -- Installing: /home/daniel-choate/paml_ros2/src/mapping_interfaces/install/mapping_interfaces/include/mapping_interfaces/mapping_interfaces/srv/detail/capture_frame__type_support.c
[9.792s] -- Installing: /home/daniel-choate/paml_ros2/src/mapping_interfaces/install/mapping_interfaces/include/mapping_interfaces/mapping_interfaces/srv/detail/execute_mapping_plan__functions.c
[9.792s] -- Installing: /home/daniel-choate/paml_ros2/src/mapping_interfaces/install/mapping_interfaces/include/mapping_interfaces/mapping_interfaces/srv/detail/generate_mapping_plan__description.c
[9.792s] -- Installing: /home/daniel-choate/paml_ros2/src/mapping_interfaces/install/mapping_interfaces/include/mapping_interfaces/mapping_interfaces/srv/detail/capture_frame__type_support.h
[9.792s] -- Installing: /home/daniel-choate/paml_ros2/src/mapping_interfaces/install/mapping_interfaces/include/mapping_interfaces/mapping_interfaces/srv/detail/execute_mapping_plan__struct.h
[9.792s] -- Installing: /home/daniel-choate/paml_ros2/src/mapping_interfaces/install/mapping_interfaces/include/mapping_interfaces/mapping_interfaces/srv/detail/capture_frame__functions.c
[9.792s] -- Installing: /home/daniel-choate/paml_ros2/src/mapping_interfaces/install/mapping_interfaces/include/mapping_interfaces/mapping_interfaces/srv/detail/generate_mapping_plan__functions.h
[9.792s] -- Installing: /home/daniel-choate/paml_ros2/src/mapping_interfaces/install/mapping_interfaces/include/mapping_interfaces/mapping_interfaces/srv/detail/execute_mapping_plan__description.c
[9.792s] -- Installing: /home/daniel-choate/paml_ros2/src/mapping_interfaces/install/mapping_interfaces/include/mapping_interfaces/mapping_interfaces/srv/detail/generate_mapping_plan__struct.h
[9.792s] -- Installing: /home/daniel-choate/paml_ros2/src/mapping_interfaces/install/mapping_interfaces/include/mapping_interfaces/mapping_interfaces/srv/detail/generate_mapping_plan__functions.c
[9.792s] -- Installing: /home/daniel-choate/paml_ros2/src/mapping_interfaces/install/mapping_interfaces/include/mapping_interfaces/mapping_interfaces/srv/detail/capture_frame__functions.h
[9.792s] -- Installing: /home/daniel-choate/paml_ros2/src/mapping_interfaces/install/mapping_interfaces/include/mapping_interfaces/mapping_interfaces/srv/detail/capture_frame__struct.h
[9.793s] -- Installing: /home/daniel-choate/paml_ros2/src/mapping_interfaces/install/mapping_interfaces/include/mapping_interfaces/mapping_interfaces/srv/detail/execute_mapping_plan__functions.h
[9.793s] -- Installing: /home/daniel-choate/paml_ros2/src/mapping_interfaces/install/mapping_interfaces/include/mapping_interfaces/mapping_interfaces/srv/detail/execute_mapping_plan__type_support.h
[9.793s] -- Installing: /home/daniel-choate/paml_ros2/src/mapping_interfaces/install/mapping_interfaces/include/mapping_interfaces/mapping_interfaces/srv/detail/capture_frame__description.c
[9.793s] -- Installing: /home/daniel-choate/paml_ros2/src/mapping_interfaces/install/mapping_interfaces/include/mapping_interfaces/mapping_interfaces/srv/detail/generate_mapping_plan__type_support.c
[9.793s] -- Installing: /home/daniel-choate/paml_ros2/src/mapping_interfaces/install/mapping_interfaces/include/mapping_interfaces/mapping_interfaces/srv/detail/generate_mapping_plan__type_support.h
[9.793s] -- Installing: /home/daniel-choate/paml_ros2/src/mapping_interfaces/install/mapping_interfaces/include/mapping_interfaces/mapping_interfaces/srv/detail/execute_mapping_plan__type_support.c
[9.793s] -- Installing: /home/daniel-choate/paml_ros2/src/mapping_interfaces/install/mapping_interfaces/include/mapping_interfaces/mapping_interfaces/srv/capture_frame.h
[9.793s] -- Installing: /home/daniel-choate/paml_ros2/src/mapping_interfaces/install/mapping_interfaces/include/mapping_interfaces/mapping_interfaces/srv/generate_mapping_plan.h
[9.793s] -- Installing: /home/daniel-choate/paml_ros2/src/mapping_interfaces/install/mapping_interfaces/share/mapping_interfaces/environment/library_path.sh
[9.793s] -- Installing: /home/daniel-choate/paml_ros2/src/mapping_interfaces/install/mapping_interfaces/share/mapping_interfaces/environment/library_path.dsv
[9.794s] -- Installing: /home/daniel-choate/paml_ros2/src/mapping_interfaces/install/mapping_interfaces/lib/libmapping_interfaces__rosidl_generator_c.so
[9.794s] -- Set non-toolchain portion of runtime path of "/home/daniel-choate/paml_ros2/src/mapping_interfaces/install/mapping_interfaces/lib/libmapping_interfaces__rosidl_generator_c.so" to ""
[9.794s] -- Up-to-date: /home/daniel-choate/paml_ros2/src/mapping_interfaces/install/mapping_interfaces/include/mapping_interfaces/mapping_interfaces
[9.794s] -- Up-to-date: /home/daniel-choate/paml_ros2/src/mapping_interfaces/install/mapping_interfaces/include/mapping_interfaces/mapping_interfaces/msg
[9.794s] -- Installing: /home/daniel-choate/paml_ros2/src/mapping_interfaces/install/mapping_interfaces/include/mapping_interfaces/mapping_interfaces/msg/rosidl_typesupport_fastrtps_c__visibility_control.h
[9.794s] -- Up-to-date: /home/daniel-choate/paml_ros2/src/mapping_interfaces/install/mapping_interfaces/include/mapping_interfaces/mapping_interfaces/srv
[9.794s] -- Up-to-date: /home/daniel-choate/paml_ros2/src/mapping_interfaces/install/mapping_interfaces/include/mapping_interfaces/mapping_interfaces/srv/detail
[9.794s] -- Installing: /home/daniel-choate/paml_ros2/src/mapping_interfaces/install/mapping_interfaces/include/mapping_interfaces/mapping_interfaces/srv/detail/generate_mapping_plan__rosidl_typesupport_fastrtps_c.h
[9.794s] -- Installing: /home/daniel-choate/paml_ros2/src/mapping_interfaces/install/mapping_interfaces/include/mapping_interfaces/mapping_interfaces/srv/detail/execute_mapping_plan__rosidl_typesupport_fastrtps_c.h
[9.795s] -- Installing: /home/daniel-choate/paml_ros2/src/mapping_interfaces/install/mapping_interfaces/include/mapping_interfaces/mapping_interfaces/srv/detail/capture_frame__rosidl_typesupport_fastrtps_c.h
[9.795s] -- Installing: /home/daniel-choate/paml_ros2/src/mapping_interfaces/install/mapping_interfaces/lib/libmapping_interfaces__rosidl_typesupport_fastrtps_c.so
[9.795s] -- Set non-toolchain portion of runtime path of "/home/daniel-choate/paml_ros2/src/mapping_interfaces/install/mapping_interfaces/lib/libmapping_interfaces__rosidl_typesupport_fastrtps_c.so" to ""
[9.795s] -- Up-to-date: /home/daniel-choate/paml_ros2/src/mapping_interfaces/install/mapping_interfaces/include/mapping_interfaces/mapping_interfaces
[9.795s] -- Up-to-date: /home/daniel-choate/paml_ros2/src/mapping_interfaces/install/mapping_interfaces/include/mapping_interfaces/mapping_interfaces/msg
[9.795s] -- Installing: /home/daniel-choate/paml_ros2/src/mapping_interfaces/install/mapping_interfaces/include/mapping_interfaces/mapping_interfaces/msg/rosidl_generator_cpp__visibility_control.hpp
[9.795s] -- Up-to-date: /home/daniel-choate/paml_ros2/src/mapping_interfaces/install/mapping_interfaces/include/mapping_interfaces/mapping_interfaces/srv
[9.795s] -- Installing: /home/daniel-choate/paml_ros2/src/mapping_interfaces/install/mapping_interfaces/include/mapping_interfaces/mapping_interfaces/srv/generate_mapping_plan.hpp
[9.795s] -- Up-to-date: /home/daniel-choate/paml_ros2/src/mapping_interfaces/install/mapping_interfaces/include/mapping_interfaces/mapping_interfaces/srv/detail
[9.795s] -- Installing: /home/daniel-choate/paml_ros2/src/mapping_interfaces/install/mapping_interfaces/include/mapping_interfaces/mapping_interfaces/srv/detail/generate_mapping_plan__type_support.hpp
[9.796s] -- Installing: /home/daniel-choate/paml_ros2/src/mapping_interfaces/install/mapping_interfaces/include/mapping_interfaces/mapping_interfaces/srv/detail/execute_mapping_plan__type_support.hpp
[9.796s] -- Installing: /home/daniel-choate/paml_ros2/src/mapping_interfaces/install/mapping_interfaces/include/mapping_interfaces/mapping_interfaces/srv/detail/capture_frame__struct.hpp
[9.796s] -- Installing: /home/daniel-choate/paml_ros2/src/mapping_interfaces/install/mapping_interfaces/include/mapping_interfaces/mapping_interfaces/srv/detail/generate_mapping_plan__struct.hpp
[9.796s] -- Installing: /home/daniel-choate/paml_ros2/src/mapping_interfaces/install/mapping_interfaces/include/mapping_interfaces/mapping_interfaces/srv/detail/execute_mapping_plan__struct.hpp
[9.796s] -- Installing: /home/daniel-choate/paml_ros2/src/mapping_interfaces/install/mapping_interfaces/include/mapping_interfaces/mapping_interfaces/srv/detail/capture_frame__type_support.hpp
[9.796s] -- Installing: /home/daniel-choate/paml_ros2/src/mapping_interfaces/install/mapping_interfaces/include/mapping_interfaces/mapping_interfaces/srv/detail/execute_mapping_plan__builder.hpp
[9.796s] -- Installing: /home/daniel-choate/paml_ros2/src/mapping_interfaces/install/mapping_interfaces/include/mapping_interfaces/mapping_interfaces/srv/detail/execute_mapping_plan__traits.hpp
[9.796s] -- Installing: /home/daniel-choate/paml_ros2/src/mapping_interfaces/install/mapping_interfaces/include/mapping_interfaces/mapping_interfaces/srv/detail/generate_mapping_plan__traits.hpp
[9.796s] -- Installing: /home/daniel-choate/paml_ros2/src/mapping_interfaces/install/mapping_interfaces/include/mapping_interfaces/mapping_interfaces/srv/detail/generate_mapping_plan__builder.hpp
[9.796s] -- Installing: /home/daniel-choate/paml_ros2/src/mapping_interfaces/install/mapping_interfaces/include/mapping_interfaces/mapping_interfaces/srv/detail/capture_frame__builder.hpp
[9.797s] -- Installing: /home/daniel-choate/paml_ros2/src/mapping_interfaces/install/mapping_interfaces/include/mapping_interfaces/mapping_interfaces/srv/detail/capture_frame__traits.hpp
[9.797s] -- Installing: /home/daniel-choate/paml_ros2/src/mapping_interfaces/install/mapping_interfaces/include/mapping_interfaces/mapping_interfaces/srv/execute_mapping_plan.hpp
[9.797s] -- Installing: /home/daniel-choate/paml_ros2/src/mapping_interfaces/install/mapping_interfaces/include/mapping_interfaces/mapping_interfaces/srv/capture_frame.hpp
[9.797s] -- Up-to-date: /home/daniel-choate/paml_ros2/src/mapping_interfaces/install/mapping_interfaces/include/mapping_interfaces/mapping_interfaces
[9.797s] -- Up-to-date: /home/daniel-choate/paml_ros2/src/mapping_interfaces/install/mapping_interfaces/include/mapping_interfaces/mapping_interfaces/msg
[9.797s] -- Installing: /home/daniel-choate/paml_ros2/src/mapping_interfaces/install/mapping_interfaces/include/mapping_interfaces/mapping_interfaces/msg/rosidl_typesupport_fastrtps_cpp__visibility_control.h
[9.797s] -- Up-to-date: /home/daniel-choate/paml_ros2/src/mapping_interfaces/install/mapping_interfaces/include/mapping_interfaces/mapping_interfaces/srv
[9.797s] -- Up-to-date: /home/daniel-choate/paml_ros2/src/mapping_interfaces/install/mapping_interfaces/include/mapping_interfaces/mapping_interfaces/srv/detail
[9.797s] -- Installing: /home/daniel-choate/paml_ros2/src/mapping_interfaces/install/mapping_interfaces/include/mapping_interfaces/mapping_interfaces/srv/detail/dds_fastrtps
[9.797s] -- Installing: /home/daniel-choate/paml_ros2/src/mapping_interfaces/install/mapping_interfaces/include/mapping_interfaces/mapping_interfaces/srv/detail/generate_mapping_plan__rosidl_typesupport_fastrtps_cpp.hpp
[9.798s] -- Installing: /home/daniel-choate/paml_ros2/src/mapping_interfaces/install/mapping_interfaces/include/mapping_interfaces/mapping_interfaces/srv/detail/execute_mapping_plan__rosidl_typesupport_fastrtps_cpp.hpp
[9.798s] -- Installing: /home/daniel-choate/paml_ros2/src/mapping_interfaces/install/mapping_interfaces/include/mapping_interfaces/mapping_interfaces/srv/detail/capture_frame__rosidl_typesupport_fastrtps_cpp.hpp
[9.798s] -- Installing: /home/daniel-choate/paml_ros2/src/mapping_interfaces/install/mapping_interfaces/lib/libmapping_interfaces__rosidl_typesupport_fastrtps_cpp.so
[9.798s] -- Set non-toolchain portion of runtime path of "/home/daniel-choate/paml_ros2/src/mapping_interfaces/install/mapping_interfaces/lib/libmapping_interfaces__rosidl_typesupport_fastrtps_cpp.so" to ""
[9.798s] -- Up-to-date: /home/daniel-choate/paml_ros2/src/mapping_interfaces/install/mapping_interfaces/include/mapping_interfaces/mapping_interfaces
[9.798s] -- Up-to-date: /home/daniel-choate/paml_ros2/src/mapping_interfaces/install/mapping_interfaces/include/mapping_interfaces/mapping_interfaces/msg
[9.798s] -- Installing: /home/daniel-choate/paml_ros2/src/mapping_interfaces/install/mapping_interfaces/include/mapping_interfaces/mapping_interfaces/msg/rosidl_typesupport_introspection_c__visibility_control.h
[9.798s] -- Up-to-date: /home/daniel-choate/paml_ros2/src/mapping_interfaces/install/mapping_interfaces/include/mapping_interfaces/mapping_interfaces/srv
[9.798s] -- Up-to-date: /home/daniel-choate/paml_ros2/src/mapping_interfaces/install/mapping_interfaces/include/mapping_interfaces/mapping_interfaces/srv/detail
[9.798s] -- Installing: /home/daniel-choate/paml_ros2/src/mapping_interfaces/install/mapping_interfaces/include/mapping_interfaces/mapping_interfaces/srv/detail/capture_frame__type_support.c
[9.799s] -- Installing: /home/daniel-choate/paml_ros2/src/mapping_interfaces/install/mapping_interfaces/include/mapping_interfaces/mapping_interfaces/srv/detail/execute_mapping_plan__rosidl_typesupport_introspection_c.h
[9.799s] -- Installing: /home/daniel-choate/paml_ros2/src/mapping_interfaces/install/mapping_interfaces/include/mapping_interfaces/mapping_interfaces/srv/detail/capture_frame__rosidl_typesupport_introspection_c.h
[9.799s] -- Installing: /home/daniel-choate/paml_ros2/src/mapping_interfaces/install/mapping_interfaces/include/mapping_interfaces/mapping_interfaces/srv/detail/generate_mapping_plan__rosidl_typesupport_introspection_c.h
[9.799s] -- Installing: /home/daniel-choate/paml_ros2/src/mapping_interfaces/install/mapping_interfaces/include/mapping_interfaces/mapping_interfaces/srv/detail/generate_mapping_plan__type_support.c
[9.799s] -- Installing: /home/daniel-choate/paml_ros2/src/mapping_interfaces/install/mapping_interfaces/include/mapping_interfaces/mapping_interfaces/srv/detail/execute_mapping_plan__type_support.c
[9.799s] -- Installing: /home/daniel-choate/paml_ros2/src/mapping_interfaces/install/mapping_interfaces/lib/libmapping_interfaces__rosidl_typesupport_introspection_c.so
[9.799s] -- Set non-toolchain portion of runtime path of "/home/daniel-choate/paml_ros2/src/mapping_interfaces/install/mapping_interfaces/lib/libmapping_interfaces__rosidl_typesupport_introspection_c.so" to ""
[9.799s] -- Installing: /home/daniel-choate/paml_ros2/src/mapping_interfaces/install/mapping_interfaces/lib/libmapping_interfaces__rosidl_typesupport_c.so
[9.800s] -- Set non-toolchain portion of runtime path of "/home/daniel-choate/paml_ros2/src/mapping_interfaces/install/mapping_interfaces/lib/libmapping_interfaces__rosidl_typesupport_c.so" to ""
[9.800s] -- Up-to-date: /home/daniel-choate/paml_ros2/src/mapping_interfaces/install/mapping_interfaces/include/mapping_interfaces/mapping_interfaces
[9.800s] -- Up-to-date: /home/daniel-choate/paml_ros2/src/mapping_interfaces/install/mapping_interfaces/include/mapping_interfaces/mapping_interfaces/srv
[9.800s] -- Up-to-date: /home/daniel-choate/paml_ros2/src/mapping_interfaces/install/mapping_interfaces/include/mapping_interfaces/mapping_interfaces/srv/detail
[9.800s] -- Installing: /home/daniel-choate/paml_ros2/src/mapping_interfaces/install/mapping_interfaces/include/mapping_interfaces/mapping_interfaces/srv/detail/capture_frame__type_support.cpp
[9.800s] -- Installing: /home/daniel-choate/paml_ros2/src/mapping_interfaces/install/mapping_interfaces/include/mapping_interfaces/mapping_interfaces/srv/detail/generate_mapping_plan__type_support.cpp
[9.800s] -- Installing: /home/daniel-choate/paml_ros2/src/mapping_interfaces/install/mapping_interfaces/include/mapping_interfaces/mapping_interfaces/srv/detail/execute_mapping_plan__type_support.cpp
[9.800s] -- Installing: /home/daniel-choate/paml_ros2/src/mapping_interfaces/install/mapping_interfaces/include/mapping_interfaces/mapping_interfaces/srv/detail/execute_mapping_plan__rosidl_typesupport_introspection_cpp.hpp
[9.800s] -- Installing: /home/daniel-choate/paml_ros2/src/mapping_interfaces/install/mapping_interfaces/include/mapping_interfaces/mapping_interfaces/srv/detail/capture_frame__rosidl_typesupport_introspection_cpp.hpp
[9.800s] -- Installing: /home/daniel-choate/paml_ros2/src/mapping_interfaces/install/mapping_interfaces/include/mapping_interfaces/mapping_interfaces/srv/detail/generate_mapping_plan__rosidl_typesupport_introspection_cpp.hpp
[9.801s] -- Installing: /home/daniel-choate/paml_ros2/src/mapping_interfaces/install/mapping_interfaces/lib/libmapping_interfaces__rosidl_typesupport_introspection_cpp.so
[9.801s] -- Set non-toolchain portion of runtime path of "/home/daniel-choate/paml_ros2/src/mapping_interfaces/install/mapping_interfaces/lib/libmapping_interfaces__rosidl_typesupport_introspection_cpp.so" to ""
[9.801s] -- Installing: /home/daniel-choate/paml_ros2/src/mapping_interfaces/install/mapping_interfaces/lib/libmapping_interfaces__rosidl_typesupport_cpp.so
[9.802s] -- Set non-toolchain portion of runtime path of "/home/daniel-choate/paml_ros2/src/mapping_interfaces/install/mapping_interfaces/lib/libmapping_interfaces__rosidl_typesupport_cpp.so" to ""
[9.802s] -- Installing: /home/daniel-choate/paml_ros2/src/mapping_interfaces/install/mapping_interfaces/share/mapping_interfaces/environment/pythonpath.sh
[9.802s] -- Installing: /home/daniel-choate/paml_ros2/src/mapping_interfaces/install/mapping_interfaces/share/mapping_interfaces/environment/pythonpath.dsv
[9.802s] -- Installing: /home/daniel-choate/paml_ros2/src/mapping_interfaces/install/mapping_interfaces/lib/python3.12/site-packages/mapping_interfaces-0.0.0-py3.12.egg-info
[9.802s] -- Installing: /home/daniel-choate/paml_ros2/src/mapping_interfaces/install/mapping_interfaces/lib/python3.12/site-packages/mapping_interfaces-0.0.0-py3.12.egg-info/dependency_links.txt
[9.802s] -- Installing: /home/daniel-choate/paml_ros2/src/mapping_interfaces/install/mapping_interfaces/lib/python3.12/site-packages/mapping_interfaces-0.0.0-py3.12.egg-info/PKG-INFO
[9.802s] -- Installing: /home/daniel-choate/paml_ros2/src/mapping_interfaces/install/mapping_interfaces/lib/python3.12/site-packages/mapping_interfaces-0.0.0-py3.12.egg-info/top_level.txt
[9.802s] -- Installing: /home/daniel-choate/paml_ros2/src/mapping_interfaces/install/mapping_interfaces/lib/python3.12/site-packages/mapping_interfaces-0.0.0-py3.12.egg-info/SOURCES.txt
[9.803s] -- Installing: /home/daniel-choate/paml_ros2/src/mapping_interfaces/install/mapping_interfaces/lib/python3.12/site-packages/mapping_interfaces
[9.803s] -- Installing: /home/daniel-choate/paml_ros2/src/mapping_interfaces/install/mapping_interfaces/lib/python3.12/site-packages/mapping_interfaces/_mapping_interfaces_s.ep.rosidl_typesupport_fastrtps_c.c
[9.803s] -- Installing: /home/daniel-choate/paml_ros2/src/mapping_interfaces/install/mapping_interfaces/lib/python3.12/site-packages/mapping_interfaces/mapping_interfaces_s__rosidl_typesupport_c.so
[9.804s] -- Installing: /home/daniel-choate/paml_ros2/src/mapping_interfaces/install/mapping_interfaces/lib/python3.12/site-packages/mapping_interfaces/__init__.py
[9.804s] -- Installing: /home/daniel-choate/paml_ros2/src/mapping_interfaces/install/mapping_interfaces/lib/python3.12/site-packages/mapping_interfaces/_mapping_interfaces_s.ep.rosidl_typesupport_introspection_c.c
[9.804s] -- Installing: /home/daniel-choate/paml_ros2/src/mapping_interfaces/install/mapping_interfaces/lib/python3.12/site-packages/mapping_interfaces/srv
[9.804s] -- Installing: /home/daniel-choate/paml_ros2/src/mapping_interfaces/install/mapping_interfaces/lib/python3.12/site-packages/mapping_interfaces/srv/_capture_frame_s.c
[9.804s] -- Installing: /home/daniel-choate/paml_ros2/src/mapping_interfaces/install/mapping_interfaces/lib/python3.12/site-packages/mapping_interfaces/srv/_generate_mapping_plan.py
[9.804s] -- Installing: /home/daniel-choate/paml_ros2/src/mapping_interfaces/install/mapping_interfaces/lib/python3.12/site-packages/mapping_interfaces/srv/__init__.py
[9.804s] -- Installing: /home/daniel-choate/paml_ros2/src/mapping_interfaces/install/mapping_interfaces/lib/python3.12/site-packages/mapping_interfaces/srv/_execute_mapping_plan_s.c
[9.804s] -- Installing: /home/daniel-choate/paml_ros2/src/mapping_interfaces/install/mapping_interfaces/lib/python3.12/site-packages/mapping_interfaces/srv/_capture_frame.py
[9.805s] -- Installing: /home/daniel-choate/paml_ros2/src/mapping_interfaces/install/mapping_interfaces/lib/python3.12/site-packages/mapping_interfaces/srv/_generate_mapping_plan_s.c
[9.805s] -- Installing: /home/daniel-choate/paml_ros2/src/mapping_interfaces/install/mapping_interfaces/lib/python3.12/site-packages/mapping_interfaces/srv/_execute_mapping_plan.py
[9.805s] -- Installing: /home/daniel-choate/paml_ros2/src/mapping_interfaces/install/mapping_interfaces/lib/python3.12/site-packages/mapping_interfaces/mapping_interfaces_s__rosidl_typesupport_fastrtps_c.so
[9.805s] -- Installing: /home/daniel-choate/paml_ros2/src/mapping_interfaces/install/mapping_interfaces/lib/python3.12/site-packages/mapping_interfaces/mapping_interfaces_s__rosidl_typesupport_introspection_c.so
[9.805s] -- Installing: /home/daniel-choate/paml_ros2/src/mapping_interfaces/install/mapping_interfaces/lib/python3.12/site-packages/mapping_interfaces/_mapping_interfaces_s.ep.rosidl_typesupport_c.c
[9.882s] Listing '/home/daniel-choate/paml_ros2/src/mapping_interfaces/install/mapping_interfaces/lib/python3.12/site-packages/mapping_interfaces'...
[9.882s] Compiling '/home/daniel-choate/paml_ros2/src/mapping_interfaces/install/mapping_interfaces/lib/python3.12/site-packages/mapping_interfaces/__init__.py'...
[9.882s] Listing '/home/daniel-choate/paml_ros2/src/mapping_interfaces/install/mapping_interfaces/lib/python3.12/site-packages/mapping_interfaces/srv'...
[9.882s] Compiling '/home/daniel-choate/paml_ros2/src/mapping_interfaces/install/mapping_interfaces/lib/python3.12/site-packages/mapping_interfaces/srv/__init__.py'...
[9.882s] Compiling '/home/daniel-choate/paml_ros2/src/mapping_interfaces/install/mapping_interfaces/lib/python3.12/site-packages/mapping_interfaces/srv/_capture_frame.py'...
[9.883s] Compiling '/home/daniel-choate/paml_ros2/src/mapping_interfaces/install/mapping_interfaces/lib/python3.12/site-packages/mapping_interfaces/srv/_execute_mapping_plan.py'...
[9.883s] Compiling '/home/daniel-choate/paml_ros2/src/mapping_interfaces/install/mapping_interfaces/lib/python3.12/site-packages/mapping_interfaces/srv/_generate_mapping_plan.py'...
[9.890s] -- Installing: /home/daniel-choate/paml_ros2/src/mapping_interfaces/install/mapping_interfaces/lib/python3.12/site-packages/mapping_interfaces/mapping_interfaces_s__rosidl_typesupport_fastrtps_c.so
[9.891s] -- Set non-toolchain portion of runtime path of "/home/daniel-choate/paml_ros2/src/mapping_interfaces/install/mapping_interfaces/lib/python3.12/site-packages/mapping_interfaces/mapping_interfaces_s__rosidl_typesupport_fastrtps_c.so" to ""
[9.891s] -- Installing: /home/daniel-choate/paml_ros2/src/mapping_interfaces/install/mapping_interfaces/lib/python3.12/site-packages/mapping_interfaces/mapping_interfaces_s__rosidl_typesupport_introspection_c.so
[9.891s] -- Set non-toolchain portion of runtime path of "/home/daniel-choate/paml_ros2/src/mapping_interfaces/install/mapping_interfaces/lib/python3.12/site-packages/mapping_interfaces/mapping_interfaces_s__rosidl_typesupport_introspection_c.so" to ""
[9.891s] -- Installing: /home/daniel-choate/paml_ros2/src/mapping_interfaces/install/mapping_interfaces/lib/python3.12/site-packages/mapping_interfaces/mapping_interfaces_s__rosidl_typesupport_c.so
[9.891s] -- Set non-toolchain portion of runtime path of "/home/daniel-choate/paml_ros2/src/mapping_interfaces/install/mapping_interfaces/lib/python3.12/site-packages/mapping_interfaces/mapping_interfaces_s__rosidl_typesupport_c.so" to ""
[9.891s] -- Installing: /home/daniel-choate/paml_ros2/src/mapping_interfaces/install/mapping_interfaces/lib/libmapping_interfaces__rosidl_generator_py.so
[9.891s] -- Set non-toolchain portion of runtime path of "/home/daniel-choate/paml_ros2/src/mapping_interfaces/install/mapping_interfaces/lib/libmapping_interfaces__rosidl_generator_py.so" to ""
[9.892s] -- Installing: /home/daniel-choate/paml_ros2/src/mapping_interfaces/install/mapping_interfaces/share/ament_index/resource_index/rust_packages/mapping_interfaces
[9.892s] -- Installing: /home/daniel-choate/paml_ros2/src/mapping_interfaces/install/mapping_interfaces/share/mapping_interfaces/rust
[9.892s] -- Installing: /home/daniel-choate/paml_ros2/src/mapping_interfaces/install/mapping_interfaces/share/mapping_interfaces/rust/src
[9.892s] -- Installing: /home/daniel-choate/paml_ros2/src/mapping_interfaces/install/mapping_interfaces/share/mapping_interfaces/rust/src/srv
[9.892s] -- Installing: /home/daniel-choate/paml_ros2/src/mapping_interfaces/install/mapping_interfaces/share/mapping_interfaces/rust/src/srv/rmw.rs
[9.892s] -- Installing: /home/daniel-choate/paml_ros2/src/mapping_interfaces/install/mapping_interfaces/share/mapping_interfaces/rust/src/lib.rs
[9.892s] -- Installing: /home/daniel-choate/paml_ros2/src/mapping_interfaces/install/mapping_interfaces/share/mapping_interfaces/rust/src/srv.rs
[9.892s] -- Installing: /home/daniel-choate/paml_ros2/src/mapping_interfaces/install/mapping_interfaces/share/mapping_interfaces/rust/build.rs
[9.892s] -- Installing: /home/daniel-choate/paml_ros2/src/mapping_interfaces/install/mapping_interfaces/share/mapping_interfaces/rust/Cargo.toml
[9.892s] -- Installing: /home/daniel-choate/paml_ros2/src/mapping_interfaces/install/mapping_interfaces/share/mapping_interfaces/srv/GenerateMappingPlan.idl
[9.893s] -- Installing: /home/daniel-choate/paml_ros2/src/mapping_interfaces/install/mapping_interfaces/share/mapping_interfaces/srv/ExecuteMappingPlan.idl
[9.893s] -- Installing: /home/daniel-choate/paml_ros2/src/mapping_interfaces/install/mapping_interfaces/share/mapping_interfaces/srv/CaptureFrame.idl
[9.893s] -- Installing: /home/daniel-choate/paml_ros2/src/mapping_interfaces/install/mapping_interfaces/share/mapping_interfaces/srv/GenerateMappingPlan.srv
[9.893s] -- Installing: /home/daniel-choate/paml_ros2/src/mapping_interfaces/install/mapping_interfaces/share/mapping_interfaces/srv/ExecuteMappingPlan.srv
[9.893s] -- Installing: /home/daniel-choate/paml_ros2/src/mapping_interfaces/install/mapping_interfaces/share/mapping_interfaces/srv/CaptureFrame.srv
[9.893s] -- Installing: /home/daniel-choate/paml_ros2/src/mapping_interfaces/install/mapping_interfaces/share/ament_index/resource_index/package_run_dependencies/mapping_interfaces
[9.893s] -- Installing: /home/daniel-choate/paml_ros2/src/mapping_interfaces/install/mapping_interfaces/share/ament_index/resource_index/parent_prefix_path/mapping_interfaces
[9.893s] -- Installing: /home/daniel-choate/paml_ros2/src/mapping_interfaces/install/mapping_interfaces/share/mapping_interfaces/environment/ament_prefix_path.sh
[9.893s] -- Installing: /home/daniel-choate/paml_ros2/src/mapping_interfaces/install/mapping_interfaces/share/mapping_interfaces/environment/ament_prefix_path.dsv
[9.893s] -- Installing: /home/daniel-choate/paml_ros2/src/mapping_interfaces/install/mapping_interfaces/share/mapping_interfaces/environment/path.sh
[9.893s] -- Installing: /home/daniel-choate/paml_ros2/src/mapping_interfaces/install/mapping_interfaces/share/mapping_interfaces/environment/path.dsv
[9.894s] -- Installing: /home/daniel-choate/paml_ros2/src/mapping_interfaces/install/mapping_interfaces/share/mapping_interfaces/local_setup.bash
[9.894s] -- Installing: /home/daniel-choate/paml_ros2/src/mapping_interfaces/install/mapping_interfaces/share/mapping_interfaces/local_setup.sh
[9.894s] -- Installing: /home/daniel-choate/paml_ros2/src/mapping_interfaces/install/mapping_interfaces/share/mapping_interfaces/local_setup.zsh
[9.894s] -- Installing: /home/daniel-choate/paml_ros2/src/mapping_interfaces/install/mapping_interfaces/share/mapping_interfaces/local_setup.dsv
[9.894s] -- Installing: /home/daniel-choate/paml_ros2/src/mapping_interfaces/install/mapping_interfaces/share/mapping_interfaces/package.dsv
[9.894s] -- Installing: /home/daniel-choate/paml_ros2/src/mapping_interfaces/install/mapping_interfaces/share/ament_index/resource_index/packages/mapping_interfaces
[9.894s] -- Installing: /home/daniel-choate/paml_ros2/src/mapping_interfaces/install/mapping_interfaces/share/mapping_interfaces/cmake/export_mapping_interfaces__rosidl_generator_cExport.cmake
[9.894s] -- Installing: /home/daniel-choate/paml_ros2/src/mapping_interfaces/install/mapping_interfaces/share/mapping_interfaces/cmake/export_mapping_interfaces__rosidl_generator_cExport-noconfig.cmake
[9.894s] -- Installing: /home/daniel-choate/paml_ros2/src/mapping_interfaces/install/mapping_interfaces/share/mapping_interfaces/cmake/export_mapping_interfaces__rosidl_typesupport_fastrtps_cExport.cmake
[9.894s] -- Installing: /home/daniel-choate/paml_ros2/src/mapping_interfaces/install/mapping_interfaces/share/mapping_interfaces/cmake/export_mapping_interfaces__rosidl_typesupport_fastrtps_cExport-noconfig.cmake
[9.895s] -- Installing: /home/daniel-choate/paml_ros2/src/mapping_interfaces/install/mapping_interfaces/share/mapping_interfaces/cmake/export_mapping_interfaces__rosidl_generator_cppExport.cmake
[9.895s] -- Installing: /home/daniel-choate/paml_ros2/src/mapping_interfaces/install/mapping_interfaces/share/mapping_interfaces/cmake/export_mapping_interfaces__rosidl_typesupport_fastrtps_cppExport.cmake
[9.895s] -- Installing: /home/daniel-choate/paml_ros2/src/mapping_interfaces/install/mapping_interfaces/share/mapping_interfaces/cmake/export_mapping_interfaces__rosidl_typesupport_fastrtps_cppExport-noconfig.cmake
[9.895s] -- Installing: /home/daniel-choate/paml_ros2/src/mapping_interfaces/install/mapping_interfaces/share/mapping_interfaces/cmake/mapping_interfaces__rosidl_typesupport_introspection_cExport.cmake
[9.895s] -- Installing: /home/daniel-choate/paml_ros2/src/mapping_interfaces/install/mapping_interfaces/share/mapping_interfaces/cmake/mapping_interfaces__rosidl_typesupport_introspection_cExport-noconfig.cmake
[9.895s] -- Installing: /home/daniel-choate/paml_ros2/src/mapping_interfaces/install/mapping_interfaces/share/mapping_interfaces/cmake/mapping_interfaces__rosidl_typesupport_cExport.cmake
[9.895s] -- Installing: /home/daniel-choate/paml_ros2/src/mapping_interfaces/install/mapping_interfaces/share/mapping_interfaces/cmake/mapping_interfaces__rosidl_typesupport_cExport-noconfig.cmake
[9.895s] -- Installing: /home/daniel-choate/paml_ros2/src/mapping_interfaces/install/mapping_interfaces/share/mapping_interfaces/cmake/mapping_interfaces__rosidl_typesupport_introspection_cppExport.cmake
[9.895s] -- Installing: /home/daniel-choate/paml_ros2/src/mapping_interfaces/install/mapping_interfaces/share/mapping_interfaces/cmake/mapping_interfaces__rosidl_typesupport_introspection_cppExport-noconfig.cmake
[9.895s] -- Installing: /home/daniel-choate/paml_ros2/src/mapping_interfaces/install/mapping_interfaces/share/mapping_interfaces/cmake/mapping_interfaces__rosidl_typesupport_cppExport.cmake
[9.895s] -- Installing: /home/daniel-choate/paml_ros2/src/mapping_interfaces/install/mapping_interfaces/share/mapping_interfaces/cmake/mapping_interfaces__rosidl_typesupport_cppExport-noconfig.cmake
[9.896s] -- Installing: /home/daniel-choate/paml_ros2/src/mapping_interfaces/install/mapping_interfaces/share/mapping_interfaces/cmake/export_mapping_interfaces__rosidl_generator_pyExport.cmake
[9.896s] -- Installing: /home/daniel-choate/paml_ros2/src/mapping_interfaces/install/mapping_interfaces/share/mapping_interfaces/cmake/export_mapping_interfaces__rosidl_generator_pyExport-noconfig.cmake
[9.896s] -- Installing: /home/daniel-choate/paml_ros2/src/mapping_interfaces/install/mapping_interfaces/share/mapping_interfaces/cmake/rosidl_cmake-extras.cmake
[9.896s] -- Installing: /home/daniel-choate/paml_ros2/src/mapping_interfaces/install/mapping_interfaces/share/mapping_interfaces/cmake/ament_cmake_export_dependencies-extras.cmake
[9.896s] -- Installing: /home/daniel-choate/paml_ros2/src/mapping_interfaces/install/mapping_interfaces/share/mapping_interfaces/cmake/ament_cmake_export_include_directories-extras.cmake
[9.896s] -- Installing: /home/daniel-choate/paml_ros2/src/mapping_interfaces/install/mapping_interfaces/share/mapping_interfaces/cmake/ament_cmake_export_libraries-extras.cmake
[9.896s] -- Installing: /home/daniel-choate/paml_ros2/src/mapping_interfaces/install/mapping_interfaces/share/mapping_interfaces/cmake/ament_cmake_export_targets-extras.cmake
[9.896s] -- Installing: /home/daniel-choate/paml_ros2/src/mapping_interfaces/install/mapping_interfaces/share/mapping_interfaces/cmake/rosidl_cmake_export_typesupport_targets-extras.cmake
[9.896s] -- Installing: /home/daniel-choate/paml_ros2/src/mapping_interfaces/install/mapping_interfaces/share/mapping_interfaces/cmake/rosidl_cmake_export_typesupport_libraries-extras.cmake
[9.896s] -- Installing: /home/daniel-choate/paml_ros2/src/mapping_interfaces/install/mapping_interfaces/share/mapping_interfaces/cmake/mapping_interfacesConfig.cmake
[9.896s] -- Installing: /home/daniel-choate/paml_ros2/src/mapping_interfaces/install/mapping_interfaces/share/mapping_interfaces/cmake/mapping_interfacesConfig-version.cmake
[9.897s] -- Installing: /home/daniel-choate/paml_ros2/src/mapping_interfaces/install/mapping_interfaces/share/mapping_interfaces/package.xml
[9.900s] Invoked command in '/home/daniel-choate/paml_ros2/src/mapping_interfaces/build/mapping_interfaces' returned '0': CMAKE_PREFIX_PATH=${CMAKE_PREFIX_PATH}:/opt/ros/kilted DEBUGINFOD_URLS=https://debuginfod.ubuntu.com /usr/bin/cmake --install /home/daniel-choate/paml_ros2/src/mapping_interfaces/build/mapping_interfaces
