[0.089s] DEBUG:colcon:Command line arguments: ['/usr/bin/colcon', 'build']
[0.089s] DEBUG:colcon:Parsed command line arguments: Namespace(log_base=None, log_level=None, verb_name='build', build_base='build', install_base='install', merge_install=False, symlink_install=False, test_result_base=None, continue_on_error=False, executor='parallel', parallel_workers=20, event_handlers=None, ignore_user_meta=False, metas=['./colcon.meta'], base_paths=['.'], packages_ignore=None, packages_ignore_regex=None, paths=None, packages_up_to=None, packages_up_to_regex=None, packages_above=None, packages_above_and_dependencies=None, packages_above_depth=None, packages_select_by_dep=None, packages_skip_by_dep=None, packages_skip_up_to=None, packages_select_build_failed=False, packages_skip_build_finished=False, packages_select_test_failures=False, packages_skip_test_passed=False, packages_select=None, packages_skip=None, packages_select_regex=None, packages_skip_regex=None, packages_start=None, packages_end=None, allow_overriding=[], cmake_args=None, cmake_target=None, cmake_target_skip_unavailable=False, cmake_clean_cache=False, cmake_clean_first=False, cmake_force_configure=False, ament_cmake_args=None, catkin_cmake_args=None, catkin_skip_building_tests=False, mixin_files=None, mixin=None, verb_parser=<colcon_mixin.mixin.mixin_argument.MixinArgumentDecorator object at 0x7508007f65d0>, verb_extension=<colcon_core.verb.build.BuildVerb object at 0x750800722bd0>, main=<bound method BuildVerb.main of <colcon_core.verb.build.BuildVerb object at 0x750800722bd0>>, mixin_verb=('build',))
[0.120s] Level 1:colcon.colcon_core.package_discovery:discover_packages(colcon_meta) check parameters
[0.120s] Level 1:colcon.colcon_core.package_discovery:discover_packages(recursive) check parameters
[0.120s] Level 1:colcon.colcon_core.package_discovery:discover_packages(ignore) check parameters
[0.120s] Level 1:colcon.colcon_core.package_discovery:discover_packages(path) check parameters
[0.120s] Level 1:colcon.colcon_core.package_discovery:discover_packages(colcon_meta) discover
[0.120s] Level 1:colcon.colcon_core.package_discovery:discover_packages(recursive) discover
[0.120s] INFO:colcon.colcon_core.package_discovery:Crawling recursively for packages in '/home/daniel-choate/paml_ros2'
[0.120s] Level 1:colcon.colcon_core.package_identification:_identify(.) by extensions ['ignore', 'ignore_ament_install']
[0.120s] Level 1:colcon.colcon_core.package_identification:_identify(.) by extension 'ignore'
[0.120s] Level 1:colcon.colcon_core.package_identification:_identify(.) by extension 'ignore_ament_install'
[0.120s] Level 1:colcon.colcon_core.package_identification:_identify(.) by extensions ['colcon_pkg']
[0.120s] Level 1:colcon.colcon_core.package_identification:_identify(.) by extension 'colcon_pkg'
[0.121s] Level 1:colcon.colcon_core.package_identification:_identify(.) by extensions ['colcon_meta']
[0.121s] Level 1:colcon.colcon_core.package_identification:_identify(.) by extension 'colcon_meta'
[0.121s] Level 1:colcon.colcon_core.package_identification:_identify(.) by extensions ['ros']
[0.121s] Level 1:colcon.colcon_core.package_identification:_identify(.) by extension 'ros'
[0.142s] Level 1:colcon.colcon_core.package_identification:_identify(.) by extensions ['cmake', 'python']
[0.142s] Level 1:colcon.colcon_core.package_identification:_identify(.) by extension 'cmake'
[0.142s] Level 1:colcon.colcon_core.package_identification:_identify(.) by extension 'python'
[0.142s] Level 1:colcon.colcon_core.package_identification:_identify(.) by extensions ['python_setup_py']
[0.142s] Level 1:colcon.colcon_core.package_identification:_identify(.) by extension 'python_setup_py'
[0.142s] Level 1:colcon.colcon_core.package_identification:_identify(build) by extensions ['ignore', 'ignore_ament_install']
[0.142s] Level 1:colcon.colcon_core.package_identification:_identify(build) by extension 'ignore'
[0.142s] Level 1:colcon.colcon_core.package_identification:_identify(build) ignored
[0.142s] Level 1:colcon.colcon_core.package_identification:_identify(data) by extensions ['ignore', 'ignore_ament_install']
[0.142s] Level 1:colcon.colcon_core.package_identification:_identify(data) by extension 'ignore'
[0.142s] Level 1:colcon.colcon_core.package_identification:_identify(data) by extension 'ignore_ament_install'
[0.142s] Level 1:colcon.colcon_core.package_identification:_identify(data) by extensions ['colcon_pkg']
[0.142s] Level 1:colcon.colcon_core.package_identification:_identify(data) by extension 'colcon_pkg'
[0.142s] Level 1:colcon.colcon_core.package_identification:_identify(data) by extensions ['colcon_meta']
[0.142s] Level 1:colcon.colcon_core.package_identification:_identify(data) by extension 'colcon_meta'
[0.143s] Level 1:colcon.colcon_core.package_identification:_identify(data) by extensions ['ros']
[0.143s] Level 1:colcon.colcon_core.package_identification:_identify(data) by extension 'ros'
[0.143s] Level 1:colcon.colcon_core.package_identification:_identify(data) by extensions ['cmake', 'python']
[0.143s] Level 1:colcon.colcon_core.package_identification:_identify(data) by extension 'cmake'
[0.143s] Level 1:colcon.colcon_core.package_identification:_identify(data) by extension 'python'
[0.143s] Level 1:colcon.colcon_core.package_identification:_identify(data) by extensions ['python_setup_py']
[0.143s] Level 1:colcon.colcon_core.package_identification:_identify(data) by extension 'python_setup_py'
[0.143s] Level 1:colcon.colcon_core.package_identification:_identify(data/maps) by extensions ['ignore', 'ignore_ament_install']
[0.143s] Level 1:colcon.colcon_core.package_identification:_identify(data/maps) by extension 'ignore'
[0.143s] Level 1:colcon.colcon_core.package_identification:_identify(data/maps) by extension 'ignore_ament_install'
[0.143s] Level 1:colcon.colcon_core.package_identification:_identify(data/maps) by extensions ['colcon_pkg']
[0.143s] Level 1:colcon.colcon_core.package_identification:_identify(data/maps) by extension 'colcon_pkg'
[0.143s] Level 1:colcon.colcon_core.package_identification:_identify(data/maps) by extensions ['colcon_meta']
[0.143s] Level 1:colcon.colcon_core.package_identification:_identify(data/maps) by extension 'colcon_meta'
[0.143s] Level 1:colcon.colcon_core.package_identification:_identify(data/maps) by extensions ['ros']
[0.143s] Level 1:colcon.colcon_core.package_identification:_identify(data/maps) by extension 'ros'
[0.143s] Level 1:colcon.colcon_core.package_identification:_identify(data/maps) by extensions ['cmake', 'python']
[0.143s] Level 1:colcon.colcon_core.package_identification:_identify(data/maps) by extension 'cmake'
[0.143s] Level 1:colcon.colcon_core.package_identification:_identify(data/maps) by extension 'python'
[0.143s] Level 1:colcon.colcon_core.package_identification:_identify(data/maps) by extensions ['python_setup_py']
[0.143s] Level 1:colcon.colcon_core.package_identification:_identify(data/maps) by extension 'python_setup_py'
[0.143s] Level 1:colcon.colcon_core.package_identification:_identify(install) by extensions ['ignore', 'ignore_ament_install']
[0.143s] Level 1:colcon.colcon_core.package_identification:_identify(install) by extension 'ignore'
[0.143s] Level 1:colcon.colcon_core.package_identification:_identify(install) ignored
[0.143s] Level 1:colcon.colcon_core.package_identification:_identify(log) by extensions ['ignore', 'ignore_ament_install']
[0.143s] Level 1:colcon.colcon_core.package_identification:_identify(log) by extension 'ignore'
[0.143s] Level 1:colcon.colcon_core.package_identification:_identify(log) ignored
[0.143s] Level 1:colcon.colcon_core.package_identification:_identify(msc) by extensions ['ignore', 'ignore_ament_install']
[0.143s] Level 1:colcon.colcon_core.package_identification:_identify(msc) by extension 'ignore'
[0.144s] Level 1:colcon.colcon_core.package_identification:_identify(msc) by extension 'ignore_ament_install'
[0.144s] Level 1:colcon.colcon_core.package_identification:_identify(msc) by extensions ['colcon_pkg']
[0.144s] Level 1:colcon.colcon_core.package_identification:_identify(msc) by extension 'colcon_pkg'
[0.144s] Level 1:colcon.colcon_core.package_identification:_identify(msc) by extensions ['colcon_meta']
[0.144s] Level 1:colcon.colcon_core.package_identification:_identify(msc) by extension 'colcon_meta'
[0.144s] Level 1:colcon.colcon_core.package_identification:_identify(msc) by extensions ['ros']
[0.144s] Level 1:colcon.colcon_core.package_identification:_identify(msc) by extension 'ros'
[0.144s] Level 1:colcon.colcon_core.package_identification:_identify(msc) by extensions ['cmake', 'python']
[0.144s] Level 1:colcon.colcon_core.package_identification:_identify(msc) by extension 'cmake'
[0.144s] Level 1:colcon.colcon_core.package_identification:_identify(msc) by extension 'python'
[0.144s] Level 1:colcon.colcon_core.package_identification:_identify(msc) by extensions ['python_setup_py']
[0.144s] Level 1:colcon.colcon_core.package_identification:_identify(msc) by extension 'python_setup_py'
[0.144s] Level 1:colcon.colcon_core.package_identification:_identify(src) by extensions ['ignore', 'ignore_ament_install']
[0.144s] Level 1:colcon.colcon_core.package_identification:_identify(src) by extension 'ignore'
[0.144s] Level 1:colcon.colcon_core.package_identification:_identify(src) by extension 'ignore_ament_install'
[0.144s] Level 1:colcon.colcon_core.package_identification:_identify(src) by extensions ['colcon_pkg']
[0.144s] Level 1:colcon.colcon_core.package_identification:_identify(src) by extension 'colcon_pkg'
[0.144s] Level 1:colcon.colcon_core.package_identification:_identify(src) by extensions ['colcon_meta']
[0.144s] Level 1:colcon.colcon_core.package_identification:_identify(src) by extension 'colcon_meta'
[0.144s] Level 1:colcon.colcon_core.package_identification:_identify(src) by extensions ['ros']
[0.144s] Level 1:colcon.colcon_core.package_identification:_identify(src) by extension 'ros'
[0.144s] Level 1:colcon.colcon_core.package_identification:_identify(src) by extensions ['cmake', 'python']
[0.144s] Level 1:colcon.colcon_core.package_identification:_identify(src) by extension 'cmake'
[0.144s] Level 1:colcon.colcon_core.package_identification:_identify(src) by extension 'python'
[0.144s] Level 1:colcon.colcon_core.package_identification:_identify(src) by extensions ['python_setup_py']
[0.144s] Level 1:colcon.colcon_core.package_identification:_identify(src) by extension 'python_setup_py'
[0.144s] Level 1:colcon.colcon_core.package_identification:_identify(src/localization_bringup) by extensions ['ignore', 'ignore_ament_install']
[0.144s] Level 1:colcon.colcon_core.package_identification:_identify(src/localization_bringup) by extension 'ignore'
[0.144s] Level 1:colcon.colcon_core.package_identification:_identify(src/localization_bringup) by extension 'ignore_ament_install'
[0.144s] Level 1:colcon.colcon_core.package_identification:_identify(src/localization_bringup) by extensions ['colcon_pkg']
[0.144s] Level 1:colcon.colcon_core.package_identification:_identify(src/localization_bringup) by extension 'colcon_pkg'
[0.144s] Level 1:colcon.colcon_core.package_identification:_identify(src/localization_bringup) by extensions ['colcon_meta']
[0.144s] Level 1:colcon.colcon_core.package_identification:_identify(src/localization_bringup) by extension 'colcon_meta'
[0.144s] Level 1:colcon.colcon_core.package_identification:_identify(src/localization_bringup) by extensions ['ros']
[0.144s] Level 1:colcon.colcon_core.package_identification:_identify(src/localization_bringup) by extension 'ros'
[0.146s] DEBUG:colcon.colcon_core.package_identification:Package 'src/localization_bringup' with type 'ros.ament_python' and name 'localization_bringup'
[0.146s] Level 1:colcon.colcon_core.package_identification:_identify(src/map_builder) by extensions ['ignore', 'ignore_ament_install']
[0.146s] Level 1:colcon.colcon_core.package_identification:_identify(src/map_builder) by extension 'ignore'
[0.146s] Level 1:colcon.colcon_core.package_identification:_identify(src/map_builder) by extension 'ignore_ament_install'
[0.146s] Level 1:colcon.colcon_core.package_identification:_identify(src/map_builder) by extensions ['colcon_pkg']
[0.146s] Level 1:colcon.colcon_core.package_identification:_identify(src/map_builder) by extension 'colcon_pkg'
[0.146s] Level 1:colcon.colcon_core.package_identification:_identify(src/map_builder) by extensions ['colcon_meta']
[0.146s] Level 1:colcon.colcon_core.package_identification:_identify(src/map_builder) by extension 'colcon_meta'
[0.147s] Level 1:colcon.colcon_core.package_identification:_identify(src/map_builder) by extensions ['ros']
[0.147s] Level 1:colcon.colcon_core.package_identification:_identify(src/map_builder) by extension 'ros'
[0.147s] DEBUG:colcon.colcon_core.package_identification:Package 'src/map_builder' with type 'ros.ament_python' and name 'map_builder'
[0.147s] Level 1:colcon.colcon_core.package_identification:_identify(src/mapping_executor) by extensions ['ignore', 'ignore_ament_install']
[0.147s] Level 1:colcon.colcon_core.package_identification:_identify(src/mapping_executor) by extension 'ignore'
[0.147s] Level 1:colcon.colcon_core.package_identification:_identify(src/mapping_executor) by extension 'ignore_ament_install'
[0.147s] Level 1:colcon.colcon_core.package_identification:_identify(src/mapping_executor) by extensions ['colcon_pkg']
[0.147s] Level 1:colcon.colcon_core.package_identification:_identify(src/mapping_executor) by extension 'colcon_pkg'
[0.147s] Level 1:colcon.colcon_core.package_identification:_identify(src/mapping_executor) by extensions ['colcon_meta']
[0.147s] Level 1:colcon.colcon_core.package_identification:_identify(src/mapping_executor) by extension 'colcon_meta'
[0.147s] Level 1:colcon.colcon_core.package_identification:_identify(src/mapping_executor) by extensions ['ros']
[0.147s] Level 1:colcon.colcon_core.package_identification:_identify(src/mapping_executor) by extension 'ros'
[0.148s] DEBUG:colcon.colcon_core.package_identification:Package 'src/mapping_executor' with type 'ros.ament_python' and name 'mapping_executor'
[0.148s] Level 1:colcon.colcon_core.package_identification:_identify(src/mapping_interfaces) by extensions ['ignore', 'ignore_ament_install']
[0.148s] Level 1:colcon.colcon_core.package_identification:_identify(src/mapping_interfaces) by extension 'ignore'
[0.148s] Level 1:colcon.colcon_core.package_identification:_identify(src/mapping_interfaces) by extension 'ignore_ament_install'
[0.148s] Level 1:colcon.colcon_core.package_identification:_identify(src/mapping_interfaces) by extensions ['colcon_pkg']
[0.148s] Level 1:colcon.colcon_core.package_identification:_identify(src/mapping_interfaces) by extension 'colcon_pkg'
[0.148s] Level 1:colcon.colcon_core.package_identification:_identify(src/mapping_interfaces) by extensions ['colcon_meta']
[0.148s] Level 1:colcon.colcon_core.package_identification:_identify(src/mapping_interfaces) by extension 'colcon_meta'
[0.148s] Level 1:colcon.colcon_core.package_identification:_identify(src/mapping_interfaces) by extensions ['ros']
[0.148s] Level 1:colcon.colcon_core.package_identification:_identify(src/mapping_interfaces) by extension 'ros'
[0.148s] DEBUG:colcon.colcon_core.package_identification:Package 'src/mapping_interfaces' with type 'ros.ament_cmake' and name 'mapping_interfaces'
[0.149s] Level 1:colcon.colcon_core.package_identification:_identify(src/mapping_planner) by extensions ['ignore', 'ignore_ament_install']
[0.149s] Level 1:colcon.colcon_core.package_identification:_identify(src/mapping_planner) by extension 'ignore'
[0.149s] Level 1:colcon.colcon_core.package_identification:_identify(src/mapping_planner) by extension 'ignore_ament_install'
[0.149s] Level 1:colcon.colcon_core.package_identification:_identify(src/mapping_planner) by extensions ['colcon_pkg']
[0.149s] Level 1:colcon.colcon_core.package_identification:_identify(src/mapping_planner) by extension 'colcon_pkg'
[0.149s] Level 1:colcon.colcon_core.package_identification:_identify(src/mapping_planner) by extensions ['colcon_meta']
[0.149s] Level 1:colcon.colcon_core.package_identification:_identify(src/mapping_planner) by extension 'colcon_meta'
[0.149s] Level 1:colcon.colcon_core.package_identification:_identify(src/mapping_planner) by extensions ['ros']
[0.149s] Level 1:colcon.colcon_core.package_identification:_identify(src/mapping_planner) by extension 'ros'
[0.149s] DEBUG:colcon.colcon_core.package_identification:Package 'src/mapping_planner' with type 'ros.ament_python' and name 'mapping_planner'
[0.149s] Level 1:colcon.colcon_core.package_identification:_identify(src/rgbd_capture) by extensions ['ignore', 'ignore_ament_install']
[0.149s] Level 1:colcon.colcon_core.package_identification:_identify(src/rgbd_capture) by extension 'ignore'
[0.149s] Level 1:colcon.colcon_core.package_identification:_identify(src/rgbd_capture) by extension 'ignore_ament_install'
[0.149s] Level 1:colcon.colcon_core.package_identification:_identify(src/rgbd_capture) by extensions ['colcon_pkg']
[0.149s] Level 1:colcon.colcon_core.package_identification:_identify(src/rgbd_capture) by extension 'colcon_pkg'
[0.149s] Level 1:colcon.colcon_core.package_identification:_identify(src/rgbd_capture) by extensions ['colcon_meta']
[0.149s] Level 1:colcon.colcon_core.package_identification:_identify(src/rgbd_capture) by extension 'colcon_meta'
[0.149s] Level 1:colcon.colcon_core.package_identification:_identify(src/rgbd_capture) by extensions ['ros']
[0.149s] Level 1:colcon.colcon_core.package_identification:_identify(src/rgbd_capture) by extension 'ros'
[0.150s] DEBUG:colcon.colcon_core.package_identification:Package 'src/rgbd_capture' with type 'ros.ament_python' and name 'rgbd_capture'
[0.150s] Level 1:colcon.colcon_core.package_identification:_identify(src/ur3_demo) by extensions ['ignore', 'ignore_ament_install']
[0.150s] Level 1:colcon.colcon_core.package_identification:_identify(src/ur3_demo) by extension 'ignore'
[0.150s] Level 1:colcon.colcon_core.package_identification:_identify(src/ur3_demo) by extension 'ignore_ament_install'
[0.150s] Level 1:colcon.colcon_core.package_identification:_identify(src/ur3_demo) by extensions ['colcon_pkg']
[0.150s] Level 1:colcon.colcon_core.package_identification:_identify(src/ur3_demo) by extension 'colcon_pkg'
[0.150s] Level 1:colcon.colcon_core.package_identification:_identify(src/ur3_demo) by extensions ['colcon_meta']
[0.150s] Level 1:colcon.colcon_core.package_identification:_identify(src/ur3_demo) by extension 'colcon_meta'
[0.150s] Level 1:colcon.colcon_core.package_identification:_identify(src/ur3_demo) by extensions ['ros']
[0.150s] Level 1:colcon.colcon_core.package_identification:_identify(src/ur3_demo) by extension 'ros'
[0.150s] DEBUG:colcon.colcon_core.package_identification:Package 'src/ur3_demo' with type 'ros.ament_cmake' and name 'ur3_demo'
[0.150s] Level 1:colcon.colcon_core.package_identification:_identify(src/ur3_movement) by extensions ['ignore', 'ignore_ament_install']
[0.150s] Level 1:colcon.colcon_core.package_identification:_identify(src/ur3_movement) by extension 'ignore'
[0.150s] Level 1:colcon.colcon_core.package_identification:_identify(src/ur3_movement) by extension 'ignore_ament_install'
[0.151s] Level 1:colcon.colcon_core.package_identification:_identify(src/ur3_movement) by extensions ['colcon_pkg']
[0.151s] Level 1:colcon.colcon_core.package_identification:_identify(src/ur3_movement) by extension 'colcon_pkg'
[0.151s] Level 1:colcon.colcon_core.package_identification:_identify(src/ur3_movement) by extensions ['colcon_meta']
[0.151s] Level 1:colcon.colcon_core.package_identification:_identify(src/ur3_movement) by extension 'colcon_meta'
[0.151s] Level 1:colcon.colcon_core.package_identification:_identify(src/ur3_movement) by extensions ['ros']
[0.151s] Level 1:colcon.colcon_core.package_identification:_identify(src/ur3_movement) by extension 'ros'
[0.151s] DEBUG:colcon.colcon_core.package_identification:Package 'src/ur3_movement' with type 'ros.ament_python' and name 'ur3_movement'
[0.151s] Level 1:colcon.colcon_core.package_discovery:discover_packages(recursive) using defaults
[0.151s] Level 1:colcon.colcon_core.package_discovery:discover_packages(ignore) discover
[0.151s] Level 1:colcon.colcon_core.package_discovery:discover_packages(ignore) using defaults
[0.151s] Level 1:colcon.colcon_core.package_discovery:discover_packages(path) discover
[0.151s] Level 1:colcon.colcon_core.package_discovery:discover_packages(path) using defaults
[0.166s] Level 1:colcon.colcon_core.package_discovery:discover_packages(prefix_path) check parameters
[0.166s] Level 1:colcon.colcon_core.package_discovery:discover_packages(prefix_path) discover
[0.167s] DEBUG:colcon.colcon_installed_package_information.package_discovery:Found 8 installed packages in /home/daniel-choate/paml_ros2/install
[0.168s] DEBUG:colcon.colcon_installed_package_information.package_discovery:Found 510 installed packages in /opt/ros/kilted
[0.169s] Level 1:colcon.colcon_core.package_discovery:discover_packages(prefix_path) using defaults
[0.223s] Level 5:colcon.colcon_core.verb:set package 'localization_bringup' build argument 'cmake_args' from command line to 'None'
[0.224s] Level 5:colcon.colcon_core.verb:set package 'localization_bringup' build argument 'cmake_target' from command line to 'None'
[0.224s] Level 5:colcon.colcon_core.verb:set package 'localization_bringup' build argument 'cmake_target_skip_unavailable' from command line to 'False'
[0.224s] Level 5:colcon.colcon_core.verb:set package 'localization_bringup' build argument 'cmake_clean_cache' from command line to 'False'
[0.224s] Level 5:colcon.colcon_core.verb:set package 'localization_bringup' build argument 'cmake_clean_first' from command line to 'False'
[0.224s] Level 5:colcon.colcon_core.verb:set package 'localization_bringup' build argument 'cmake_force_configure' from command line to 'False'
[0.224s] Level 5:colcon.colcon_core.verb:set package 'localization_bringup' build argument 'ament_cmake_args' from command line to 'None'
[0.224s] Level 5:colcon.colcon_core.verb:set package 'localization_bringup' build argument 'catkin_cmake_args' from command line to 'None'
[0.224s] Level 5:colcon.colcon_core.verb:set package 'localization_bringup' build argument 'catkin_skip_building_tests' from command line to 'False'
[0.224s] DEBUG:colcon.colcon_core.verb:Building package 'localization_bringup' with the following arguments: {'ament_cmake_args': None, 'build_base': '/home/daniel-choate/paml_ros2/build/localization_bringup', 'catkin_cmake_args': None, 'catkin_skip_building_tests': False, 'cmake_args': None, 'cmake_clean_cache': False, 'cmake_clean_first': False, 'cmake_force_configure': False, 'cmake_target': None, 'cmake_target_skip_unavailable': False, 'install_base': '/home/daniel-choate/paml_ros2/install/localization_bringup', 'merge_install': False, 'path': '/home/daniel-choate/paml_ros2/src/localization_bringup', 'symlink_install': False, 'test_result_base': None}
[0.224s] Level 5:colcon.colcon_core.verb:set package 'map_builder' build argument 'cmake_args' from command line to 'None'
[0.224s] Level 5:colcon.colcon_core.verb:set package 'map_builder' build argument 'cmake_target' from command line to 'None'
[0.224s] Level 5:colcon.colcon_core.verb:set package 'map_builder' build argument 'cmake_target_skip_unavailable' from command line to 'False'
[0.224s] Level 5:colcon.colcon_core.verb:set package 'map_builder' build argument 'cmake_clean_cache' from command line to 'False'
[0.224s] Level 5:colcon.colcon_core.verb:set package 'map_builder' build argument 'cmake_clean_first' from command line to 'False'
[0.224s] Level 5:colcon.colcon_core.verb:set package 'map_builder' build argument 'cmake_force_configure' from command line to 'False'
[0.224s] Level 5:colcon.colcon_core.verb:set package 'map_builder' build argument 'ament_cmake_args' from command line to 'None'
[0.224s] Level 5:colcon.colcon_core.verb:set package 'map_builder' build argument 'catkin_cmake_args' from command line to 'None'
[0.224s] Level 5:colcon.colcon_core.verb:set package 'map_builder' build argument 'catkin_skip_building_tests' from command line to 'False'
[0.224s] DEBUG:colcon.colcon_core.verb:Building package 'map_builder' with the following arguments: {'ament_cmake_args': None, 'build_base': '/home/daniel-choate/paml_ros2/build/map_builder', 'catkin_cmake_args': None, 'catkin_skip_building_tests': False, 'cmake_args': None, 'cmake_clean_cache': False, 'cmake_clean_first': False, 'cmake_force_configure': False, 'cmake_target': None, 'cmake_target_skip_unavailable': False, 'install_base': '/home/daniel-choate/paml_ros2/install/map_builder', 'merge_install': False, 'path': '/home/daniel-choate/paml_ros2/src/map_builder', 'symlink_install': False, 'test_result_base': None}
[0.224s] Level 5:colcon.colcon_core.verb:set package 'mapping_interfaces' build argument 'cmake_args' from command line to 'None'
[0.224s] Level 5:colcon.colcon_core.verb:set package 'mapping_interfaces' build argument 'cmake_target' from command line to 'None'
[0.224s] Level 5:colcon.colcon_core.verb:set package 'mapping_interfaces' build argument 'cmake_target_skip_unavailable' from command line to 'False'
[0.224s] Level 5:colcon.colcon_core.verb:set package 'mapping_interfaces' build argument 'cmake_clean_cache' from command line to 'False'
[0.224s] Level 5:colcon.colcon_core.verb:set package 'mapping_interfaces' build argument 'cmake_clean_first' from command line to 'False'
[0.224s] Level 5:colcon.colcon_core.verb:set package 'mapping_interfaces' build argument 'cmake_force_configure' from command line to 'False'
[0.225s] Level 5:colcon.colcon_core.verb:set package 'mapping_interfaces' build argument 'ament_cmake_args' from command line to 'None'
[0.225s] Level 5:colcon.colcon_core.verb:set package 'mapping_interfaces' build argument 'catkin_cmake_args' from command line to 'None'
[0.225s] Level 5:colcon.colcon_core.verb:set package 'mapping_interfaces' build argument 'catkin_skip_building_tests' from command line to 'False'
[0.225s] DEBUG:colcon.colcon_core.verb:Building package 'mapping_interfaces' with the following arguments: {'ament_cmake_args': None, 'build_base': '/home/daniel-choate/paml_ros2/build/mapping_interfaces', 'catkin_cmake_args': None, 'catkin_skip_building_tests': False, 'cmake_args': None, 'cmake_clean_cache': False, 'cmake_clean_first': False, 'cmake_force_configure': False, 'cmake_target': None, 'cmake_target_skip_unavailable': False, 'install_base': '/home/daniel-choate/paml_ros2/install/mapping_interfaces', 'merge_install': False, 'path': '/home/daniel-choate/paml_ros2/src/mapping_interfaces', 'symlink_install': False, 'test_result_base': None}
[0.225s] Level 5:colcon.colcon_core.verb:set package 'rgbd_capture' build argument 'cmake_args' from command line to 'None'
[0.225s] Level 5:colcon.colcon_core.verb:set package 'rgbd_capture' build argument 'cmake_target' from command line to 'None'
[0.225s] Level 5:colcon.colcon_core.verb:set package 'rgbd_capture' build argument 'cmake_target_skip_unavailable' from command line to 'False'
[0.225s] Level 5:colcon.colcon_core.verb:set package 'rgbd_capture' build argument 'cmake_clean_cache' from command line to 'False'
[0.225s] Level 5:colcon.colcon_core.verb:set package 'rgbd_capture' build argument 'cmake_clean_first' from command line to 'False'
[0.225s] Level 5:colcon.colcon_core.verb:set package 'rgbd_capture' build argument 'cmake_force_configure' from command line to 'False'
[0.225s] Level 5:colcon.colcon_core.verb:set package 'rgbd_capture' build argument 'ament_cmake_args' from command line to 'None'
[0.225s] Level 5:colcon.colcon_core.verb:set package 'rgbd_capture' build argument 'catkin_cmake_args' from command line to 'None'
[0.225s] Level 5:colcon.colcon_core.verb:set package 'rgbd_capture' build argument 'catkin_skip_building_tests' from command line to 'False'
[0.225s] DEBUG:colcon.colcon_core.verb:Building package 'rgbd_capture' with the following arguments: {'ament_cmake_args': None, 'build_base': '/home/daniel-choate/paml_ros2/build/rgbd_capture', 'catkin_cmake_args': None, 'catkin_skip_building_tests': False, 'cmake_args': None, 'cmake_clean_cache': False, 'cmake_clean_first': False, 'cmake_force_configure': False, 'cmake_target': None, 'cmake_target_skip_unavailable': False, 'install_base': '/home/daniel-choate/paml_ros2/install/rgbd_capture', 'merge_install': False, 'path': '/home/daniel-choate/paml_ros2/src/rgbd_capture', 'symlink_install': False, 'test_result_base': None}
[0.225s] Level 5:colcon.colcon_core.verb:set package 'ur3_demo' build argument 'cmake_args' from command line to 'None'
[0.225s] Level 5:colcon.colcon_core.verb:set package 'ur3_demo' build argument 'cmake_target' from command line to 'None'
[0.225s] Level 5:colcon.colcon_core.verb:set package 'ur3_demo' build argument 'cmake_target_skip_unavailable' from command line to 'False'
[0.225s] Level 5:colcon.colcon_core.verb:set package 'ur3_demo' build argument 'cmake_clean_cache' from command line to 'False'
[0.226s] Level 5:colcon.colcon_core.verb:set package 'ur3_demo' build argument 'cmake_clean_first' from command line to 'False'
[0.226s] Level 5:colcon.colcon_core.verb:set package 'ur3_demo' build argument 'cmake_force_configure' from command line to 'False'
[0.226s] Level 5:colcon.colcon_core.verb:set package 'ur3_demo' build argument 'ament_cmake_args' from command line to 'None'
[0.226s] Level 5:colcon.colcon_core.verb:set package 'ur3_demo' build argument 'catkin_cmake_args' from command line to 'None'
[0.226s] Level 5:colcon.colcon_core.verb:set package 'ur3_demo' build argument 'catkin_skip_building_tests' from command line to 'False'
[0.226s] DEBUG:colcon.colcon_core.verb:Building package 'ur3_demo' with the following arguments: {'ament_cmake_args': None, 'build_base': '/home/daniel-choate/paml_ros2/build/ur3_demo', 'catkin_cmake_args': None, 'catkin_skip_building_tests': False, 'cmake_args': None, 'cmake_clean_cache': False, 'cmake_clean_first': False, 'cmake_force_configure': False, 'cmake_target': None, 'cmake_target_skip_unavailable': False, 'install_base': '/home/daniel-choate/paml_ros2/install/ur3_demo', 'merge_install': False, 'path': '/home/daniel-choate/paml_ros2/src/ur3_demo', 'symlink_install': False, 'test_result_base': None}
[0.226s] Level 5:colcon.colcon_core.verb:set package 'ur3_movement' build argument 'cmake_args' from command line to 'None'
[0.226s] Level 5:colcon.colcon_core.verb:set package 'ur3_movement' build argument 'cmake_target' from command line to 'None'
[0.226s] Level 5:colcon.colcon_core.verb:set package 'ur3_movement' build argument 'cmake_target_skip_unavailable' from command line to 'False'
[0.226s] Level 5:colcon.colcon_core.verb:set package 'ur3_movement' build argument 'cmake_clean_cache' from command line to 'False'
[0.226s] Level 5:colcon.colcon_core.verb:set package 'ur3_movement' build argument 'cmake_clean_first' from command line to 'False'
[0.226s] Level 5:colcon.colcon_core.verb:set package 'ur3_movement' build argument 'cmake_force_configure' from command line to 'False'
[0.226s] Level 5:colcon.colcon_core.verb:set package 'ur3_movement' build argument 'ament_cmake_args' from command line to 'None'
[0.226s] Level 5:colcon.colcon_core.verb:set package 'ur3_movement' build argument 'catkin_cmake_args' from command line to 'None'
[0.226s] Level 5:colcon.colcon_core.verb:set package 'ur3_movement' build argument 'catkin_skip_building_tests' from command line to 'False'
[0.226s] DEBUG:colcon.colcon_core.verb:Building package 'ur3_movement' with the following arguments: {'ament_cmake_args': None, 'build_base': '/home/daniel-choate/paml_ros2/build/ur3_movement', 'catkin_cmake_args': None, 'catkin_skip_building_tests': False, 'cmake_args': None, 'cmake_clean_cache': False, 'cmake_clean_first': False, 'cmake_force_configure': False, 'cmake_target': None, 'cmake_target_skip_unavailable': False, 'install_base': '/home/daniel-choate/paml_ros2/install/ur3_movement', 'merge_install': False, 'path': '/home/daniel-choate/paml_ros2/src/ur3_movement', 'symlink_install': False, 'test_result_base': None}
[0.227s] Level 5:colcon.colcon_core.verb:set package 'mapping_executor' build argument 'cmake_args' from command line to 'None'
[0.227s] Level 5:colcon.colcon_core.verb:set package 'mapping_executor' build argument 'cmake_target' from command line to 'None'
[0.227s] Level 5:colcon.colcon_core.verb:set package 'mapping_executor' build argument 'cmake_target_skip_unavailable' from command line to 'False'
[0.227s] Level 5:colcon.colcon_core.verb:set package 'mapping_executor' build argument 'cmake_clean_cache' from command line to 'False'
[0.227s] Level 5:colcon.colcon_core.verb:set package 'mapping_executor' build argument 'cmake_clean_first' from command line to 'False'
[0.227s] Level 5:colcon.colcon_core.verb:set package 'mapping_executor' build argument 'cmake_force_configure' from command line to 'False'
[0.227s] Level 5:colcon.colcon_core.verb:set package 'mapping_executor' build argument 'ament_cmake_args' from command line to 'None'
[0.227s] Level 5:colcon.colcon_core.verb:set package 'mapping_executor' build argument 'catkin_cmake_args' from command line to 'None'
[0.227s] Level 5:colcon.colcon_core.verb:set package 'mapping_executor' build argument 'catkin_skip_building_tests' from command line to 'False'
[0.227s] DEBUG:colcon.colcon_core.verb:Building package 'mapping_executor' with the following arguments: {'ament_cmake_args': None, 'build_base': '/home/daniel-choate/paml_ros2/build/mapping_executor', 'catkin_cmake_args': None, 'catkin_skip_building_tests': False, 'cmake_args': None, 'cmake_clean_cache': False, 'cmake_clean_first': False, 'cmake_force_configure': False, 'cmake_target': None, 'cmake_target_skip_unavailable': False, 'install_base': '/home/daniel-choate/paml_ros2/install/mapping_executor', 'merge_install': False, 'path': '/home/daniel-choate/paml_ros2/src/mapping_executor', 'symlink_install': False, 'test_result_base': None}
[0.227s] Level 5:colcon.colcon_core.verb:set package 'mapping_planner' build argument 'cmake_args' from command line to 'None'
[0.227s] Level 5:colcon.colcon_core.verb:set package 'mapping_planner' build argument 'cmake_target' from command line to 'None'
[0.227s] Level 5:colcon.colcon_core.verb:set package 'mapping_planner' build argument 'cmake_target_skip_unavailable' from command line to 'False'
[0.227s] Level 5:colcon.colcon_core.verb:set package 'mapping_planner' build argument 'cmake_clean_cache' from command line to 'False'
[0.227s] Level 5:colcon.colcon_core.verb:set package 'mapping_planner' build argument 'cmake_clean_first' from command line to 'False'
[0.227s] Level 5:colcon.colcon_core.verb:set package 'mapping_planner' build argument 'cmake_force_configure' from command line to 'False'
[0.227s] Level 5:colcon.colcon_core.verb:set package 'mapping_planner' build argument 'ament_cmake_args' from command line to 'None'
[0.227s] Level 5:colcon.colcon_core.verb:set package 'mapping_planner' build argument 'catkin_cmake_args' from command line to 'None'
[0.227s] Level 5:colcon.colcon_core.verb:set package 'mapping_planner' build argument 'catkin_skip_building_tests' from command line to 'False'
[0.227s] DEBUG:colcon.colcon_core.verb:Building package 'mapping_planner' with the following arguments: {'ament_cmake_args': None, 'build_base': '/home/daniel-choate/paml_ros2/build/mapping_planner', 'catkin_cmake_args': None, 'catkin_skip_building_tests': False, 'cmake_args': None, 'cmake_clean_cache': False, 'cmake_clean_first': False, 'cmake_force_configure': False, 'cmake_target': None, 'cmake_target_skip_unavailable': False, 'install_base': '/home/daniel-choate/paml_ros2/install/mapping_planner', 'merge_install': False, 'path': '/home/daniel-choate/paml_ros2/src/mapping_planner', 'symlink_install': False, 'test_result_base': None}
[0.227s] INFO:colcon.colcon_core.executor:Executing jobs using 'parallel' executor
[0.228s] DEBUG:colcon.colcon_parallel_executor.executor.parallel:run_until_complete
[0.228s] INFO:colcon.colcon_ros.task.ament_cmake.build:Building ROS package in '/home/daniel-choate/paml_ros2/src/mapping_interfaces' with build type 'ament_cmake'
[0.228s] INFO:colcon.colcon_cmake.task.cmake.build:Building CMake package in '/home/daniel-choate/paml_ros2/src/mapping_interfaces'
[0.230s] INFO:colcon.colcon_core.plugin_system:Skipping extension 'colcon_core.shell.bat': Not used on non-Windows systems
[0.230s] INFO:colcon.colcon_core.shell:Skip shell extension 'powershell' for command environment: Not usable outside of PowerShell
[0.230s] DEBUG:colcon.colcon_core.shell:Skip shell extension 'dsv' for command environment
[0.233s] INFO:colcon.colcon_ros.task.ament_python.build:Building ROS package in '/home/daniel-choate/paml_ros2/src/localization_bringup' with build type 'ament_python'
[0.233s] Level 1:colcon.colcon_core.shell:create_environment_hook('localization_bringup', 'ament_prefix_path')
[0.234s] INFO:colcon.colcon_core.shell:Creating environment hook '/home/daniel-choate/paml_ros2/install/localization_bringup/share/localization_bringup/hook/ament_prefix_path.ps1'
[0.234s] INFO:colcon.colcon_core.shell:Creating environment descriptor '/home/daniel-choate/paml_ros2/install/localization_bringup/share/localization_bringup/hook/ament_prefix_path.dsv'
[0.234s] INFO:colcon.colcon_core.shell:Creating environment hook '/home/daniel-choate/paml_ros2/install/localization_bringup/share/localization_bringup/hook/ament_prefix_path.sh'
[0.235s] INFO:colcon.colcon_core.shell:Skip shell extension 'powershell' for command environment: Not usable outside of PowerShell
[0.235s] DEBUG:colcon.colcon_core.shell:Skip shell extension 'dsv' for command environment
[0.238s] INFO:colcon.colcon_ros.task.ament_python.build:Building ROS package in '/home/daniel-choate/paml_ros2/src/map_builder' with build type 'ament_python'
[0.238s] Level 1:colcon.colcon_core.shell:create_environment_hook('map_builder', 'ament_prefix_path')
[0.238s] INFO:colcon.colcon_core.shell:Creating environment hook '/home/daniel-choate/paml_ros2/install/map_builder/share/map_builder/hook/ament_prefix_path.ps1'
[0.239s] INFO:colcon.colcon_core.shell:Creating environment descriptor '/home/daniel-choate/paml_ros2/install/map_builder/share/map_builder/hook/ament_prefix_path.dsv'
[0.239s] INFO:colcon.colcon_core.shell:Creating environment hook '/home/daniel-choate/paml_ros2/install/map_builder/share/map_builder/hook/ament_prefix_path.sh'
[0.239s] INFO:colcon.colcon_core.shell:Skip shell extension 'powershell' for command environment: Not usable outside of PowerShell
[0.239s] DEBUG:colcon.colcon_core.shell:Skip shell extension 'dsv' for command environment
[0.242s] INFO:colcon.colcon_ros.task.ament_python.build:Building ROS package in '/home/daniel-choate/paml_ros2/src/rgbd_capture' with build type 'ament_python'
[0.242s] Level 1:colcon.colcon_core.shell:create_environment_hook('rgbd_capture', 'ament_prefix_path')
[0.243s] INFO:colcon.colcon_core.shell:Creating environment hook '/home/daniel-choate/paml_ros2/install/rgbd_capture/share/rgbd_capture/hook/ament_prefix_path.ps1'
[0.243s] INFO:colcon.colcon_core.shell:Creating environment descriptor '/home/daniel-choate/paml_ros2/install/rgbd_capture/share/rgbd_capture/hook/ament_prefix_path.dsv'
[0.243s] INFO:colcon.colcon_core.shell:Creating environment hook '/home/daniel-choate/paml_ros2/install/rgbd_capture/share/rgbd_capture/hook/ament_prefix_path.sh'
[0.244s] INFO:colcon.colcon_core.shell:Skip shell extension 'powershell' for command environment: Not usable outside of PowerShell
[0.244s] DEBUG:colcon.colcon_core.shell:Skip shell extension 'dsv' for command environment
[0.247s] INFO:colcon.colcon_ros.task.ament_cmake.build:Building ROS package in '/home/daniel-choate/paml_ros2/src/ur3_demo' with build type 'ament_cmake'
[0.248s] INFO:colcon.colcon_cmake.task.cmake.build:Building CMake package in '/home/daniel-choate/paml_ros2/src/ur3_demo'
[0.248s] INFO:colcon.colcon_core.shell:Skip shell extension 'powershell' for command environment: Not usable outside of PowerShell
[0.248s] DEBUG:colcon.colcon_core.shell:Skip shell extension 'dsv' for command environment
[0.252s] INFO:colcon.colcon_ros.task.ament_python.build:Building ROS package in '/home/daniel-choate/paml_ros2/src/ur3_movement' with build type 'ament_python'
[0.252s] Level 1:colcon.colcon_core.shell:create_environment_hook('ur3_movement', 'ament_prefix_path')
[0.253s] INFO:colcon.colcon_core.shell:Creating environment hook '/home/daniel-choate/paml_ros2/install/ur3_movement/share/ur3_movement/hook/ament_prefix_path.ps1'
[0.253s] INFO:colcon.colcon_core.shell:Creating environment descriptor '/home/daniel-choate/paml_ros2/install/ur3_movement/share/ur3_movement/hook/ament_prefix_path.dsv'
[0.253s] INFO:colcon.colcon_core.shell:Creating environment hook '/home/daniel-choate/paml_ros2/install/ur3_movement/share/ur3_movement/hook/ament_prefix_path.sh'
[0.254s] INFO:colcon.colcon_core.shell:Skip shell extension 'powershell' for command environment: Not usable outside of PowerShell
[0.254s] DEBUG:colcon.colcon_core.shell:Skip shell extension 'dsv' for command environment
[0.264s] DEBUG:colcon.colcon_core.event_handler.log_command:Invoking command in '/home/daniel-choate/paml_ros2/build/mapping_interfaces': CMAKE_PREFIX_PATH=${CMAKE_PREFIX_PATH}:/home/daniel-choate/paml_ros2/install/ur3_movement:/home/daniel-choate/paml_ros2/install/rgbd_capture:/home/daniel-choate/paml_ros2/install/mapping_planner:/home/daniel-choate/paml_ros2/install/mapping_executor:/home/daniel-choate/paml_ros2/install/map_builder:/opt/ros/kilted DEBUGINFOD_URLS=https://debuginfod.ubuntu.com /usr/bin/cmake --build /home/daniel-choate/paml_ros2/build/mapping_interfaces -- -j20 -l20
[0.510s] INFO:colcon.colcon_core.task.python.build:Building Python package in '/home/daniel-choate/paml_ros2/src/localization_bringup'
[0.510s] INFO:colcon.colcon_core.shell:Skip shell extension 'powershell' for command environment: Not usable outside of PowerShell
[0.510s] DEBUG:colcon.colcon_core.shell:Skip shell extension 'dsv' for command environment
[0.737s] INFO:colcon.colcon_core.task.python.build:Building Python package in '/home/daniel-choate/paml_ros2/src/map_builder'
[0.737s] INFO:colcon.colcon_core.shell:Skip shell extension 'powershell' for command environment: Not usable outside of PowerShell
[0.737s] DEBUG:colcon.colcon_core.shell:Skip shell extension 'dsv' for command environment
[0.980s] INFO:colcon.colcon_core.task.python.build:Building Python package in '/home/daniel-choate/paml_ros2/src/rgbd_capture'
[0.981s] INFO:colcon.colcon_core.shell:Skip shell extension 'powershell' for command environment: Not usable outside of PowerShell
[0.981s] DEBUG:colcon.colcon_core.shell:Skip shell extension 'dsv' for command environment
[0.993s] DEBUG:colcon.colcon_core.event_handler.log_command:Invoking command in '/home/daniel-choate/paml_ros2/build/ur3_demo': CMAKE_PREFIX_PATH=${CMAKE_PREFIX_PATH}:/home/daniel-choate/paml_ros2/install/ur3_movement:/home/daniel-choate/paml_ros2/install/rgbd_capture:/home/daniel-choate/paml_ros2/install/mapping_planner:/home/daniel-choate/paml_ros2/install/mapping_executor:/home/daniel-choate/paml_ros2/install/map_builder:/opt/ros/kilted DEBUGINFOD_URLS=https://debuginfod.ubuntu.com /usr/bin/cmake --build /home/daniel-choate/paml_ros2/build/ur3_demo -- -j20 -l20
[1.000s] DEBUG:colcon.colcon_core.event_handler.log_command:Invoked command in '/home/daniel-choate/paml_ros2/build/mapping_interfaces' returned '0': CMAKE_PREFIX_PATH=${CMAKE_PREFIX_PATH}:/home/daniel-choate/paml_ros2/install/ur3_movement:/home/daniel-choate/paml_ros2/install/rgbd_capture:/home/daniel-choate/paml_ros2/install/mapping_planner:/home/daniel-choate/paml_ros2/install/mapping_executor:/home/daniel-choate/paml_ros2/install/map_builder:/opt/ros/kilted DEBUGINFOD_URLS=https://debuginfod.ubuntu.com /usr/bin/cmake --build /home/daniel-choate/paml_ros2/build/mapping_interfaces -- -j20 -l20
[1.011s] DEBUG:colcon.colcon_core.event_handler.log_command:Invoking command in '/home/daniel-choate/paml_ros2/build/mapping_interfaces': CMAKE_PREFIX_PATH=${CMAKE_PREFIX_PATH}:/home/daniel-choate/paml_ros2/install/ur3_movement:/home/daniel-choate/paml_ros2/install/rgbd_capture:/home/daniel-choate/paml_ros2/install/mapping_planner:/home/daniel-choate/paml_ros2/install/mapping_executor:/home/daniel-choate/paml_ros2/install/map_builder:/opt/ros/kilted DEBUGINFOD_URLS=https://debuginfod.ubuntu.com /usr/bin/cmake --install /home/daniel-choate/paml_ros2/build/mapping_interfaces
[1.245s] INFO:colcon.colcon_core.task.python.build:Building Python package in '/home/daniel-choate/paml_ros2/src/ur3_movement'
[1.245s] INFO:colcon.colcon_core.shell:Skip shell extension 'powershell' for command environment: Not usable outside of PowerShell
[1.245s] DEBUG:colcon.colcon_core.shell:Skip shell extension 'dsv' for command environment
[1.260s] DEBUG:colcon.colcon_core.event_handler.log_command:Invoked command in '/home/daniel-choate/paml_ros2/build/ur3_demo' returned '0': CMAKE_PREFIX_PATH=${CMAKE_PREFIX_PATH}:/home/daniel-choate/paml_ros2/install/ur3_movement:/home/daniel-choate/paml_ros2/install/rgbd_capture:/home/daniel-choate/paml_ros2/install/mapping_planner:/home/daniel-choate/paml_ros2/install/mapping_executor:/home/daniel-choate/paml_ros2/install/map_builder:/opt/ros/kilted DEBUGINFOD_URLS=https://debuginfod.ubuntu.com /usr/bin/cmake --build /home/daniel-choate/paml_ros2/build/ur3_demo -- -j20 -l20
[1.262s] Level 1:colcon.colcon_core.environment:create_environment_scripts_only(mapping_interfaces)
[1.263s] DEBUG:colcon.colcon_core.event_handler.log_command:Invoking command in '/home/daniel-choate/paml_ros2/build/ur3_demo': CMAKE_PREFIX_PATH=${CMAKE_PREFIX_PATH}:/home/daniel-choate/paml_ros2/install/ur3_movement:/home/daniel-choate/paml_ros2/install/rgbd_capture:/home/daniel-choate/paml_ros2/install/mapping_planner:/home/daniel-choate/paml_ros2/install/mapping_executor:/home/daniel-choate/paml_ros2/install/map_builder:/opt/ros/kilted DEBUGINFOD_URLS=https://debuginfod.ubuntu.com /usr/bin/cmake --install /home/daniel-choate/paml_ros2/build/ur3_demo
[1.263s] DEBUG:colcon.colcon_core.event_handler.log_command:Invoked command in '/home/daniel-choate/paml_ros2/build/mapping_interfaces' returned '0': CMAKE_PREFIX_PATH=${CMAKE_PREFIX_PATH}:/home/daniel-choate/paml_ros2/install/ur3_movement:/home/daniel-choate/paml_ros2/install/rgbd_capture:/home/daniel-choate/paml_ros2/install/mapping_planner:/home/daniel-choate/paml_ros2/install/mapping_executor:/home/daniel-choate/paml_ros2/install/map_builder:/opt/ros/kilted DEBUGINFOD_URLS=https://debuginfod.ubuntu.com /usr/bin/cmake --install /home/daniel-choate/paml_ros2/build/mapping_interfaces
[1.266s] Level 1:colcon.colcon_core.environment:checking '/home/daniel-choate/paml_ros2/install/mapping_interfaces' for CMake module files
[1.266s] Level 1:colcon.colcon_core.environment:checking '/home/daniel-choate/paml_ros2/install/mapping_interfaces' for CMake config files
[1.267s] Level 1:colcon.colcon_core.shell:create_environment_hook('mapping_interfaces', 'cmake_prefix_path')
[1.267s] INFO:colcon.colcon_core.shell:Creating environment hook '/home/daniel-choate/paml_ros2/install/mapping_interfaces/share/mapping_interfaces/hook/cmake_prefix_path.ps1'
[1.267s] INFO:colcon.colcon_core.shell:Creating environment descriptor '/home/daniel-choate/paml_ros2/install/mapping_interfaces/share/mapping_interfaces/hook/cmake_prefix_path.dsv'
[1.267s] INFO:colcon.colcon_core.shell:Creating environment hook '/home/daniel-choate/paml_ros2/install/mapping_interfaces/share/mapping_interfaces/hook/cmake_prefix_path.sh'
[1.268s] Level 1:colcon.colcon_core.environment:checking '/home/daniel-choate/paml_ros2/install/mapping_interfaces/lib'
[1.268s] Level 1:colcon.colcon_core.shell:create_environment_hook('mapping_interfaces', 'ld_library_path_lib')
[1.268s] INFO:colcon.colcon_core.shell:Creating environment hook '/home/daniel-choate/paml_ros2/install/mapping_interfaces/share/mapping_interfaces/hook/ld_library_path_lib.ps1'
[1.268s] INFO:colcon.colcon_core.shell:Creating environment descriptor '/home/daniel-choate/paml_ros2/install/mapping_interfaces/share/mapping_interfaces/hook/ld_library_path_lib.dsv'
[1.269s] INFO:colcon.colcon_core.shell:Creating environment hook '/home/daniel-choate/paml_ros2/install/mapping_interfaces/share/mapping_interfaces/hook/ld_library_path_lib.sh'
[1.269s] Level 1:colcon.colcon_core.environment:checking '/home/daniel-choate/paml_ros2/install/mapping_interfaces/bin'
[1.269s] Level 1:colcon.colcon_core.environment:checking '/home/daniel-choate/paml_ros2/install/mapping_interfaces/lib/pkgconfig/mapping_interfaces.pc'
[1.269s] Level 1:colcon.colcon_core.environment:checking '/home/daniel-choate/paml_ros2/install/mapping_interfaces/lib/python3.12/site-packages'
[1.269s] Level 1:colcon.colcon_core.shell:create_environment_hook('mapping_interfaces', 'pythonpath')
[1.270s] INFO:colcon.colcon_core.shell:Creating environment hook '/home/daniel-choate/paml_ros2/install/mapping_interfaces/share/mapping_interfaces/hook/pythonpath.ps1'
[1.270s] INFO:colcon.colcon_core.shell:Creating environment descriptor '/home/daniel-choate/paml_ros2/install/mapping_interfaces/share/mapping_interfaces/hook/pythonpath.dsv'
[1.270s] INFO:colcon.colcon_core.shell:Creating environment hook '/home/daniel-choate/paml_ros2/install/mapping_interfaces/share/mapping_interfaces/hook/pythonpath.sh'
[1.271s] Level 1:colcon.colcon_core.environment:checking '/home/daniel-choate/paml_ros2/install/mapping_interfaces/bin'
[1.271s] INFO:colcon.colcon_core.shell:Creating package script '/home/daniel-choate/paml_ros2/install/mapping_interfaces/share/mapping_interfaces/package.ps1'
[1.272s] INFO:colcon.colcon_core.shell:Creating package descriptor '/home/daniel-choate/paml_ros2/install/mapping_interfaces/share/mapping_interfaces/package.dsv'
[1.273s] INFO:colcon.colcon_core.shell:Creating package script '/home/daniel-choate/paml_ros2/install/mapping_interfaces/share/mapping_interfaces/package.sh'
[1.274s] INFO:colcon.colcon_core.shell:Creating package script '/home/daniel-choate/paml_ros2/install/mapping_interfaces/share/mapping_interfaces/package.bash'
[1.274s] INFO:colcon.colcon_core.shell:Creating package script '/home/daniel-choate/paml_ros2/install/mapping_interfaces/share/mapping_interfaces/package.zsh'
[1.275s] Level 1:colcon.colcon_core.environment:create_file_with_runtime_dependencies(/home/daniel-choate/paml_ros2/install/mapping_interfaces/share/colcon-core/packages/mapping_interfaces)
[1.276s] Level 1:colcon.colcon_core.environment:create_environment_scripts_only(mapping_interfaces)
[1.277s] Level 1:colcon.colcon_core.environment:checking '/home/daniel-choate/paml_ros2/install/mapping_interfaces' for CMake module files
[1.278s] Level 1:colcon.colcon_core.environment:checking '/home/daniel-choate/paml_ros2/install/mapping_interfaces' for CMake config files
[1.279s] Level 1:colcon.colcon_core.shell:create_environment_hook('mapping_interfaces', 'cmake_prefix_path')
[1.279s] INFO:colcon.colcon_core.shell:Creating environment hook '/home/daniel-choate/paml_ros2/install/mapping_interfaces/share/mapping_interfaces/hook/cmake_prefix_path.ps1'
[1.280s] INFO:colcon.colcon_core.shell:Creating environment descriptor '/home/daniel-choate/paml_ros2/install/mapping_interfaces/share/mapping_interfaces/hook/cmake_prefix_path.dsv'
[1.280s] INFO:colcon.colcon_core.shell:Creating environment hook '/home/daniel-choate/paml_ros2/install/mapping_interfaces/share/mapping_interfaces/hook/cmake_prefix_path.sh'
[1.281s] Level 1:colcon.colcon_core.environment:checking '/home/daniel-choate/paml_ros2/install/mapping_interfaces/lib'
[1.281s] Level 1:colcon.colcon_core.shell:create_environment_hook('mapping_interfaces', 'ld_library_path_lib')
[1.281s] INFO:colcon.colcon_core.shell:Creating environment hook '/home/daniel-choate/paml_ros2/install/mapping_interfaces/share/mapping_interfaces/hook/ld_library_path_lib.ps1'
[1.282s] INFO:colcon.colcon_core.shell:Creating environment descriptor '/home/daniel-choate/paml_ros2/install/mapping_interfaces/share/mapping_interfaces/hook/ld_library_path_lib.dsv'
[1.282s] INFO:colcon.colcon_core.shell:Creating environment hook '/home/daniel-choate/paml_ros2/install/mapping_interfaces/share/mapping_interfaces/hook/ld_library_path_lib.sh'
[1.283s] Level 1:colcon.colcon_core.environment:checking '/home/daniel-choate/paml_ros2/install/mapping_interfaces/bin'
[1.283s] Level 1:colcon.colcon_core.environment:checking '/home/daniel-choate/paml_ros2/install/mapping_interfaces/lib/pkgconfig/mapping_interfaces.pc'
[1.283s] Level 1:colcon.colcon_core.environment:checking '/home/daniel-choate/paml_ros2/install/mapping_interfaces/lib/python3.12/site-packages'
[1.283s] Level 1:colcon.colcon_core.shell:create_environment_hook('mapping_interfaces', 'pythonpath')
[1.283s] INFO:colcon.colcon_core.shell:Creating environment hook '/home/daniel-choate/paml_ros2/install/mapping_interfaces/share/mapping_interfaces/hook/pythonpath.ps1'
[1.283s] INFO:colcon.colcon_core.shell:Creating environment descriptor '/home/daniel-choate/paml_ros2/install/mapping_interfaces/share/mapping_interfaces/hook/pythonpath.dsv'
[1.283s] INFO:colcon.colcon_core.shell:Creating environment hook '/home/daniel-choate/paml_ros2/install/mapping_interfaces/share/mapping_interfaces/hook/pythonpath.sh'
[1.284s] Level 1:colcon.colcon_core.environment:checking '/home/daniel-choate/paml_ros2/install/mapping_interfaces/bin'
[1.284s] INFO:colcon.colcon_core.shell:Creating package script '/home/daniel-choate/paml_ros2/install/mapping_interfaces/share/mapping_interfaces/package.ps1'
[1.284s] INFO:colcon.colcon_core.shell:Creating package descriptor '/home/daniel-choate/paml_ros2/install/mapping_interfaces/share/mapping_interfaces/package.dsv'
[1.285s] INFO:colcon.colcon_core.shell:Creating package script '/home/daniel-choate/paml_ros2/install/mapping_interfaces/share/mapping_interfaces/package.sh'
[1.285s] INFO:colcon.colcon_core.shell:Creating package script '/home/daniel-choate/paml_ros2/install/mapping_interfaces/share/mapping_interfaces/package.bash'
[1.285s] INFO:colcon.colcon_core.shell:Creating package script '/home/daniel-choate/paml_ros2/install/mapping_interfaces/share/mapping_interfaces/package.zsh'
[1.286s] Level 1:colcon.colcon_core.environment:create_file_with_runtime_dependencies(/home/daniel-choate/paml_ros2/install/mapping_interfaces/share/colcon-core/packages/mapping_interfaces)
[1.288s] INFO:colcon.colcon_ros.task.ament_python.build:Building ROS package in '/home/daniel-choate/paml_ros2/src/mapping_executor' with build type 'ament_python'
[1.288s] Level 1:colcon.colcon_core.shell:create_environment_hook('mapping_executor', 'ament_prefix_path')
[1.288s] INFO:colcon.colcon_core.shell:Creating environment hook '/home/daniel-choate/paml_ros2/install/mapping_executor/share/mapping_executor/hook/ament_prefix_path.ps1'
[1.288s] INFO:colcon.colcon_core.shell:Creating environment descriptor '/home/daniel-choate/paml_ros2/install/mapping_executor/share/mapping_executor/hook/ament_prefix_path.dsv'
[1.289s] INFO:colcon.colcon_core.shell:Creating environment hook '/home/daniel-choate/paml_ros2/install/mapping_executor/share/mapping_executor/hook/ament_prefix_path.sh'
[1.289s] INFO:colcon.colcon_core.shell:Skip shell extension 'powershell' for command environment: Not usable outside of PowerShell
[1.289s] DEBUG:colcon.colcon_core.shell:Skip shell extension 'dsv' for command environment
[1.292s] INFO:colcon.colcon_ros.task.ament_python.build:Building ROS package in '/home/daniel-choate/paml_ros2/src/mapping_planner' with build type 'ament_python'
[1.293s] Level 1:colcon.colcon_core.shell:create_environment_hook('mapping_planner', 'ament_prefix_path')
[1.293s] INFO:colcon.colcon_core.shell:Creating environment hook '/home/daniel-choate/paml_ros2/install/mapping_planner/share/mapping_planner/hook/ament_prefix_path.ps1'
[1.294s] INFO:colcon.colcon_core.shell:Creating environment descriptor '/home/daniel-choate/paml_ros2/install/mapping_planner/share/mapping_planner/hook/ament_prefix_path.dsv'
[1.294s] INFO:colcon.colcon_core.shell:Creating environment hook '/home/daniel-choate/paml_ros2/install/mapping_planner/share/mapping_planner/hook/ament_prefix_path.sh'
[1.295s] INFO:colcon.colcon_core.shell:Skip shell extension 'powershell' for command environment: Not usable outside of PowerShell
[1.295s] DEBUG:colcon.colcon_core.shell:Skip shell extension 'dsv' for command environment
[1.301s] Level 1:colcon.colcon_core.environment:create_environment_scripts_only(ur3_demo)
[1.302s] Level 1:colcon.colcon_core.environment:checking '/home/daniel-choate/paml_ros2/install/ur3_demo' for CMake module files
[1.302s] DEBUG:colcon.colcon_core.event_handler.log_command:Invoked command in '/home/daniel-choate/paml_ros2/build/ur3_demo' returned '0': CMAKE_PREFIX_PATH=${CMAKE_PREFIX_PATH}:/home/daniel-choate/paml_ros2/install/ur3_movement:/home/daniel-choate/paml_ros2/install/rgbd_capture:/home/daniel-choate/paml_ros2/install/mapping_planner:/home/daniel-choate/paml_ros2/install/mapping_executor:/home/daniel-choate/paml_ros2/install/map_builder:/opt/ros/kilted DEBUGINFOD_URLS=https://debuginfod.ubuntu.com /usr/bin/cmake --install /home/daniel-choate/paml_ros2/build/ur3_demo
[1.303s] Level 1:colcon.colcon_core.environment:checking '/home/daniel-choate/paml_ros2/install/ur3_demo' for CMake config files
[1.303s] Level 1:colcon.colcon_core.shell:create_environment_hook('ur3_demo', 'cmake_prefix_path')
[1.303s] INFO:colcon.colcon_core.shell:Creating environment hook '/home/daniel-choate/paml_ros2/install/ur3_demo/share/ur3_demo/hook/cmake_prefix_path.ps1'
[1.304s] INFO:colcon.colcon_core.shell:Creating environment descriptor '/home/daniel-choate/paml_ros2/install/ur3_demo/share/ur3_demo/hook/cmake_prefix_path.dsv'
[1.304s] INFO:colcon.colcon_core.shell:Creating environment hook '/home/daniel-choate/paml_ros2/install/ur3_demo/share/ur3_demo/hook/cmake_prefix_path.sh'
[1.305s] Level 1:colcon.colcon_core.environment:checking '/home/daniel-choate/paml_ros2/install/ur3_demo/lib'
[1.305s] Level 1:colcon.colcon_core.environment:checking '/home/daniel-choate/paml_ros2/install/ur3_demo/bin'
[1.305s] Level 1:colcon.colcon_core.environment:checking '/home/daniel-choate/paml_ros2/install/ur3_demo/lib/pkgconfig/ur3_demo.pc'
[1.305s] Level 1:colcon.colcon_core.environment:checking '/home/daniel-choate/paml_ros2/install/ur3_demo/lib/python3.12/site-packages'
[1.305s] Level 1:colcon.colcon_core.environment:checking '/home/daniel-choate/paml_ros2/install/ur3_demo/bin'
[1.306s] INFO:colcon.colcon_core.shell:Creating package script '/home/daniel-choate/paml_ros2/install/ur3_demo/share/ur3_demo/package.ps1'
[1.306s] INFO:colcon.colcon_core.shell:Creating package descriptor '/home/daniel-choate/paml_ros2/install/ur3_demo/share/ur3_demo/package.dsv'
[1.306s] INFO:colcon.colcon_core.shell:Creating package script '/home/daniel-choate/paml_ros2/install/ur3_demo/share/ur3_demo/package.sh'
[1.307s] INFO:colcon.colcon_core.shell:Creating package script '/home/daniel-choate/paml_ros2/install/ur3_demo/share/ur3_demo/package.bash'
[1.307s] INFO:colcon.colcon_core.shell:Creating package script '/home/daniel-choate/paml_ros2/install/ur3_demo/share/ur3_demo/package.zsh'
[1.308s] Level 1:colcon.colcon_core.environment:create_file_with_runtime_dependencies(/home/daniel-choate/paml_ros2/install/ur3_demo/share/colcon-core/packages/ur3_demo)
[1.308s] Level 1:colcon.colcon_core.environment:create_environment_scripts_only(ur3_demo)
[1.309s] Level 1:colcon.colcon_core.environment:checking '/home/daniel-choate/paml_ros2/install/ur3_demo' for CMake module files
[1.309s] Level 1:colcon.colcon_core.environment:checking '/home/daniel-choate/paml_ros2/install/ur3_demo' for CMake config files
[1.310s] Level 1:colcon.colcon_core.shell:create_environment_hook('ur3_demo', 'cmake_prefix_path')
[1.310s] INFO:colcon.colcon_core.shell:Creating environment hook '/home/daniel-choate/paml_ros2/install/ur3_demo/share/ur3_demo/hook/cmake_prefix_path.ps1'
[1.310s] INFO:colcon.colcon_core.shell:Creating environment descriptor '/home/daniel-choate/paml_ros2/install/ur3_demo/share/ur3_demo/hook/cmake_prefix_path.dsv'
[1.311s] INFO:colcon.colcon_core.shell:Creating environment hook '/home/daniel-choate/paml_ros2/install/ur3_demo/share/ur3_demo/hook/cmake_prefix_path.sh'
[1.311s] Level 1:colcon.colcon_core.environment:checking '/home/daniel-choate/paml_ros2/install/ur3_demo/lib'
[1.312s] Level 1:colcon.colcon_core.environment:checking '/home/daniel-choate/paml_ros2/install/ur3_demo/bin'
[1.312s] Level 1:colcon.colcon_core.environment:checking '/home/daniel-choate/paml_ros2/install/ur3_demo/lib/pkgconfig/ur3_demo.pc'
[1.312s] Level 1:colcon.colcon_core.environment:checking '/home/daniel-choate/paml_ros2/install/ur3_demo/lib/python3.12/site-packages'
[1.312s] Level 1:colcon.colcon_core.environment:checking '/home/daniel-choate/paml_ros2/install/ur3_demo/bin'
[1.313s] INFO:colcon.colcon_core.shell:Creating package script '/home/daniel-choate/paml_ros2/install/ur3_demo/share/ur3_demo/package.ps1'
[1.313s] INFO:colcon.colcon_core.shell:Creating package descriptor '/home/daniel-choate/paml_ros2/install/ur3_demo/share/ur3_demo/package.dsv'
[1.314s] INFO:colcon.colcon_core.shell:Creating package script '/home/daniel-choate/paml_ros2/install/ur3_demo/share/ur3_demo/package.sh'
[1.314s] INFO:colcon.colcon_core.shell:Creating package script '/home/daniel-choate/paml_ros2/install/ur3_demo/share/ur3_demo/package.bash'
[1.315s] INFO:colcon.colcon_core.shell:Creating package script '/home/daniel-choate/paml_ros2/install/ur3_demo/share/ur3_demo/package.zsh'
[1.315s] Level 1:colcon.colcon_core.environment:create_file_with_runtime_dependencies(/home/daniel-choate/paml_ros2/install/ur3_demo/share/colcon-core/packages/ur3_demo)
[1.532s] INFO:colcon.colcon_core.task.python.build:Building Python package in '/home/daniel-choate/paml_ros2/src/mapping_executor'
[1.532s] INFO:colcon.colcon_core.shell:Skip shell extension 'powershell' for command environment: Not usable outside of PowerShell
[1.532s] DEBUG:colcon.colcon_core.shell:Skip shell extension 'dsv' for command environment
[1.769s] INFO:colcon.colcon_core.task.python.build:Building Python package in '/home/daniel-choate/paml_ros2/src/mapping_planner'
[1.769s] INFO:colcon.colcon_core.shell:Skip shell extension 'powershell' for command environment: Not usable outside of PowerShell
[1.769s] DEBUG:colcon.colcon_core.shell:Skip shell extension 'dsv' for command environment
[1.830s] DEBUG:colcon.colcon_core.event_handler.log_command:Invoking command in '/home/daniel-choate/paml_ros2/src/rgbd_capture': DEBUGINFOD_URLS=https://debuginfod.ubuntu.com PYTHONPATH=/home/daniel-choate/paml_ros2/build/rgbd_capture/prefix_override:/usr/lib/python3/dist-packages/colcon_core/task/python/colcon_distutils_commands:/home/daniel-choate/paml_ros2/install/rgbd_capture/lib/python3.12/site-packages:${PYTHONPATH} /usr/bin/python3 -W ignore:setup.py install is deprecated -W ignore:easy_install command is deprecated setup.py egg_info --egg-base ../../build/rgbd_capture build --build-base /home/daniel-choate/paml_ros2/build/rgbd_capture/build install --record /home/daniel-choate/paml_ros2/build/rgbd_capture/install.log --single-version-externally-managed install_data
[1.853s] DEBUG:colcon.colcon_core.event_handler.log_command:Invoking command in '/home/daniel-choate/paml_ros2/src/map_builder': DEBUGINFOD_URLS=https://debuginfod.ubuntu.com PYTHONPATH=/home/daniel-choate/paml_ros2/build/map_builder/prefix_override:/usr/lib/python3/dist-packages/colcon_core/task/python/colcon_distutils_commands:/home/daniel-choate/paml_ros2/install/map_builder/lib/python3.12/site-packages:${PYTHONPATH} /usr/bin/python3 -W ignore:setup.py install is deprecated -W ignore:easy_install command is deprecated setup.py egg_info --egg-base ../../build/map_builder build --build-base /home/daniel-choate/paml_ros2/build/map_builder/build install --record /home/daniel-choate/paml_ros2/build/map_builder/install.log --single-version-externally-managed install_data
[1.908s] DEBUG:colcon.colcon_core.event_handler.log_command:Invoking command in '/home/daniel-choate/paml_ros2/src/localization_bringup': DEBUGINFOD_URLS=https://debuginfod.ubuntu.com PYTHONPATH=/home/daniel-choate/paml_ros2/build/localization_bringup/prefix_override:/usr/lib/python3/dist-packages/colcon_core/task/python/colcon_distutils_commands:/home/daniel-choate/paml_ros2/install/localization_bringup/lib/python3.12/site-packages:${PYTHONPATH} /usr/bin/python3 -W ignore:setup.py install is deprecated -W ignore:easy_install command is deprecated setup.py egg_info --egg-base ../../build/localization_bringup build --build-base /home/daniel-choate/paml_ros2/build/localization_bringup/build install --record /home/daniel-choate/paml_ros2/build/localization_bringup/install.log --single-version-externally-managed install_data
[1.939s] DEBUG:colcon.colcon_core.event_handler.log_command:Invoking command in '/home/daniel-choate/paml_ros2/src/ur3_movement': DEBUGINFOD_URLS=https://debuginfod.ubuntu.com PYTHONPATH=/home/daniel-choate/paml_ros2/build/ur3_movement/prefix_override:/usr/lib/python3/dist-packages/colcon_core/task/python/colcon_distutils_commands:/home/daniel-choate/paml_ros2/install/ur3_movement/lib/python3.12/site-packages:${PYTHONPATH} /usr/bin/python3 -W ignore:setup.py install is deprecated -W ignore:easy_install command is deprecated setup.py egg_info --egg-base ../../build/ur3_movement build --build-base /home/daniel-choate/paml_ros2/build/ur3_movement/build install --record /home/daniel-choate/paml_ros2/build/ur3_movement/install.log --single-version-externally-managed install_data
[2.426s] DEBUG:colcon.colcon_core.event_handler.log_command:Invoking command in '/home/daniel-choate/paml_ros2/src/mapping_planner': CMAKE_PREFIX_PATH=/home/daniel-choate/paml_ros2/install/mapping_interfaces:/home/daniel-choate/paml_ros2/install/ur3_demo:/opt/ros/kilted/opt/gz_sim_vendor:/opt/ros/kilted/opt/gz_sensors_vendor:/opt/ros/kilted/opt/gz_physics_vendor:/opt/ros/kilted/opt/sdformat_vendor:/opt/ros/kilted/opt/gz_gui_vendor:/opt/ros/kilted/opt/gz_transport_vendor:/opt/ros/kilted/opt/gz_rendering_vendor:/opt/ros/kilted/opt/gz_plugin_vendor:/opt/ros/kilted/opt/gz_fuel_tools_vendor:/opt/ros/kilted/opt/gz_msgs_vendor:/opt/ros/kilted/opt/gz_common_vendor:/opt/ros/kilted/opt/gz_math_vendor:/opt/ros/kilted/opt/gz_utils_vendor:/opt/ros/kilted/opt/gz_tools_vendor:/opt/ros/kilted/opt/gz_ogre_next_vendor:/opt/ros/kilted/opt/gz_dartsim_vendor:/opt/ros/kilted/opt/gz_cmake_vendor DEBUGINFOD_URLS=https://debuginfod.ubuntu.com LD_LIBRARY_PATH=/home/daniel-choate/paml_ros2/install/mapping_interfaces/lib:/opt/ros/kilted/opt/gz_sim_vendor/lib:/opt/ros/kilted/opt/gz_sensors_vendor/lib:/opt/ros/kilted/opt/gz_physics_vendor/lib:/opt/ros/kilted/opt/sdformat_vendor/lib:/opt/ros/kilted/opt/gz_gui_vendor/lib:/opt/ros/kilted/opt/gz_transport_vendor/lib:/opt/ros/kilted/opt/gz_rendering_vendor/lib:/opt/ros/kilted/opt/gz_plugin_vendor/lib:/opt/ros/kilted/opt/gz_fuel_tools_vendor/lib:/opt/ros/kilted/opt/gz_msgs_vendor/lib:/opt/ros/kilted/opt/gz_common_vendor/lib:/opt/ros/kilted/opt/gz_math_vendor/lib:/opt/ros/kilted/opt/gz_utils_vendor/lib:/opt/ros/kilted/opt/rviz_ogre_vendor/lib:/opt/ros/kilted/lib/x86_64-linux-gnu:/opt/ros/kilted/opt/gz_tools_vendor/lib:/opt/ros/kilted/opt/gz_ogre_next_vendor/lib:/opt/ros/kilted/opt/gz_dartsim_vendor/lib:/opt/ros/kilted/opt/gz_cmake_vendor/lib:/opt/ros/kilted/lib:/usr/local/lib PYTHONPATH=/home/daniel-choate/paml_ros2/build/mapping_planner/prefix_override:/usr/lib/python3/dist-packages/colcon_core/task/python/colcon_distutils_commands:/home/daniel-choate/paml_ros2/install/mapping_planner/lib/python3.12/site-packages:/home/daniel-choate/paml_ros2/install/mapping_interfaces/lib/python3.12/site-packages:/home/daniel-choate/paml_ros2/install/ur3_movement/lib/python3.12/site-packages:/home/daniel-choate/paml_ros2/install/rgbd_capture/lib/python3.12/site-packages:/home/daniel-choate/paml_ros2/install/mapping_planner/lib/python3.12/site-packages:/home/daniel-choate/paml_ros2/install/mapping_executor/lib/python3.12/site-packages:/home/daniel-choate/paml_ros2/install/map_builder/lib/python3.12/site-packages:/opt/ros/kilted/lib/python3.12/site-packages /usr/bin/python3 -W ignore:setup.py install is deprecated -W ignore:easy_install command is deprecated setup.py egg_info --egg-base ../../build/mapping_planner build --build-base /home/daniel-choate/paml_ros2/build/mapping_planner/build install --record /home/daniel-choate/paml_ros2/build/mapping_planner/install.log --single-version-externally-managed install_data
[2.465s] Level 1:colcon.colcon_core.environment:checking '/home/daniel-choate/paml_ros2/install/map_builder' for CMake module files
[2.465s] DEBUG:colcon.colcon_core.event_handler.log_command:Invoked command in '/home/daniel-choate/paml_ros2/src/map_builder' returned '0': DEBUGINFOD_URLS=https://debuginfod.ubuntu.com PYTHONPATH=/home/daniel-choate/paml_ros2/build/map_builder/prefix_override:/usr/lib/python3/dist-packages/colcon_core/task/python/colcon_distutils_commands:/home/daniel-choate/paml_ros2/install/map_builder/lib/python3.12/site-packages:${PYTHONPATH} /usr/bin/python3 -W ignore:setup.py install is deprecated -W ignore:easy_install command is deprecated setup.py egg_info --egg-base ../../build/map_builder build --build-base /home/daniel-choate/paml_ros2/build/map_builder/build install --record /home/daniel-choate/paml_ros2/build/map_builder/install.log --single-version-externally-managed install_data
[2.466s] Level 1:colcon.colcon_core.environment:checking '/home/daniel-choate/paml_ros2/install/map_builder' for CMake config files
[2.466s] Level 1:colcon.colcon_core.environment:checking '/home/daniel-choate/paml_ros2/install/map_builder/lib'
[2.466s] Level 1:colcon.colcon_core.environment:checking '/home/daniel-choate/paml_ros2/install/map_builder/bin'
[2.466s] Level 1:colcon.colcon_core.environment:checking '/home/daniel-choate/paml_ros2/install/map_builder/lib/pkgconfig/map_builder.pc'
[2.467s] Level 1:colcon.colcon_core.environment:checking '/home/daniel-choate/paml_ros2/install/map_builder/lib/python3.12/site-packages'
[2.467s] Level 1:colcon.colcon_core.shell:create_environment_hook('map_builder', 'pythonpath')
[2.467s] INFO:colcon.colcon_core.shell:Creating environment hook '/home/daniel-choate/paml_ros2/install/map_builder/share/map_builder/hook/pythonpath.ps1'
[2.467s] INFO:colcon.colcon_core.shell:Creating environment descriptor '/home/daniel-choate/paml_ros2/install/map_builder/share/map_builder/hook/pythonpath.dsv'
[2.468s] INFO:colcon.colcon_core.shell:Creating environment hook '/home/daniel-choate/paml_ros2/install/map_builder/share/map_builder/hook/pythonpath.sh'
[2.469s] Level 1:colcon.colcon_core.environment:checking '/home/daniel-choate/paml_ros2/install/map_builder/bin'
[2.469s] Level 1:colcon.colcon_core.environment:create_environment_scripts_only(map_builder)
[2.469s] INFO:colcon.colcon_core.shell:Creating package script '/home/daniel-choate/paml_ros2/install/map_builder/share/map_builder/package.ps1'
[2.470s] INFO:colcon.colcon_core.shell:Creating package descriptor '/home/daniel-choate/paml_ros2/install/map_builder/share/map_builder/package.dsv'
[2.470s] INFO:colcon.colcon_core.shell:Creating package script '/home/daniel-choate/paml_ros2/install/map_builder/share/map_builder/package.sh'
[2.471s] INFO:colcon.colcon_core.shell:Creating package script '/home/daniel-choate/paml_ros2/install/map_builder/share/map_builder/package.bash'
[2.471s] INFO:colcon.colcon_core.shell:Creating package script '/home/daniel-choate/paml_ros2/install/map_builder/share/map_builder/package.zsh'
[2.472s] Level 1:colcon.colcon_core.environment:create_file_with_runtime_dependencies(/home/daniel-choate/paml_ros2/install/map_builder/share/colcon-core/packages/map_builder)
[2.496s] Level 1:colcon.colcon_core.environment:checking '/home/daniel-choate/paml_ros2/install/rgbd_capture' for CMake module files
[2.497s] DEBUG:colcon.colcon_core.event_handler.log_command:Invoked command in '/home/daniel-choate/paml_ros2/src/rgbd_capture' returned '0': DEBUGINFOD_URLS=https://debuginfod.ubuntu.com PYTHONPATH=/home/daniel-choate/paml_ros2/build/rgbd_capture/prefix_override:/usr/lib/python3/dist-packages/colcon_core/task/python/colcon_distutils_commands:/home/daniel-choate/paml_ros2/install/rgbd_capture/lib/python3.12/site-packages:${PYTHONPATH} /usr/bin/python3 -W ignore:setup.py install is deprecated -W ignore:easy_install command is deprecated setup.py egg_info --egg-base ../../build/rgbd_capture build --build-base /home/daniel-choate/paml_ros2/build/rgbd_capture/build install --record /home/daniel-choate/paml_ros2/build/rgbd_capture/install.log --single-version-externally-managed install_data
[2.497s] Level 1:colcon.colcon_core.environment:checking '/home/daniel-choate/paml_ros2/install/rgbd_capture' for CMake config files
[2.498s] Level 1:colcon.colcon_core.environment:checking '/home/daniel-choate/paml_ros2/install/rgbd_capture/lib'
[2.498s] Level 1:colcon.colcon_core.environment:checking '/home/daniel-choate/paml_ros2/install/rgbd_capture/bin'
[2.498s] Level 1:colcon.colcon_core.environment:checking '/home/daniel-choate/paml_ros2/install/rgbd_capture/lib/pkgconfig/rgbd_capture.pc'
[2.498s] Level 1:colcon.colcon_core.environment:checking '/home/daniel-choate/paml_ros2/install/rgbd_capture/lib/python3.12/site-packages'
[2.499s] Level 1:colcon.colcon_core.shell:create_environment_hook('rgbd_capture', 'pythonpath')
[2.499s] INFO:colcon.colcon_core.shell:Creating environment hook '/home/daniel-choate/paml_ros2/install/rgbd_capture/share/rgbd_capture/hook/pythonpath.ps1'
[2.500s] INFO:colcon.colcon_core.shell:Creating environment descriptor '/home/daniel-choate/paml_ros2/install/rgbd_capture/share/rgbd_capture/hook/pythonpath.dsv'
[2.500s] INFO:colcon.colcon_core.shell:Creating environment hook '/home/daniel-choate/paml_ros2/install/rgbd_capture/share/rgbd_capture/hook/pythonpath.sh'
[2.501s] Level 1:colcon.colcon_core.environment:checking '/home/daniel-choate/paml_ros2/install/rgbd_capture/bin'
[2.501s] Level 1:colcon.colcon_core.environment:create_environment_scripts_only(rgbd_capture)
[2.501s] INFO:colcon.colcon_core.shell:Creating package script '/home/daniel-choate/paml_ros2/install/rgbd_capture/share/rgbd_capture/package.ps1'
[2.502s] INFO:colcon.colcon_core.shell:Creating package descriptor '/home/daniel-choate/paml_ros2/install/rgbd_capture/share/rgbd_capture/package.dsv'
[2.503s] INFO:colcon.colcon_core.shell:Creating package script '/home/daniel-choate/paml_ros2/install/rgbd_capture/share/rgbd_capture/package.sh'
[2.503s] INFO:colcon.colcon_core.shell:Creating package script '/home/daniel-choate/paml_ros2/install/rgbd_capture/share/rgbd_capture/package.bash'
[2.503s] INFO:colcon.colcon_core.shell:Creating package script '/home/daniel-choate/paml_ros2/install/rgbd_capture/share/rgbd_capture/package.zsh'
[2.504s] Level 1:colcon.colcon_core.environment:create_file_with_runtime_dependencies(/home/daniel-choate/paml_ros2/install/rgbd_capture/share/colcon-core/packages/rgbd_capture)
[2.517s] Level 1:colcon.colcon_core.environment:checking '/home/daniel-choate/paml_ros2/install/localization_bringup' for CMake module files
[2.517s] DEBUG:colcon.colcon_core.event_handler.log_command:Invoked command in '/home/daniel-choate/paml_ros2/src/localization_bringup' returned '0': DEBUGINFOD_URLS=https://debuginfod.ubuntu.com PYTHONPATH=/home/daniel-choate/paml_ros2/build/localization_bringup/prefix_override:/usr/lib/python3/dist-packages/colcon_core/task/python/colcon_distutils_commands:/home/daniel-choate/paml_ros2/install/localization_bringup/lib/python3.12/site-packages:${PYTHONPATH} /usr/bin/python3 -W ignore:setup.py install is deprecated -W ignore:easy_install command is deprecated setup.py egg_info --egg-base ../../build/localization_bringup build --build-base /home/daniel-choate/paml_ros2/build/localization_bringup/build install --record /home/daniel-choate/paml_ros2/build/localization_bringup/install.log --single-version-externally-managed install_data
[2.518s] Level 1:colcon.colcon_core.environment:checking '/home/daniel-choate/paml_ros2/install/localization_bringup' for CMake config files
[2.519s] Level 1:colcon.colcon_core.environment:checking '/home/daniel-choate/paml_ros2/install/localization_bringup/lib'
[2.519s] Level 1:colcon.colcon_core.environment:checking '/home/daniel-choate/paml_ros2/install/localization_bringup/bin'
[2.519s] Level 1:colcon.colcon_core.environment:checking '/home/daniel-choate/paml_ros2/install/localization_bringup/lib/pkgconfig/localization_bringup.pc'
[2.519s] Level 1:colcon.colcon_core.environment:checking '/home/daniel-choate/paml_ros2/install/localization_bringup/lib/python3.12/site-packages'
[2.519s] Level 1:colcon.colcon_core.shell:create_environment_hook('localization_bringup', 'pythonpath')
[2.519s] INFO:colcon.colcon_core.shell:Creating environment hook '/home/daniel-choate/paml_ros2/install/localization_bringup/share/localization_bringup/hook/pythonpath.ps1'
[2.520s] INFO:colcon.colcon_core.shell:Creating environment descriptor '/home/daniel-choate/paml_ros2/install/localization_bringup/share/localization_bringup/hook/pythonpath.dsv'
[2.520s] INFO:colcon.colcon_core.shell:Creating environment hook '/home/daniel-choate/paml_ros2/install/localization_bringup/share/localization_bringup/hook/pythonpath.sh'
[2.521s] Level 1:colcon.colcon_core.environment:checking '/home/daniel-choate/paml_ros2/install/localization_bringup/bin'
[2.521s] Level 1:colcon.colcon_core.environment:create_environment_scripts_only(localization_bringup)
[2.521s] INFO:colcon.colcon_core.shell:Creating package script '/home/daniel-choate/paml_ros2/install/localization_bringup/share/localization_bringup/package.ps1'
[2.522s] INFO:colcon.colcon_core.shell:Creating package descriptor '/home/daniel-choate/paml_ros2/install/localization_bringup/share/localization_bringup/package.dsv'
[2.523s] INFO:colcon.colcon_core.shell:Creating package script '/home/daniel-choate/paml_ros2/install/localization_bringup/share/localization_bringup/package.sh'
[2.524s] INFO:colcon.colcon_core.shell:Creating package script '/home/daniel-choate/paml_ros2/install/localization_bringup/share/localization_bringup/package.bash'
[2.524s] INFO:colcon.colcon_core.shell:Creating package script '/home/daniel-choate/paml_ros2/install/localization_bringup/share/localization_bringup/package.zsh'
[2.525s] Level 1:colcon.colcon_core.environment:create_file_with_runtime_dependencies(/home/daniel-choate/paml_ros2/install/localization_bringup/share/colcon-core/packages/localization_bringup)
[2.560s] DEBUG:colcon.colcon_core.event_handler.log_command:Invoking command in '/home/daniel-choate/paml_ros2/src/mapping_executor': CMAKE_PREFIX_PATH=/home/daniel-choate/paml_ros2/install/mapping_interfaces:/home/daniel-choate/paml_ros2/install/ur3_demo:/opt/ros/kilted/opt/gz_sim_vendor:/opt/ros/kilted/opt/gz_sensors_vendor:/opt/ros/kilted/opt/gz_physics_vendor:/opt/ros/kilted/opt/sdformat_vendor:/opt/ros/kilted/opt/gz_gui_vendor:/opt/ros/kilted/opt/gz_transport_vendor:/opt/ros/kilted/opt/gz_rendering_vendor:/opt/ros/kilted/opt/gz_plugin_vendor:/opt/ros/kilted/opt/gz_fuel_tools_vendor:/opt/ros/kilted/opt/gz_msgs_vendor:/opt/ros/kilted/opt/gz_common_vendor:/opt/ros/kilted/opt/gz_math_vendor:/opt/ros/kilted/opt/gz_utils_vendor:/opt/ros/kilted/opt/gz_tools_vendor:/opt/ros/kilted/opt/gz_ogre_next_vendor:/opt/ros/kilted/opt/gz_dartsim_vendor:/opt/ros/kilted/opt/gz_cmake_vendor DEBUGINFOD_URLS=https://debuginfod.ubuntu.com LD_LIBRARY_PATH=/home/daniel-choate/paml_ros2/install/mapping_interfaces/lib:/opt/ros/kilted/opt/gz_sim_vendor/lib:/opt/ros/kilted/opt/gz_sensors_vendor/lib:/opt/ros/kilted/opt/gz_physics_vendor/lib:/opt/ros/kilted/opt/sdformat_vendor/lib:/opt/ros/kilted/opt/gz_gui_vendor/lib:/opt/ros/kilted/opt/gz_transport_vendor/lib:/opt/ros/kilted/opt/gz_rendering_vendor/lib:/opt/ros/kilted/opt/gz_plugin_vendor/lib:/opt/ros/kilted/opt/gz_fuel_tools_vendor/lib:/opt/ros/kilted/opt/gz_msgs_vendor/lib:/opt/ros/kilted/opt/gz_common_vendor/lib:/opt/ros/kilted/opt/gz_math_vendor/lib:/opt/ros/kilted/opt/gz_utils_vendor/lib:/opt/ros/kilted/opt/rviz_ogre_vendor/lib:/opt/ros/kilted/lib/x86_64-linux-gnu:/opt/ros/kilted/opt/gz_tools_vendor/lib:/opt/ros/kilted/opt/gz_ogre_next_vendor/lib:/opt/ros/kilted/opt/gz_dartsim_vendor/lib:/opt/ros/kilted/opt/gz_cmake_vendor/lib:/opt/ros/kilted/lib:/usr/local/lib PYTHONPATH=/home/daniel-choate/paml_ros2/build/mapping_executor/prefix_override:/usr/lib/python3/dist-packages/colcon_core/task/python/colcon_distutils_commands:/home/daniel-choate/paml_ros2/install/mapping_executor/lib/python3.12/site-packages:/home/daniel-choate/paml_ros2/install/mapping_interfaces/lib/python3.12/site-packages:/home/daniel-choate/paml_ros2/install/ur3_movement/lib/python3.12/site-packages:/home/daniel-choate/paml_ros2/install/rgbd_capture/lib/python3.12/site-packages:/home/daniel-choate/paml_ros2/install/mapping_planner/lib/python3.12/site-packages:/home/daniel-choate/paml_ros2/install/mapping_executor/lib/python3.12/site-packages:/home/daniel-choate/paml_ros2/install/map_builder/lib/python3.12/site-packages:/opt/ros/kilted/lib/python3.12/site-packages /usr/bin/python3 -W ignore:setup.py install is deprecated -W ignore:easy_install command is deprecated setup.py egg_info --egg-base ../../build/mapping_executor build --build-base /home/daniel-choate/paml_ros2/build/mapping_executor/build install --record /home/daniel-choate/paml_ros2/build/mapping_executor/install.log --single-version-externally-managed install_data
[2.687s] Level 1:colcon.colcon_core.environment:checking '/home/daniel-choate/paml_ros2/install/ur3_movement' for CMake module files
[2.687s] DEBUG:colcon.colcon_core.event_handler.log_command:Invoked command in '/home/daniel-choate/paml_ros2/src/ur3_movement' returned '0': DEBUGINFOD_URLS=https://debuginfod.ubuntu.com PYTHONPATH=/home/daniel-choate/paml_ros2/build/ur3_movement/prefix_override:/usr/lib/python3/dist-packages/colcon_core/task/python/colcon_distutils_commands:/home/daniel-choate/paml_ros2/install/ur3_movement/lib/python3.12/site-packages:${PYTHONPATH} /usr/bin/python3 -W ignore:setup.py install is deprecated -W ignore:easy_install command is deprecated setup.py egg_info --egg-base ../../build/ur3_movement build --build-base /home/daniel-choate/paml_ros2/build/ur3_movement/build install --record /home/daniel-choate/paml_ros2/build/ur3_movement/install.log --single-version-externally-managed install_data
[2.688s] Level 1:colcon.colcon_core.environment:checking '/home/daniel-choate/paml_ros2/install/ur3_movement' for CMake config files
[2.688s] Level 1:colcon.colcon_core.environment:checking '/home/daniel-choate/paml_ros2/install/ur3_movement/lib'
[2.688s] Level 1:colcon.colcon_core.environment:checking '/home/daniel-choate/paml_ros2/install/ur3_movement/bin'
[2.688s] Level 1:colcon.colcon_core.environment:checking '/home/daniel-choate/paml_ros2/install/ur3_movement/lib/pkgconfig/ur3_movement.pc'
[2.689s] Level 1:colcon.colcon_core.environment:checking '/home/daniel-choate/paml_ros2/install/ur3_movement/lib/python3.12/site-packages'
[2.689s] Level 1:colcon.colcon_core.shell:create_environment_hook('ur3_movement', 'pythonpath')
[2.689s] INFO:colcon.colcon_core.shell:Creating environment hook '/home/daniel-choate/paml_ros2/install/ur3_movement/share/ur3_movement/hook/pythonpath.ps1'
[2.690s] INFO:colcon.colcon_core.shell:Creating environment descriptor '/home/daniel-choate/paml_ros2/install/ur3_movement/share/ur3_movement/hook/pythonpath.dsv'
[2.690s] INFO:colcon.colcon_core.shell:Creating environment hook '/home/daniel-choate/paml_ros2/install/ur3_movement/share/ur3_movement/hook/pythonpath.sh'
[2.691s] Level 1:colcon.colcon_core.environment:checking '/home/daniel-choate/paml_ros2/install/ur3_movement/bin'
[2.691s] Level 1:colcon.colcon_core.environment:create_environment_scripts_only(ur3_movement)
[2.691s] INFO:colcon.colcon_core.shell:Creating package script '/home/daniel-choate/paml_ros2/install/ur3_movement/share/ur3_movement/package.ps1'
[2.692s] INFO:colcon.colcon_core.shell:Creating package descriptor '/home/daniel-choate/paml_ros2/install/ur3_movement/share/ur3_movement/package.dsv'
[2.693s] INFO:colcon.colcon_core.shell:Creating package script '/home/daniel-choate/paml_ros2/install/ur3_movement/share/ur3_movement/package.sh'
[2.693s] INFO:colcon.colcon_core.shell:Creating package script '/home/daniel-choate/paml_ros2/install/ur3_movement/share/ur3_movement/package.bash'
[2.694s] INFO:colcon.colcon_core.shell:Creating package script '/home/daniel-choate/paml_ros2/install/ur3_movement/share/ur3_movement/package.zsh'
[2.694s] Level 1:colcon.colcon_core.environment:create_file_with_runtime_dependencies(/home/daniel-choate/paml_ros2/install/ur3_movement/share/colcon-core/packages/ur3_movement)
[2.956s] Level 1:colcon.colcon_core.environment:checking '/home/daniel-choate/paml_ros2/install/mapping_planner' for CMake module files
[2.957s] DEBUG:colcon.colcon_core.event_handler.log_command:Invoked command in '/home/daniel-choate/paml_ros2/src/mapping_planner' returned '0': CMAKE_PREFIX_PATH=/home/daniel-choate/paml_ros2/install/mapping_interfaces:/home/daniel-choate/paml_ros2/install/ur3_demo:/opt/ros/kilted/opt/gz_sim_vendor:/opt/ros/kilted/opt/gz_sensors_vendor:/opt/ros/kilted/opt/gz_physics_vendor:/opt/ros/kilted/opt/sdformat_vendor:/opt/ros/kilted/opt/gz_gui_vendor:/opt/ros/kilted/opt/gz_transport_vendor:/opt/ros/kilted/opt/gz_rendering_vendor:/opt/ros/kilted/opt/gz_plugin_vendor:/opt/ros/kilted/opt/gz_fuel_tools_vendor:/opt/ros/kilted/opt/gz_msgs_vendor:/opt/ros/kilted/opt/gz_common_vendor:/opt/ros/kilted/opt/gz_math_vendor:/opt/ros/kilted/opt/gz_utils_vendor:/opt/ros/kilted/opt/gz_tools_vendor:/opt/ros/kilted/opt/gz_ogre_next_vendor:/opt/ros/kilted/opt/gz_dartsim_vendor:/opt/ros/kilted/opt/gz_cmake_vendor DEBUGINFOD_URLS=https://debuginfod.ubuntu.com LD_LIBRARY_PATH=/home/daniel-choate/paml_ros2/install/mapping_interfaces/lib:/opt/ros/kilted/opt/gz_sim_vendor/lib:/opt/ros/kilted/opt/gz_sensors_vendor/lib:/opt/ros/kilted/opt/gz_physics_vendor/lib:/opt/ros/kilted/opt/sdformat_vendor/lib:/opt/ros/kilted/opt/gz_gui_vendor/lib:/opt/ros/kilted/opt/gz_transport_vendor/lib:/opt/ros/kilted/opt/gz_rendering_vendor/lib:/opt/ros/kilted/opt/gz_plugin_vendor/lib:/opt/ros/kilted/opt/gz_fuel_tools_vendor/lib:/opt/ros/kilted/opt/gz_msgs_vendor/lib:/opt/ros/kilted/opt/gz_common_vendor/lib:/opt/ros/kilted/opt/gz_math_vendor/lib:/opt/ros/kilted/opt/gz_utils_vendor/lib:/opt/ros/kilted/opt/rviz_ogre_vendor/lib:/opt/ros/kilted/lib/x86_64-linux-gnu:/opt/ros/kilted/opt/gz_tools_vendor/lib:/opt/ros/kilted/opt/gz_ogre_next_vendor/lib:/opt/ros/kilted/opt/gz_dartsim_vendor/lib:/opt/ros/kilted/opt/gz_cmake_vendor/lib:/opt/ros/kilted/lib:/usr/local/lib PYTHONPATH=/home/daniel-choate/paml_ros2/build/mapping_planner/prefix_override:/usr/lib/python3/dist-packages/colcon_core/task/python/colcon_distutils_commands:/home/daniel-choate/paml_ros2/install/mapping_planner/lib/python3.12/site-packages:/home/daniel-choate/paml_ros2/install/mapping_interfaces/lib/python3.12/site-packages:/home/daniel-choate/paml_ros2/install/ur3_movement/lib/python3.12/site-packages:/home/daniel-choate/paml_ros2/install/rgbd_capture/lib/python3.12/site-packages:/home/daniel-choate/paml_ros2/install/mapping_planner/lib/python3.12/site-packages:/home/daniel-choate/paml_ros2/install/mapping_executor/lib/python3.12/site-packages:/home/daniel-choate/paml_ros2/install/map_builder/lib/python3.12/site-packages:/opt/ros/kilted/lib/python3.12/site-packages /usr/bin/python3 -W ignore:setup.py install is deprecated -W ignore:easy_install command is deprecated setup.py egg_info --egg-base ../../build/mapping_planner build --build-base /home/daniel-choate/paml_ros2/build/mapping_planner/build install --record /home/daniel-choate/paml_ros2/build/mapping_planner/install.log --single-version-externally-managed install_data
[2.957s] Level 1:colcon.colcon_core.environment:checking '/home/daniel-choate/paml_ros2/install/mapping_planner' for CMake config files
[2.957s] Level 1:colcon.colcon_core.environment:checking '/home/daniel-choate/paml_ros2/install/mapping_planner/lib'
[2.957s] Level 1:colcon.colcon_core.environment:checking '/home/daniel-choate/paml_ros2/install/mapping_planner/bin'
[2.958s] Level 1:colcon.colcon_core.environment:checking '/home/daniel-choate/paml_ros2/install/mapping_planner/lib/pkgconfig/mapping_planner.pc'
[2.958s] Level 1:colcon.colcon_core.environment:checking '/home/daniel-choate/paml_ros2/install/mapping_planner/lib/python3.12/site-packages'
[2.958s] Level 1:colcon.colcon_core.shell:create_environment_hook('mapping_planner', 'pythonpath')
[2.958s] INFO:colcon.colcon_core.shell:Creating environment hook '/home/daniel-choate/paml_ros2/install/mapping_planner/share/mapping_planner/hook/pythonpath.ps1'
[2.959s] INFO:colcon.colcon_core.shell:Creating environment descriptor '/home/daniel-choate/paml_ros2/install/mapping_planner/share/mapping_planner/hook/pythonpath.dsv'
[2.959s] INFO:colcon.colcon_core.shell:Creating environment hook '/home/daniel-choate/paml_ros2/install/mapping_planner/share/mapping_planner/hook/pythonpath.sh'
[2.960s] Level 1:colcon.colcon_core.environment:checking '/home/daniel-choate/paml_ros2/install/mapping_planner/bin'
[2.960s] Level 1:colcon.colcon_core.environment:create_environment_scripts_only(mapping_planner)
[2.960s] INFO:colcon.colcon_core.shell:Creating package script '/home/daniel-choate/paml_ros2/install/mapping_planner/share/mapping_planner/package.ps1'
[2.960s] INFO:colcon.colcon_core.shell:Creating package descriptor '/home/daniel-choate/paml_ros2/install/mapping_planner/share/mapping_planner/package.dsv'
[2.960s] INFO:colcon.colcon_core.shell:Creating package script '/home/daniel-choate/paml_ros2/install/mapping_planner/share/mapping_planner/package.sh'
[2.961s] INFO:colcon.colcon_core.shell:Creating package script '/home/daniel-choate/paml_ros2/install/mapping_planner/share/mapping_planner/package.bash'
[2.961s] INFO:colcon.colcon_core.shell:Creating package script '/home/daniel-choate/paml_ros2/install/mapping_planner/share/mapping_planner/package.zsh'
[2.962s] Level 1:colcon.colcon_core.environment:create_file_with_runtime_dependencies(/home/daniel-choate/paml_ros2/install/mapping_planner/share/colcon-core/packages/mapping_planner)
[3.145s] Level 1:colcon.colcon_core.environment:checking '/home/daniel-choate/paml_ros2/install/mapping_executor' for CMake module files
[3.145s] DEBUG:colcon.colcon_core.event_handler.log_command:Invoked command in '/home/daniel-choate/paml_ros2/src/mapping_executor' returned '0': CMAKE_PREFIX_PATH=/home/daniel-choate/paml_ros2/install/mapping_interfaces:/home/daniel-choate/paml_ros2/install/ur3_demo:/opt/ros/kilted/opt/gz_sim_vendor:/opt/ros/kilted/opt/gz_sensors_vendor:/opt/ros/kilted/opt/gz_physics_vendor:/opt/ros/kilted/opt/sdformat_vendor:/opt/ros/kilted/opt/gz_gui_vendor:/opt/ros/kilted/opt/gz_transport_vendor:/opt/ros/kilted/opt/gz_rendering_vendor:/opt/ros/kilted/opt/gz_plugin_vendor:/opt/ros/kilted/opt/gz_fuel_tools_vendor:/opt/ros/kilted/opt/gz_msgs_vendor:/opt/ros/kilted/opt/gz_common_vendor:/opt/ros/kilted/opt/gz_math_vendor:/opt/ros/kilted/opt/gz_utils_vendor:/opt/ros/kilted/opt/gz_tools_vendor:/opt/ros/kilted/opt/gz_ogre_next_vendor:/opt/ros/kilted/opt/gz_dartsim_vendor:/opt/ros/kilted/opt/gz_cmake_vendor DEBUGINFOD_URLS=https://debuginfod.ubuntu.com LD_LIBRARY_PATH=/home/daniel-choate/paml_ros2/install/mapping_interfaces/lib:/opt/ros/kilted/opt/gz_sim_vendor/lib:/opt/ros/kilted/opt/gz_sensors_vendor/lib:/opt/ros/kilted/opt/gz_physics_vendor/lib:/opt/ros/kilted/opt/sdformat_vendor/lib:/opt/ros/kilted/opt/gz_gui_vendor/lib:/opt/ros/kilted/opt/gz_transport_vendor/lib:/opt/ros/kilted/opt/gz_rendering_vendor/lib:/opt/ros/kilted/opt/gz_plugin_vendor/lib:/opt/ros/kilted/opt/gz_fuel_tools_vendor/lib:/opt/ros/kilted/opt/gz_msgs_vendor/lib:/opt/ros/kilted/opt/gz_common_vendor/lib:/opt/ros/kilted/opt/gz_math_vendor/lib:/opt/ros/kilted/opt/gz_utils_vendor/lib:/opt/ros/kilted/opt/rviz_ogre_vendor/lib:/opt/ros/kilted/lib/x86_64-linux-gnu:/opt/ros/kilted/opt/gz_tools_vendor/lib:/opt/ros/kilted/opt/gz_ogre_next_vendor/lib:/opt/ros/kilted/opt/gz_dartsim_vendor/lib:/opt/ros/kilted/opt/gz_cmake_vendor/lib:/opt/ros/kilted/lib:/usr/local/lib PYTHONPATH=/home/daniel-choate/paml_ros2/build/mapping_executor/prefix_override:/usr/lib/python3/dist-packages/colcon_core/task/python/colcon_distutils_commands:/home/daniel-choate/paml_ros2/install/mapping_executor/lib/python3.12/site-packages:/home/daniel-choate/paml_ros2/install/mapping_interfaces/lib/python3.12/site-packages:/home/daniel-choate/paml_ros2/install/ur3_movement/lib/python3.12/site-packages:/home/daniel-choate/paml_ros2/install/rgbd_capture/lib/python3.12/site-packages:/home/daniel-choate/paml_ros2/install/mapping_planner/lib/python3.12/site-packages:/home/daniel-choate/paml_ros2/install/mapping_executor/lib/python3.12/site-packages:/home/daniel-choate/paml_ros2/install/map_builder/lib/python3.12/site-packages:/opt/ros/kilted/lib/python3.12/site-packages /usr/bin/python3 -W ignore:setup.py install is deprecated -W ignore:easy_install command is deprecated setup.py egg_info --egg-base ../../build/mapping_executor build --build-base /home/daniel-choate/paml_ros2/build/mapping_executor/build install --record /home/daniel-choate/paml_ros2/build/mapping_executor/install.log --single-version-externally-managed install_data
[3.146s] Level 1:colcon.colcon_core.environment:checking '/home/daniel-choate/paml_ros2/install/mapping_executor' for CMake config files
[3.147s] Level 1:colcon.colcon_core.environment:checking '/home/daniel-choate/paml_ros2/install/mapping_executor/lib'
[3.147s] Level 1:colcon.colcon_core.environment:checking '/home/daniel-choate/paml_ros2/install/mapping_executor/bin'
[3.147s] Level 1:colcon.colcon_core.environment:checking '/home/daniel-choate/paml_ros2/install/mapping_executor/lib/pkgconfig/mapping_executor.pc'
[3.147s] Level 1:colcon.colcon_core.environment:checking '/home/daniel-choate/paml_ros2/install/mapping_executor/lib/python3.12/site-packages'
[3.148s] Level 1:colcon.colcon_core.shell:create_environment_hook('mapping_executor', 'pythonpath')
[3.148s] INFO:colcon.colcon_core.shell:Creating environment hook '/home/daniel-choate/paml_ros2/install/mapping_executor/share/mapping_executor/hook/pythonpath.ps1'
[3.149s] INFO:colcon.colcon_core.shell:Creating environment descriptor '/home/daniel-choate/paml_ros2/install/mapping_executor/share/mapping_executor/hook/pythonpath.dsv'
[3.149s] INFO:colcon.colcon_core.shell:Creating environment hook '/home/daniel-choate/paml_ros2/install/mapping_executor/share/mapping_executor/hook/pythonpath.sh'
[3.150s] Level 1:colcon.colcon_core.environment:checking '/home/daniel-choate/paml_ros2/install/mapping_executor/bin'
[3.150s] Level 1:colcon.colcon_core.environment:create_environment_scripts_only(mapping_executor)
[3.151s] INFO:colcon.colcon_core.shell:Creating package script '/home/daniel-choate/paml_ros2/install/mapping_executor/share/mapping_executor/package.ps1'
[3.151s] INFO:colcon.colcon_core.shell:Creating package descriptor '/home/daniel-choate/paml_ros2/install/mapping_executor/share/mapping_executor/package.dsv'
[3.152s] INFO:colcon.colcon_core.shell:Creating package script '/home/daniel-choate/paml_ros2/install/mapping_executor/share/mapping_executor/package.sh'
[3.152s] INFO:colcon.colcon_core.shell:Creating package script '/home/daniel-choate/paml_ros2/install/mapping_executor/share/mapping_executor/package.bash'
[3.152s] INFO:colcon.colcon_core.shell:Creating package script '/home/daniel-choate/paml_ros2/install/mapping_executor/share/mapping_executor/package.zsh'
[3.153s] Level 1:colcon.colcon_core.environment:create_file_with_runtime_dependencies(/home/daniel-choate/paml_ros2/install/mapping_executor/share/colcon-core/packages/mapping_executor)
[3.153s] DEBUG:colcon.colcon_parallel_executor.executor.parallel:closing loop
[3.153s] DEBUG:colcon.colcon_parallel_executor.executor.parallel:loop closed
[3.154s] DEBUG:colcon.colcon_parallel_executor.executor.parallel:run_until_complete finished with '0'
[3.154s] DEBUG:colcon.colcon_core.event_reactor:joining thread
[3.161s] INFO:colcon.colcon_core.plugin_system:Skipping extension 'colcon_notification.desktop_notification.terminal_notifier': Not used on non-Darwin systems
[3.162s] INFO:colcon.colcon_core.plugin_system:Skipping extension 'colcon_notification.desktop_notification.win32': Not used on non-Windows systems
[3.162s] INFO:colcon.colcon_notification.desktop_notification:Sending desktop notification using 'notify2'
[3.200s] DEBUG:colcon.colcon_core.event_reactor:joined thread
[3.201s] INFO:colcon.colcon_core.shell:Creating prefix script '/home/daniel-choate/paml_ros2/install/local_setup.ps1'
[3.203s] INFO:colcon.colcon_core.shell:Creating prefix util module '/home/daniel-choate/paml_ros2/install/_local_setup_util_ps1.py'
[3.205s] INFO:colcon.colcon_core.shell:Creating prefix chain script '/home/daniel-choate/paml_ros2/install/setup.ps1'
[3.207s] INFO:colcon.colcon_core.shell:Creating prefix script '/home/daniel-choate/paml_ros2/install/local_setup.sh'
[3.207s] INFO:colcon.colcon_core.shell:Creating prefix util module '/home/daniel-choate/paml_ros2/install/_local_setup_util_sh.py'
[3.208s] INFO:colcon.colcon_core.shell:Creating prefix chain script '/home/daniel-choate/paml_ros2/install/setup.sh'
[3.209s] INFO:colcon.colcon_core.shell:Creating prefix script '/home/daniel-choate/paml_ros2/install/local_setup.bash'
[3.209s] INFO:colcon.colcon_core.shell:Creating prefix chain script '/home/daniel-choate/paml_ros2/install/setup.bash'
[3.210s] INFO:colcon.colcon_core.shell:Creating prefix script '/home/daniel-choate/paml_ros2/install/local_setup.zsh'
[3.211s] INFO:colcon.colcon_core.shell:Creating prefix chain script '/home/daniel-choate/paml_ros2/install/setup.zsh'
