[2.194s] Invoking command in '/home/daniel-choate/paml_ros2/build/ur3_custom_description': CMAKE_PREFIX_PATH=${CMAKE_PREFIX_PATH}:/home/daniel-choate/paml_ros2/install/ur3_movement:/home/daniel-choate/paml_ros2/install/turtle_nav:/home/daniel-choate/paml_ros2/install/rgbd_capture:/home/daniel-choate/paml_ros2/install/mapping_planner:/home/daniel-choate/paml_ros2/install/mapping_executor:/home/daniel-choate/paml_ros2/install/mapping_bringup:/home/daniel-choate/paml_ros2/install/map_builder:/home/daniel-choate/paml_ros2/install/localization_bringup:/opt/ros/kilted DEBUGINFOD_URLS=https://debuginfod.ubuntu.com /usr/bin/cmake --build /home/daniel-choate/paml_ros2/build/ur3_custom_description -- -j20 -l20
[2.796s] Invoked command in '/home/daniel-choate/paml_ros2/build/ur3_custom_description' returned '0': CMAKE_PREFIX_PATH=${CMAKE_PREFIX_PATH}:/home/daniel-choate/paml_ros2/install/ur3_movement:/home/daniel-choate/paml_ros2/install/turtle_nav:/home/daniel-choate/paml_ros2/install/rgbd_capture:/home/daniel-choate/paml_ros2/install/mapping_planner:/home/daniel-choate/paml_ros2/install/mapping_executor:/home/daniel-choate/paml_ros2/install/mapping_bringup:/home/daniel-choate/paml_ros2/install/map_builder:/home/daniel-choate/paml_ros2/install/localization_bringup:/opt/ros/kilted DEBUGINFOD_URLS=https://debuginfod.ubuntu.com /usr/bin/cmake --build /home/daniel-choate/paml_ros2/build/ur3_custom_description -- -j20 -l20
[2.798s] Invoking command in '/home/daniel-choate/paml_ros2/build/ur3_custom_description': CMAKE_PREFIX_PATH=${CMAKE_PREFIX_PATH}:/home/daniel-choate/paml_ros2/install/ur3_movement:/home/daniel-choate/paml_ros2/install/turtle_nav:/home/daniel-choate/paml_ros2/install/rgbd_capture:/home/daniel-choate/paml_ros2/install/mapping_planner:/home/daniel-choate/paml_ros2/install/mapping_executor:/home/daniel-choate/paml_ros2/install/mapping_bringup:/home/daniel-choate/paml_ros2/install/map_builder:/home/daniel-choate/paml_ros2/install/localization_bringup:/opt/ros/kilted DEBUGINFOD_URLS=https://debuginfod.ubuntu.com /usr/bin/cmake --install /home/daniel-choate/paml_ros2/build/ur3_custom_description
[2.801s] -- Install configuration: ""
[2.801s] -- Up-to-date: /home/daniel-choate/paml_ros2/install/ur3_custom_description/share/ur3_custom_description/urdf
[2.802s] -- Up-to-date: /home/daniel-choate/paml_ros2/install/ur3_custom_description/share/ur3_custom_description/urdf/ur3e_with_camera.xacro
[2.802s] -- Up-to-date: /home/daniel-choate/paml_ros2/install/ur3_custom_description/share/ament_index/resource_index/package_run_dependencies/ur3_custom_description
[2.802s] -- Up-to-date: /home/daniel-choate/paml_ros2/install/ur3_custom_description/share/ament_index/resource_index/parent_prefix_path/ur3_custom_description
[2.802s] -- Up-to-date: /home/daniel-choate/paml_ros2/install/ur3_custom_description/share/ur3_custom_description/environment/ament_prefix_path.sh
[2.803s] -- Up-to-date: /home/daniel-choate/paml_ros2/install/ur3_custom_description/share/ur3_custom_description/environment/ament_prefix_path.dsv
[2.803s] -- Up-to-date: /home/daniel-choate/paml_ros2/install/ur3_custom_description/share/ur3_custom_description/environment/path.sh
[2.803s] -- Up-to-date: /home/daniel-choate/paml_ros2/install/ur3_custom_description/share/ur3_custom_description/environment/path.dsv
[2.804s] -- Up-to-date: /home/daniel-choate/paml_ros2/install/ur3_custom_description/share/ur3_custom_description/local_setup.bash
[2.804s] -- Up-to-date: /home/daniel-choate/paml_ros2/install/ur3_custom_description/share/ur3_custom_description/local_setup.sh
[2.804s] -- Up-to-date: /home/daniel-choate/paml_ros2/install/ur3_custom_description/share/ur3_custom_description/local_setup.zsh
[2.804s] -- Up-to-date: /home/daniel-choate/paml_ros2/install/ur3_custom_description/share/ur3_custom_description/local_setup.dsv
[2.804s] -- Installing: /home/daniel-choate/paml_ros2/install/ur3_custom_description/share/ur3_custom_description/package.dsv
[2.805s] -- Up-to-date: /home/daniel-choate/paml_ros2/install/ur3_custom_description/share/ament_index/resource_index/packages/ur3_custom_description
[2.805s] -- Up-to-date: /home/daniel-choate/paml_ros2/install/ur3_custom_description/share/ur3_custom_description/cmake/ur3_custom_descriptionConfig.cmake
[2.807s] -- Up-to-date: /home/daniel-choate/paml_ros2/install/ur3_custom_description/share/ur3_custom_description/cmake/ur3_custom_descriptionConfig-version.cmake
[2.807s] -- Up-to-date: /home/daniel-choate/paml_ros2/install/ur3_custom_description/share/ur3_custom_description/package.xml
[2.818s] Invoked command in '/home/daniel-choate/paml_ros2/build/ur3_custom_description' returned '0': CMAKE_PREFIX_PATH=${CMAKE_PREFIX_PATH}:/home/daniel-choate/paml_ros2/install/ur3_movement:/home/daniel-choate/paml_ros2/install/turtle_nav:/home/daniel-choate/paml_ros2/install/rgbd_capture:/home/daniel-choate/paml_ros2/install/mapping_planner:/home/daniel-choate/paml_ros2/install/mapping_executor:/home/daniel-choate/paml_ros2/install/mapping_bringup:/home/daniel-choate/paml_ros2/install/map_builder:/home/daniel-choate/paml_ros2/install/localization_bringup:/opt/ros/kilted DEBUGINFOD_URLS=https://debuginfod.ubuntu.com /usr/bin/cmake --install /home/daniel-choate/paml_ros2/build/ur3_custom_description
