[0.691s] Invoking command in '/home/daniel-choate/paml_ros2/src/mapping_planner': DEBUGINFOD_URLS=https://debuginfod.ubuntu.com LD_LIBRARY_PATH=/home/daniel-choate/paml_ros2/install/mapping_interfaces/lib:/opt/ros/kilted/opt/gz_sim_vendor/lib:/opt/ros/kilted/opt/gz_sensors_vendor/lib:/opt/ros/kilted/opt/gz_physics_vendor/lib:/opt/ros/kilted/opt/sdformat_vendor/lib:/opt/ros/kilted/opt/gz_gui_vendor/lib:/opt/ros/kilted/opt/gz_transport_vendor/lib:/opt/ros/kilted/opt/gz_rendering_vendor/lib:/opt/ros/kilted/opt/gz_plugin_vendor/lib:/opt/ros/kilted/opt/gz_fuel_tools_vendor/lib:/opt/ros/kilted/opt/gz_msgs_vendor/lib:/opt/ros/kilted/opt/gz_common_vendor/lib:/opt/ros/kilted/opt/gz_math_vendor/lib:/opt/ros/kilted/opt/gz_utils_vendor/lib:/opt/ros/kilted/opt/rviz_ogre_vendor/lib:/opt/ros/kilted/lib/x86_64-linux-gnu:/opt/ros/kilted/opt/gz_tools_vendor/lib:/opt/ros/kilted/opt/gz_ogre_next_vendor/lib:/opt/ros/kilted/opt/gz_dartsim_vendor/lib:/opt/ros/kilted/opt/gz_cmake_vendor/lib:/opt/ros/kilted/lib:/usr/local/lib PYTHONPATH=/home/daniel-choate/paml_ros2/build/mapping_planner/prefix_override:/usr/lib/python3/dist-packages/colcon_core/task/python/colcon_distutils_commands:/home/daniel-choate/paml_ros2/install/mapping_planner/lib/python3.12/site-packages:${PYTHONPATH} /usr/bin/python3 -W ignore:setup.py install is deprecated -W ignore:easy_install command is deprecated setup.py egg_info --egg-base ../../build/mapping_planner build --build-base /home/daniel-choate/paml_ros2/build/mapping_planner/build install --record /home/daniel-choate/paml_ros2/build/mapping_planner/install.log --single-version-externally-managed install_data
[0.905s] running egg_info
[0.905s] creating ../../build/mapping_planner/mapping_planner.egg-info
[0.922s] writing ../../build/mapping_planner/mapping_planner.egg-info/PKG-INFO
[0.922s] writing dependency_links to ../../build/mapping_planner/mapping_planner.egg-info/dependency_links.txt
[0.922s] writing requirements to ../../build/mapping_planner/mapping_planner.egg-info/requires.txt
[0.922s] writing top-level names to ../../build/mapping_planner/mapping_planner.egg-info/top_level.txt
[0.923s] writing manifest file '../../build/mapping_planner/mapping_planner.egg-info/SOURCES.txt'
[0.957s] reading manifest file '../../build/mapping_planner/mapping_planner.egg-info/SOURCES.txt'
[0.957s] adding license file 'LICENSE'
[0.957s] writing manifest file '../../build/mapping_planner/mapping_planner.egg-info/SOURCES.txt'
[0.957s] running build
[0.957s] running build_py
[0.957s] creating /home/daniel-choate/paml_ros2/build/mapping_planner/build
[0.957s] creating /home/daniel-choate/paml_ros2/build/mapping_planner/build/lib
[0.957s] creating /home/daniel-choate/paml_ros2/build/mapping_planner/build/lib/mapping_planner
[0.958s] copying mapping_planner/planner_node.py -> /home/daniel-choate/paml_ros2/build/mapping_planner/build/lib/mapping_planner
[0.958s] copying mapping_planner/__init__.py -> /home/daniel-choate/paml_ros2/build/mapping_planner/build/lib/mapping_planner
[0.958s] copying mapping_planner/py.typed -> /home/daniel-choate/paml_ros2/build/mapping_planner/build/lib/mapping_planner
[0.958s] running install
[0.962s] running install_lib
[0.980s] creating /home/daniel-choate/paml_ros2/install/mapping_planner/lib/python3.12/site-packages/mapping_planner
[0.980s] copying /home/daniel-choate/paml_ros2/build/mapping_planner/build/lib/mapping_planner/planner_node.py -> /home/daniel-choate/paml_ros2/install/mapping_planner/lib/python3.12/site-packages/mapping_planner
[0.980s] copying /home/daniel-choate/paml_ros2/build/mapping_planner/build/lib/mapping_planner/__init__.py -> /home/daniel-choate/paml_ros2/install/mapping_planner/lib/python3.12/site-packages/mapping_planner
[0.980s] copying /home/daniel-choate/paml_ros2/build/mapping_planner/build/lib/mapping_planner/py.typed -> /home/daniel-choate/paml_ros2/install/mapping_planner/lib/python3.12/site-packages/mapping_planner
[0.980s] byte-compiling /home/daniel-choate/paml_ros2/install/mapping_planner/lib/python3.12/site-packages/mapping_planner/planner_node.py to planner_node.cpython-312.pyc
[0.981s]   File "/home/daniel-choate/paml_ros2/install/mapping_planner/lib/python3.12/site-packages/mapping_planner/planner_node.py", line 92
[0.981s]     		with rclpy.init(args=args)
[0.981s]     		                          ^
[0.981s] SyntaxError: expected ':'
[0.981s] 
[0.981s] byte-compiling /home/daniel-choate/paml_ros2/install/mapping_planner/lib/python3.12/site-packages/mapping_planner/__init__.py to __init__.cpython-312.pyc
[0.981s] running install_data
[0.981s] creating /home/daniel-choate/paml_ros2/install/mapping_planner/share/ament_index
[0.981s] creating /home/daniel-choate/paml_ros2/install/mapping_planner/share/ament_index/resource_index
[0.981s] creating /home/daniel-choate/paml_ros2/install/mapping_planner/share/ament_index/resource_index/packages
[0.981s] copying resource/mapping_planner -> /home/daniel-choate/paml_ros2/install/mapping_planner/share/ament_index/resource_index/packages
[0.981s] copying package.xml -> /home/daniel-choate/paml_ros2/install/mapping_planner/share/mapping_planner
[0.981s] running install_egg_info
[0.999s] Copying ../../build/mapping_planner/mapping_planner.egg-info to /home/daniel-choate/paml_ros2/install/mapping_planner/lib/python3.12/site-packages/mapping_planner-0.0.0-py3.12.egg-info
[1.000s] running install_scripts
[1.108s] writing list of installed files to '/home/daniel-choate/paml_ros2/build/mapping_planner/install.log'
[1.126s] Invoked command in '/home/daniel-choate/paml_ros2/src/mapping_planner' returned '0': DEBUGINFOD_URLS=https://debuginfod.ubuntu.com LD_LIBRARY_PATH=/home/daniel-choate/paml_ros2/install/mapping_interfaces/lib:/opt/ros/kilted/opt/gz_sim_vendor/lib:/opt/ros/kilted/opt/gz_sensors_vendor/lib:/opt/ros/kilted/opt/gz_physics_vendor/lib:/opt/ros/kilted/opt/sdformat_vendor/lib:/opt/ros/kilted/opt/gz_gui_vendor/lib:/opt/ros/kilted/opt/gz_transport_vendor/lib:/opt/ros/kilted/opt/gz_rendering_vendor/lib:/opt/ros/kilted/opt/gz_plugin_vendor/lib:/opt/ros/kilted/opt/gz_fuel_tools_vendor/lib:/opt/ros/kilted/opt/gz_msgs_vendor/lib:/opt/ros/kilted/opt/gz_common_vendor/lib:/opt/ros/kilted/opt/gz_math_vendor/lib:/opt/ros/kilted/opt/gz_utils_vendor/lib:/opt/ros/kilted/opt/rviz_ogre_vendor/lib:/opt/ros/kilted/lib/x86_64-linux-gnu:/opt/ros/kilted/opt/gz_tools_vendor/lib:/opt/ros/kilted/opt/gz_ogre_next_vendor/lib:/opt/ros/kilted/opt/gz_dartsim_vendor/lib:/opt/ros/kilted/opt/gz_cmake_vendor/lib:/opt/ros/kilted/lib:/usr/local/lib PYTHONPATH=/home/daniel-choate/paml_ros2/build/mapping_planner/prefix_override:/usr/lib/python3/dist-packages/colcon_core/task/python/colcon_distutils_commands:/home/daniel-choate/paml_ros2/install/mapping_planner/lib/python3.12/site-packages:${PYTHONPATH} /usr/bin/python3 -W ignore:setup.py install is deprecated -W ignore:easy_install command is deprecated setup.py egg_info --egg-base ../../build/mapping_planner build --build-base /home/daniel-choate/paml_ros2/build/mapping_planner/build install --record /home/daniel-choate/paml_ros2/build/mapping_planner/install.log --single-version-externally-managed install_data
