[2.451s] Invoking command in '/home/daniel-choate/paml_ros2/src/ur3_movement': DEBUGINFOD_URLS=https://debuginfod.ubuntu.com PYTHONPATH=/home/daniel-choate/paml_ros2/build/ur3_movement/prefix_override:/usr/lib/python3/dist-packages/colcon_core/task/python/colcon_distutils_commands:/home/daniel-choate/paml_ros2/install/ur3_movement/lib/python3.12/site-packages:${PYTHONPATH} /usr/bin/python3 -W ignore:setup.py install is deprecated -W ignore:easy_install command is deprecated setup.py egg_info --egg-base ../../build/ur3_movement build --build-base /home/daniel-choate/paml_ros2/build/ur3_movement/build install --record /home/daniel-choate/paml_ros2/build/ur3_movement/install.log --single-version-externally-managed install_data
[2.973s] running egg_info
[3.005s] writing ../../build/ur3_movement/ur3_movement.egg-info/PKG-INFO
[3.005s] writing dependency_links to ../../build/ur3_movement/ur3_movement.egg-info/dependency_links.txt
[3.005s] writing entry points to ../../build/ur3_movement/ur3_movement.egg-info/entry_points.txt
[3.006s] writing requirements to ../../build/ur3_movement/ur3_movement.egg-info/requires.txt
[3.006s] writing top-level names to ../../build/ur3_movement/ur3_movement.egg-info/top_level.txt
[3.083s] reading manifest file '../../build/ur3_movement/ur3_movement.egg-info/SOURCES.txt'
[3.083s] adding license file 'LICENSE'
[3.084s] writing manifest file '../../build/ur3_movement/ur3_movement.egg-info/SOURCES.txt'
[3.084s] running build
[3.084s] running build_py
[3.085s] running install
[3.092s] running install_lib
[3.142s] running install_data
[3.142s] running install_egg_info
[3.177s] removing '/home/daniel-choate/paml_ros2/install/ur3_movement/lib/python3.12/site-packages/ur3_movement-0.0.0-py3.12.egg-info' (and everything under it)
[3.177s] Copying ../../build/ur3_movement/ur3_movement.egg-info to /home/daniel-choate/paml_ros2/install/ur3_movement/lib/python3.12/site-packages/ur3_movement-0.0.0-py3.12.egg-info
[3.178s] running install_scripts
[3.410s] Installing ur3_move_eff script to /home/daniel-choate/paml_ros2/install/ur3_movement/lib/ur3_movement
[3.410s] Installing ur3_movement_demo script to /home/daniel-choate/paml_ros2/install/ur3_movement/lib/ur3_movement
[3.411s] writing list of installed files to '/home/daniel-choate/paml_ros2/build/ur3_movement/install.log'
[3.451s] Invoked command in '/home/daniel-choate/paml_ros2/src/ur3_movement' returned '0': DEBUGINFOD_URLS=https://debuginfod.ubuntu.com PYTHONPATH=/home/daniel-choate/paml_ros2/build/ur3_movement/prefix_override:/usr/lib/python3/dist-packages/colcon_core/task/python/colcon_distutils_commands:/home/daniel-choate/paml_ros2/install/ur3_movement/lib/python3.12/site-packages:${PYTHONPATH} /usr/bin/python3 -W ignore:setup.py install is deprecated -W ignore:easy_install command is deprecated setup.py egg_info --egg-base ../../build/ur3_movement build --build-base /home/daniel-choate/paml_ros2/build/ur3_movement/build install --record /home/daniel-choate/paml_ros2/build/ur3_movement/install.log --single-version-externally-managed install_data
