[1.597s] Invoking command in '/home/daniel-choate/paml_ros2/src/ur3_movement': DEBUGINFOD_URLS=https://debuginfod.ubuntu.com PYTHONPATH=/home/daniel-choate/paml_ros2/build/ur3_movement/prefix_override:/usr/lib/python3/dist-packages/colcon_core/task/python/colcon_distutils_commands:/home/daniel-choate/paml_ros2/install/ur3_movement/lib/python3.12/site-packages:${PYTHONPATH} /usr/bin/python3 -W ignore:setup.py install is deprecated -W ignore:easy_install command is deprecated setup.py egg_info --egg-base ../../build/ur3_movement build --build-base /home/daniel-choate/paml_ros2/build/ur3_movement/build install --record /home/daniel-choate/paml_ros2/build/ur3_movement/install.log --single-version-externally-managed install_data
[1.967s] running egg_info
[1.990s] writing ../../build/ur3_movement/ur3_movement.egg-info/PKG-INFO
[1.991s] writing dependency_links to ../../build/ur3_movement/ur3_movement.egg-info/dependency_links.txt
[1.991s] writing entry points to ../../build/ur3_movement/ur3_movement.egg-info/entry_points.txt
[1.991s] writing requirements to ../../build/ur3_movement/ur3_movement.egg-info/requires.txt
[1.991s] writing top-level names to ../../build/ur3_movement/ur3_movement.egg-info/top_level.txt
[2.045s] reading manifest file '../../build/ur3_movement/ur3_movement.egg-info/SOURCES.txt'
[2.045s] adding license file 'LICENSE'
[2.046s] writing manifest file '../../build/ur3_movement/ur3_movement.egg-info/SOURCES.txt'
[2.046s] running build
[2.046s] running build_py
[2.046s] running install
[2.053s] running install_lib
[2.088s] running install_data
[2.088s] running install_egg_info
[2.116s] removing '/home/daniel-choate/paml_ros2/install/ur3_movement/lib/python3.12/site-packages/ur3_movement-0.0.0-py3.12.egg-info' (and everything under it)
[2.116s] Copying ../../build/ur3_movement/ur3_movement.egg-info to /home/daniel-choate/paml_ros2/install/ur3_movement/lib/python3.12/site-packages/ur3_movement-0.0.0-py3.12.egg-info
[2.117s] running install_scripts
[2.273s] Installing ur3_move_eff script to /home/daniel-choate/paml_ros2/install/ur3_movement/lib/ur3_movement
[2.274s] Installing ur3_movement_demo script to /home/daniel-choate/paml_ros2/install/ur3_movement/lib/ur3_movement
[2.274s] writing list of installed files to '/home/daniel-choate/paml_ros2/build/ur3_movement/install.log'
