[0.130s] Invoking command in '/home/daniel-choate/paml_ros2/build/mapping_interfaces': CMAKE_PREFIX_PATH=${CMAKE_PREFIX_PATH}:/home/daniel-choate/paml_ros2/install/ur3_movement:/home/daniel-choate/paml_ros2/install/rgbd_capture:/home/daniel-choate/paml_ros2/install/mapping_planner:/home/daniel-choate/paml_ros2/install/mapping_executor:/home/daniel-choate/paml_ros2/install/mapping_bringup:/home/daniel-choate/paml_ros2/install/map_builder:/home/daniel-choate/paml_ros2/install/localization_bringup:/opt/ros/kilted DEBUGINFOD_URLS=https://debuginfod.ubuntu.com /usr/bin/cmake --build /home/daniel-choate/paml_ros2/build/mapping_interfaces -- -j20 -l20
[2.242s] [  1%] Built target mapping_interfaces__rs
[2.244s] [  2%] Built target mapping_interfaces__rosidl_generator_type_description
[2.244s] [  2%] Built target ament_cmake_python_copy_mapping_interfaces
[2.245s] [  4%] Built target mapping_interfaces__cpp
[2.245s] [ 26%] Built target mapping_interfaces__rosidl_generator_c
[2.245s] [ 36%] Built target mapping_interfaces__rosidl_typesupport_cpp
[2.245s] [ 45%] Built target mapping_interfaces__rosidl_typesupport_c
[2.246s] [ 56%] Built target mapping_interfaces__rosidl_typesupport_introspection_cpp
[2.246s] [ 64%] Built target mapping_interfaces__rosidl_typesupport_fastrtps_c
[2.246s] [ 73%] Built target mapping_interfaces__rosidl_typesupport_introspection_c
[2.246s] [ 82%] Built target mapping_interfaces__rosidl_typesupport_fastrtps_cpp
[2.246s] [ 82%] Built target mapping_interfaces
[2.246s] [ 84%] Built target mapping_interfaces__py
[2.246s] [ 92%] Built target mapping_interfaces__rosidl_generator_py
[2.246s] [ 94%] Built target mapping_interfaces_s__rosidl_typesupport_introspection_c
[2.247s] [ 97%] Built target mapping_interfaces_s__rosidl_typesupport_fastrtps_c
[2.247s] [100%] Built target mapping_interfaces_s__rosidl_typesupport_c
[2.247s] running egg_info
[2.247s] writing mapping_interfaces.egg-info/PKG-INFO
[2.248s] writing dependency_links to mapping_interfaces.egg-info/dependency_links.txt
[2.248s] writing top-level names to mapping_interfaces.egg-info/top_level.txt
[2.248s] reading manifest file 'mapping_interfaces.egg-info/SOURCES.txt'
[2.248s] writing manifest file 'mapping_interfaces.egg-info/SOURCES.txt'
[2.248s] [100%] Built target ament_cmake_python_build_mapping_interfaces_egg
[2.251s] Invoked command in '/home/daniel-choate/paml_ros2/build/mapping_interfaces' returned '0': CMAKE_PREFIX_PATH=${CMAKE_PREFIX_PATH}:/home/daniel-choate/paml_ros2/install/ur3_movement:/home/daniel-choate/paml_ros2/install/rgbd_capture:/home/daniel-choate/paml_ros2/install/mapping_planner:/home/daniel-choate/paml_ros2/install/mapping_executor:/home/daniel-choate/paml_ros2/install/mapping_bringup:/home/daniel-choate/paml_ros2/install/map_builder:/home/daniel-choate/paml_ros2/install/localization_bringup:/opt/ros/kilted DEBUGINFOD_URLS=https://debuginfod.ubuntu.com /usr/bin/cmake --build /home/daniel-choate/paml_ros2/build/mapping_interfaces -- -j20 -l20
[2.274s] Invoking command in '/home/daniel-choate/paml_ros2/build/mapping_interfaces': CMAKE_PREFIX_PATH=${CMAKE_PREFIX_PATH}:/home/daniel-choate/paml_ros2/install/ur3_movement:/home/daniel-choate/paml_ros2/install/rgbd_capture:/home/daniel-choate/paml_ros2/install/mapping_planner:/home/daniel-choate/paml_ros2/install/mapping_executor:/home/daniel-choate/paml_ros2/install/mapping_bringup:/home/daniel-choate/paml_ros2/install/map_builder:/home/daniel-choate/paml_ros2/install/localization_bringup:/opt/ros/kilted DEBUGINFOD_URLS=https://debuginfod.ubuntu.com /usr/bin/cmake --install /home/daniel-choate/paml_ros2/build/mapping_interfaces
[2.677s] -- Install configuration: ""
[2.677s] -- Up-to-date: /home/daniel-choate/paml_ros2/install/mapping_interfaces/share/ament_index/resource_index/rosidl_interfaces/mapping_interfaces
[2.677s] -- Up-to-date: /home/daniel-choate/paml_ros2/install/mapping_interfaces/share/mapping_interfaces/srv/GenerateMappingPlan.json
[2.677s] -- Up-to-date: /home/daniel-choate/paml_ros2/install/mapping_interfaces/share/mapping_interfaces/srv/ExecuteMappingPlan.json
[2.678s] -- Up-to-date: /home/daniel-choate/paml_ros2/install/mapping_interfaces/share/mapping_interfaces/srv/CaptureFrame.json
[2.678s] -- Up-to-date: /home/daniel-choate/paml_ros2/install/mapping_interfaces/share/mapping_interfaces/srv/IntegrateFrame.json
[2.678s] -- Up-to-date: /home/daniel-choate/paml_ros2/install/mapping_interfaces/share/mapping_interfaces/srv/ResetMap.json
[2.678s] -- Up-to-date: /home/daniel-choate/paml_ros2/install/mapping_interfaces/include/mapping_interfaces/mapping_interfaces
[2.678s] -- Up-to-date: /home/daniel-choate/paml_ros2/install/mapping_interfaces/include/mapping_interfaces/mapping_interfaces/msg
[2.678s] -- Up-to-date: /home/daniel-choate/paml_ros2/install/mapping_interfaces/include/mapping_interfaces/mapping_interfaces/msg/rosidl_generator_c__visibility_control.h
[2.680s] -- Up-to-date: /home/daniel-choate/paml_ros2/install/mapping_interfaces/include/mapping_interfaces/mapping_interfaces/srv
[2.680s] -- Up-to-date: /home/daniel-choate/paml_ros2/install/mapping_interfaces/include/mapping_interfaces/mapping_interfaces/srv/integrate_frame.h
[2.680s] -- Up-to-date: /home/daniel-choate/paml_ros2/install/mapping_interfaces/include/mapping_interfaces/mapping_interfaces/srv/execute_mapping_plan.h
[2.680s] -- Up-to-date: /home/daniel-choate/paml_ros2/install/mapping_interfaces/include/mapping_interfaces/mapping_interfaces/srv/reset_map.h
[2.680s] -- Up-to-date: /home/daniel-choate/paml_ros2/install/mapping_interfaces/include/mapping_interfaces/mapping_interfaces/srv/detail
[2.680s] -- Installing: /home/daniel-choate/paml_ros2/install/mapping_interfaces/include/mapping_interfaces/mapping_interfaces/srv/detail/capture_frame__type_support.c
[2.680s] -- Up-to-date: /home/daniel-choate/paml_ros2/install/mapping_interfaces/include/mapping_interfaces/mapping_interfaces/srv/detail/integrate_frame__functions.h
[2.680s] -- Up-to-date: /home/daniel-choate/paml_ros2/install/mapping_interfaces/include/mapping_interfaces/mapping_interfaces/srv/detail/reset_map__functions.h
[2.681s] -- Up-to-date: /home/daniel-choate/paml_ros2/install/mapping_interfaces/include/mapping_interfaces/mapping_interfaces/srv/detail/integrate_frame__type_support.h
[2.681s] -- Up-to-date: /home/daniel-choate/paml_ros2/install/mapping_interfaces/include/mapping_interfaces/mapping_interfaces/srv/detail/execute_mapping_plan__functions.c
[2.681s] -- Up-to-date: /home/daniel-choate/paml_ros2/install/mapping_interfaces/include/mapping_interfaces/mapping_interfaces/srv/detail/generate_mapping_plan__description.c
[2.681s] -- Up-to-date: /home/daniel-choate/paml_ros2/install/mapping_interfaces/include/mapping_interfaces/mapping_interfaces/srv/detail/capture_frame__type_support.h
[2.681s] -- Up-to-date: /home/daniel-choate/paml_ros2/install/mapping_interfaces/include/mapping_interfaces/mapping_interfaces/srv/detail/execute_mapping_plan__struct.h
[2.681s] -- Up-to-date: /home/daniel-choate/paml_ros2/install/mapping_interfaces/include/mapping_interfaces/mapping_interfaces/srv/detail/capture_frame__functions.c
[2.681s] -- Up-to-date: /home/daniel-choate/paml_ros2/install/mapping_interfaces/include/mapping_interfaces/mapping_interfaces/srv/detail/generate_mapping_plan__functions.h
[2.681s] -- Up-to-date: /home/daniel-choate/paml_ros2/install/mapping_interfaces/include/mapping_interfaces/mapping_interfaces/srv/detail/reset_map__type_support.h
[2.681s] -- Up-to-date: /home/daniel-choate/paml_ros2/install/mapping_interfaces/include/mapping_interfaces/mapping_interfaces/srv/detail/execute_mapping_plan__description.c
[2.681s] -- Up-to-date: /home/daniel-choate/paml_ros2/install/mapping_interfaces/include/mapping_interfaces/mapping_interfaces/srv/detail/generate_mapping_plan__struct.h
[2.681s] -- Up-to-date: /home/daniel-choate/paml_ros2/install/mapping_interfaces/include/mapping_interfaces/mapping_interfaces/srv/detail/generate_mapping_plan__functions.c
[2.682s] -- Up-to-date: /home/daniel-choate/paml_ros2/install/mapping_interfaces/include/mapping_interfaces/mapping_interfaces/srv/detail/reset_map__description.c
[2.682s] -- Up-to-date: /home/daniel-choate/paml_ros2/install/mapping_interfaces/include/mapping_interfaces/mapping_interfaces/srv/detail/integrate_frame__struct.h
[2.682s] -- Installing: /home/daniel-choate/paml_ros2/install/mapping_interfaces/include/mapping_interfaces/mapping_interfaces/srv/detail/reset_map__type_support.c
[2.682s] -- Up-to-date: /home/daniel-choate/paml_ros2/install/mapping_interfaces/include/mapping_interfaces/mapping_interfaces/srv/detail/integrate_frame__description.c
[2.682s] -- Up-to-date: /home/daniel-choate/paml_ros2/install/mapping_interfaces/include/mapping_interfaces/mapping_interfaces/srv/detail/capture_frame__functions.h
[2.682s] -- Up-to-date: /home/daniel-choate/paml_ros2/install/mapping_interfaces/include/mapping_interfaces/mapping_interfaces/srv/detail/capture_frame__struct.h
[2.682s] -- Up-to-date: /home/daniel-choate/paml_ros2/install/mapping_interfaces/include/mapping_interfaces/mapping_interfaces/srv/detail/execute_mapping_plan__functions.h
[2.682s] -- Up-to-date: /home/daniel-choate/paml_ros2/install/mapping_interfaces/include/mapping_interfaces/mapping_interfaces/srv/detail/execute_mapping_plan__type_support.h
[2.682s] -- Up-to-date: /home/daniel-choate/paml_ros2/install/mapping_interfaces/include/mapping_interfaces/mapping_interfaces/srv/detail/reset_map__functions.c
[2.682s] -- Up-to-date: /home/daniel-choate/paml_ros2/install/mapping_interfaces/include/mapping_interfaces/mapping_interfaces/srv/detail/capture_frame__description.c
[2.682s] -- Installing: /home/daniel-choate/paml_ros2/install/mapping_interfaces/include/mapping_interfaces/mapping_interfaces/srv/detail/generate_mapping_plan__type_support.c
[2.683s] -- Up-to-date: /home/daniel-choate/paml_ros2/install/mapping_interfaces/include/mapping_interfaces/mapping_interfaces/srv/detail/generate_mapping_plan__type_support.h
[2.683s] -- Installing: /home/daniel-choate/paml_ros2/install/mapping_interfaces/include/mapping_interfaces/mapping_interfaces/srv/detail/execute_mapping_plan__type_support.c
[2.683s] -- Up-to-date: /home/daniel-choate/paml_ros2/install/mapping_interfaces/include/mapping_interfaces/mapping_interfaces/srv/detail/reset_map__struct.h
[2.683s] -- Up-to-date: /home/daniel-choate/paml_ros2/install/mapping_interfaces/include/mapping_interfaces/mapping_interfaces/srv/detail/integrate_frame__functions.c
[2.683s] -- Installing: /home/daniel-choate/paml_ros2/install/mapping_interfaces/include/mapping_interfaces/mapping_interfaces/srv/detail/integrate_frame__type_support.c
[2.684s] -- Up-to-date: /home/daniel-choate/paml_ros2/install/mapping_interfaces/include/mapping_interfaces/mapping_interfaces/srv/capture_frame.h
[2.684s] -- Up-to-date: /home/daniel-choate/paml_ros2/install/mapping_interfaces/include/mapping_interfaces/mapping_interfaces/srv/generate_mapping_plan.h
[2.684s] -- Up-to-date: /home/daniel-choate/paml_ros2/install/mapping_interfaces/share/mapping_interfaces/environment/library_path.sh
[2.684s] -- Up-to-date: /home/daniel-choate/paml_ros2/install/mapping_interfaces/share/mapping_interfaces/environment/library_path.dsv
[2.684s] -- Up-to-date: /home/daniel-choate/paml_ros2/install/mapping_interfaces/lib/libmapping_interfaces__rosidl_generator_c.so
[2.684s] -- Up-to-date: /home/daniel-choate/paml_ros2/install/mapping_interfaces/include/mapping_interfaces/mapping_interfaces
[2.684s] -- Up-to-date: /home/daniel-choate/paml_ros2/install/mapping_interfaces/include/mapping_interfaces/mapping_interfaces/msg
[2.685s] -- Up-to-date: /home/daniel-choate/paml_ros2/install/mapping_interfaces/include/mapping_interfaces/mapping_interfaces/msg/rosidl_typesupport_fastrtps_c__visibility_control.h
[2.685s] -- Up-to-date: /home/daniel-choate/paml_ros2/install/mapping_interfaces/include/mapping_interfaces/mapping_interfaces/srv
[2.685s] -- Up-to-date: /home/daniel-choate/paml_ros2/install/mapping_interfaces/include/mapping_interfaces/mapping_interfaces/srv/detail
[2.685s] -- Up-to-date: /home/daniel-choate/paml_ros2/install/mapping_interfaces/include/mapping_interfaces/mapping_interfaces/srv/detail/generate_mapping_plan__rosidl_typesupport_fastrtps_c.h
[2.685s] -- Up-to-date: /home/daniel-choate/paml_ros2/install/mapping_interfaces/include/mapping_interfaces/mapping_interfaces/srv/detail/execute_mapping_plan__rosidl_typesupport_fastrtps_c.h
[2.685s] -- Up-to-date: /home/daniel-choate/paml_ros2/install/mapping_interfaces/include/mapping_interfaces/mapping_interfaces/srv/detail/capture_frame__rosidl_typesupport_fastrtps_c.h
[2.685s] -- Up-to-date: /home/daniel-choate/paml_ros2/install/mapping_interfaces/include/mapping_interfaces/mapping_interfaces/srv/detail/integrate_frame__rosidl_typesupport_fastrtps_c.h
[2.686s] -- Up-to-date: /home/daniel-choate/paml_ros2/install/mapping_interfaces/include/mapping_interfaces/mapping_interfaces/srv/detail/reset_map__rosidl_typesupport_fastrtps_c.h
[2.686s] -- Up-to-date: /home/daniel-choate/paml_ros2/install/mapping_interfaces/lib/libmapping_interfaces__rosidl_typesupport_fastrtps_c.so
[2.686s] -- Up-to-date: /home/daniel-choate/paml_ros2/install/mapping_interfaces/include/mapping_interfaces/mapping_interfaces
[2.686s] -- Up-to-date: /home/daniel-choate/paml_ros2/install/mapping_interfaces/include/mapping_interfaces/mapping_interfaces/msg
[2.686s] -- Up-to-date: /home/daniel-choate/paml_ros2/install/mapping_interfaces/include/mapping_interfaces/mapping_interfaces/msg/rosidl_generator_cpp__visibility_control.hpp
[2.686s] -- Up-to-date: /home/daniel-choate/paml_ros2/install/mapping_interfaces/include/mapping_interfaces/mapping_interfaces/srv
[2.686s] -- Up-to-date: /home/daniel-choate/paml_ros2/install/mapping_interfaces/include/mapping_interfaces/mapping_interfaces/srv/generate_mapping_plan.hpp
[2.686s] -- Up-to-date: /home/daniel-choate/paml_ros2/install/mapping_interfaces/include/mapping_interfaces/mapping_interfaces/srv/detail
[2.686s] -- Up-to-date: /home/daniel-choate/paml_ros2/install/mapping_interfaces/include/mapping_interfaces/mapping_interfaces/srv/detail/reset_map__type_support.hpp
[2.686s] -- Up-to-date: /home/daniel-choate/paml_ros2/install/mapping_interfaces/include/mapping_interfaces/mapping_interfaces/srv/detail/integrate_frame__type_support.hpp
[2.686s] -- Up-to-date: /home/daniel-choate/paml_ros2/install/mapping_interfaces/include/mapping_interfaces/mapping_interfaces/srv/detail/generate_mapping_plan__type_support.hpp
[2.687s] -- Up-to-date: /home/daniel-choate/paml_ros2/install/mapping_interfaces/include/mapping_interfaces/mapping_interfaces/srv/detail/reset_map__builder.hpp
[2.687s] -- Up-to-date: /home/daniel-choate/paml_ros2/install/mapping_interfaces/include/mapping_interfaces/mapping_interfaces/srv/detail/execute_mapping_plan__type_support.hpp
[2.687s] -- Up-to-date: /home/daniel-choate/paml_ros2/install/mapping_interfaces/include/mapping_interfaces/mapping_interfaces/srv/detail/capture_frame__struct.hpp
[2.687s] -- Up-to-date: /home/daniel-choate/paml_ros2/install/mapping_interfaces/include/mapping_interfaces/mapping_interfaces/srv/detail/generate_mapping_plan__struct.hpp
[2.687s] -- Up-to-date: /home/daniel-choate/paml_ros2/install/mapping_interfaces/include/mapping_interfaces/mapping_interfaces/srv/detail/execute_mapping_plan__struct.hpp
[2.687s] -- Up-to-date: /home/daniel-choate/paml_ros2/install/mapping_interfaces/include/mapping_interfaces/mapping_interfaces/srv/detail/integrate_frame__struct.hpp
[2.687s] -- Up-to-date: /home/daniel-choate/paml_ros2/install/mapping_interfaces/include/mapping_interfaces/mapping_interfaces/srv/detail/capture_frame__type_support.hpp
[2.687s] -- Up-to-date: /home/daniel-choate/paml_ros2/install/mapping_interfaces/include/mapping_interfaces/mapping_interfaces/srv/detail/execute_mapping_plan__builder.hpp
[2.687s] -- Up-to-date: /home/daniel-choate/paml_ros2/install/mapping_interfaces/include/mapping_interfaces/mapping_interfaces/srv/detail/execute_mapping_plan__traits.hpp
[2.687s] -- Up-to-date: /home/daniel-choate/paml_ros2/install/mapping_interfaces/include/mapping_interfaces/mapping_interfaces/srv/detail/reset_map__traits.hpp
[2.687s] -- Up-to-date: /home/daniel-choate/paml_ros2/install/mapping_interfaces/include/mapping_interfaces/mapping_interfaces/srv/detail/generate_mapping_plan__traits.hpp
[2.687s] -- Up-to-date: /home/daniel-choate/paml_ros2/install/mapping_interfaces/include/mapping_interfaces/mapping_interfaces/srv/detail/integrate_frame__traits.hpp
[2.688s] -- Up-to-date: /home/daniel-choate/paml_ros2/install/mapping_interfaces/include/mapping_interfaces/mapping_interfaces/srv/detail/reset_map__struct.hpp
[2.688s] -- Up-to-date: /home/daniel-choate/paml_ros2/install/mapping_interfaces/include/mapping_interfaces/mapping_interfaces/srv/detail/generate_mapping_plan__builder.hpp
[2.688s] -- Up-to-date: /home/daniel-choate/paml_ros2/install/mapping_interfaces/include/mapping_interfaces/mapping_interfaces/srv/detail/capture_frame__builder.hpp
[2.688s] -- Up-to-date: /home/daniel-choate/paml_ros2/install/mapping_interfaces/include/mapping_interfaces/mapping_interfaces/srv/detail/integrate_frame__builder.hpp
[2.688s] -- Up-to-date: /home/daniel-choate/paml_ros2/install/mapping_interfaces/include/mapping_interfaces/mapping_interfaces/srv/detail/capture_frame__traits.hpp
[2.688s] -- Up-to-date: /home/daniel-choate/paml_ros2/install/mapping_interfaces/include/mapping_interfaces/mapping_interfaces/srv/integrate_frame.hpp
[2.688s] -- Up-to-date: /home/daniel-choate/paml_ros2/install/mapping_interfaces/include/mapping_interfaces/mapping_interfaces/srv/execute_mapping_plan.hpp
[2.688s] -- Up-to-date: /home/daniel-choate/paml_ros2/install/mapping_interfaces/include/mapping_interfaces/mapping_interfaces/srv/capture_frame.hpp
[2.688s] -- Up-to-date: /home/daniel-choate/paml_ros2/install/mapping_interfaces/include/mapping_interfaces/mapping_interfaces/srv/reset_map.hpp
[2.688s] -- Up-to-date: /home/daniel-choate/paml_ros2/install/mapping_interfaces/include/mapping_interfaces/mapping_interfaces
[2.688s] -- Up-to-date: /home/daniel-choate/paml_ros2/install/mapping_interfaces/include/mapping_interfaces/mapping_interfaces/msg
[2.688s] -- Up-to-date: /home/daniel-choate/paml_ros2/install/mapping_interfaces/include/mapping_interfaces/mapping_interfaces/msg/rosidl_typesupport_fastrtps_cpp__visibility_control.h
[2.689s] -- Up-to-date: /home/daniel-choate/paml_ros2/install/mapping_interfaces/include/mapping_interfaces/mapping_interfaces/srv
[2.689s] -- Up-to-date: /home/daniel-choate/paml_ros2/install/mapping_interfaces/include/mapping_interfaces/mapping_interfaces/srv/detail
[2.689s] -- Up-to-date: /home/daniel-choate/paml_ros2/install/mapping_interfaces/include/mapping_interfaces/mapping_interfaces/srv/detail/dds_fastrtps
[2.689s] -- Up-to-date: /home/daniel-choate/paml_ros2/install/mapping_interfaces/include/mapping_interfaces/mapping_interfaces/srv/detail/reset_map__rosidl_typesupport_fastrtps_cpp.hpp
[2.689s] -- Up-to-date: /home/daniel-choate/paml_ros2/install/mapping_interfaces/include/mapping_interfaces/mapping_interfaces/srv/detail/generate_mapping_plan__rosidl_typesupport_fastrtps_cpp.hpp
[2.689s] -- Up-to-date: /home/daniel-choate/paml_ros2/install/mapping_interfaces/include/mapping_interfaces/mapping_interfaces/srv/detail/execute_mapping_plan__rosidl_typesupport_fastrtps_cpp.hpp
[2.689s] -- Up-to-date: /home/daniel-choate/paml_ros2/install/mapping_interfaces/include/mapping_interfaces/mapping_interfaces/srv/detail/integrate_frame__rosidl_typesupport_fastrtps_cpp.hpp
[2.689s] -- Up-to-date: /home/daniel-choate/paml_ros2/install/mapping_interfaces/include/mapping_interfaces/mapping_interfaces/srv/detail/capture_frame__rosidl_typesupport_fastrtps_cpp.hpp
[2.690s] -- Up-to-date: /home/daniel-choate/paml_ros2/install/mapping_interfaces/lib/libmapping_interfaces__rosidl_typesupport_fastrtps_cpp.so
[2.691s] -- Up-to-date: /home/daniel-choate/paml_ros2/install/mapping_interfaces/include/mapping_interfaces/mapping_interfaces
[2.692s] -- Up-to-date: /home/daniel-choate/paml_ros2/install/mapping_interfaces/include/mapping_interfaces/mapping_interfaces/msg
[2.692s] -- Up-to-date: /home/daniel-choate/paml_ros2/install/mapping_interfaces/include/mapping_interfaces/mapping_interfaces/msg/rosidl_typesupport_introspection_c__visibility_control.h
[2.692s] -- Up-to-date: /home/daniel-choate/paml_ros2/install/mapping_interfaces/include/mapping_interfaces/mapping_interfaces/srv
[2.693s] -- Up-to-date: /home/daniel-choate/paml_ros2/install/mapping_interfaces/include/mapping_interfaces/mapping_interfaces/srv/detail
[2.694s] -- Installing: /home/daniel-choate/paml_ros2/install/mapping_interfaces/include/mapping_interfaces/mapping_interfaces/srv/detail/capture_frame__type_support.c
[2.694s] -- Up-to-date: /home/daniel-choate/paml_ros2/install/mapping_interfaces/include/mapping_interfaces/mapping_interfaces/srv/detail/execute_mapping_plan__rosidl_typesupport_introspection_c.h
[2.694s] -- Up-to-date: /home/daniel-choate/paml_ros2/install/mapping_interfaces/include/mapping_interfaces/mapping_interfaces/srv/detail/reset_map__rosidl_typesupport_introspection_c.h
[2.695s] -- Up-to-date: /home/daniel-choate/paml_ros2/install/mapping_interfaces/include/mapping_interfaces/mapping_interfaces/srv/detail/capture_frame__rosidl_typesupport_introspection_c.h
[2.695s] -- Installing: /home/daniel-choate/paml_ros2/install/mapping_interfaces/include/mapping_interfaces/mapping_interfaces/srv/detail/reset_map__type_support.c
[2.696s] -- Up-to-date: /home/daniel-choate/paml_ros2/install/mapping_interfaces/include/mapping_interfaces/mapping_interfaces/srv/detail/generate_mapping_plan__rosidl_typesupport_introspection_c.h
[2.696s] -- Installing: /home/daniel-choate/paml_ros2/install/mapping_interfaces/include/mapping_interfaces/mapping_interfaces/srv/detail/generate_mapping_plan__type_support.c
[2.696s] -- Installing: /home/daniel-choate/paml_ros2/install/mapping_interfaces/include/mapping_interfaces/mapping_interfaces/srv/detail/execute_mapping_plan__type_support.c
[2.696s] -- Up-to-date: /home/daniel-choate/paml_ros2/install/mapping_interfaces/include/mapping_interfaces/mapping_interfaces/srv/detail/integrate_frame__rosidl_typesupport_introspection_c.h
[2.697s] -- Installing: /home/daniel-choate/paml_ros2/install/mapping_interfaces/include/mapping_interfaces/mapping_interfaces/srv/detail/integrate_frame__type_support.c
[2.698s] -- Up-to-date: /home/daniel-choate/paml_ros2/install/mapping_interfaces/lib/libmapping_interfaces__rosidl_typesupport_introspection_c.so
[2.698s] -- Up-to-date: /home/daniel-choate/paml_ros2/install/mapping_interfaces/lib/libmapping_interfaces__rosidl_typesupport_c.so
[2.699s] -- Up-to-date: /home/daniel-choate/paml_ros2/install/mapping_interfaces/include/mapping_interfaces/mapping_interfaces
[2.699s] -- Up-to-date: /home/daniel-choate/paml_ros2/install/mapping_interfaces/include/mapping_interfaces/mapping_interfaces/srv
[2.699s] -- Up-to-date: /home/daniel-choate/paml_ros2/install/mapping_interfaces/include/mapping_interfaces/mapping_interfaces/srv/detail
[2.701s] -- Up-to-date: /home/daniel-choate/paml_ros2/install/mapping_interfaces/include/mapping_interfaces/mapping_interfaces/srv/detail/integrate_frame__rosidl_typesupport_introspection_cpp.hpp
[2.702s] -- Up-to-date: /home/daniel-choate/paml_ros2/install/mapping_interfaces/include/mapping_interfaces/mapping_interfaces/srv/detail/integrate_frame__type_support.cpp
[2.702s] -- Up-to-date: /home/daniel-choate/paml_ros2/install/mapping_interfaces/include/mapping_interfaces/mapping_interfaces/srv/detail/reset_map__rosidl_typesupport_introspection_cpp.hpp
[2.703s] -- Up-to-date: /home/daniel-choate/paml_ros2/install/mapping_interfaces/include/mapping_interfaces/mapping_interfaces/srv/detail/capture_frame__type_support.cpp
[2.703s] -- Up-to-date: /home/daniel-choate/paml_ros2/install/mapping_interfaces/include/mapping_interfaces/mapping_interfaces/srv/detail/generate_mapping_plan__type_support.cpp
[2.703s] -- Up-to-date: /home/daniel-choate/paml_ros2/install/mapping_interfaces/include/mapping_interfaces/mapping_interfaces/srv/detail/execute_mapping_plan__type_support.cpp
[2.703s] -- Up-to-date: /home/daniel-choate/paml_ros2/install/mapping_interfaces/include/mapping_interfaces/mapping_interfaces/srv/detail/execute_mapping_plan__rosidl_typesupport_introspection_cpp.hpp
[2.703s] -- Up-to-date: /home/daniel-choate/paml_ros2/install/mapping_interfaces/include/mapping_interfaces/mapping_interfaces/srv/detail/capture_frame__rosidl_typesupport_introspection_cpp.hpp
[2.703s] -- Up-to-date: /home/daniel-choate/paml_ros2/install/mapping_interfaces/include/mapping_interfaces/mapping_interfaces/srv/detail/generate_mapping_plan__rosidl_typesupport_introspection_cpp.hpp
[2.704s] -- Up-to-date: /home/daniel-choate/paml_ros2/install/mapping_interfaces/include/mapping_interfaces/mapping_interfaces/srv/detail/reset_map__type_support.cpp
[2.704s] -- Up-to-date: /home/daniel-choate/paml_ros2/install/mapping_interfaces/lib/libmapping_interfaces__rosidl_typesupport_introspection_cpp.so
[2.704s] -- Up-to-date: /home/daniel-choate/paml_ros2/install/mapping_interfaces/lib/libmapping_interfaces__rosidl_typesupport_cpp.so
[2.704s] -- Up-to-date: /home/daniel-choate/paml_ros2/install/mapping_interfaces/share/mapping_interfaces/environment/pythonpath.sh
[2.704s] -- Up-to-date: /home/daniel-choate/paml_ros2/install/mapping_interfaces/share/mapping_interfaces/environment/pythonpath.dsv
[2.704s] -- Up-to-date: /home/daniel-choate/paml_ros2/install/mapping_interfaces/lib/python3.12/site-packages/mapping_interfaces-0.0.0-py3.12.egg-info
[2.704s] -- Installing: /home/daniel-choate/paml_ros2/install/mapping_interfaces/lib/python3.12/site-packages/mapping_interfaces-0.0.0-py3.12.egg-info/dependency_links.txt
[2.704s] -- Installing: /home/daniel-choate/paml_ros2/install/mapping_interfaces/lib/python3.12/site-packages/mapping_interfaces-0.0.0-py3.12.egg-info/PKG-INFO
[2.704s] -- Installing: /home/daniel-choate/paml_ros2/install/mapping_interfaces/lib/python3.12/site-packages/mapping_interfaces-0.0.0-py3.12.egg-info/top_level.txt
[2.705s] -- Installing: /home/daniel-choate/paml_ros2/install/mapping_interfaces/lib/python3.12/site-packages/mapping_interfaces-0.0.0-py3.12.egg-info/SOURCES.txt
[2.705s] -- Up-to-date: /home/daniel-choate/paml_ros2/install/mapping_interfaces/lib/python3.12/site-packages/mapping_interfaces
[2.705s] -- Up-to-date: /home/daniel-choate/paml_ros2/install/mapping_interfaces/lib/python3.12/site-packages/mapping_interfaces/_mapping_interfaces_s.ep.rosidl_typesupport_fastrtps_c.c
[2.705s] -- Up-to-date: /home/daniel-choate/paml_ros2/install/mapping_interfaces/lib/python3.12/site-packages/mapping_interfaces/mapping_interfaces_s__rosidl_typesupport_c.so
[2.705s] -- Up-to-date: /home/daniel-choate/paml_ros2/install/mapping_interfaces/lib/python3.12/site-packages/mapping_interfaces/__init__.py
[2.705s] -- Up-to-date: /home/daniel-choate/paml_ros2/install/mapping_interfaces/lib/python3.12/site-packages/mapping_interfaces/_mapping_interfaces_s.ep.rosidl_typesupport_introspection_c.c
[2.705s] -- Up-to-date: /home/daniel-choate/paml_ros2/install/mapping_interfaces/lib/python3.12/site-packages/mapping_interfaces/srv
[2.705s] -- Up-to-date: /home/daniel-choate/paml_ros2/install/mapping_interfaces/lib/python3.12/site-packages/mapping_interfaces/srv/_capture_frame_s.c
[2.706s] -- Up-to-date: /home/daniel-choate/paml_ros2/install/mapping_interfaces/lib/python3.12/site-packages/mapping_interfaces/srv/_generate_mapping_plan.py
[2.706s] -- Up-to-date: /home/daniel-choate/paml_ros2/install/mapping_interfaces/lib/python3.12/site-packages/mapping_interfaces/srv/__init__.py
[2.706s] -- Up-to-date: /home/daniel-choate/paml_ros2/install/mapping_interfaces/lib/python3.12/site-packages/mapping_interfaces/srv/_reset_map_s.c
[2.707s] -- Up-to-date: /home/daniel-choate/paml_ros2/install/mapping_interfaces/lib/python3.12/site-packages/mapping_interfaces/srv/_execute_mapping_plan_s.c
[2.707s] -- Up-to-date: /home/daniel-choate/paml_ros2/install/mapping_interfaces/lib/python3.12/site-packages/mapping_interfaces/srv/_integrate_frame.py
[2.707s] -- Up-to-date: /home/daniel-choate/paml_ros2/install/mapping_interfaces/lib/python3.12/site-packages/mapping_interfaces/srv/_capture_frame.py
[2.708s] -- Up-to-date: /home/daniel-choate/paml_ros2/install/mapping_interfaces/lib/python3.12/site-packages/mapping_interfaces/srv/_generate_mapping_plan_s.c
[2.708s] -- Up-to-date: /home/daniel-choate/paml_ros2/install/mapping_interfaces/lib/python3.12/site-packages/mapping_interfaces/srv/_execute_mapping_plan.py
[2.710s] -- Up-to-date: /home/daniel-choate/paml_ros2/install/mapping_interfaces/lib/python3.12/site-packages/mapping_interfaces/srv/_integrate_frame_s.c
[2.711s] -- Up-to-date: /home/daniel-choate/paml_ros2/install/mapping_interfaces/lib/python3.12/site-packages/mapping_interfaces/srv/_reset_map.py
[2.711s] -- Up-to-date: /home/daniel-choate/paml_ros2/install/mapping_interfaces/lib/python3.12/site-packages/mapping_interfaces/mapping_interfaces_s__rosidl_typesupport_fastrtps_c.so
[2.711s] -- Up-to-date: /home/daniel-choate/paml_ros2/install/mapping_interfaces/lib/python3.12/site-packages/mapping_interfaces/mapping_interfaces_s__rosidl_typesupport_introspection_c.so
[2.711s] -- Up-to-date: /home/daniel-choate/paml_ros2/install/mapping_interfaces/lib/python3.12/site-packages/mapping_interfaces/_mapping_interfaces_s.ep.rosidl_typesupport_c.c
[2.785s] Listing '/home/daniel-choate/paml_ros2/install/mapping_interfaces/lib/python3.12/site-packages/mapping_interfaces'...
[2.787s] Listing '/home/daniel-choate/paml_ros2/install/mapping_interfaces/lib/python3.12/site-packages/mapping_interfaces/srv'...
[2.808s] -- Up-to-date: /home/daniel-choate/paml_ros2/install/mapping_interfaces/lib/python3.12/site-packages/mapping_interfaces/mapping_interfaces_s__rosidl_typesupport_fastrtps_c.so
[2.808s] -- Up-to-date: /home/daniel-choate/paml_ros2/install/mapping_interfaces/lib/python3.12/site-packages/mapping_interfaces/mapping_interfaces_s__rosidl_typesupport_introspection_c.so
[2.810s] -- Up-to-date: /home/daniel-choate/paml_ros2/install/mapping_interfaces/lib/python3.12/site-packages/mapping_interfaces/mapping_interfaces_s__rosidl_typesupport_c.so
[2.812s] -- Up-to-date: /home/daniel-choate/paml_ros2/install/mapping_interfaces/lib/libmapping_interfaces__rosidl_generator_py.so
[2.813s] -- Up-to-date: /home/daniel-choate/paml_ros2/install/mapping_interfaces/share/ament_index/resource_index/rust_packages/mapping_interfaces
[2.813s] -- Up-to-date: /home/daniel-choate/paml_ros2/install/mapping_interfaces/share/mapping_interfaces/rust
[2.813s] -- Up-to-date: /home/daniel-choate/paml_ros2/install/mapping_interfaces/share/mapping_interfaces/rust/src
[2.815s] -- Up-to-date: /home/daniel-choate/paml_ros2/install/mapping_interfaces/share/mapping_interfaces/rust/src/srv
[2.815s] -- Up-to-date: /home/daniel-choate/paml_ros2/install/mapping_interfaces/share/mapping_interfaces/rust/src/srv/rmw.rs
[2.818s] -- Up-to-date: /home/daniel-choate/paml_ros2/install/mapping_interfaces/share/mapping_interfaces/rust/src/lib.rs
[2.819s] -- Up-to-date: /home/daniel-choate/paml_ros2/install/mapping_interfaces/share/mapping_interfaces/rust/src/srv.rs
[2.820s] -- Up-to-date: /home/daniel-choate/paml_ros2/install/mapping_interfaces/share/mapping_interfaces/rust/build.rs
[2.821s] -- Up-to-date: /home/daniel-choate/paml_ros2/install/mapping_interfaces/share/mapping_interfaces/rust/Cargo.toml
[2.821s] -- Up-to-date: /home/daniel-choate/paml_ros2/install/mapping_interfaces/share/mapping_interfaces/srv/GenerateMappingPlan.idl
[2.821s] -- Up-to-date: /home/daniel-choate/paml_ros2/install/mapping_interfaces/share/mapping_interfaces/srv/ExecuteMappingPlan.idl
[2.822s] -- Up-to-date: /home/daniel-choate/paml_ros2/install/mapping_interfaces/share/mapping_interfaces/srv/CaptureFrame.idl
[2.823s] -- Up-to-date: /home/daniel-choate/paml_ros2/install/mapping_interfaces/share/mapping_interfaces/srv/IntegrateFrame.idl
[2.823s] -- Up-to-date: /home/daniel-choate/paml_ros2/install/mapping_interfaces/share/mapping_interfaces/srv/ResetMap.idl
[2.825s] -- Up-to-date: /home/daniel-choate/paml_ros2/install/mapping_interfaces/share/mapping_interfaces/srv/GenerateMappingPlan.srv
[2.826s] -- Up-to-date: /home/daniel-choate/paml_ros2/install/mapping_interfaces/share/mapping_interfaces/srv/ExecuteMappingPlan.srv
[2.826s] -- Up-to-date: /home/daniel-choate/paml_ros2/install/mapping_interfaces/share/mapping_interfaces/srv/CaptureFrame.srv
[2.826s] -- Up-to-date: /home/daniel-choate/paml_ros2/install/mapping_interfaces/share/mapping_interfaces/srv/IntegrateFrame.srv
[2.827s] -- Up-to-date: /home/daniel-choate/paml_ros2/install/mapping_interfaces/share/mapping_interfaces/srv/ResetMap.srv
[2.828s] -- Up-to-date: /home/daniel-choate/paml_ros2/install/mapping_interfaces/share/ament_index/resource_index/package_run_dependencies/mapping_interfaces
[2.828s] -- Up-to-date: /home/daniel-choate/paml_ros2/install/mapping_interfaces/share/ament_index/resource_index/parent_prefix_path/mapping_interfaces
[2.828s] -- Up-to-date: /home/daniel-choate/paml_ros2/install/mapping_interfaces/share/mapping_interfaces/environment/ament_prefix_path.sh
[2.828s] -- Up-to-date: /home/daniel-choate/paml_ros2/install/mapping_interfaces/share/mapping_interfaces/environment/ament_prefix_path.dsv
[2.828s] -- Up-to-date: /home/daniel-choate/paml_ros2/install/mapping_interfaces/share/mapping_interfaces/environment/path.sh
[2.828s] -- Up-to-date: /home/daniel-choate/paml_ros2/install/mapping_interfaces/share/mapping_interfaces/environment/path.dsv
[2.828s] -- Up-to-date: /home/daniel-choate/paml_ros2/install/mapping_interfaces/share/mapping_interfaces/local_setup.bash
[2.828s] -- Up-to-date: /home/daniel-choate/paml_ros2/install/mapping_interfaces/share/mapping_interfaces/local_setup.sh
[2.829s] -- Up-to-date: /home/daniel-choate/paml_ros2/install/mapping_interfaces/share/mapping_interfaces/local_setup.zsh
[2.829s] -- Up-to-date: /home/daniel-choate/paml_ros2/install/mapping_interfaces/share/mapping_interfaces/local_setup.dsv
[2.829s] -- Installing: /home/daniel-choate/paml_ros2/install/mapping_interfaces/share/mapping_interfaces/package.dsv
[2.829s] -- Up-to-date: /home/daniel-choate/paml_ros2/install/mapping_interfaces/share/ament_index/resource_index/packages/mapping_interfaces
[2.829s] -- Up-to-date: /home/daniel-choate/paml_ros2/install/mapping_interfaces/share/mapping_interfaces/cmake/export_mapping_interfaces__rosidl_generator_cExport.cmake
[2.829s] -- Up-to-date: /home/daniel-choate/paml_ros2/install/mapping_interfaces/share/mapping_interfaces/cmake/export_mapping_interfaces__rosidl_generator_cExport-noconfig.cmake
[2.829s] -- Up-to-date: /home/daniel-choate/paml_ros2/install/mapping_interfaces/share/mapping_interfaces/cmake/export_mapping_interfaces__rosidl_typesupport_fastrtps_cExport.cmake
[2.829s] -- Up-to-date: /home/daniel-choate/paml_ros2/install/mapping_interfaces/share/mapping_interfaces/cmake/export_mapping_interfaces__rosidl_typesupport_fastrtps_cExport-noconfig.cmake
[2.829s] -- Up-to-date: /home/daniel-choate/paml_ros2/install/mapping_interfaces/share/mapping_interfaces/cmake/export_mapping_interfaces__rosidl_generator_cppExport.cmake
[2.829s] -- Up-to-date: /home/daniel-choate/paml_ros2/install/mapping_interfaces/share/mapping_interfaces/cmake/export_mapping_interfaces__rosidl_typesupport_fastrtps_cppExport.cmake
[2.830s] -- Up-to-date: /home/daniel-choate/paml_ros2/install/mapping_interfaces/share/mapping_interfaces/cmake/export_mapping_interfaces__rosidl_typesupport_fastrtps_cppExport-noconfig.cmake
[2.830s] -- Up-to-date: /home/daniel-choate/paml_ros2/install/mapping_interfaces/share/mapping_interfaces/cmake/mapping_interfaces__rosidl_typesupport_introspection_cExport.cmake
[2.830s] -- Up-to-date: /home/daniel-choate/paml_ros2/install/mapping_interfaces/share/mapping_interfaces/cmake/mapping_interfaces__rosidl_typesupport_introspection_cExport-noconfig.cmake
[2.830s] -- Up-to-date: /home/daniel-choate/paml_ros2/install/mapping_interfaces/share/mapping_interfaces/cmake/mapping_interfaces__rosidl_typesupport_cExport.cmake
[2.830s] -- Up-to-date: /home/daniel-choate/paml_ros2/install/mapping_interfaces/share/mapping_interfaces/cmake/mapping_interfaces__rosidl_typesupport_cExport-noconfig.cmake
[2.830s] -- Up-to-date: /home/daniel-choate/paml_ros2/install/mapping_interfaces/share/mapping_interfaces/cmake/mapping_interfaces__rosidl_typesupport_introspection_cppExport.cmake
[2.830s] -- Up-to-date: /home/daniel-choate/paml_ros2/install/mapping_interfaces/share/mapping_interfaces/cmake/mapping_interfaces__rosidl_typesupport_introspection_cppExport-noconfig.cmake
[2.830s] -- Up-to-date: /home/daniel-choate/paml_ros2/install/mapping_interfaces/share/mapping_interfaces/cmake/mapping_interfaces__rosidl_typesupport_cppExport.cmake
[2.831s] -- Up-to-date: /home/daniel-choate/paml_ros2/install/mapping_interfaces/share/mapping_interfaces/cmake/mapping_interfaces__rosidl_typesupport_cppExport-noconfig.cmake
[2.831s] -- Up-to-date: /home/daniel-choate/paml_ros2/install/mapping_interfaces/share/mapping_interfaces/cmake/export_mapping_interfaces__rosidl_generator_pyExport.cmake
[2.831s] -- Up-to-date: /home/daniel-choate/paml_ros2/install/mapping_interfaces/share/mapping_interfaces/cmake/export_mapping_interfaces__rosidl_generator_pyExport-noconfig.cmake
[2.831s] -- Up-to-date: /home/daniel-choate/paml_ros2/install/mapping_interfaces/share/mapping_interfaces/cmake/rosidl_cmake-extras.cmake
[2.831s] -- Up-to-date: /home/daniel-choate/paml_ros2/install/mapping_interfaces/share/mapping_interfaces/cmake/ament_cmake_export_dependencies-extras.cmake
[2.832s] -- Up-to-date: /home/daniel-choate/paml_ros2/install/mapping_interfaces/share/mapping_interfaces/cmake/ament_cmake_export_include_directories-extras.cmake
[2.832s] -- Up-to-date: /home/daniel-choate/paml_ros2/install/mapping_interfaces/share/mapping_interfaces/cmake/ament_cmake_export_libraries-extras.cmake
[2.832s] -- Up-to-date: /home/daniel-choate/paml_ros2/install/mapping_interfaces/share/mapping_interfaces/cmake/ament_cmake_export_targets-extras.cmake
[2.832s] -- Up-to-date: /home/daniel-choate/paml_ros2/install/mapping_interfaces/share/mapping_interfaces/cmake/rosidl_cmake_export_typesupport_targets-extras.cmake
[2.832s] -- Up-to-date: /home/daniel-choate/paml_ros2/install/mapping_interfaces/share/mapping_interfaces/cmake/rosidl_cmake_export_typesupport_libraries-extras.cmake
[2.832s] -- Up-to-date: /home/daniel-choate/paml_ros2/install/mapping_interfaces/share/mapping_interfaces/cmake/mapping_interfacesConfig.cmake
[2.832s] -- Up-to-date: /home/daniel-choate/paml_ros2/install/mapping_interfaces/share/mapping_interfaces/cmake/mapping_interfacesConfig-version.cmake
[2.832s] -- Up-to-date: /home/daniel-choate/paml_ros2/install/mapping_interfaces/share/mapping_interfaces/package.xml
[2.859s] Invoked command in '/home/daniel-choate/paml_ros2/build/mapping_interfaces' returned '0': CMAKE_PREFIX_PATH=${CMAKE_PREFIX_PATH}:/home/daniel-choate/paml_ros2/install/ur3_movement:/home/daniel-choate/paml_ros2/install/rgbd_capture:/home/daniel-choate/paml_ros2/install/mapping_planner:/home/daniel-choate/paml_ros2/install/mapping_executor:/home/daniel-choate/paml_ros2/install/mapping_bringup:/home/daniel-choate/paml_ros2/install/map_builder:/home/daniel-choate/paml_ros2/install/localization_bringup:/opt/ros/kilted DEBUGINFOD_URLS=https://debuginfod.ubuntu.com /usr/bin/cmake --install /home/daniel-choate/paml_ros2/build/mapping_interfaces
