[0.029s] Invoking command in '/home/daniel-choate/paml_ros2/build/mapping_interfaces': CMAKE_PREFIX_PATH=${CMAKE_PREFIX_PATH}:/opt/ros/kilted DEBUGINFOD_URLS=https://debuginfod.ubuntu.com /usr/bin/cmake --build /home/daniel-choate/paml_ros2/build/mapping_interfaces -- -j20 -l20
[0.679s] [  1%] Built target mapping_interfaces__rs
[0.679s] [  3%] Built target mapping_interfaces__rosidl_generator_type_description
[0.679s] [  3%] Built target ament_cmake_python_copy_mapping_interfaces
[0.679s] [  4%] Built target mapping_interfaces__cpp
[0.679s] [ 26%] Built target mapping_interfaces__rosidl_generator_c
[0.679s] [ 35%] Built target mapping_interfaces__rosidl_typesupport_introspection_cpp
[0.679s] [ 44%] Built target mapping_interfaces__rosidl_typesupport_introspection_c
[0.679s] [ 53%] Built target mapping_interfaces__rosidl_typesupport_fastrtps_cpp
[0.679s] [ 63%] Built target mapping_interfaces__rosidl_typesupport_fastrtps_c
[0.680s] [ 72%] Built target mapping_interfaces__rosidl_typesupport_c
[0.680s] [ 81%] Built target mapping_interfaces__rosidl_typesupport_cpp
[0.680s] [ 81%] Built target mapping_interfaces
[0.680s] [ 83%] Built target mapping_interfaces__py
[0.680s] [ 90%] Built target mapping_interfaces__rosidl_generator_py
[0.680s] [ 96%] Built target mapping_interfaces_s__rosidl_typesupport_introspection_c
[0.680s] [ 96%] Built target mapping_interfaces_s__rosidl_typesupport_fastrtps_c
[0.680s] [100%] Built target mapping_interfaces_s__rosidl_typesupport_c
[0.680s] running egg_info
[0.680s] writing mapping_interfaces.egg-info/PKG-INFO
[0.680s] writing dependency_links to mapping_interfaces.egg-info/dependency_links.txt
[0.680s] writing top-level names to mapping_interfaces.egg-info/top_level.txt
[0.680s] reading manifest file 'mapping_interfaces.egg-info/SOURCES.txt'
[0.680s] writing manifest file 'mapping_interfaces.egg-info/SOURCES.txt'
[0.680s] [100%] Built target ament_cmake_python_build_mapping_interfaces_egg
