[100%] Built target move_demo
-- Install configuration: ""
-- Execute custom install script
-- Up-to-date symlink: /home/daniel-choate/paml_ros2/install/ur3_demo/lib/ur3_demo/move_demo
-- Up-to-date symlink: /home/daniel-choate/paml_ros2/install/ur3_demo/share/ur3_demo/launch/launch.py
-- Up-to-date symlink: /home/daniel-choate/paml_ros2/install/ur3_demo/share/ament_index/resource_index/package_run_dependencies/ur3_demo
-- Up-to-date symlink: /home/daniel-choate/paml_ros2/install/ur3_demo/share/ament_index/resource_index/parent_prefix_path/ur3_demo
-- Up-to-date symlink: /home/daniel-choate/paml_ros2/install/ur3_demo/share/ur3_demo/environment/ament_prefix_path.sh
-- Up-to-date symlink: /home/daniel-choate/paml_ros2/install/ur3_demo/share/ur3_demo/environment/ament_prefix_path.dsv
-- Up-to-date symlink: /home/daniel-choate/paml_ros2/install/ur3_demo/share/ur3_demo/environment/path.sh
-- Up-to-date symlink: /home/daniel-choate/paml_ros2/install/ur3_demo/share/ur3_demo/environment/path.dsv
-- Up-to-date symlink: /home/daniel-choate/paml_ros2/install/ur3_demo/share/ur3_demo/local_setup.bash
-- Up-to-date symlink: /home/daniel-choate/paml_ros2/install/ur3_demo/share/ur3_demo/local_setup.sh
-- Up-to-date symlink: /home/daniel-choate/paml_ros2/install/ur3_demo/share/ur3_demo/local_setup.zsh
-- Up-to-date symlink: /home/daniel-choate/paml_ros2/install/ur3_demo/share/ur3_demo/local_setup.dsv
-- Symlinking: /home/daniel-choate/paml_ros2/install/ur3_demo/share/ur3_demo/package.dsv
-- Up-to-date symlink: /home/daniel-choate/paml_ros2/install/ur3_demo/share/ament_index/resource_index/packages/ur3_demo
-- Up-to-date symlink: /home/daniel-choate/paml_ros2/install/ur3_demo/share/ur3_demo/cmake/ur3_demoConfig.cmake
-- Up-to-date symlink: /home/daniel-choate/paml_ros2/install/ur3_demo/share/ur3_demo/cmake/ur3_demoConfig-version.cmake
-- Up-to-date symlink: /home/daniel-choate/paml_ros2/install/ur3_demo/share/ur3_demo/package.xml
