[3.439s] Invoking command in '/home/daniel-choate/paml_ros2/src/ur3_movement': DEBUGINFOD_URLS=https://debuginfod.ubuntu.com PYTHONPATH=/home/daniel-choate/paml_ros2/build/ur3_movement/prefix_override:/usr/lib/python3/dist-packages/colcon_core/task/python/colcon_distutils_commands:/home/daniel-choate/paml_ros2/install/ur3_movement/lib/python3.12/site-packages:${PYTHONPATH} /usr/bin/python3 -W ignore:setup.py install is deprecated -W ignore:easy_install command is deprecated setup.py egg_info --egg-base ../../build/ur3_movement build --build-base /home/daniel-choate/paml_ros2/build/ur3_movement/build install --record /home/daniel-choate/paml_ros2/build/ur3_movement/install.log --single-version-externally-managed install_data
[4.075s] running egg_info
[4.110s] writing ../../build/ur3_movement/ur3_movement.egg-info/PKG-INFO
[4.110s] writing dependency_links to ../../build/ur3_movement/ur3_movement.egg-info/dependency_links.txt
[4.111s] writing entry points to ../../build/ur3_movement/ur3_movement.egg-info/entry_points.txt
[4.111s] writing requirements to ../../build/ur3_movement/ur3_movement.egg-info/requires.txt
[4.111s] writing top-level names to ../../build/ur3_movement/ur3_movement.egg-info/top_level.txt
[4.204s] reading manifest file '../../build/ur3_movement/ur3_movement.egg-info/SOURCES.txt'
[4.205s] adding license file 'LICENSE'
[4.206s] writing manifest file '../../build/ur3_movement/ur3_movement.egg-info/SOURCES.txt'
[4.206s] running build
[4.206s] running build_py
[4.207s] running install
[4.217s] running install_lib
[4.253s] running install_data
[4.253s] running install_egg_info
[4.288s] removing '/home/daniel-choate/paml_ros2/install/ur3_movement/lib/python3.12/site-packages/ur3_movement-0.0.0-py3.12.egg-info' (and everything under it)
[4.288s] Copying ../../build/ur3_movement/ur3_movement.egg-info to /home/daniel-choate/paml_ros2/install/ur3_movement/lib/python3.12/site-packages/ur3_movement-0.0.0-py3.12.egg-info
[4.289s] running install_scripts
[4.495s] Installing ur3_move_eff script to /home/daniel-choate/paml_ros2/install/ur3_movement/lib/ur3_movement
[4.495s] Installing ur3_movement_demo script to /home/daniel-choate/paml_ros2/install/ur3_movement/lib/ur3_movement
[4.495s] writing list of installed files to '/home/daniel-choate/paml_ros2/build/ur3_movement/install.log'
[4.532s] Invoked command in '/home/daniel-choate/paml_ros2/src/ur3_movement' returned '0': DEBUGINFOD_URLS=https://debuginfod.ubuntu.com PYTHONPATH=/home/daniel-choate/paml_ros2/build/ur3_movement/prefix_override:/usr/lib/python3/dist-packages/colcon_core/task/python/colcon_distutils_commands:/home/daniel-choate/paml_ros2/install/ur3_movement/lib/python3.12/site-packages:${PYTHONPATH} /usr/bin/python3 -W ignore:setup.py install is deprecated -W ignore:easy_install command is deprecated setup.py egg_info --egg-base ../../build/ur3_movement build --build-base /home/daniel-choate/paml_ros2/build/ur3_movement/build install --record /home/daniel-choate/paml_ros2/build/ur3_movement/install.log --single-version-externally-managed install_data
