[2.491s] Invoking command in '/home/daniel-choate/paml_ros2/src/map_builder': DEBUGINFOD_URLS=https://debuginfod.ubuntu.com PYTHONPATH=/home/daniel-choate/paml_ros2/build/map_builder/prefix_override:/usr/lib/python3/dist-packages/colcon_core/task/python/colcon_distutils_commands:/home/daniel-choate/paml_ros2/install/map_builder/lib/python3.12/site-packages:${PYTHONPATH} /usr/bin/python3 -W ignore:setup.py install is deprecated -W ignore:easy_install command is deprecated setup.py egg_info --egg-base ../../build/map_builder build --build-base /home/daniel-choate/paml_ros2/build/map_builder/build install --record /home/daniel-choate/paml_ros2/build/map_builder/install.log --single-version-externally-managed install_data
[2.993s] running egg_info
[3.027s] writing ../../build/map_builder/map_builder.egg-info/PKG-INFO
[3.028s] writing dependency_links to ../../build/map_builder/map_builder.egg-info/dependency_links.txt
[3.028s] writing entry points to ../../build/map_builder/map_builder.egg-info/entry_points.txt
[3.028s] writing requirements to ../../build/map_builder/map_builder.egg-info/requires.txt
[3.029s] writing top-level names to ../../build/map_builder/map_builder.egg-info/top_level.txt
[3.097s] reading manifest file '../../build/map_builder/map_builder.egg-info/SOURCES.txt'
[3.097s] adding license file 'LICENSE'
[3.098s] writing manifest file '../../build/map_builder/map_builder.egg-info/SOURCES.txt'
[3.098s] running build
[3.098s] running build_py
[3.099s] running install
[3.107s] running install_lib
[3.160s] running install_data
[3.160s] running install_egg_info
[3.225s] removing '/home/daniel-choate/paml_ros2/install/map_builder/lib/python3.12/site-packages/map_builder-0.0.0-py3.12.egg-info' (and everything under it)
[3.226s] Copying ../../build/map_builder/map_builder.egg-info to /home/daniel-choate/paml_ros2/install/map_builder/lib/python3.12/site-packages/map_builder-0.0.0-py3.12.egg-info
[3.226s] running install_scripts
[3.453s] Installing map_builder_live script to /home/daniel-choate/paml_ros2/install/map_builder/lib/map_builder
[3.454s] Installing map_builder_node script to /home/daniel-choate/paml_ros2/install/map_builder/lib/map_builder
[3.454s] writing list of installed files to '/home/daniel-choate/paml_ros2/build/map_builder/install.log'
[3.485s] Invoked command in '/home/daniel-choate/paml_ros2/src/map_builder' returned '0': DEBUGINFOD_URLS=https://debuginfod.ubuntu.com PYTHONPATH=/home/daniel-choate/paml_ros2/build/map_builder/prefix_override:/usr/lib/python3/dist-packages/colcon_core/task/python/colcon_distutils_commands:/home/daniel-choate/paml_ros2/install/map_builder/lib/python3.12/site-packages:${PYTHONPATH} /usr/bin/python3 -W ignore:setup.py install is deprecated -W ignore:easy_install command is deprecated setup.py egg_info --egg-base ../../build/map_builder build --build-base /home/daniel-choate/paml_ros2/build/map_builder/build install --record /home/daniel-choate/paml_ros2/build/map_builder/install.log --single-version-externally-managed install_data
