running egg_info
writing ../../build/ur3_movement/ur3_movement.egg-info/PKG-INFO
writing dependency_links to ../../build/ur3_movement/ur3_movement.egg-info/dependency_links.txt
writing entry points to ../../build/ur3_movement/ur3_movement.egg-info/entry_points.txt
writing requirements to ../../build/ur3_movement/ur3_movement.egg-info/requires.txt
writing top-level names to ../../build/ur3_movement/ur3_movement.egg-info/top_level.txt
reading manifest file '../../build/ur3_movement/ur3_movement.egg-info/SOURCES.txt'
adding license file 'LICENSE'
writing manifest file '../../build/ur3_movement/ur3_movement.egg-info/SOURCES.txt'
running build
running build_py
copying ur3_movement/move_end_eff.py -> /home/daniel-choate/paml_ros2/build/ur3_movement/build/lib/ur3_movement
running install
running install_lib
copying /home/daniel-choate/paml_ros2/build/ur3_movement/build/lib/ur3_movement/move_end_eff.py -> /home/daniel-choate/paml_ros2/install/ur3_movement/lib/python3.12/site-packages/ur3_movement
byte-compiling /home/daniel-choate/paml_ros2/install/ur3_movement/lib/python3.12/site-packages/ur3_movement/move_end_eff.py to move_end_eff.cpython-312.pyc
running install_data
running install_egg_info
removing '/home/daniel-choate/paml_ros2/install/ur3_movement/lib/python3.12/site-packages/ur3_movement-0.0.0-py3.12.egg-info' (and everything under it)
Copying ../../build/ur3_movement/ur3_movement.egg-info to /home/daniel-choate/paml_ros2/install/ur3_movement/lib/python3.12/site-packages/ur3_movement-0.0.0-py3.12.egg-info
running install_scripts
Installing ur3_move_eff script to /home/daniel-choate/paml_ros2/install/ur3_movement/lib/ur3_movement
Installing ur3_movement_demo script to /home/daniel-choate/paml_ros2/install/ur3_movement/lib/ur3_movement
writing list of installed files to '/home/daniel-choate/paml_ros2/build/ur3_movement/install.log'
