[1.622s] Invoking command in '/home/daniel-choate/paml_ros2/src/turtle_nav': DEBUGINFOD_URLS=https://debuginfod.ubuntu.com PYTHONPATH=/home/daniel-choate/paml_ros2/build/turtle_nav/prefix_override:/usr/lib/python3/dist-packages/colcon_core/task/python/colcon_distutils_commands:/home/daniel-choate/paml_ros2/install/turtle_nav/lib/python3.12/site-packages:${PYTHONPATH} /usr/bin/python3 -W ignore:setup.py install is deprecated -W ignore:easy_install command is deprecated setup.py egg_info --egg-base ../../build/turtle_nav build --build-base /home/daniel-choate/paml_ros2/build/turtle_nav/build install --record /home/daniel-choate/paml_ros2/build/turtle_nav/install.log --single-version-externally-managed install_data
[1.944s] running egg_info
[1.944s] creating ../../build/turtle_nav/turtle_nav.egg-info
[1.965s] writing ../../build/turtle_nav/turtle_nav.egg-info/PKG-INFO
[1.966s] writing dependency_links to ../../build/turtle_nav/turtle_nav.egg-info/dependency_links.txt
[1.966s] writing entry points to ../../build/turtle_nav/turtle_nav.egg-info/entry_points.txt
[1.966s] writing requirements to ../../build/turtle_nav/turtle_nav.egg-info/requires.txt
[1.966s] writing top-level names to ../../build/turtle_nav/turtle_nav.egg-info/top_level.txt
[1.966s] writing manifest file '../../build/turtle_nav/turtle_nav.egg-info/SOURCES.txt'
[2.010s] reading manifest file '../../build/turtle_nav/turtle_nav.egg-info/SOURCES.txt'
[2.011s] adding license file 'LICENSE'
[2.011s] writing manifest file '../../build/turtle_nav/turtle_nav.egg-info/SOURCES.txt'
[2.011s] running build
[2.011s] running build_py
[2.011s] creating /home/daniel-choate/paml_ros2/build/turtle_nav/build
[2.011s] creating /home/daniel-choate/paml_ros2/build/turtle_nav/build/lib
[2.012s] creating /home/daniel-choate/paml_ros2/build/turtle_nav/build/lib/turtle_nav
[2.012s] copying turtle_nav/__init__.py -> /home/daniel-choate/paml_ros2/build/turtle_nav/build/lib/turtle_nav
[2.012s] copying turtle_nav/nav_node.py -> /home/daniel-choate/paml_ros2/build/turtle_nav/build/lib/turtle_nav
[2.012s] copying turtle_nav/py.typed -> /home/daniel-choate/paml_ros2/build/turtle_nav/build/lib/turtle_nav
[2.012s] running install
[2.017s] running install_lib
[2.039s] creating /home/daniel-choate/paml_ros2/install/turtle_nav/lib/python3.12/site-packages/turtle_nav
[2.039s] copying /home/daniel-choate/paml_ros2/build/turtle_nav/build/lib/turtle_nav/__init__.py -> /home/daniel-choate/paml_ros2/install/turtle_nav/lib/python3.12/site-packages/turtle_nav
[2.039s] copying /home/daniel-choate/paml_ros2/build/turtle_nav/build/lib/turtle_nav/nav_node.py -> /home/daniel-choate/paml_ros2/install/turtle_nav/lib/python3.12/site-packages/turtle_nav
[2.040s] copying /home/daniel-choate/paml_ros2/build/turtle_nav/build/lib/turtle_nav/py.typed -> /home/daniel-choate/paml_ros2/install/turtle_nav/lib/python3.12/site-packages/turtle_nav
[2.040s] byte-compiling /home/daniel-choate/paml_ros2/install/turtle_nav/lib/python3.12/site-packages/turtle_nav/__init__.py to __init__.cpython-312.pyc
[2.040s] byte-compiling /home/daniel-choate/paml_ros2/install/turtle_nav/lib/python3.12/site-packages/turtle_nav/nav_node.py to nav_node.cpython-312.pyc
[2.041s] running install_data
[2.041s] creating /home/daniel-choate/paml_ros2/install/turtle_nav/share/ament_index
[2.041s] creating /home/daniel-choate/paml_ros2/install/turtle_nav/share/ament_index/resource_index
[2.041s] creating /home/daniel-choate/paml_ros2/install/turtle_nav/share/ament_index/resource_index/packages
[2.041s] copying resource/turtle_nav -> /home/daniel-choate/paml_ros2/install/turtle_nav/share/ament_index/resource_index/packages
[2.041s] copying package.xml -> /home/daniel-choate/paml_ros2/install/turtle_nav/share/turtle_nav
[2.041s] running install_egg_info
[2.064s] Copying ../../build/turtle_nav/turtle_nav.egg-info to /home/daniel-choate/paml_ros2/install/turtle_nav/lib/python3.12/site-packages/turtle_nav-0.0.0-py3.12.egg-info
[2.064s] running install_scripts
[2.204s] Installing turtle_nav script to /home/daniel-choate/paml_ros2/install/turtle_nav/lib/turtle_nav
[2.204s] writing list of installed files to '/home/daniel-choate/paml_ros2/build/turtle_nav/install.log'
[2.225s] Invoked command in '/home/daniel-choate/paml_ros2/src/turtle_nav' returned '0': DEBUGINFOD_URLS=https://debuginfod.ubuntu.com PYTHONPATH=/home/daniel-choate/paml_ros2/build/turtle_nav/prefix_override:/usr/lib/python3/dist-packages/colcon_core/task/python/colcon_distutils_commands:/home/daniel-choate/paml_ros2/install/turtle_nav/lib/python3.12/site-packages:${PYTHONPATH} /usr/bin/python3 -W ignore:setup.py install is deprecated -W ignore:easy_install command is deprecated setup.py egg_info --egg-base ../../build/turtle_nav build --build-base /home/daniel-choate/paml_ros2/build/turtle_nav/build install --record /home/daniel-choate/paml_ros2/build/turtle_nav/install.log --single-version-externally-managed install_data
