[0.066s] Invoking command in '/home/daniel-choate/paml_ros2/build/mapping_interfaces': CMAKE_PREFIX_PATH=${CMAKE_PREFIX_PATH}:/home/daniel-choate/paml_ros2/install/ur3_movement:/home/daniel-choate/paml_ros2/install/rgbd_capture:/home/daniel-choate/paml_ros2/install/mapping_planner:/home/daniel-choate/paml_ros2/install/mapping_executor:/home/daniel-choate/paml_ros2/install/mapping_bringup:/home/daniel-choate/paml_ros2/install/map_builder:/home/daniel-choate/paml_ros2/install/localization_bringup:/opt/ros/kilted DEBUGINFOD_URLS=https://debuginfod.ubuntu.com /usr/bin/cmake --build /home/daniel-choate/paml_ros2/build/mapping_interfaces -- -j20 -l20
[1.578s] [  1%] Built target mapping_interfaces__rosidl_generator_type_description
[1.578s] [  2%] Built target mapping_interfaces__rs
[1.578s] [  2%] Built target ament_cmake_python_copy_mapping_interfaces
[1.580s] [  4%] Built target mapping_interfaces__cpp
[1.581s] [ 26%] Built target mapping_interfaces__rosidl_generator_c
[1.581s] [ 36%] Built target mapping_interfaces__rosidl_typesupport_c
[1.581s] [ 45%] Built target mapping_interfaces__rosidl_typesupport_fastrtps_cpp
[1.582s] [ 54%] Built target mapping_interfaces__rosidl_typesupport_introspection_cpp
[1.582s] [ 82%] Built target mapping_interfaces__rosidl_typesupport_introspection_c
[1.582s] [ 82%] Built target mapping_interfaces__rosidl_typesupport_fastrtps_c
[1.582s] [ 82%] Built target mapping_interfaces__rosidl_typesupport_cpp
[1.582s] [ 82%] Built target mapping_interfaces
[1.582s] [ 84%] Built target mapping_interfaces__py
[1.582s] [ 92%] Built target mapping_interfaces__rosidl_generator_py
[1.582s] [ 94%] Built target mapping_interfaces_s__rosidl_typesupport_c
[1.583s] [ 97%] Built target mapping_interfaces_s__rosidl_typesupport_introspection_c
[1.583s] [100%] Built target mapping_interfaces_s__rosidl_typesupport_fastrtps_c
[1.583s] running egg_info
[1.583s] writing mapping_interfaces.egg-info/PKG-INFO
[1.584s] writing dependency_links to mapping_interfaces.egg-info/dependency_links.txt
[1.584s] writing top-level names to mapping_interfaces.egg-info/top_level.txt
[1.584s] reading manifest file 'mapping_interfaces.egg-info/SOURCES.txt'
[1.584s] writing manifest file 'mapping_interfaces.egg-info/SOURCES.txt'
[1.584s] [100%] Built target ament_cmake_python_build_mapping_interfaces_egg
[1.587s] Invoked command in '/home/daniel-choate/paml_ros2/build/mapping_interfaces' returned '0': CMAKE_PREFIX_PATH=${CMAKE_PREFIX_PATH}:/home/daniel-choate/paml_ros2/install/ur3_movement:/home/daniel-choate/paml_ros2/install/rgbd_capture:/home/daniel-choate/paml_ros2/install/mapping_planner:/home/daniel-choate/paml_ros2/install/mapping_executor:/home/daniel-choate/paml_ros2/install/mapping_bringup:/home/daniel-choate/paml_ros2/install/map_builder:/home/daniel-choate/paml_ros2/install/localization_bringup:/opt/ros/kilted DEBUGINFOD_URLS=https://debuginfod.ubuntu.com /usr/bin/cmake --build /home/daniel-choate/paml_ros2/build/mapping_interfaces -- -j20 -l20
[1.606s] Invoking command in '/home/daniel-choate/paml_ros2/build/mapping_interfaces': CMAKE_PREFIX_PATH=${CMAKE_PREFIX_PATH}:/home/daniel-choate/paml_ros2/install/ur3_movement:/home/daniel-choate/paml_ros2/install/rgbd_capture:/home/daniel-choate/paml_ros2/install/mapping_planner:/home/daniel-choate/paml_ros2/install/mapping_executor:/home/daniel-choate/paml_ros2/install/mapping_bringup:/home/daniel-choate/paml_ros2/install/map_builder:/home/daniel-choate/paml_ros2/install/localization_bringup:/opt/ros/kilted DEBUGINFOD_URLS=https://debuginfod.ubuntu.com /usr/bin/cmake --install /home/daniel-choate/paml_ros2/build/mapping_interfaces
[1.997s] -- Install configuration: ""
[1.997s] -- Up-to-date: /home/daniel-choate/paml_ros2/install/mapping_interfaces/share/ament_index/resource_index/rosidl_interfaces/mapping_interfaces
[1.997s] -- Up-to-date: /home/daniel-choate/paml_ros2/install/mapping_interfaces/share/mapping_interfaces/srv/GenerateMappingPlan.json
[1.998s] -- Up-to-date: /home/daniel-choate/paml_ros2/install/mapping_interfaces/share/mapping_interfaces/srv/ExecuteMappingPlan.json
[1.998s] -- Up-to-date: /home/daniel-choate/paml_ros2/install/mapping_interfaces/share/mapping_interfaces/srv/CaptureFrame.json
[1.999s] -- Up-to-date: /home/daniel-choate/paml_ros2/install/mapping_interfaces/share/mapping_interfaces/srv/IntegrateFrame.json
[2.000s] -- Up-to-date: /home/daniel-choate/paml_ros2/install/mapping_interfaces/share/mapping_interfaces/srv/ResetMap.json
[2.000s] -- Up-to-date: /home/daniel-choate/paml_ros2/install/mapping_interfaces/include/mapping_interfaces/mapping_interfaces
[2.002s] -- Up-to-date: /home/daniel-choate/paml_ros2/install/mapping_interfaces/include/mapping_interfaces/mapping_interfaces/msg
[2.002s] -- Up-to-date: /home/daniel-choate/paml_ros2/install/mapping_interfaces/include/mapping_interfaces/mapping_interfaces/msg/rosidl_generator_c__visibility_control.h
[2.003s] -- Up-to-date: /home/daniel-choate/paml_ros2/install/mapping_interfaces/include/mapping_interfaces/mapping_interfaces/srv
[2.003s] -- Up-to-date: /home/daniel-choate/paml_ros2/install/mapping_interfaces/include/mapping_interfaces/mapping_interfaces/srv/integrate_frame.h
[2.004s] -- Up-to-date: /home/daniel-choate/paml_ros2/install/mapping_interfaces/include/mapping_interfaces/mapping_interfaces/srv/execute_mapping_plan.h
[2.005s] -- Up-to-date: /home/daniel-choate/paml_ros2/install/mapping_interfaces/include/mapping_interfaces/mapping_interfaces/srv/reset_map.h
[2.006s] -- Up-to-date: /home/daniel-choate/paml_ros2/install/mapping_interfaces/include/mapping_interfaces/mapping_interfaces/srv/detail
[2.007s] -- Installing: /home/daniel-choate/paml_ros2/install/mapping_interfaces/include/mapping_interfaces/mapping_interfaces/srv/detail/capture_frame__type_support.c
[2.008s] -- Up-to-date: /home/daniel-choate/paml_ros2/install/mapping_interfaces/include/mapping_interfaces/mapping_interfaces/srv/detail/integrate_frame__functions.h
[2.009s] -- Up-to-date: /home/daniel-choate/paml_ros2/install/mapping_interfaces/include/mapping_interfaces/mapping_interfaces/srv/detail/reset_map__functions.h
[2.009s] -- Up-to-date: /home/daniel-choate/paml_ros2/install/mapping_interfaces/include/mapping_interfaces/mapping_interfaces/srv/detail/integrate_frame__type_support.h
[2.010s] -- Up-to-date: /home/daniel-choate/paml_ros2/install/mapping_interfaces/include/mapping_interfaces/mapping_interfaces/srv/detail/execute_mapping_plan__functions.c
[2.010s] -- Up-to-date: /home/daniel-choate/paml_ros2/install/mapping_interfaces/include/mapping_interfaces/mapping_interfaces/srv/detail/generate_mapping_plan__description.c
[2.011s] -- Up-to-date: /home/daniel-choate/paml_ros2/install/mapping_interfaces/include/mapping_interfaces/mapping_interfaces/srv/detail/capture_frame__type_support.h
[2.011s] -- Up-to-date: /home/daniel-choate/paml_ros2/install/mapping_interfaces/include/mapping_interfaces/mapping_interfaces/srv/detail/execute_mapping_plan__struct.h
[2.012s] -- Up-to-date: /home/daniel-choate/paml_ros2/install/mapping_interfaces/include/mapping_interfaces/mapping_interfaces/srv/detail/capture_frame__functions.c
[2.012s] -- Up-to-date: /home/daniel-choate/paml_ros2/install/mapping_interfaces/include/mapping_interfaces/mapping_interfaces/srv/detail/generate_mapping_plan__functions.h
[2.012s] -- Up-to-date: /home/daniel-choate/paml_ros2/install/mapping_interfaces/include/mapping_interfaces/mapping_interfaces/srv/detail/reset_map__type_support.h
[2.012s] -- Up-to-date: /home/daniel-choate/paml_ros2/install/mapping_interfaces/include/mapping_interfaces/mapping_interfaces/srv/detail/execute_mapping_plan__description.c
[2.012s] -- Up-to-date: /home/daniel-choate/paml_ros2/install/mapping_interfaces/include/mapping_interfaces/mapping_interfaces/srv/detail/generate_mapping_plan__struct.h
[2.012s] -- Up-to-date: /home/daniel-choate/paml_ros2/install/mapping_interfaces/include/mapping_interfaces/mapping_interfaces/srv/detail/generate_mapping_plan__functions.c
[2.012s] -- Up-to-date: /home/daniel-choate/paml_ros2/install/mapping_interfaces/include/mapping_interfaces/mapping_interfaces/srv/detail/reset_map__description.c
[2.012s] -- Up-to-date: /home/daniel-choate/paml_ros2/install/mapping_interfaces/include/mapping_interfaces/mapping_interfaces/srv/detail/integrate_frame__struct.h
[2.014s] -- Installing: /home/daniel-choate/paml_ros2/install/mapping_interfaces/include/mapping_interfaces/mapping_interfaces/srv/detail/reset_map__type_support.c
[2.014s] -- Up-to-date: /home/daniel-choate/paml_ros2/install/mapping_interfaces/include/mapping_interfaces/mapping_interfaces/srv/detail/integrate_frame__description.c
[2.014s] -- Up-to-date: /home/daniel-choate/paml_ros2/install/mapping_interfaces/include/mapping_interfaces/mapping_interfaces/srv/detail/capture_frame__functions.h
[2.015s] -- Up-to-date: /home/daniel-choate/paml_ros2/install/mapping_interfaces/include/mapping_interfaces/mapping_interfaces/srv/detail/capture_frame__struct.h
[2.018s] -- Up-to-date: /home/daniel-choate/paml_ros2/install/mapping_interfaces/include/mapping_interfaces/mapping_interfaces/srv/detail/execute_mapping_plan__functions.h
[2.019s] -- Up-to-date: /home/daniel-choate/paml_ros2/install/mapping_interfaces/include/mapping_interfaces/mapping_interfaces/srv/detail/execute_mapping_plan__type_support.h
[2.020s] -- Up-to-date: /home/daniel-choate/paml_ros2/install/mapping_interfaces/include/mapping_interfaces/mapping_interfaces/srv/detail/reset_map__functions.c
[2.021s] -- Up-to-date: /home/daniel-choate/paml_ros2/install/mapping_interfaces/include/mapping_interfaces/mapping_interfaces/srv/detail/capture_frame__description.c
[2.021s] -- Installing: /home/daniel-choate/paml_ros2/install/mapping_interfaces/include/mapping_interfaces/mapping_interfaces/srv/detail/generate_mapping_plan__type_support.c
[2.022s] -- Up-to-date: /home/daniel-choate/paml_ros2/install/mapping_interfaces/include/mapping_interfaces/mapping_interfaces/srv/detail/generate_mapping_plan__type_support.h
[2.023s] -- Installing: /home/daniel-choate/paml_ros2/install/mapping_interfaces/include/mapping_interfaces/mapping_interfaces/srv/detail/execute_mapping_plan__type_support.c
[2.023s] -- Up-to-date: /home/daniel-choate/paml_ros2/install/mapping_interfaces/include/mapping_interfaces/mapping_interfaces/srv/detail/reset_map__struct.h
[2.023s] -- Up-to-date: /home/daniel-choate/paml_ros2/install/mapping_interfaces/include/mapping_interfaces/mapping_interfaces/srv/detail/integrate_frame__functions.c
[2.024s] -- Installing: /home/daniel-choate/paml_ros2/install/mapping_interfaces/include/mapping_interfaces/mapping_interfaces/srv/detail/integrate_frame__type_support.c
[2.024s] -- Up-to-date: /home/daniel-choate/paml_ros2/install/mapping_interfaces/include/mapping_interfaces/mapping_interfaces/srv/capture_frame.h
[2.025s] -- Up-to-date: /home/daniel-choate/paml_ros2/install/mapping_interfaces/include/mapping_interfaces/mapping_interfaces/srv/generate_mapping_plan.h
[2.027s] -- Up-to-date: /home/daniel-choate/paml_ros2/install/mapping_interfaces/share/mapping_interfaces/environment/library_path.sh
[2.027s] -- Up-to-date: /home/daniel-choate/paml_ros2/install/mapping_interfaces/share/mapping_interfaces/environment/library_path.dsv
[2.029s] -- Up-to-date: /home/daniel-choate/paml_ros2/install/mapping_interfaces/lib/libmapping_interfaces__rosidl_generator_c.so
[2.029s] -- Up-to-date: /home/daniel-choate/paml_ros2/install/mapping_interfaces/include/mapping_interfaces/mapping_interfaces
[2.030s] -- Up-to-date: /home/daniel-choate/paml_ros2/install/mapping_interfaces/include/mapping_interfaces/mapping_interfaces/msg
[2.030s] -- Up-to-date: /home/daniel-choate/paml_ros2/install/mapping_interfaces/include/mapping_interfaces/mapping_interfaces/msg/rosidl_typesupport_fastrtps_c__visibility_control.h
[2.030s] -- Up-to-date: /home/daniel-choate/paml_ros2/install/mapping_interfaces/include/mapping_interfaces/mapping_interfaces/srv
[2.030s] -- Up-to-date: /home/daniel-choate/paml_ros2/install/mapping_interfaces/include/mapping_interfaces/mapping_interfaces/srv/detail
[2.031s] -- Up-to-date: /home/daniel-choate/paml_ros2/install/mapping_interfaces/include/mapping_interfaces/mapping_interfaces/srv/detail/generate_mapping_plan__rosidl_typesupport_fastrtps_c.h
[2.031s] -- Up-to-date: /home/daniel-choate/paml_ros2/install/mapping_interfaces/include/mapping_interfaces/mapping_interfaces/srv/detail/execute_mapping_plan__rosidl_typesupport_fastrtps_c.h
[2.031s] -- Up-to-date: /home/daniel-choate/paml_ros2/install/mapping_interfaces/include/mapping_interfaces/mapping_interfaces/srv/detail/capture_frame__rosidl_typesupport_fastrtps_c.h
[2.031s] -- Up-to-date: /home/daniel-choate/paml_ros2/install/mapping_interfaces/include/mapping_interfaces/mapping_interfaces/srv/detail/integrate_frame__rosidl_typesupport_fastrtps_c.h
[2.032s] -- Up-to-date: /home/daniel-choate/paml_ros2/install/mapping_interfaces/include/mapping_interfaces/mapping_interfaces/srv/detail/reset_map__rosidl_typesupport_fastrtps_c.h
[2.032s] -- Up-to-date: /home/daniel-choate/paml_ros2/install/mapping_interfaces/lib/libmapping_interfaces__rosidl_typesupport_fastrtps_c.so
[2.032s] -- Up-to-date: /home/daniel-choate/paml_ros2/install/mapping_interfaces/include/mapping_interfaces/mapping_interfaces
[2.033s] -- Up-to-date: /home/daniel-choate/paml_ros2/install/mapping_interfaces/include/mapping_interfaces/mapping_interfaces/msg
[2.033s] -- Up-to-date: /home/daniel-choate/paml_ros2/install/mapping_interfaces/include/mapping_interfaces/mapping_interfaces/msg/rosidl_generator_cpp__visibility_control.hpp
[2.033s] -- Up-to-date: /home/daniel-choate/paml_ros2/install/mapping_interfaces/include/mapping_interfaces/mapping_interfaces/srv
[2.033s] -- Up-to-date: /home/daniel-choate/paml_ros2/install/mapping_interfaces/include/mapping_interfaces/mapping_interfaces/srv/generate_mapping_plan.hpp
[2.033s] -- Up-to-date: /home/daniel-choate/paml_ros2/install/mapping_interfaces/include/mapping_interfaces/mapping_interfaces/srv/detail
[2.034s] -- Up-to-date: /home/daniel-choate/paml_ros2/install/mapping_interfaces/include/mapping_interfaces/mapping_interfaces/srv/detail/reset_map__type_support.hpp
[2.034s] -- Up-to-date: /home/daniel-choate/paml_ros2/install/mapping_interfaces/include/mapping_interfaces/mapping_interfaces/srv/detail/integrate_frame__type_support.hpp
[2.034s] -- Up-to-date: /home/daniel-choate/paml_ros2/install/mapping_interfaces/include/mapping_interfaces/mapping_interfaces/srv/detail/generate_mapping_plan__type_support.hpp
[2.034s] -- Up-to-date: /home/daniel-choate/paml_ros2/install/mapping_interfaces/include/mapping_interfaces/mapping_interfaces/srv/detail/reset_map__builder.hpp
[2.035s] -- Up-to-date: /home/daniel-choate/paml_ros2/install/mapping_interfaces/include/mapping_interfaces/mapping_interfaces/srv/detail/execute_mapping_plan__type_support.hpp
[2.035s] -- Up-to-date: /home/daniel-choate/paml_ros2/install/mapping_interfaces/include/mapping_interfaces/mapping_interfaces/srv/detail/capture_frame__struct.hpp
[2.035s] -- Up-to-date: /home/daniel-choate/paml_ros2/install/mapping_interfaces/include/mapping_interfaces/mapping_interfaces/srv/detail/generate_mapping_plan__struct.hpp
[2.035s] -- Up-to-date: /home/daniel-choate/paml_ros2/install/mapping_interfaces/include/mapping_interfaces/mapping_interfaces/srv/detail/execute_mapping_plan__struct.hpp
[2.036s] -- Up-to-date: /home/daniel-choate/paml_ros2/install/mapping_interfaces/include/mapping_interfaces/mapping_interfaces/srv/detail/integrate_frame__struct.hpp
[2.036s] -- Up-to-date: /home/daniel-choate/paml_ros2/install/mapping_interfaces/include/mapping_interfaces/mapping_interfaces/srv/detail/capture_frame__type_support.hpp
[2.036s] -- Up-to-date: /home/daniel-choate/paml_ros2/install/mapping_interfaces/include/mapping_interfaces/mapping_interfaces/srv/detail/execute_mapping_plan__builder.hpp
[2.036s] -- Up-to-date: /home/daniel-choate/paml_ros2/install/mapping_interfaces/include/mapping_interfaces/mapping_interfaces/srv/detail/execute_mapping_plan__traits.hpp
[2.037s] -- Up-to-date: /home/daniel-choate/paml_ros2/install/mapping_interfaces/include/mapping_interfaces/mapping_interfaces/srv/detail/reset_map__traits.hpp
[2.037s] -- Up-to-date: /home/daniel-choate/paml_ros2/install/mapping_interfaces/include/mapping_interfaces/mapping_interfaces/srv/detail/generate_mapping_plan__traits.hpp
[2.037s] -- Up-to-date: /home/daniel-choate/paml_ros2/install/mapping_interfaces/include/mapping_interfaces/mapping_interfaces/srv/detail/integrate_frame__traits.hpp
[2.037s] -- Up-to-date: /home/daniel-choate/paml_ros2/install/mapping_interfaces/include/mapping_interfaces/mapping_interfaces/srv/detail/reset_map__struct.hpp
[2.038s] -- Up-to-date: /home/daniel-choate/paml_ros2/install/mapping_interfaces/include/mapping_interfaces/mapping_interfaces/srv/detail/generate_mapping_plan__builder.hpp
[2.038s] -- Up-to-date: /home/daniel-choate/paml_ros2/install/mapping_interfaces/include/mapping_interfaces/mapping_interfaces/srv/detail/capture_frame__builder.hpp
[2.038s] -- Up-to-date: /home/daniel-choate/paml_ros2/install/mapping_interfaces/include/mapping_interfaces/mapping_interfaces/srv/detail/integrate_frame__builder.hpp
[2.038s] -- Up-to-date: /home/daniel-choate/paml_ros2/install/mapping_interfaces/include/mapping_interfaces/mapping_interfaces/srv/detail/capture_frame__traits.hpp
[2.039s] -- Up-to-date: /home/daniel-choate/paml_ros2/install/mapping_interfaces/include/mapping_interfaces/mapping_interfaces/srv/integrate_frame.hpp
[2.039s] -- Up-to-date: /home/daniel-choate/paml_ros2/install/mapping_interfaces/include/mapping_interfaces/mapping_interfaces/srv/execute_mapping_plan.hpp
[2.039s] -- Up-to-date: /home/daniel-choate/paml_ros2/install/mapping_interfaces/include/mapping_interfaces/mapping_interfaces/srv/capture_frame.hpp
[2.039s] -- Up-to-date: /home/daniel-choate/paml_ros2/install/mapping_interfaces/include/mapping_interfaces/mapping_interfaces/srv/reset_map.hpp
[2.040s] -- Up-to-date: /home/daniel-choate/paml_ros2/install/mapping_interfaces/include/mapping_interfaces/mapping_interfaces
[2.040s] -- Up-to-date: /home/daniel-choate/paml_ros2/install/mapping_interfaces/include/mapping_interfaces/mapping_interfaces/msg
[2.040s] -- Up-to-date: /home/daniel-choate/paml_ros2/install/mapping_interfaces/include/mapping_interfaces/mapping_interfaces/msg/rosidl_typesupport_fastrtps_cpp__visibility_control.h
[2.040s] -- Up-to-date: /home/daniel-choate/paml_ros2/install/mapping_interfaces/include/mapping_interfaces/mapping_interfaces/srv
[2.041s] -- Up-to-date: /home/daniel-choate/paml_ros2/install/mapping_interfaces/include/mapping_interfaces/mapping_interfaces/srv/detail
[2.041s] -- Up-to-date: /home/daniel-choate/paml_ros2/install/mapping_interfaces/include/mapping_interfaces/mapping_interfaces/srv/detail/dds_fastrtps
[2.041s] -- Up-to-date: /home/daniel-choate/paml_ros2/install/mapping_interfaces/include/mapping_interfaces/mapping_interfaces/srv/detail/reset_map__rosidl_typesupport_fastrtps_cpp.hpp
[2.041s] -- Up-to-date: /home/daniel-choate/paml_ros2/install/mapping_interfaces/include/mapping_interfaces/mapping_interfaces/srv/detail/generate_mapping_plan__rosidl_typesupport_fastrtps_cpp.hpp
[2.042s] -- Up-to-date: /home/daniel-choate/paml_ros2/install/mapping_interfaces/include/mapping_interfaces/mapping_interfaces/srv/detail/execute_mapping_plan__rosidl_typesupport_fastrtps_cpp.hpp
[2.042s] -- Up-to-date: /home/daniel-choate/paml_ros2/install/mapping_interfaces/include/mapping_interfaces/mapping_interfaces/srv/detail/integrate_frame__rosidl_typesupport_fastrtps_cpp.hpp
[2.042s] -- Up-to-date: /home/daniel-choate/paml_ros2/install/mapping_interfaces/include/mapping_interfaces/mapping_interfaces/srv/detail/capture_frame__rosidl_typesupport_fastrtps_cpp.hpp
[2.043s] -- Up-to-date: /home/daniel-choate/paml_ros2/install/mapping_interfaces/lib/libmapping_interfaces__rosidl_typesupport_fastrtps_cpp.so
[2.043s] -- Up-to-date: /home/daniel-choate/paml_ros2/install/mapping_interfaces/include/mapping_interfaces/mapping_interfaces
[2.043s] -- Up-to-date: /home/daniel-choate/paml_ros2/install/mapping_interfaces/include/mapping_interfaces/mapping_interfaces/msg
[2.043s] -- Up-to-date: /home/daniel-choate/paml_ros2/install/mapping_interfaces/include/mapping_interfaces/mapping_interfaces/msg/rosidl_typesupport_introspection_c__visibility_control.h
[2.044s] -- Up-to-date: /home/daniel-choate/paml_ros2/install/mapping_interfaces/include/mapping_interfaces/mapping_interfaces/srv
[2.044s] -- Up-to-date: /home/daniel-choate/paml_ros2/install/mapping_interfaces/include/mapping_interfaces/mapping_interfaces/srv/detail
[2.044s] -- Installing: /home/daniel-choate/paml_ros2/install/mapping_interfaces/include/mapping_interfaces/mapping_interfaces/srv/detail/capture_frame__type_support.c
[2.044s] -- Up-to-date: /home/daniel-choate/paml_ros2/install/mapping_interfaces/include/mapping_interfaces/mapping_interfaces/srv/detail/execute_mapping_plan__rosidl_typesupport_introspection_c.h
[2.045s] -- Up-to-date: /home/daniel-choate/paml_ros2/install/mapping_interfaces/include/mapping_interfaces/mapping_interfaces/srv/detail/reset_map__rosidl_typesupport_introspection_c.h
[2.046s] -- Up-to-date: /home/daniel-choate/paml_ros2/install/mapping_interfaces/include/mapping_interfaces/mapping_interfaces/srv/detail/capture_frame__rosidl_typesupport_introspection_c.h
[2.046s] -- Installing: /home/daniel-choate/paml_ros2/install/mapping_interfaces/include/mapping_interfaces/mapping_interfaces/srv/detail/reset_map__type_support.c
[2.047s] -- Up-to-date: /home/daniel-choate/paml_ros2/install/mapping_interfaces/include/mapping_interfaces/mapping_interfaces/srv/detail/generate_mapping_plan__rosidl_typesupport_introspection_c.h
[2.047s] -- Installing: /home/daniel-choate/paml_ros2/install/mapping_interfaces/include/mapping_interfaces/mapping_interfaces/srv/detail/generate_mapping_plan__type_support.c
[2.048s] -- Installing: /home/daniel-choate/paml_ros2/install/mapping_interfaces/include/mapping_interfaces/mapping_interfaces/srv/detail/execute_mapping_plan__type_support.c
[2.048s] -- Up-to-date: /home/daniel-choate/paml_ros2/install/mapping_interfaces/include/mapping_interfaces/mapping_interfaces/srv/detail/integrate_frame__rosidl_typesupport_introspection_c.h
[2.048s] -- Installing: /home/daniel-choate/paml_ros2/install/mapping_interfaces/include/mapping_interfaces/mapping_interfaces/srv/detail/integrate_frame__type_support.c
[2.049s] -- Up-to-date: /home/daniel-choate/paml_ros2/install/mapping_interfaces/lib/libmapping_interfaces__rosidl_typesupport_introspection_c.so
[2.049s] -- Up-to-date: /home/daniel-choate/paml_ros2/install/mapping_interfaces/lib/libmapping_interfaces__rosidl_typesupport_c.so
[2.049s] -- Up-to-date: /home/daniel-choate/paml_ros2/install/mapping_interfaces/include/mapping_interfaces/mapping_interfaces
[2.049s] -- Up-to-date: /home/daniel-choate/paml_ros2/install/mapping_interfaces/include/mapping_interfaces/mapping_interfaces/srv
[2.050s] -- Up-to-date: /home/daniel-choate/paml_ros2/install/mapping_interfaces/include/mapping_interfaces/mapping_interfaces/srv/detail
[2.050s] -- Up-to-date: /home/daniel-choate/paml_ros2/install/mapping_interfaces/include/mapping_interfaces/mapping_interfaces/srv/detail/integrate_frame__rosidl_typesupport_introspection_cpp.hpp
[2.050s] -- Up-to-date: /home/daniel-choate/paml_ros2/install/mapping_interfaces/include/mapping_interfaces/mapping_interfaces/srv/detail/integrate_frame__type_support.cpp
[2.051s] -- Up-to-date: /home/daniel-choate/paml_ros2/install/mapping_interfaces/include/mapping_interfaces/mapping_interfaces/srv/detail/reset_map__rosidl_typesupport_introspection_cpp.hpp
[2.053s] -- Up-to-date: /home/daniel-choate/paml_ros2/install/mapping_interfaces/include/mapping_interfaces/mapping_interfaces/srv/detail/capture_frame__type_support.cpp
[2.054s] -- Up-to-date: /home/daniel-choate/paml_ros2/install/mapping_interfaces/include/mapping_interfaces/mapping_interfaces/srv/detail/generate_mapping_plan__type_support.cpp
[2.054s] -- Up-to-date: /home/daniel-choate/paml_ros2/install/mapping_interfaces/include/mapping_interfaces/mapping_interfaces/srv/detail/execute_mapping_plan__type_support.cpp
[2.054s] -- Up-to-date: /home/daniel-choate/paml_ros2/install/mapping_interfaces/include/mapping_interfaces/mapping_interfaces/srv/detail/execute_mapping_plan__rosidl_typesupport_introspection_cpp.hpp
[2.054s] -- Up-to-date: /home/daniel-choate/paml_ros2/install/mapping_interfaces/include/mapping_interfaces/mapping_interfaces/srv/detail/capture_frame__rosidl_typesupport_introspection_cpp.hpp
[2.055s] -- Up-to-date: /home/daniel-choate/paml_ros2/install/mapping_interfaces/include/mapping_interfaces/mapping_interfaces/srv/detail/generate_mapping_plan__rosidl_typesupport_introspection_cpp.hpp
[2.055s] -- Up-to-date: /home/daniel-choate/paml_ros2/install/mapping_interfaces/include/mapping_interfaces/mapping_interfaces/srv/detail/reset_map__type_support.cpp
[2.055s] -- Up-to-date: /home/daniel-choate/paml_ros2/install/mapping_interfaces/lib/libmapping_interfaces__rosidl_typesupport_introspection_cpp.so
[2.057s] -- Up-to-date: /home/daniel-choate/paml_ros2/install/mapping_interfaces/lib/libmapping_interfaces__rosidl_typesupport_cpp.so
[2.057s] -- Up-to-date: /home/daniel-choate/paml_ros2/install/mapping_interfaces/share/mapping_interfaces/environment/pythonpath.sh
[2.057s] -- Up-to-date: /home/daniel-choate/paml_ros2/install/mapping_interfaces/share/mapping_interfaces/environment/pythonpath.dsv
[2.058s] -- Up-to-date: /home/daniel-choate/paml_ros2/install/mapping_interfaces/lib/python3.12/site-packages/mapping_interfaces-0.0.0-py3.12.egg-info
[2.058s] -- Installing: /home/daniel-choate/paml_ros2/install/mapping_interfaces/lib/python3.12/site-packages/mapping_interfaces-0.0.0-py3.12.egg-info/dependency_links.txt
[2.058s] -- Installing: /home/daniel-choate/paml_ros2/install/mapping_interfaces/lib/python3.12/site-packages/mapping_interfaces-0.0.0-py3.12.egg-info/PKG-INFO
[2.058s] -- Installing: /home/daniel-choate/paml_ros2/install/mapping_interfaces/lib/python3.12/site-packages/mapping_interfaces-0.0.0-py3.12.egg-info/top_level.txt
[2.058s] -- Installing: /home/daniel-choate/paml_ros2/install/mapping_interfaces/lib/python3.12/site-packages/mapping_interfaces-0.0.0-py3.12.egg-info/SOURCES.txt
[2.059s] -- Up-to-date: /home/daniel-choate/paml_ros2/install/mapping_interfaces/lib/python3.12/site-packages/mapping_interfaces
[2.059s] -- Up-to-date: /home/daniel-choate/paml_ros2/install/mapping_interfaces/lib/python3.12/site-packages/mapping_interfaces/_mapping_interfaces_s.ep.rosidl_typesupport_fastrtps_c.c
[2.059s] -- Up-to-date: /home/daniel-choate/paml_ros2/install/mapping_interfaces/lib/python3.12/site-packages/mapping_interfaces/mapping_interfaces_s__rosidl_typesupport_c.so
[2.059s] -- Up-to-date: /home/daniel-choate/paml_ros2/install/mapping_interfaces/lib/python3.12/site-packages/mapping_interfaces/__init__.py
[2.059s] -- Up-to-date: /home/daniel-choate/paml_ros2/install/mapping_interfaces/lib/python3.12/site-packages/mapping_interfaces/_mapping_interfaces_s.ep.rosidl_typesupport_introspection_c.c
[2.059s] -- Up-to-date: /home/daniel-choate/paml_ros2/install/mapping_interfaces/lib/python3.12/site-packages/mapping_interfaces/srv
[2.060s] -- Up-to-date: /home/daniel-choate/paml_ros2/install/mapping_interfaces/lib/python3.12/site-packages/mapping_interfaces/srv/_capture_frame_s.c
[2.060s] -- Up-to-date: /home/daniel-choate/paml_ros2/install/mapping_interfaces/lib/python3.12/site-packages/mapping_interfaces/srv/_generate_mapping_plan.py
[2.060s] -- Up-to-date: /home/daniel-choate/paml_ros2/install/mapping_interfaces/lib/python3.12/site-packages/mapping_interfaces/srv/__init__.py
[2.060s] -- Up-to-date: /home/daniel-choate/paml_ros2/install/mapping_interfaces/lib/python3.12/site-packages/mapping_interfaces/srv/_reset_map_s.c
[2.060s] -- Up-to-date: /home/daniel-choate/paml_ros2/install/mapping_interfaces/lib/python3.12/site-packages/mapping_interfaces/srv/_execute_mapping_plan_s.c
[2.061s] -- Up-to-date: /home/daniel-choate/paml_ros2/install/mapping_interfaces/lib/python3.12/site-packages/mapping_interfaces/srv/_integrate_frame.py
[2.062s] -- Up-to-date: /home/daniel-choate/paml_ros2/install/mapping_interfaces/lib/python3.12/site-packages/mapping_interfaces/srv/_capture_frame.py
[2.062s] -- Up-to-date: /home/daniel-choate/paml_ros2/install/mapping_interfaces/lib/python3.12/site-packages/mapping_interfaces/srv/_generate_mapping_plan_s.c
[2.063s] -- Up-to-date: /home/daniel-choate/paml_ros2/install/mapping_interfaces/lib/python3.12/site-packages/mapping_interfaces/srv/_execute_mapping_plan.py
[2.063s] -- Up-to-date: /home/daniel-choate/paml_ros2/install/mapping_interfaces/lib/python3.12/site-packages/mapping_interfaces/srv/_integrate_frame_s.c
[2.064s] -- Up-to-date: /home/daniel-choate/paml_ros2/install/mapping_interfaces/lib/python3.12/site-packages/mapping_interfaces/srv/_reset_map.py
[2.064s] -- Up-to-date: /home/daniel-choate/paml_ros2/install/mapping_interfaces/lib/python3.12/site-packages/mapping_interfaces/mapping_interfaces_s__rosidl_typesupport_fastrtps_c.so
[2.065s] -- Up-to-date: /home/daniel-choate/paml_ros2/install/mapping_interfaces/lib/python3.12/site-packages/mapping_interfaces/mapping_interfaces_s__rosidl_typesupport_introspection_c.so
[2.065s] -- Up-to-date: /home/daniel-choate/paml_ros2/install/mapping_interfaces/lib/python3.12/site-packages/mapping_interfaces/_mapping_interfaces_s.ep.rosidl_typesupport_c.c
[2.101s] Listing '/home/daniel-choate/paml_ros2/install/mapping_interfaces/lib/python3.12/site-packages/mapping_interfaces'...
[2.101s] Listing '/home/daniel-choate/paml_ros2/install/mapping_interfaces/lib/python3.12/site-packages/mapping_interfaces/srv'...
[2.116s] -- Up-to-date: /home/daniel-choate/paml_ros2/install/mapping_interfaces/lib/python3.12/site-packages/mapping_interfaces/mapping_interfaces_s__rosidl_typesupport_fastrtps_c.so
[2.117s] -- Up-to-date: /home/daniel-choate/paml_ros2/install/mapping_interfaces/lib/python3.12/site-packages/mapping_interfaces/mapping_interfaces_s__rosidl_typesupport_introspection_c.so
[2.119s] -- Up-to-date: /home/daniel-choate/paml_ros2/install/mapping_interfaces/lib/python3.12/site-packages/mapping_interfaces/mapping_interfaces_s__rosidl_typesupport_c.so
[2.119s] -- Up-to-date: /home/daniel-choate/paml_ros2/install/mapping_interfaces/lib/libmapping_interfaces__rosidl_generator_py.so
[2.120s] -- Up-to-date: /home/daniel-choate/paml_ros2/install/mapping_interfaces/share/ament_index/resource_index/rust_packages/mapping_interfaces
[2.120s] -- Up-to-date: /home/daniel-choate/paml_ros2/install/mapping_interfaces/share/mapping_interfaces/rust
[2.120s] -- Up-to-date: /home/daniel-choate/paml_ros2/install/mapping_interfaces/share/mapping_interfaces/rust/src
[2.120s] -- Up-to-date: /home/daniel-choate/paml_ros2/install/mapping_interfaces/share/mapping_interfaces/rust/src/srv
[2.120s] -- Up-to-date: /home/daniel-choate/paml_ros2/install/mapping_interfaces/share/mapping_interfaces/rust/src/srv/rmw.rs
[2.120s] -- Up-to-date: /home/daniel-choate/paml_ros2/install/mapping_interfaces/share/mapping_interfaces/rust/src/lib.rs
[2.120s] -- Up-to-date: /home/daniel-choate/paml_ros2/install/mapping_interfaces/share/mapping_interfaces/rust/src/srv.rs
[2.120s] -- Up-to-date: /home/daniel-choate/paml_ros2/install/mapping_interfaces/share/mapping_interfaces/rust/build.rs
[2.121s] -- Up-to-date: /home/daniel-choate/paml_ros2/install/mapping_interfaces/share/mapping_interfaces/rust/Cargo.toml
[2.121s] -- Up-to-date: /home/daniel-choate/paml_ros2/install/mapping_interfaces/share/mapping_interfaces/srv/GenerateMappingPlan.idl
[2.121s] -- Up-to-date: /home/daniel-choate/paml_ros2/install/mapping_interfaces/share/mapping_interfaces/srv/ExecuteMappingPlan.idl
[2.121s] -- Up-to-date: /home/daniel-choate/paml_ros2/install/mapping_interfaces/share/mapping_interfaces/srv/CaptureFrame.idl
[2.121s] -- Up-to-date: /home/daniel-choate/paml_ros2/install/mapping_interfaces/share/mapping_interfaces/srv/IntegrateFrame.idl
[2.121s] -- Up-to-date: /home/daniel-choate/paml_ros2/install/mapping_interfaces/share/mapping_interfaces/srv/ResetMap.idl
[2.122s] -- Up-to-date: /home/daniel-choate/paml_ros2/install/mapping_interfaces/share/mapping_interfaces/srv/GenerateMappingPlan.srv
[2.122s] -- Up-to-date: /home/daniel-choate/paml_ros2/install/mapping_interfaces/share/mapping_interfaces/srv/ExecuteMappingPlan.srv
[2.122s] -- Up-to-date: /home/daniel-choate/paml_ros2/install/mapping_interfaces/share/mapping_interfaces/srv/CaptureFrame.srv
[2.123s] -- Up-to-date: /home/daniel-choate/paml_ros2/install/mapping_interfaces/share/mapping_interfaces/srv/IntegrateFrame.srv
[2.123s] -- Up-to-date: /home/daniel-choate/paml_ros2/install/mapping_interfaces/share/mapping_interfaces/srv/ResetMap.srv
[2.125s] -- Up-to-date: /home/daniel-choate/paml_ros2/install/mapping_interfaces/share/ament_index/resource_index/package_run_dependencies/mapping_interfaces
[2.126s] -- Up-to-date: /home/daniel-choate/paml_ros2/install/mapping_interfaces/share/ament_index/resource_index/parent_prefix_path/mapping_interfaces
[2.126s] -- Up-to-date: /home/daniel-choate/paml_ros2/install/mapping_interfaces/share/mapping_interfaces/environment/ament_prefix_path.sh
[2.126s] -- Up-to-date: /home/daniel-choate/paml_ros2/install/mapping_interfaces/share/mapping_interfaces/environment/ament_prefix_path.dsv
[2.127s] -- Up-to-date: /home/daniel-choate/paml_ros2/install/mapping_interfaces/share/mapping_interfaces/environment/path.sh
[2.127s] -- Up-to-date: /home/daniel-choate/paml_ros2/install/mapping_interfaces/share/mapping_interfaces/environment/path.dsv
[2.127s] -- Up-to-date: /home/daniel-choate/paml_ros2/install/mapping_interfaces/share/mapping_interfaces/local_setup.bash
[2.127s] -- Up-to-date: /home/daniel-choate/paml_ros2/install/mapping_interfaces/share/mapping_interfaces/local_setup.sh
[2.127s] -- Up-to-date: /home/daniel-choate/paml_ros2/install/mapping_interfaces/share/mapping_interfaces/local_setup.zsh
[2.127s] -- Up-to-date: /home/daniel-choate/paml_ros2/install/mapping_interfaces/share/mapping_interfaces/local_setup.dsv
[2.127s] -- Installing: /home/daniel-choate/paml_ros2/install/mapping_interfaces/share/mapping_interfaces/package.dsv
[2.127s] -- Up-to-date: /home/daniel-choate/paml_ros2/install/mapping_interfaces/share/ament_index/resource_index/packages/mapping_interfaces
[2.128s] -- Up-to-date: /home/daniel-choate/paml_ros2/install/mapping_interfaces/share/mapping_interfaces/cmake/export_mapping_interfaces__rosidl_generator_cExport.cmake
[2.128s] -- Up-to-date: /home/daniel-choate/paml_ros2/install/mapping_interfaces/share/mapping_interfaces/cmake/export_mapping_interfaces__rosidl_generator_cExport-noconfig.cmake
[2.128s] -- Up-to-date: /home/daniel-choate/paml_ros2/install/mapping_interfaces/share/mapping_interfaces/cmake/export_mapping_interfaces__rosidl_typesupport_fastrtps_cExport.cmake
[2.128s] -- Up-to-date: /home/daniel-choate/paml_ros2/install/mapping_interfaces/share/mapping_interfaces/cmake/export_mapping_interfaces__rosidl_typesupport_fastrtps_cExport-noconfig.cmake
[2.128s] -- Up-to-date: /home/daniel-choate/paml_ros2/install/mapping_interfaces/share/mapping_interfaces/cmake/export_mapping_interfaces__rosidl_generator_cppExport.cmake
[2.128s] -- Up-to-date: /home/daniel-choate/paml_ros2/install/mapping_interfaces/share/mapping_interfaces/cmake/export_mapping_interfaces__rosidl_typesupport_fastrtps_cppExport.cmake
[2.128s] -- Up-to-date: /home/daniel-choate/paml_ros2/install/mapping_interfaces/share/mapping_interfaces/cmake/export_mapping_interfaces__rosidl_typesupport_fastrtps_cppExport-noconfig.cmake
[2.129s] -- Up-to-date: /home/daniel-choate/paml_ros2/install/mapping_interfaces/share/mapping_interfaces/cmake/mapping_interfaces__rosidl_typesupport_introspection_cExport.cmake
[2.129s] -- Up-to-date: /home/daniel-choate/paml_ros2/install/mapping_interfaces/share/mapping_interfaces/cmake/mapping_interfaces__rosidl_typesupport_introspection_cExport-noconfig.cmake
[2.129s] -- Up-to-date: /home/daniel-choate/paml_ros2/install/mapping_interfaces/share/mapping_interfaces/cmake/mapping_interfaces__rosidl_typesupport_cExport.cmake
[2.129s] -- Up-to-date: /home/daniel-choate/paml_ros2/install/mapping_interfaces/share/mapping_interfaces/cmake/mapping_interfaces__rosidl_typesupport_cExport-noconfig.cmake
[2.129s] -- Up-to-date: /home/daniel-choate/paml_ros2/install/mapping_interfaces/share/mapping_interfaces/cmake/mapping_interfaces__rosidl_typesupport_introspection_cppExport.cmake
[2.130s] -- Up-to-date: /home/daniel-choate/paml_ros2/install/mapping_interfaces/share/mapping_interfaces/cmake/mapping_interfaces__rosidl_typesupport_introspection_cppExport-noconfig.cmake
[2.131s] -- Up-to-date: /home/daniel-choate/paml_ros2/install/mapping_interfaces/share/mapping_interfaces/cmake/mapping_interfaces__rosidl_typesupport_cppExport.cmake
[2.132s] -- Up-to-date: /home/daniel-choate/paml_ros2/install/mapping_interfaces/share/mapping_interfaces/cmake/mapping_interfaces__rosidl_typesupport_cppExport-noconfig.cmake
[2.134s] -- Up-to-date: /home/daniel-choate/paml_ros2/install/mapping_interfaces/share/mapping_interfaces/cmake/export_mapping_interfaces__rosidl_generator_pyExport.cmake
[2.134s] -- Up-to-date: /home/daniel-choate/paml_ros2/install/mapping_interfaces/share/mapping_interfaces/cmake/export_mapping_interfaces__rosidl_generator_pyExport-noconfig.cmake
[2.135s] -- Up-to-date: /home/daniel-choate/paml_ros2/install/mapping_interfaces/share/mapping_interfaces/cmake/rosidl_cmake-extras.cmake
[2.136s] -- Up-to-date: /home/daniel-choate/paml_ros2/install/mapping_interfaces/share/mapping_interfaces/cmake/ament_cmake_export_dependencies-extras.cmake
[2.136s] -- Up-to-date: /home/daniel-choate/paml_ros2/install/mapping_interfaces/share/mapping_interfaces/cmake/ament_cmake_export_include_directories-extras.cmake
[2.137s] -- Up-to-date: /home/daniel-choate/paml_ros2/install/mapping_interfaces/share/mapping_interfaces/cmake/ament_cmake_export_libraries-extras.cmake
[2.137s] -- Up-to-date: /home/daniel-choate/paml_ros2/install/mapping_interfaces/share/mapping_interfaces/cmake/ament_cmake_export_targets-extras.cmake
[2.138s] -- Up-to-date: /home/daniel-choate/paml_ros2/install/mapping_interfaces/share/mapping_interfaces/cmake/rosidl_cmake_export_typesupport_targets-extras.cmake
[2.138s] -- Up-to-date: /home/daniel-choate/paml_ros2/install/mapping_interfaces/share/mapping_interfaces/cmake/rosidl_cmake_export_typesupport_libraries-extras.cmake
[2.138s] -- Up-to-date: /home/daniel-choate/paml_ros2/install/mapping_interfaces/share/mapping_interfaces/cmake/mapping_interfacesConfig.cmake
[2.138s] -- Up-to-date: /home/daniel-choate/paml_ros2/install/mapping_interfaces/share/mapping_interfaces/cmake/mapping_interfacesConfig-version.cmake
[2.139s] -- Up-to-date: /home/daniel-choate/paml_ros2/install/mapping_interfaces/share/mapping_interfaces/package.xml
[2.140s] Invoked command in '/home/daniel-choate/paml_ros2/build/mapping_interfaces' returned '0': CMAKE_PREFIX_PATH=${CMAKE_PREFIX_PATH}:/home/daniel-choate/paml_ros2/install/ur3_movement:/home/daniel-choate/paml_ros2/install/rgbd_capture:/home/daniel-choate/paml_ros2/install/mapping_planner:/home/daniel-choate/paml_ros2/install/mapping_executor:/home/daniel-choate/paml_ros2/install/mapping_bringup:/home/daniel-choate/paml_ros2/install/map_builder:/home/daniel-choate/paml_ros2/install/localization_bringup:/opt/ros/kilted DEBUGINFOD_URLS=https://debuginfod.ubuntu.com /usr/bin/cmake --install /home/daniel-choate/paml_ros2/build/mapping_interfaces
