[0.103s] DEBUG:colcon:Command line arguments: ['/usr/bin/colcon', 'build']
[0.103s] DEBUG:colcon:Parsed command line arguments: Namespace(log_base=None, log_level=None, verb_name='build', build_base='build', install_base='install', merge_install=False, symlink_install=False, test_result_base=None, continue_on_error=False, executor='parallel', parallel_workers=20, event_handlers=None, ignore_user_meta=False, metas=['./colcon.meta'], base_paths=['.'], packages_ignore=None, packages_ignore_regex=None, paths=None, packages_up_to=None, packages_up_to_regex=None, packages_above=None, packages_above_and_dependencies=None, packages_above_depth=None, packages_select_by_dep=None, packages_skip_by_dep=None, packages_skip_up_to=None, packages_select_build_failed=False, packages_skip_build_finished=False, packages_select_test_failures=False, packages_skip_test_passed=False, packages_select=None, packages_skip=None, packages_select_regex=None, packages_skip_regex=None, packages_start=None, packages_end=None, allow_overriding=[], cmake_args=None, cmake_target=None, cmake_target_skip_unavailable=False, cmake_clean_cache=False, cmake_clean_first=False, cmake_force_configure=False, ament_cmake_args=None, catkin_cmake_args=None, catkin_skip_building_tests=False, mixin_files=None, mixin=None, verb_parser=<colcon_mixin.mixin.mixin_argument.MixinArgumentDecorator object at 0x7f4f92af1a30>, verb_extension=<colcon_core.verb.build.BuildVerb object at 0x7f4f92a1a360>, main=<bound method BuildVerb.main of <colcon_core.verb.build.BuildVerb object at 0x7f4f92a1a360>>, mixin_verb=('build',))
[0.142s] Level 1:colcon.colcon_core.package_discovery:discover_packages(colcon_meta) check parameters
[0.142s] Level 1:colcon.colcon_core.package_discovery:discover_packages(recursive) check parameters
[0.142s] Level 1:colcon.colcon_core.package_discovery:discover_packages(ignore) check parameters
[0.142s] Level 1:colcon.colcon_core.package_discovery:discover_packages(path) check parameters
[0.142s] Level 1:colcon.colcon_core.package_discovery:discover_packages(colcon_meta) discover
[0.142s] Level 1:colcon.colcon_core.package_discovery:discover_packages(recursive) discover
[0.142s] INFO:colcon.colcon_core.package_discovery:Crawling recursively for packages in '/home/daniel-choate/paml_ros2'
[0.142s] Level 1:colcon.colcon_core.package_identification:_identify(.) by extensions ['ignore', 'ignore_ament_install']
[0.142s] Level 1:colcon.colcon_core.package_identification:_identify(.) by extension 'ignore'
[0.142s] Level 1:colcon.colcon_core.package_identification:_identify(.) by extension 'ignore_ament_install'
[0.142s] Level 1:colcon.colcon_core.package_identification:_identify(.) by extensions ['colcon_pkg']
[0.142s] Level 1:colcon.colcon_core.package_identification:_identify(.) by extension 'colcon_pkg'
[0.142s] Level 1:colcon.colcon_core.package_identification:_identify(.) by extensions ['colcon_meta']
[0.142s] Level 1:colcon.colcon_core.package_identification:_identify(.) by extension 'colcon_meta'
[0.142s] Level 1:colcon.colcon_core.package_identification:_identify(.) by extensions ['ros']
[0.142s] Level 1:colcon.colcon_core.package_identification:_identify(.) by extension 'ros'
[0.166s] Level 1:colcon.colcon_core.package_identification:_identify(.) by extensions ['cmake', 'python']
[0.166s] Level 1:colcon.colcon_core.package_identification:_identify(.) by extension 'cmake'
[0.167s] Level 1:colcon.colcon_core.package_identification:_identify(.) by extension 'python'
[0.167s] Level 1:colcon.colcon_core.package_identification:_identify(.) by extensions ['python_setup_py']
[0.167s] Level 1:colcon.colcon_core.package_identification:_identify(.) by extension 'python_setup_py'
[0.167s] Level 1:colcon.colcon_core.package_identification:_identify(build) by extensions ['ignore', 'ignore_ament_install']
[0.167s] Level 1:colcon.colcon_core.package_identification:_identify(build) by extension 'ignore'
[0.167s] Level 1:colcon.colcon_core.package_identification:_identify(build) ignored
[0.167s] Level 1:colcon.colcon_core.package_identification:_identify(install) by extensions ['ignore', 'ignore_ament_install']
[0.167s] Level 1:colcon.colcon_core.package_identification:_identify(install) by extension 'ignore'
[0.167s] Level 1:colcon.colcon_core.package_identification:_identify(install) ignored
[0.167s] Level 1:colcon.colcon_core.package_identification:_identify(log) by extensions ['ignore', 'ignore_ament_install']
[0.167s] Level 1:colcon.colcon_core.package_identification:_identify(log) by extension 'ignore'
[0.167s] Level 1:colcon.colcon_core.package_identification:_identify(log) ignored
[0.167s] Level 1:colcon.colcon_core.package_identification:_identify(src) by extensions ['ignore', 'ignore_ament_install']
[0.167s] Level 1:colcon.colcon_core.package_identification:_identify(src) by extension 'ignore'
[0.167s] Level 1:colcon.colcon_core.package_identification:_identify(src) by extension 'ignore_ament_install'
[0.167s] Level 1:colcon.colcon_core.package_identification:_identify(src) by extensions ['colcon_pkg']
[0.167s] Level 1:colcon.colcon_core.package_identification:_identify(src) by extension 'colcon_pkg'
[0.167s] Level 1:colcon.colcon_core.package_identification:_identify(src) by extensions ['colcon_meta']
[0.167s] Level 1:colcon.colcon_core.package_identification:_identify(src) by extension 'colcon_meta'
[0.167s] Level 1:colcon.colcon_core.package_identification:_identify(src) by extensions ['ros']
[0.167s] Level 1:colcon.colcon_core.package_identification:_identify(src) by extension 'ros'
[0.167s] Level 1:colcon.colcon_core.package_identification:_identify(src) by extensions ['cmake', 'python']
[0.167s] Level 1:colcon.colcon_core.package_identification:_identify(src) by extension 'cmake'
[0.167s] Level 1:colcon.colcon_core.package_identification:_identify(src) by extension 'python'
[0.167s] Level 1:colcon.colcon_core.package_identification:_identify(src) by extensions ['python_setup_py']
[0.167s] Level 1:colcon.colcon_core.package_identification:_identify(src) by extension 'python_setup_py'
[0.167s] Level 1:colcon.colcon_core.package_identification:_identify(src/mapping_executor) by extensions ['ignore', 'ignore_ament_install']
[0.167s] Level 1:colcon.colcon_core.package_identification:_identify(src/mapping_executor) by extension 'ignore'
[0.167s] Level 1:colcon.colcon_core.package_identification:_identify(src/mapping_executor) by extension 'ignore_ament_install'
[0.168s] Level 1:colcon.colcon_core.package_identification:_identify(src/mapping_executor) by extensions ['colcon_pkg']
[0.168s] Level 1:colcon.colcon_core.package_identification:_identify(src/mapping_executor) by extension 'colcon_pkg'
[0.168s] Level 1:colcon.colcon_core.package_identification:_identify(src/mapping_executor) by extensions ['colcon_meta']
[0.168s] Level 1:colcon.colcon_core.package_identification:_identify(src/mapping_executor) by extension 'colcon_meta'
[0.168s] Level 1:colcon.colcon_core.package_identification:_identify(src/mapping_executor) by extensions ['ros']
[0.168s] Level 1:colcon.colcon_core.package_identification:_identify(src/mapping_executor) by extension 'ros'
[0.170s] DEBUG:colcon.colcon_core.package_identification:Package 'src/mapping_executor' with type 'ros.ament_python' and name 'mapping_executor'
[0.170s] Level 1:colcon.colcon_core.package_identification:_identify(src/mapping_interfaces) by extensions ['ignore', 'ignore_ament_install']
[0.170s] Level 1:colcon.colcon_core.package_identification:_identify(src/mapping_interfaces) by extension 'ignore'
[0.170s] Level 1:colcon.colcon_core.package_identification:_identify(src/mapping_interfaces) by extension 'ignore_ament_install'
[0.170s] Level 1:colcon.colcon_core.package_identification:_identify(src/mapping_interfaces) by extensions ['colcon_pkg']
[0.170s] Level 1:colcon.colcon_core.package_identification:_identify(src/mapping_interfaces) by extension 'colcon_pkg'
[0.170s] Level 1:colcon.colcon_core.package_identification:_identify(src/mapping_interfaces) by extensions ['colcon_meta']
[0.170s] Level 1:colcon.colcon_core.package_identification:_identify(src/mapping_interfaces) by extension 'colcon_meta'
[0.170s] Level 1:colcon.colcon_core.package_identification:_identify(src/mapping_interfaces) by extensions ['ros']
[0.170s] Level 1:colcon.colcon_core.package_identification:_identify(src/mapping_interfaces) by extension 'ros'
[0.170s] DEBUG:colcon.colcon_core.package_identification:Package 'src/mapping_interfaces' with type 'ros.ament_cmake' and name 'mapping_interfaces'
[0.170s] Level 1:colcon.colcon_core.package_identification:_identify(src/mapping_planner) by extensions ['ignore', 'ignore_ament_install']
[0.170s] Level 1:colcon.colcon_core.package_identification:_identify(src/mapping_planner) by extension 'ignore'
[0.170s] Level 1:colcon.colcon_core.package_identification:_identify(src/mapping_planner) by extension 'ignore_ament_install'
[0.170s] Level 1:colcon.colcon_core.package_identification:_identify(src/mapping_planner) by extensions ['colcon_pkg']
[0.170s] Level 1:colcon.colcon_core.package_identification:_identify(src/mapping_planner) by extension 'colcon_pkg'
[0.171s] Level 1:colcon.colcon_core.package_identification:_identify(src/mapping_planner) by extensions ['colcon_meta']
[0.171s] Level 1:colcon.colcon_core.package_identification:_identify(src/mapping_planner) by extension 'colcon_meta'
[0.171s] Level 1:colcon.colcon_core.package_identification:_identify(src/mapping_planner) by extensions ['ros']
[0.171s] Level 1:colcon.colcon_core.package_identification:_identify(src/mapping_planner) by extension 'ros'
[0.171s] DEBUG:colcon.colcon_core.package_identification:Package 'src/mapping_planner' with type 'ros.ament_python' and name 'mapping_planner'
[0.171s] Level 1:colcon.colcon_core.package_discovery:discover_packages(recursive) using defaults
[0.171s] Level 1:colcon.colcon_core.package_discovery:discover_packages(ignore) discover
[0.171s] Level 1:colcon.colcon_core.package_discovery:discover_packages(ignore) using defaults
[0.171s] Level 1:colcon.colcon_core.package_discovery:discover_packages(path) discover
[0.171s] Level 1:colcon.colcon_core.package_discovery:discover_packages(path) using defaults
[0.188s] Level 1:colcon.colcon_core.package_discovery:discover_packages(prefix_path) check parameters
[0.188s] Level 1:colcon.colcon_core.package_discovery:discover_packages(prefix_path) discover
[0.190s] WARNING:colcon.colcon_ros.prefix_path.ament:The path '/home/daniel-choate/paml_ros2/install/mapping_planner' in the environment variable AMENT_PREFIX_PATH doesn't exist
[0.190s] WARNING:colcon.colcon_ros.prefix_path.ament:The path '/home/daniel-choate/paml_ros2/install/mapping_executor' in the environment variable AMENT_PREFIX_PATH doesn't exist
[0.190s] WARNING:colcon.colcon_ros.prefix_path.ament:The path '/home/daniel-choate/paml_ros2/install/mapping_interfaces' in the environment variable AMENT_PREFIX_PATH doesn't exist
[0.190s] WARNING:colcon.colcon_ros.prefix_path.catkin:The path '/home/daniel-choate/paml_ros2/install/mapping_interfaces' in the environment variable CMAKE_PREFIX_PATH doesn't exist
[0.191s] DEBUG:colcon.colcon_installed_package_information.package_discovery:Found 0 installed packages in /home/daniel-choate/paml_ros2/install
[0.192s] DEBUG:colcon.colcon_installed_package_information.package_discovery:Found 70 installed packages in /home/daniel-choate/ws_moveit/install
[0.193s] DEBUG:colcon.colcon_installed_package_information.package_discovery:Found 422 installed packages in /opt/ros/kilted
[0.194s] Level 1:colcon.colcon_core.package_discovery:discover_packages(prefix_path) using defaults
[0.247s] Level 5:colcon.colcon_core.verb:set package 'mapping_interfaces' build argument 'cmake_args' from command line to 'None'
[0.247s] Level 5:colcon.colcon_core.verb:set package 'mapping_interfaces' build argument 'cmake_target' from command line to 'None'
[0.247s] Level 5:colcon.colcon_core.verb:set package 'mapping_interfaces' build argument 'cmake_target_skip_unavailable' from command line to 'False'
[0.247s] Level 5:colcon.colcon_core.verb:set package 'mapping_interfaces' build argument 'cmake_clean_cache' from command line to 'False'
[0.247s] Level 5:colcon.colcon_core.verb:set package 'mapping_interfaces' build argument 'cmake_clean_first' from command line to 'False'
[0.247s] Level 5:colcon.colcon_core.verb:set package 'mapping_interfaces' build argument 'cmake_force_configure' from command line to 'False'
[0.247s] Level 5:colcon.colcon_core.verb:set package 'mapping_interfaces' build argument 'ament_cmake_args' from command line to 'None'
[0.247s] Level 5:colcon.colcon_core.verb:set package 'mapping_interfaces' build argument 'catkin_cmake_args' from command line to 'None'
[0.247s] Level 5:colcon.colcon_core.verb:set package 'mapping_interfaces' build argument 'catkin_skip_building_tests' from command line to 'False'
[0.247s] DEBUG:colcon.colcon_core.verb:Building package 'mapping_interfaces' with the following arguments: {'ament_cmake_args': None, 'build_base': '/home/daniel-choate/paml_ros2/build/mapping_interfaces', 'catkin_cmake_args': None, 'catkin_skip_building_tests': False, 'cmake_args': None, 'cmake_clean_cache': False, 'cmake_clean_first': False, 'cmake_force_configure': False, 'cmake_target': None, 'cmake_target_skip_unavailable': False, 'install_base': '/home/daniel-choate/paml_ros2/install/mapping_interfaces', 'merge_install': False, 'path': '/home/daniel-choate/paml_ros2/src/mapping_interfaces', 'symlink_install': False, 'test_result_base': None}
[0.248s] Level 5:colcon.colcon_core.verb:set package 'mapping_executor' build argument 'cmake_args' from command line to 'None'
[0.248s] Level 5:colcon.colcon_core.verb:set package 'mapping_executor' build argument 'cmake_target' from command line to 'None'
[0.248s] Level 5:colcon.colcon_core.verb:set package 'mapping_executor' build argument 'cmake_target_skip_unavailable' from command line to 'False'
[0.248s] Level 5:colcon.colcon_core.verb:set package 'mapping_executor' build argument 'cmake_clean_cache' from command line to 'False'
[0.248s] Level 5:colcon.colcon_core.verb:set package 'mapping_executor' build argument 'cmake_clean_first' from command line to 'False'
[0.248s] Level 5:colcon.colcon_core.verb:set package 'mapping_executor' build argument 'cmake_force_configure' from command line to 'False'
[0.248s] Level 5:colcon.colcon_core.verb:set package 'mapping_executor' build argument 'ament_cmake_args' from command line to 'None'
[0.248s] Level 5:colcon.colcon_core.verb:set package 'mapping_executor' build argument 'catkin_cmake_args' from command line to 'None'
[0.248s] Level 5:colcon.colcon_core.verb:set package 'mapping_executor' build argument 'catkin_skip_building_tests' from command line to 'False'
[0.248s] DEBUG:colcon.colcon_core.verb:Building package 'mapping_executor' with the following arguments: {'ament_cmake_args': None, 'build_base': '/home/daniel-choate/paml_ros2/build/mapping_executor', 'catkin_cmake_args': None, 'catkin_skip_building_tests': False, 'cmake_args': None, 'cmake_clean_cache': False, 'cmake_clean_first': False, 'cmake_force_configure': False, 'cmake_target': None, 'cmake_target_skip_unavailable': False, 'install_base': '/home/daniel-choate/paml_ros2/install/mapping_executor', 'merge_install': False, 'path': '/home/daniel-choate/paml_ros2/src/mapping_executor', 'symlink_install': False, 'test_result_base': None}
[0.248s] Level 5:colcon.colcon_core.verb:set package 'mapping_planner' build argument 'cmake_args' from command line to 'None'
[0.248s] Level 5:colcon.colcon_core.verb:set package 'mapping_planner' build argument 'cmake_target' from command line to 'None'
[0.248s] Level 5:colcon.colcon_core.verb:set package 'mapping_planner' build argument 'cmake_target_skip_unavailable' from command line to 'False'
[0.248s] Level 5:colcon.colcon_core.verb:set package 'mapping_planner' build argument 'cmake_clean_cache' from command line to 'False'
[0.248s] Level 5:colcon.colcon_core.verb:set package 'mapping_planner' build argument 'cmake_clean_first' from command line to 'False'
[0.248s] Level 5:colcon.colcon_core.verb:set package 'mapping_planner' build argument 'cmake_force_configure' from command line to 'False'
[0.248s] Level 5:colcon.colcon_core.verb:set package 'mapping_planner' build argument 'ament_cmake_args' from command line to 'None'
[0.248s] Level 5:colcon.colcon_core.verb:set package 'mapping_planner' build argument 'catkin_cmake_args' from command line to 'None'
[0.248s] Level 5:colcon.colcon_core.verb:set package 'mapping_planner' build argument 'catkin_skip_building_tests' from command line to 'False'
[0.248s] DEBUG:colcon.colcon_core.verb:Building package 'mapping_planner' with the following arguments: {'ament_cmake_args': None, 'build_base': '/home/daniel-choate/paml_ros2/build/mapping_planner', 'catkin_cmake_args': None, 'catkin_skip_building_tests': False, 'cmake_args': None, 'cmake_clean_cache': False, 'cmake_clean_first': False, 'cmake_force_configure': False, 'cmake_target': None, 'cmake_target_skip_unavailable': False, 'install_base': '/home/daniel-choate/paml_ros2/install/mapping_planner', 'merge_install': False, 'path': '/home/daniel-choate/paml_ros2/src/mapping_planner', 'symlink_install': False, 'test_result_base': None}
[0.248s] INFO:colcon.colcon_core.executor:Executing jobs using 'parallel' executor
[0.249s] DEBUG:colcon.colcon_parallel_executor.executor.parallel:run_until_complete
[0.249s] INFO:colcon.colcon_ros.task.ament_cmake.build:Building ROS package in '/home/daniel-choate/paml_ros2/src/mapping_interfaces' with build type 'ament_cmake'
[0.249s] INFO:colcon.colcon_cmake.task.cmake.build:Building CMake package in '/home/daniel-choate/paml_ros2/src/mapping_interfaces'
[0.251s] INFO:colcon.colcon_core.plugin_system:Skipping extension 'colcon_core.shell.bat': Not used on non-Windows systems
[0.251s] INFO:colcon.colcon_core.shell:Skip shell extension 'powershell' for command environment: Not usable outside of PowerShell
[0.251s] DEBUG:colcon.colcon_core.shell:Skip shell extension 'dsv' for command environment
[0.263s] DEBUG:colcon.colcon_core.event_handler.log_command:Invoking command in '/home/daniel-choate/paml_ros2/build/mapping_interfaces': CMAKE_PREFIX_PATH=${CMAKE_PREFIX_PATH}:/home/daniel-choate/ws_moveit/install/moveit_configs_utils:/home/daniel-choate/paml_ros2/install/mapping_planner:/home/daniel-choate/paml_ros2/install/mapping_executor:/opt/ros/kilted DEBUGINFOD_URLS=https://debuginfod.ubuntu.com /usr/bin/cmake /home/daniel-choate/paml_ros2/src/mapping_interfaces -DCMAKE_INSTALL_PREFIX=/home/daniel-choate/paml_ros2/install/mapping_interfaces
[3.472s] DEBUG:colcon.colcon_core.event_handler.log_command:Invoked command in '/home/daniel-choate/paml_ros2/build/mapping_interfaces' returned '0': CMAKE_PREFIX_PATH=${CMAKE_PREFIX_PATH}:/home/daniel-choate/ws_moveit/install/moveit_configs_utils:/home/daniel-choate/paml_ros2/install/mapping_planner:/home/daniel-choate/paml_ros2/install/mapping_executor:/opt/ros/kilted DEBUGINFOD_URLS=https://debuginfod.ubuntu.com /usr/bin/cmake /home/daniel-choate/paml_ros2/src/mapping_interfaces -DCMAKE_INSTALL_PREFIX=/home/daniel-choate/paml_ros2/install/mapping_interfaces
[3.473s] DEBUG:colcon.colcon_core.event_handler.log_command:Invoking command in '/home/daniel-choate/paml_ros2/build/mapping_interfaces': CMAKE_PREFIX_PATH=${CMAKE_PREFIX_PATH}:/home/daniel-choate/ws_moveit/install/moveit_configs_utils:/home/daniel-choate/paml_ros2/install/mapping_planner:/home/daniel-choate/paml_ros2/install/mapping_executor:/opt/ros/kilted DEBUGINFOD_URLS=https://debuginfod.ubuntu.com /usr/bin/cmake --build /home/daniel-choate/paml_ros2/build/mapping_interfaces -- -j20 -l20
[5.813s] DEBUG:colcon.colcon_core.event_handler.log_command:Invoked command in '/home/daniel-choate/paml_ros2/build/mapping_interfaces' returned '0': CMAKE_PREFIX_PATH=${CMAKE_PREFIX_PATH}:/home/daniel-choate/ws_moveit/install/moveit_configs_utils:/home/daniel-choate/paml_ros2/install/mapping_planner:/home/daniel-choate/paml_ros2/install/mapping_executor:/opt/ros/kilted DEBUGINFOD_URLS=https://debuginfod.ubuntu.com /usr/bin/cmake --build /home/daniel-choate/paml_ros2/build/mapping_interfaces -- -j20 -l20
[5.833s] DEBUG:colcon.colcon_core.event_handler.log_command:Invoking command in '/home/daniel-choate/paml_ros2/build/mapping_interfaces': CMAKE_PREFIX_PATH=${CMAKE_PREFIX_PATH}:/home/daniel-choate/ws_moveit/install/moveit_configs_utils:/home/daniel-choate/paml_ros2/install/mapping_planner:/home/daniel-choate/paml_ros2/install/mapping_executor:/opt/ros/kilted DEBUGINFOD_URLS=https://debuginfod.ubuntu.com /usr/bin/cmake --install /home/daniel-choate/paml_ros2/build/mapping_interfaces
[5.903s] Level 1:colcon.colcon_core.environment:create_environment_scripts_only(mapping_interfaces)
[5.903s] DEBUG:colcon.colcon_core.event_handler.log_command:Invoked command in '/home/daniel-choate/paml_ros2/build/mapping_interfaces' returned '0': CMAKE_PREFIX_PATH=${CMAKE_PREFIX_PATH}:/home/daniel-choate/ws_moveit/install/moveit_configs_utils:/home/daniel-choate/paml_ros2/install/mapping_planner:/home/daniel-choate/paml_ros2/install/mapping_executor:/opt/ros/kilted DEBUGINFOD_URLS=https://debuginfod.ubuntu.com /usr/bin/cmake --install /home/daniel-choate/paml_ros2/build/mapping_interfaces
[5.904s] Level 1:colcon.colcon_core.environment:checking '/home/daniel-choate/paml_ros2/install/mapping_interfaces' for CMake module files
[5.905s] Level 1:colcon.colcon_core.environment:checking '/home/daniel-choate/paml_ros2/install/mapping_interfaces' for CMake config files
[5.905s] Level 1:colcon.colcon_core.shell:create_environment_hook('mapping_interfaces', 'cmake_prefix_path')
[5.905s] INFO:colcon.colcon_core.shell:Creating environment hook '/home/daniel-choate/paml_ros2/install/mapping_interfaces/share/mapping_interfaces/hook/cmake_prefix_path.ps1'
[5.906s] INFO:colcon.colcon_core.shell:Creating environment descriptor '/home/daniel-choate/paml_ros2/install/mapping_interfaces/share/mapping_interfaces/hook/cmake_prefix_path.dsv'
[5.906s] INFO:colcon.colcon_core.shell:Creating environment hook '/home/daniel-choate/paml_ros2/install/mapping_interfaces/share/mapping_interfaces/hook/cmake_prefix_path.sh'
[5.906s] Level 1:colcon.colcon_core.environment:checking '/home/daniel-choate/paml_ros2/install/mapping_interfaces/lib'
[5.906s] Level 1:colcon.colcon_core.shell:create_environment_hook('mapping_interfaces', 'ld_library_path_lib')
[5.906s] INFO:colcon.colcon_core.shell:Creating environment hook '/home/daniel-choate/paml_ros2/install/mapping_interfaces/share/mapping_interfaces/hook/ld_library_path_lib.ps1'
[5.907s] INFO:colcon.colcon_core.shell:Creating environment descriptor '/home/daniel-choate/paml_ros2/install/mapping_interfaces/share/mapping_interfaces/hook/ld_library_path_lib.dsv'
[5.907s] INFO:colcon.colcon_core.shell:Creating environment hook '/home/daniel-choate/paml_ros2/install/mapping_interfaces/share/mapping_interfaces/hook/ld_library_path_lib.sh'
[5.907s] Level 1:colcon.colcon_core.environment:checking '/home/daniel-choate/paml_ros2/install/mapping_interfaces/bin'
[5.907s] Level 1:colcon.colcon_core.environment:checking '/home/daniel-choate/paml_ros2/install/mapping_interfaces/lib/pkgconfig/mapping_interfaces.pc'
[5.907s] Level 1:colcon.colcon_core.environment:checking '/home/daniel-choate/paml_ros2/install/mapping_interfaces/lib/python3.12/site-packages'
[5.907s] Level 1:colcon.colcon_core.shell:create_environment_hook('mapping_interfaces', 'pythonpath')
[5.907s] INFO:colcon.colcon_core.shell:Creating environment hook '/home/daniel-choate/paml_ros2/install/mapping_interfaces/share/mapping_interfaces/hook/pythonpath.ps1'
[5.908s] INFO:colcon.colcon_core.shell:Creating environment descriptor '/home/daniel-choate/paml_ros2/install/mapping_interfaces/share/mapping_interfaces/hook/pythonpath.dsv'
[5.908s] INFO:colcon.colcon_core.shell:Creating environment hook '/home/daniel-choate/paml_ros2/install/mapping_interfaces/share/mapping_interfaces/hook/pythonpath.sh'
[5.908s] Level 1:colcon.colcon_core.environment:checking '/home/daniel-choate/paml_ros2/install/mapping_interfaces/bin'
[5.908s] INFO:colcon.colcon_core.shell:Creating package script '/home/daniel-choate/paml_ros2/install/mapping_interfaces/share/mapping_interfaces/package.ps1'
[5.909s] INFO:colcon.colcon_core.shell:Creating package descriptor '/home/daniel-choate/paml_ros2/install/mapping_interfaces/share/mapping_interfaces/package.dsv'
[5.909s] INFO:colcon.colcon_core.shell:Creating package script '/home/daniel-choate/paml_ros2/install/mapping_interfaces/share/mapping_interfaces/package.sh'
[5.910s] INFO:colcon.colcon_core.shell:Creating package script '/home/daniel-choate/paml_ros2/install/mapping_interfaces/share/mapping_interfaces/package.bash'
[5.910s] INFO:colcon.colcon_core.shell:Creating package script '/home/daniel-choate/paml_ros2/install/mapping_interfaces/share/mapping_interfaces/package.zsh'
[5.910s] Level 1:colcon.colcon_core.environment:create_file_with_runtime_dependencies(/home/daniel-choate/paml_ros2/install/mapping_interfaces/share/colcon-core/packages/mapping_interfaces)
[5.911s] Level 1:colcon.colcon_core.environment:create_environment_scripts_only(mapping_interfaces)
[5.911s] Level 1:colcon.colcon_core.environment:checking '/home/daniel-choate/paml_ros2/install/mapping_interfaces' for CMake module files
[5.911s] Level 1:colcon.colcon_core.environment:checking '/home/daniel-choate/paml_ros2/install/mapping_interfaces' for CMake config files
[5.911s] Level 1:colcon.colcon_core.shell:create_environment_hook('mapping_interfaces', 'cmake_prefix_path')
[5.911s] INFO:colcon.colcon_core.shell:Creating environment hook '/home/daniel-choate/paml_ros2/install/mapping_interfaces/share/mapping_interfaces/hook/cmake_prefix_path.ps1'
[5.912s] INFO:colcon.colcon_core.shell:Creating environment descriptor '/home/daniel-choate/paml_ros2/install/mapping_interfaces/share/mapping_interfaces/hook/cmake_prefix_path.dsv'
[5.912s] INFO:colcon.colcon_core.shell:Creating environment hook '/home/daniel-choate/paml_ros2/install/mapping_interfaces/share/mapping_interfaces/hook/cmake_prefix_path.sh'
[5.912s] Level 1:colcon.colcon_core.environment:checking '/home/daniel-choate/paml_ros2/install/mapping_interfaces/lib'
[5.912s] Level 1:colcon.colcon_core.shell:create_environment_hook('mapping_interfaces', 'ld_library_path_lib')
[5.912s] INFO:colcon.colcon_core.shell:Creating environment hook '/home/daniel-choate/paml_ros2/install/mapping_interfaces/share/mapping_interfaces/hook/ld_library_path_lib.ps1'
[5.912s] INFO:colcon.colcon_core.shell:Creating environment descriptor '/home/daniel-choate/paml_ros2/install/mapping_interfaces/share/mapping_interfaces/hook/ld_library_path_lib.dsv'
[5.913s] INFO:colcon.colcon_core.shell:Creating environment hook '/home/daniel-choate/paml_ros2/install/mapping_interfaces/share/mapping_interfaces/hook/ld_library_path_lib.sh'
[5.913s] Level 1:colcon.colcon_core.environment:checking '/home/daniel-choate/paml_ros2/install/mapping_interfaces/bin'
[5.913s] Level 1:colcon.colcon_core.environment:checking '/home/daniel-choate/paml_ros2/install/mapping_interfaces/lib/pkgconfig/mapping_interfaces.pc'
[5.913s] Level 1:colcon.colcon_core.environment:checking '/home/daniel-choate/paml_ros2/install/mapping_interfaces/lib/python3.12/site-packages'
[5.913s] Level 1:colcon.colcon_core.shell:create_environment_hook('mapping_interfaces', 'pythonpath')
[5.913s] INFO:colcon.colcon_core.shell:Creating environment hook '/home/daniel-choate/paml_ros2/install/mapping_interfaces/share/mapping_interfaces/hook/pythonpath.ps1'
[5.913s] INFO:colcon.colcon_core.shell:Creating environment descriptor '/home/daniel-choate/paml_ros2/install/mapping_interfaces/share/mapping_interfaces/hook/pythonpath.dsv'
[5.914s] INFO:colcon.colcon_core.shell:Creating environment hook '/home/daniel-choate/paml_ros2/install/mapping_interfaces/share/mapping_interfaces/hook/pythonpath.sh'
[5.914s] Level 1:colcon.colcon_core.environment:checking '/home/daniel-choate/paml_ros2/install/mapping_interfaces/bin'
[5.914s] INFO:colcon.colcon_core.shell:Creating package script '/home/daniel-choate/paml_ros2/install/mapping_interfaces/share/mapping_interfaces/package.ps1'
[5.914s] INFO:colcon.colcon_core.shell:Creating package descriptor '/home/daniel-choate/paml_ros2/install/mapping_interfaces/share/mapping_interfaces/package.dsv'
[5.915s] INFO:colcon.colcon_core.shell:Creating package script '/home/daniel-choate/paml_ros2/install/mapping_interfaces/share/mapping_interfaces/package.sh'
[5.915s] INFO:colcon.colcon_core.shell:Creating package script '/home/daniel-choate/paml_ros2/install/mapping_interfaces/share/mapping_interfaces/package.bash'
[5.915s] INFO:colcon.colcon_core.shell:Creating package script '/home/daniel-choate/paml_ros2/install/mapping_interfaces/share/mapping_interfaces/package.zsh'
[5.915s] Level 1:colcon.colcon_core.environment:create_file_with_runtime_dependencies(/home/daniel-choate/paml_ros2/install/mapping_interfaces/share/colcon-core/packages/mapping_interfaces)
[5.916s] INFO:colcon.colcon_ros.task.ament_python.build:Building ROS package in '/home/daniel-choate/paml_ros2/src/mapping_executor' with build type 'ament_python'
[5.916s] Level 1:colcon.colcon_core.shell:create_environment_hook('mapping_executor', 'ament_prefix_path')
[5.916s] INFO:colcon.colcon_core.shell:Creating environment hook '/home/daniel-choate/paml_ros2/install/mapping_executor/share/mapping_executor/hook/ament_prefix_path.ps1'
[5.916s] INFO:colcon.colcon_core.shell:Creating environment descriptor '/home/daniel-choate/paml_ros2/install/mapping_executor/share/mapping_executor/hook/ament_prefix_path.dsv'
[5.916s] INFO:colcon.colcon_core.shell:Creating environment hook '/home/daniel-choate/paml_ros2/install/mapping_executor/share/mapping_executor/hook/ament_prefix_path.sh'
[5.917s] INFO:colcon.colcon_core.shell:Skip shell extension 'powershell' for command environment: Not usable outside of PowerShell
[5.917s] DEBUG:colcon.colcon_core.shell:Skip shell extension 'dsv' for command environment
[5.921s] INFO:colcon.colcon_ros.task.ament_python.build:Building ROS package in '/home/daniel-choate/paml_ros2/src/mapping_planner' with build type 'ament_python'
[5.921s] Level 1:colcon.colcon_core.shell:create_environment_hook('mapping_planner', 'ament_prefix_path')
[5.922s] INFO:colcon.colcon_core.shell:Creating environment hook '/home/daniel-choate/paml_ros2/install/mapping_planner/share/mapping_planner/hook/ament_prefix_path.ps1'
[5.922s] INFO:colcon.colcon_core.shell:Creating environment descriptor '/home/daniel-choate/paml_ros2/install/mapping_planner/share/mapping_planner/hook/ament_prefix_path.dsv'
[5.922s] INFO:colcon.colcon_core.shell:Creating environment hook '/home/daniel-choate/paml_ros2/install/mapping_planner/share/mapping_planner/hook/ament_prefix_path.sh'
[5.922s] INFO:colcon.colcon_core.shell:Skip shell extension 'powershell' for command environment: Not usable outside of PowerShell
[5.922s] DEBUG:colcon.colcon_core.shell:Skip shell extension 'dsv' for command environment
[6.097s] INFO:colcon.colcon_core.task.python.build:Building Python package in '/home/daniel-choate/paml_ros2/src/mapping_executor'
[6.097s] INFO:colcon.colcon_core.shell:Skip shell extension 'powershell' for command environment: Not usable outside of PowerShell
[6.097s] DEBUG:colcon.colcon_core.shell:Skip shell extension 'dsv' for command environment
[6.267s] INFO:colcon.colcon_core.task.python.build:Building Python package in '/home/daniel-choate/paml_ros2/src/mapping_planner'
[6.267s] INFO:colcon.colcon_core.shell:Skip shell extension 'powershell' for command environment: Not usable outside of PowerShell
[6.267s] DEBUG:colcon.colcon_core.shell:Skip shell extension 'dsv' for command environment
[6.832s] DEBUG:colcon.colcon_core.event_handler.log_command:Invoking command in '/home/daniel-choate/paml_ros2/src/mapping_planner': CMAKE_PREFIX_PATH=/home/daniel-choate/paml_ros2/install/mapping_interfaces:/home/daniel-choate/ws_moveit/install/robotiq_hardware_tests:/home/daniel-choate/ws_moveit/install/robotiq_driver:/home/daniel-choate/ws_moveit/install/serial:/home/daniel-choate/ws_moveit/install/moveit2_tutorials:/home/daniel-choate/ws_moveit/install/moveit_visual_tools:/home/daniel-choate/ws_moveit/install/rviz_visual_tools:/home/daniel-choate/ws_moveit/install/moveit_task_constructor_demo:/home/daniel-choate/ws_moveit/install/moveit_task_constructor_visualization:/home/daniel-choate/ws_moveit/install/moveit_task_constructor_capabilities:/home/daniel-choate/ws_moveit/install/moveit_task_constructor_core:/home/daniel-choate/ws_moveit/install/rviz_marker_tools:/home/daniel-choate/ws_moveit/install/kortex_bringup:/home/daniel-choate/ws_moveit/install/kinova_gen3_lite_moveit_config:/home/daniel-choate/ws_moveit/install/kinova_gen3_7dof_robotiq_2f_85_moveit_config:/home/daniel-choate/ws_moveit/install/kinova_gen3_6dof_robotiq_2f_85_moveit_config:/home/daniel-choate/ws_moveit/install/kortex_description:/home/daniel-choate/ws_moveit/install/robotiq_description:/home/daniel-choate/ws_moveit/install/robotiq_controllers:/home/daniel-choate/ws_moveit/install/pilz_industrial_motion_planner_testutils:/home/daniel-choate/ws_moveit/install/moveit_runtime:/home/daniel-choate/ws_moveit/install/moveit:/home/daniel-choate/ws_moveit/install/moveit_planners:/home/daniel-choate/ws_moveit/install/pilz_industrial_motion_planner:/home/daniel-choate/ws_moveit/install/moveit_task_constructor_msgs:/home/daniel-choate/ws_moveit/install/moveit_ros_control_interface:/home/daniel-choate/ws_moveit/install/moveit_plugins:/home/daniel-choate/ws_moveit/install/moveit_simple_controller_manager:/home/daniel-choate/ws_moveit/install/moveit_setup_assistant:/home/daniel-choate/ws_moveit/install/moveit_setup_srdf_plugins:/home/daniel-choate/ws_moveit/install/moveit_setup_core_plugins:/home/daniel-choate/ws_moveit/install/moveit_setup_controllers:/home/daniel-choate/ws_moveit/install/moveit_setup_app_plugins:/home/daniel-choate/ws_moveit/install/moveit_setup_framework:/home/daniel-choate/ws_moveit/install/moveit_servo:/home/daniel-choate/ws_moveit/install/moveit_ros_trajectory_cache:/home/daniel-choate/ws_moveit/install/moveit_ros:/home/daniel-choate/ws_moveit/install/moveit_ros_visualization:/home/daniel-choate/ws_moveit/install/moveit_py:/home/daniel-choate/ws_moveit/install/moveit_hybrid_planning:/home/daniel-choate/ws_moveit/install/moveit_ros_planning_interface:/home/daniel-choate/ws_moveit/install/moveit_ros_benchmarks:/home/daniel-choate/ws_moveit/install/moveit_ros_warehouse:/home/daniel-choate/ws_moveit/install/moveit_ros_robot_interaction:/home/daniel-choate/ws_moveit/install/moveit_ros_perception:/home/daniel-choate/ws_moveit/install/moveit_resources_prbt_pg70_support:/home/daniel-choate/ws_moveit/install/moveit_resources_prbt_moveit_config:/home/daniel-choate/ws_moveit/install/moveit_ros_move_group:/home/daniel-choate/ws_moveit/install/moveit_planners_ompl:/home/daniel-choate/ws_moveit/install/moveit_kinematics:/home/daniel-choate/ws_moveit/install/moveit_ros_planning:/home/daniel-choate/ws_moveit/install/moveit_ros_occupancy_map_monitor:/home/daniel-choate/ws_moveit/install/moveit_resources_prbt_support:/home/daniel-choate/ws_moveit/install/moveit_resources_prbt_ikfast_manipulator_plugin:/home/daniel-choate/ws_moveit/install/moveit_resources:/home/daniel-choate/ws_moveit/install/moveit_resources_pr2_description:/home/daniel-choate/ws_moveit/install/moveit_resources_panda_moveit_config:/home/daniel-choate/ws_moveit/install/dual_arm_panda_moveit_config:/home/daniel-choate/ws_moveit/install/moveit_resources_panda_description:/home/daniel-choate/ws_moveit/install/moveit_resources_fanuc_moveit_config:/home/daniel-choate/ws_moveit/install/moveit_resources_fanuc_description:/home/daniel-choate/ws_moveit/install/moveit_planners_stomp:/home/daniel-choate/ws_moveit/install/moveit_planners_chomp:/home/daniel-choate/ws_moveit/install/chomp_motion_planner:/home/daniel-choate/ws_moveit/install/moveit_core:/home/daniel-choate/ws_moveit/install/moveit_msgs:/home/daniel-choate/ws_moveit/install/moveit_common:/home/daniel-choate/ws_moveit/install/kortex_driver:/home/daniel-choate/ws_moveit/install/kortex_api:/opt/ros/kilted/opt/gz_sim_vendor:/opt/ros/kilted/opt/gz_sensors_vendor:/opt/ros/kilted/opt/gz_physics_vendor:/opt/ros/kilted/opt/sdformat_vendor:/opt/ros/kilted/opt/gz_gui_vendor:/opt/ros/kilted/opt/gz_transport_vendor:/opt/ros/kilted/opt/gz_rendering_vendor:/opt/ros/kilted/opt/gz_plugin_vendor:/opt/ros/kilted/opt/gz_fuel_tools_vendor:/opt/ros/kilted/opt/gz_msgs_vendor:/opt/ros/kilted/opt/gz_common_vendor:/opt/ros/kilted/opt/gz_math_vendor:/opt/ros/kilted/opt/gz_utils_vendor:/opt/ros/kilted/opt/gz_tools_vendor:/opt/ros/kilted/opt/gz_ogre_next_vendor:/opt/ros/kilted/opt/gz_dartsim_vendor:/opt/ros/kilted/opt/gz_cmake_vendor DEBUGINFOD_URLS=https://debuginfod.ubuntu.com LD_LIBRARY_PATH=/home/daniel-choate/paml_ros2/install/mapping_interfaces/lib:/home/daniel-choate/ws_moveit/install/robotiq_driver/lib:/home/daniel-choate/ws_moveit/install/serial/lib:/home/daniel-choate/ws_moveit/install/moveit_visual_tools/lib:/home/daniel-choate/ws_moveit/install/rviz_visual_tools/lib:/home/daniel-choate/ws_moveit/install/moveit_task_constructor_demo/lib:/home/daniel-choate/ws_moveit/install/moveit_task_constructor_visualization/lib:/home/daniel-choate/ws_moveit/install/moveit_task_constructor_capabilities/lib:/home/daniel-choate/ws_moveit/install/moveit_task_constructor_core/lib:/home/daniel-choate/ws_moveit/install/rviz_marker_tools/lib:/home/daniel-choate/ws_moveit/install/robotiq_controllers/lib:/home/daniel-choate/ws_moveit/install/pilz_industrial_motion_planner_testutils/lib:/home/daniel-choate/ws_moveit/install/pilz_industrial_motion_planner/lib:/home/daniel-choate/ws_moveit/install/moveit_task_constructor_msgs/lib:/home/daniel-choate/ws_moveit/install/moveit_ros_control_interface/lib:/home/daniel-choate/ws_moveit/install/moveit_simple_controller_manager/lib:/home/daniel-choate/ws_moveit/install/moveit_setup_assistant/lib:/home/daniel-choate/ws_moveit/install/moveit_setup_srdf_plugins/lib:/home/daniel-choate/ws_moveit/install/moveit_setup_core_plugins/lib:/home/daniel-choate/ws_moveit/install/moveit_setup_controllers/lib:/home/daniel-choate/ws_moveit/install/moveit_setup_app_plugins/lib:/home/daniel-choate/ws_moveit/install/moveit_setup_framework/lib:/home/daniel-choate/ws_moveit/install/moveit_servo/lib:/home/daniel-choate/ws_moveit/install/moveit_ros_trajectory_cache/lib:/home/daniel-choate/ws_moveit/install/moveit_ros_visualization/lib:/home/daniel-choate/ws_moveit/install/moveit_py/lib:/home/daniel-choate/ws_moveit/install/moveit_hybrid_planning/lib:/home/daniel-choate/ws_moveit/install/moveit_ros_planning_interface/lib:/home/daniel-choate/ws_moveit/install/moveit_ros_benchmarks/lib:/home/daniel-choate/ws_moveit/install/moveit_ros_warehouse/lib:/home/daniel-choate/ws_moveit/install/moveit_ros_robot_interaction/lib:/home/daniel-choate/ws_moveit/install/moveit_ros_perception/lib:/home/daniel-choate/ws_moveit/install/moveit_ros_move_group/lib:/home/daniel-choate/ws_moveit/install/moveit_planners_ompl/lib:/home/daniel-choate/ws_moveit/install/moveit_kinematics/lib:/home/daniel-choate/ws_moveit/install/moveit_ros_planning/lib:/home/daniel-choate/ws_moveit/install/moveit_ros_occupancy_map_monitor/lib:/home/daniel-choate/ws_moveit/install/moveit_resources_prbt_ikfast_manipulator_plugin/lib:/home/daniel-choate/ws_moveit/install/moveit_planners_stomp/lib:/home/daniel-choate/ws_moveit/install/moveit_planners_chomp/lib:/home/daniel-choate/ws_moveit/install/chomp_motion_planner/lib:/home/daniel-choate/ws_moveit/install/moveit_core/lib:/home/daniel-choate/ws_moveit/install/moveit_msgs/lib:/home/daniel-choate/ws_moveit/install/kortex_driver/lib:/opt/ros/kilted/opt/gz_sim_vendor/lib:/opt/ros/kilted/opt/gz_sensors_vendor/lib:/opt/ros/kilted/opt/gz_physics_vendor/lib:/opt/ros/kilted/opt/sdformat_vendor/lib:/opt/ros/kilted/opt/gz_gui_vendor/lib:/opt/ros/kilted/opt/gz_transport_vendor/lib:/opt/ros/kilted/opt/gz_rendering_vendor/lib:/opt/ros/kilted/opt/gz_plugin_vendor/lib:/opt/ros/kilted/opt/gz_fuel_tools_vendor/lib:/opt/ros/kilted/opt/gz_msgs_vendor/lib:/opt/ros/kilted/opt/gz_common_vendor/lib:/opt/ros/kilted/opt/gz_math_vendor/lib:/opt/ros/kilted/opt/gz_utils_vendor/lib:/opt/ros/kilted/opt/rviz_ogre_vendor/lib:/opt/ros/kilted/lib/x86_64-linux-gnu:/opt/ros/kilted/opt/gz_tools_vendor/lib:/opt/ros/kilted/opt/gz_ogre_next_vendor/lib:/opt/ros/kilted/opt/gz_dartsim_vendor/lib:/opt/ros/kilted/opt/gz_cmake_vendor/lib:/opt/ros/kilted/lib:/usr/local/lib PYTHONPATH=/home/daniel-choate/paml_ros2/build/mapping_planner/prefix_override:/usr/lib/python3/dist-packages/colcon_core/task/python/colcon_distutils_commands:/home/daniel-choate/paml_ros2/install/mapping_planner/lib/python3.12/site-packages:/home/daniel-choate/paml_ros2/install/mapping_interfaces/lib/python3.12/site-packages:/home/daniel-choate/ws_moveit/install/moveit_task_constructor_core/lib/python3.12/site-packages:/home/daniel-choate/ws_moveit/install/moveit_task_constructor_msgs/lib/python3.12/site-packages:/home/daniel-choate/ws_moveit/install/moveit_py/lib/python3.12/site-packages:/home/daniel-choate/ws_moveit/install/moveit_msgs/lib/python3.12/site-packages:/home/daniel-choate/ws_moveit/install/moveit_configs_utils/lib/python3.12/site-packages:/home/daniel-choate/paml_ros2/install/mapping_planner/lib/python3.12/site-packages:/home/daniel-choate/paml_ros2/install/mapping_executor/lib/python3.12/site-packages:/opt/ros/kilted/lib/python3.12/site-packages /usr/bin/python3 -W ignore:setup.py install is deprecated -W ignore:easy_install command is deprecated setup.py egg_info --egg-base ../../build/mapping_planner build --build-base /home/daniel-choate/paml_ros2/build/mapping_planner/build install --record /home/daniel-choate/paml_ros2/build/mapping_planner/install.log --single-version-externally-managed install_data
[6.834s] DEBUG:colcon.colcon_core.event_handler.log_command:Invoking command in '/home/daniel-choate/paml_ros2/src/mapping_executor': CMAKE_PREFIX_PATH=/home/daniel-choate/paml_ros2/install/mapping_interfaces:/home/daniel-choate/ws_moveit/install/robotiq_hardware_tests:/home/daniel-choate/ws_moveit/install/robotiq_driver:/home/daniel-choate/ws_moveit/install/serial:/home/daniel-choate/ws_moveit/install/moveit2_tutorials:/home/daniel-choate/ws_moveit/install/moveit_visual_tools:/home/daniel-choate/ws_moveit/install/rviz_visual_tools:/home/daniel-choate/ws_moveit/install/moveit_task_constructor_demo:/home/daniel-choate/ws_moveit/install/moveit_task_constructor_visualization:/home/daniel-choate/ws_moveit/install/moveit_task_constructor_capabilities:/home/daniel-choate/ws_moveit/install/moveit_task_constructor_core:/home/daniel-choate/ws_moveit/install/rviz_marker_tools:/home/daniel-choate/ws_moveit/install/kortex_bringup:/home/daniel-choate/ws_moveit/install/kinova_gen3_lite_moveit_config:/home/daniel-choate/ws_moveit/install/kinova_gen3_7dof_robotiq_2f_85_moveit_config:/home/daniel-choate/ws_moveit/install/kinova_gen3_6dof_robotiq_2f_85_moveit_config:/home/daniel-choate/ws_moveit/install/kortex_description:/home/daniel-choate/ws_moveit/install/robotiq_description:/home/daniel-choate/ws_moveit/install/robotiq_controllers:/home/daniel-choate/ws_moveit/install/pilz_industrial_motion_planner_testutils:/home/daniel-choate/ws_moveit/install/moveit_runtime:/home/daniel-choate/ws_moveit/install/moveit:/home/daniel-choate/ws_moveit/install/moveit_planners:/home/daniel-choate/ws_moveit/install/pilz_industrial_motion_planner:/home/daniel-choate/ws_moveit/install/moveit_task_constructor_msgs:/home/daniel-choate/ws_moveit/install/moveit_ros_control_interface:/home/daniel-choate/ws_moveit/install/moveit_plugins:/home/daniel-choate/ws_moveit/install/moveit_simple_controller_manager:/home/daniel-choate/ws_moveit/install/moveit_setup_assistant:/home/daniel-choate/ws_moveit/install/moveit_setup_srdf_plugins:/home/daniel-choate/ws_moveit/install/moveit_setup_core_plugins:/home/daniel-choate/ws_moveit/install/moveit_setup_controllers:/home/daniel-choate/ws_moveit/install/moveit_setup_app_plugins:/home/daniel-choate/ws_moveit/install/moveit_setup_framework:/home/daniel-choate/ws_moveit/install/moveit_servo:/home/daniel-choate/ws_moveit/install/moveit_ros_trajectory_cache:/home/daniel-choate/ws_moveit/install/moveit_ros:/home/daniel-choate/ws_moveit/install/moveit_ros_visualization:/home/daniel-choate/ws_moveit/install/moveit_py:/home/daniel-choate/ws_moveit/install/moveit_hybrid_planning:/home/daniel-choate/ws_moveit/install/moveit_ros_planning_interface:/home/daniel-choate/ws_moveit/install/moveit_ros_benchmarks:/home/daniel-choate/ws_moveit/install/moveit_ros_warehouse:/home/daniel-choate/ws_moveit/install/moveit_ros_robot_interaction:/home/daniel-choate/ws_moveit/install/moveit_ros_perception:/home/daniel-choate/ws_moveit/install/moveit_resources_prbt_pg70_support:/home/daniel-choate/ws_moveit/install/moveit_resources_prbt_moveit_config:/home/daniel-choate/ws_moveit/install/moveit_ros_move_group:/home/daniel-choate/ws_moveit/install/moveit_planners_ompl:/home/daniel-choate/ws_moveit/install/moveit_kinematics:/home/daniel-choate/ws_moveit/install/moveit_ros_planning:/home/daniel-choate/ws_moveit/install/moveit_ros_occupancy_map_monitor:/home/daniel-choate/ws_moveit/install/moveit_resources_prbt_support:/home/daniel-choate/ws_moveit/install/moveit_resources_prbt_ikfast_manipulator_plugin:/home/daniel-choate/ws_moveit/install/moveit_resources:/home/daniel-choate/ws_moveit/install/moveit_resources_pr2_description:/home/daniel-choate/ws_moveit/install/moveit_resources_panda_moveit_config:/home/daniel-choate/ws_moveit/install/dual_arm_panda_moveit_config:/home/daniel-choate/ws_moveit/install/moveit_resources_panda_description:/home/daniel-choate/ws_moveit/install/moveit_resources_fanuc_moveit_config:/home/daniel-choate/ws_moveit/install/moveit_resources_fanuc_description:/home/daniel-choate/ws_moveit/install/moveit_planners_stomp:/home/daniel-choate/ws_moveit/install/moveit_planners_chomp:/home/daniel-choate/ws_moveit/install/chomp_motion_planner:/home/daniel-choate/ws_moveit/install/moveit_core:/home/daniel-choate/ws_moveit/install/moveit_msgs:/home/daniel-choate/ws_moveit/install/moveit_common:/home/daniel-choate/ws_moveit/install/kortex_driver:/home/daniel-choate/ws_moveit/install/kortex_api:/opt/ros/kilted/opt/gz_sim_vendor:/opt/ros/kilted/opt/gz_sensors_vendor:/opt/ros/kilted/opt/gz_physics_vendor:/opt/ros/kilted/opt/sdformat_vendor:/opt/ros/kilted/opt/gz_gui_vendor:/opt/ros/kilted/opt/gz_transport_vendor:/opt/ros/kilted/opt/gz_rendering_vendor:/opt/ros/kilted/opt/gz_plugin_vendor:/opt/ros/kilted/opt/gz_fuel_tools_vendor:/opt/ros/kilted/opt/gz_msgs_vendor:/opt/ros/kilted/opt/gz_common_vendor:/opt/ros/kilted/opt/gz_math_vendor:/opt/ros/kilted/opt/gz_utils_vendor:/opt/ros/kilted/opt/gz_tools_vendor:/opt/ros/kilted/opt/gz_ogre_next_vendor:/opt/ros/kilted/opt/gz_dartsim_vendor:/opt/ros/kilted/opt/gz_cmake_vendor DEBUGINFOD_URLS=https://debuginfod.ubuntu.com LD_LIBRARY_PATH=/home/daniel-choate/paml_ros2/install/mapping_interfaces/lib:/home/daniel-choate/ws_moveit/install/robotiq_driver/lib:/home/daniel-choate/ws_moveit/install/serial/lib:/home/daniel-choate/ws_moveit/install/moveit_visual_tools/lib:/home/daniel-choate/ws_moveit/install/rviz_visual_tools/lib:/home/daniel-choate/ws_moveit/install/moveit_task_constructor_demo/lib:/home/daniel-choate/ws_moveit/install/moveit_task_constructor_visualization/lib:/home/daniel-choate/ws_moveit/install/moveit_task_constructor_capabilities/lib:/home/daniel-choate/ws_moveit/install/moveit_task_constructor_core/lib:/home/daniel-choate/ws_moveit/install/rviz_marker_tools/lib:/home/daniel-choate/ws_moveit/install/robotiq_controllers/lib:/home/daniel-choate/ws_moveit/install/pilz_industrial_motion_planner_testutils/lib:/home/daniel-choate/ws_moveit/install/pilz_industrial_motion_planner/lib:/home/daniel-choate/ws_moveit/install/moveit_task_constructor_msgs/lib:/home/daniel-choate/ws_moveit/install/moveit_ros_control_interface/lib:/home/daniel-choate/ws_moveit/install/moveit_simple_controller_manager/lib:/home/daniel-choate/ws_moveit/install/moveit_setup_assistant/lib:/home/daniel-choate/ws_moveit/install/moveit_setup_srdf_plugins/lib:/home/daniel-choate/ws_moveit/install/moveit_setup_core_plugins/lib:/home/daniel-choate/ws_moveit/install/moveit_setup_controllers/lib:/home/daniel-choate/ws_moveit/install/moveit_setup_app_plugins/lib:/home/daniel-choate/ws_moveit/install/moveit_setup_framework/lib:/home/daniel-choate/ws_moveit/install/moveit_servo/lib:/home/daniel-choate/ws_moveit/install/moveit_ros_trajectory_cache/lib:/home/daniel-choate/ws_moveit/install/moveit_ros_visualization/lib:/home/daniel-choate/ws_moveit/install/moveit_py/lib:/home/daniel-choate/ws_moveit/install/moveit_hybrid_planning/lib:/home/daniel-choate/ws_moveit/install/moveit_ros_planning_interface/lib:/home/daniel-choate/ws_moveit/install/moveit_ros_benchmarks/lib:/home/daniel-choate/ws_moveit/install/moveit_ros_warehouse/lib:/home/daniel-choate/ws_moveit/install/moveit_ros_robot_interaction/lib:/home/daniel-choate/ws_moveit/install/moveit_ros_perception/lib:/home/daniel-choate/ws_moveit/install/moveit_ros_move_group/lib:/home/daniel-choate/ws_moveit/install/moveit_planners_ompl/lib:/home/daniel-choate/ws_moveit/install/moveit_kinematics/lib:/home/daniel-choate/ws_moveit/install/moveit_ros_planning/lib:/home/daniel-choate/ws_moveit/install/moveit_ros_occupancy_map_monitor/lib:/home/daniel-choate/ws_moveit/install/moveit_resources_prbt_ikfast_manipulator_plugin/lib:/home/daniel-choate/ws_moveit/install/moveit_planners_stomp/lib:/home/daniel-choate/ws_moveit/install/moveit_planners_chomp/lib:/home/daniel-choate/ws_moveit/install/chomp_motion_planner/lib:/home/daniel-choate/ws_moveit/install/moveit_core/lib:/home/daniel-choate/ws_moveit/install/moveit_msgs/lib:/home/daniel-choate/ws_moveit/install/kortex_driver/lib:/opt/ros/kilted/opt/gz_sim_vendor/lib:/opt/ros/kilted/opt/gz_sensors_vendor/lib:/opt/ros/kilted/opt/gz_physics_vendor/lib:/opt/ros/kilted/opt/sdformat_vendor/lib:/opt/ros/kilted/opt/gz_gui_vendor/lib:/opt/ros/kilted/opt/gz_transport_vendor/lib:/opt/ros/kilted/opt/gz_rendering_vendor/lib:/opt/ros/kilted/opt/gz_plugin_vendor/lib:/opt/ros/kilted/opt/gz_fuel_tools_vendor/lib:/opt/ros/kilted/opt/gz_msgs_vendor/lib:/opt/ros/kilted/opt/gz_common_vendor/lib:/opt/ros/kilted/opt/gz_math_vendor/lib:/opt/ros/kilted/opt/gz_utils_vendor/lib:/opt/ros/kilted/opt/rviz_ogre_vendor/lib:/opt/ros/kilted/lib/x86_64-linux-gnu:/opt/ros/kilted/opt/gz_tools_vendor/lib:/opt/ros/kilted/opt/gz_ogre_next_vendor/lib:/opt/ros/kilted/opt/gz_dartsim_vendor/lib:/opt/ros/kilted/opt/gz_cmake_vendor/lib:/opt/ros/kilted/lib:/usr/local/lib PYTHONPATH=/home/daniel-choate/paml_ros2/build/mapping_executor/prefix_override:/usr/lib/python3/dist-packages/colcon_core/task/python/colcon_distutils_commands:/home/daniel-choate/paml_ros2/install/mapping_executor/lib/python3.12/site-packages:/home/daniel-choate/paml_ros2/install/mapping_interfaces/lib/python3.12/site-packages:/home/daniel-choate/ws_moveit/install/moveit_task_constructor_core/lib/python3.12/site-packages:/home/daniel-choate/ws_moveit/install/moveit_task_constructor_msgs/lib/python3.12/site-packages:/home/daniel-choate/ws_moveit/install/moveit_py/lib/python3.12/site-packages:/home/daniel-choate/ws_moveit/install/moveit_msgs/lib/python3.12/site-packages:/home/daniel-choate/ws_moveit/install/moveit_configs_utils/lib/python3.12/site-packages:/home/daniel-choate/paml_ros2/install/mapping_planner/lib/python3.12/site-packages:/home/daniel-choate/paml_ros2/install/mapping_executor/lib/python3.12/site-packages:/opt/ros/kilted/lib/python3.12/site-packages /usr/bin/python3 -W ignore:setup.py install is deprecated -W ignore:easy_install command is deprecated setup.py egg_info --egg-base ../../build/mapping_executor build --build-base /home/daniel-choate/paml_ros2/build/mapping_executor/build install --record /home/daniel-choate/paml_ros2/build/mapping_executor/install.log --single-version-externally-managed install_data
[7.287s] Level 1:colcon.colcon_core.environment:checking '/home/daniel-choate/paml_ros2/install/mapping_executor' for CMake module files
[7.288s] DEBUG:colcon.colcon_core.event_handler.log_command:Invoked command in '/home/daniel-choate/paml_ros2/src/mapping_executor' returned '0': CMAKE_PREFIX_PATH=/home/daniel-choate/paml_ros2/install/mapping_interfaces:/home/daniel-choate/ws_moveit/install/robotiq_hardware_tests:/home/daniel-choate/ws_moveit/install/robotiq_driver:/home/daniel-choate/ws_moveit/install/serial:/home/daniel-choate/ws_moveit/install/moveit2_tutorials:/home/daniel-choate/ws_moveit/install/moveit_visual_tools:/home/daniel-choate/ws_moveit/install/rviz_visual_tools:/home/daniel-choate/ws_moveit/install/moveit_task_constructor_demo:/home/daniel-choate/ws_moveit/install/moveit_task_constructor_visualization:/home/daniel-choate/ws_moveit/install/moveit_task_constructor_capabilities:/home/daniel-choate/ws_moveit/install/moveit_task_constructor_core:/home/daniel-choate/ws_moveit/install/rviz_marker_tools:/home/daniel-choate/ws_moveit/install/kortex_bringup:/home/daniel-choate/ws_moveit/install/kinova_gen3_lite_moveit_config:/home/daniel-choate/ws_moveit/install/kinova_gen3_7dof_robotiq_2f_85_moveit_config:/home/daniel-choate/ws_moveit/install/kinova_gen3_6dof_robotiq_2f_85_moveit_config:/home/daniel-choate/ws_moveit/install/kortex_description:/home/daniel-choate/ws_moveit/install/robotiq_description:/home/daniel-choate/ws_moveit/install/robotiq_controllers:/home/daniel-choate/ws_moveit/install/pilz_industrial_motion_planner_testutils:/home/daniel-choate/ws_moveit/install/moveit_runtime:/home/daniel-choate/ws_moveit/install/moveit:/home/daniel-choate/ws_moveit/install/moveit_planners:/home/daniel-choate/ws_moveit/install/pilz_industrial_motion_planner:/home/daniel-choate/ws_moveit/install/moveit_task_constructor_msgs:/home/daniel-choate/ws_moveit/install/moveit_ros_control_interface:/home/daniel-choate/ws_moveit/install/moveit_plugins:/home/daniel-choate/ws_moveit/install/moveit_simple_controller_manager:/home/daniel-choate/ws_moveit/install/moveit_setup_assistant:/home/daniel-choate/ws_moveit/install/moveit_setup_srdf_plugins:/home/daniel-choate/ws_moveit/install/moveit_setup_core_plugins:/home/daniel-choate/ws_moveit/install/moveit_setup_controllers:/home/daniel-choate/ws_moveit/install/moveit_setup_app_plugins:/home/daniel-choate/ws_moveit/install/moveit_setup_framework:/home/daniel-choate/ws_moveit/install/moveit_servo:/home/daniel-choate/ws_moveit/install/moveit_ros_trajectory_cache:/home/daniel-choate/ws_moveit/install/moveit_ros:/home/daniel-choate/ws_moveit/install/moveit_ros_visualization:/home/daniel-choate/ws_moveit/install/moveit_py:/home/daniel-choate/ws_moveit/install/moveit_hybrid_planning:/home/daniel-choate/ws_moveit/install/moveit_ros_planning_interface:/home/daniel-choate/ws_moveit/install/moveit_ros_benchmarks:/home/daniel-choate/ws_moveit/install/moveit_ros_warehouse:/home/daniel-choate/ws_moveit/install/moveit_ros_robot_interaction:/home/daniel-choate/ws_moveit/install/moveit_ros_perception:/home/daniel-choate/ws_moveit/install/moveit_resources_prbt_pg70_support:/home/daniel-choate/ws_moveit/install/moveit_resources_prbt_moveit_config:/home/daniel-choate/ws_moveit/install/moveit_ros_move_group:/home/daniel-choate/ws_moveit/install/moveit_planners_ompl:/home/daniel-choate/ws_moveit/install/moveit_kinematics:/home/daniel-choate/ws_moveit/install/moveit_ros_planning:/home/daniel-choate/ws_moveit/install/moveit_ros_occupancy_map_monitor:/home/daniel-choate/ws_moveit/install/moveit_resources_prbt_support:/home/daniel-choate/ws_moveit/install/moveit_resources_prbt_ikfast_manipulator_plugin:/home/daniel-choate/ws_moveit/install/moveit_resources:/home/daniel-choate/ws_moveit/install/moveit_resources_pr2_description:/home/daniel-choate/ws_moveit/install/moveit_resources_panda_moveit_config:/home/daniel-choate/ws_moveit/install/dual_arm_panda_moveit_config:/home/daniel-choate/ws_moveit/install/moveit_resources_panda_description:/home/daniel-choate/ws_moveit/install/moveit_resources_fanuc_moveit_config:/home/daniel-choate/ws_moveit/install/moveit_resources_fanuc_description:/home/daniel-choate/ws_moveit/install/moveit_planners_stomp:/home/daniel-choate/ws_moveit/install/moveit_planners_chomp:/home/daniel-choate/ws_moveit/install/chomp_motion_planner:/home/daniel-choate/ws_moveit/install/moveit_core:/home/daniel-choate/ws_moveit/install/moveit_msgs:/home/daniel-choate/ws_moveit/install/moveit_common:/home/daniel-choate/ws_moveit/install/kortex_driver:/home/daniel-choate/ws_moveit/install/kortex_api:/opt/ros/kilted/opt/gz_sim_vendor:/opt/ros/kilted/opt/gz_sensors_vendor:/opt/ros/kilted/opt/gz_physics_vendor:/opt/ros/kilted/opt/sdformat_vendor:/opt/ros/kilted/opt/gz_gui_vendor:/opt/ros/kilted/opt/gz_transport_vendor:/opt/ros/kilted/opt/gz_rendering_vendor:/opt/ros/kilted/opt/gz_plugin_vendor:/opt/ros/kilted/opt/gz_fuel_tools_vendor:/opt/ros/kilted/opt/gz_msgs_vendor:/opt/ros/kilted/opt/gz_common_vendor:/opt/ros/kilted/opt/gz_math_vendor:/opt/ros/kilted/opt/gz_utils_vendor:/opt/ros/kilted/opt/gz_tools_vendor:/opt/ros/kilted/opt/gz_ogre_next_vendor:/opt/ros/kilted/opt/gz_dartsim_vendor:/opt/ros/kilted/opt/gz_cmake_vendor DEBUGINFOD_URLS=https://debuginfod.ubuntu.com LD_LIBRARY_PATH=/home/daniel-choate/paml_ros2/install/mapping_interfaces/lib:/home/daniel-choate/ws_moveit/install/robotiq_driver/lib:/home/daniel-choate/ws_moveit/install/serial/lib:/home/daniel-choate/ws_moveit/install/moveit_visual_tools/lib:/home/daniel-choate/ws_moveit/install/rviz_visual_tools/lib:/home/daniel-choate/ws_moveit/install/moveit_task_constructor_demo/lib:/home/daniel-choate/ws_moveit/install/moveit_task_constructor_visualization/lib:/home/daniel-choate/ws_moveit/install/moveit_task_constructor_capabilities/lib:/home/daniel-choate/ws_moveit/install/moveit_task_constructor_core/lib:/home/daniel-choate/ws_moveit/install/rviz_marker_tools/lib:/home/daniel-choate/ws_moveit/install/robotiq_controllers/lib:/home/daniel-choate/ws_moveit/install/pilz_industrial_motion_planner_testutils/lib:/home/daniel-choate/ws_moveit/install/pilz_industrial_motion_planner/lib:/home/daniel-choate/ws_moveit/install/moveit_task_constructor_msgs/lib:/home/daniel-choate/ws_moveit/install/moveit_ros_control_interface/lib:/home/daniel-choate/ws_moveit/install/moveit_simple_controller_manager/lib:/home/daniel-choate/ws_moveit/install/moveit_setup_assistant/lib:/home/daniel-choate/ws_moveit/install/moveit_setup_srdf_plugins/lib:/home/daniel-choate/ws_moveit/install/moveit_setup_core_plugins/lib:/home/daniel-choate/ws_moveit/install/moveit_setup_controllers/lib:/home/daniel-choate/ws_moveit/install/moveit_setup_app_plugins/lib:/home/daniel-choate/ws_moveit/install/moveit_setup_framework/lib:/home/daniel-choate/ws_moveit/install/moveit_servo/lib:/home/daniel-choate/ws_moveit/install/moveit_ros_trajectory_cache/lib:/home/daniel-choate/ws_moveit/install/moveit_ros_visualization/lib:/home/daniel-choate/ws_moveit/install/moveit_py/lib:/home/daniel-choate/ws_moveit/install/moveit_hybrid_planning/lib:/home/daniel-choate/ws_moveit/install/moveit_ros_planning_interface/lib:/home/daniel-choate/ws_moveit/install/moveit_ros_benchmarks/lib:/home/daniel-choate/ws_moveit/install/moveit_ros_warehouse/lib:/home/daniel-choate/ws_moveit/install/moveit_ros_robot_interaction/lib:/home/daniel-choate/ws_moveit/install/moveit_ros_perception/lib:/home/daniel-choate/ws_moveit/install/moveit_ros_move_group/lib:/home/daniel-choate/ws_moveit/install/moveit_planners_ompl/lib:/home/daniel-choate/ws_moveit/install/moveit_kinematics/lib:/home/daniel-choate/ws_moveit/install/moveit_ros_planning/lib:/home/daniel-choate/ws_moveit/install/moveit_ros_occupancy_map_monitor/lib:/home/daniel-choate/ws_moveit/install/moveit_resources_prbt_ikfast_manipulator_plugin/lib:/home/daniel-choate/ws_moveit/install/moveit_planners_stomp/lib:/home/daniel-choate/ws_moveit/install/moveit_planners_chomp/lib:/home/daniel-choate/ws_moveit/install/chomp_motion_planner/lib:/home/daniel-choate/ws_moveit/install/moveit_core/lib:/home/daniel-choate/ws_moveit/install/moveit_msgs/lib:/home/daniel-choate/ws_moveit/install/kortex_driver/lib:/opt/ros/kilted/opt/gz_sim_vendor/lib:/opt/ros/kilted/opt/gz_sensors_vendor/lib:/opt/ros/kilted/opt/gz_physics_vendor/lib:/opt/ros/kilted/opt/sdformat_vendor/lib:/opt/ros/kilted/opt/gz_gui_vendor/lib:/opt/ros/kilted/opt/gz_transport_vendor/lib:/opt/ros/kilted/opt/gz_rendering_vendor/lib:/opt/ros/kilted/opt/gz_plugin_vendor/lib:/opt/ros/kilted/opt/gz_fuel_tools_vendor/lib:/opt/ros/kilted/opt/gz_msgs_vendor/lib:/opt/ros/kilted/opt/gz_common_vendor/lib:/opt/ros/kilted/opt/gz_math_vendor/lib:/opt/ros/kilted/opt/gz_utils_vendor/lib:/opt/ros/kilted/opt/rviz_ogre_vendor/lib:/opt/ros/kilted/lib/x86_64-linux-gnu:/opt/ros/kilted/opt/gz_tools_vendor/lib:/opt/ros/kilted/opt/gz_ogre_next_vendor/lib:/opt/ros/kilted/opt/gz_dartsim_vendor/lib:/opt/ros/kilted/opt/gz_cmake_vendor/lib:/opt/ros/kilted/lib:/usr/local/lib PYTHONPATH=/home/daniel-choate/paml_ros2/build/mapping_executor/prefix_override:/usr/lib/python3/dist-packages/colcon_core/task/python/colcon_distutils_commands:/home/daniel-choate/paml_ros2/install/mapping_executor/lib/python3.12/site-packages:/home/daniel-choate/paml_ros2/install/mapping_interfaces/lib/python3.12/site-packages:/home/daniel-choate/ws_moveit/install/moveit_task_constructor_core/lib/python3.12/site-packages:/home/daniel-choate/ws_moveit/install/moveit_task_constructor_msgs/lib/python3.12/site-packages:/home/daniel-choate/ws_moveit/install/moveit_py/lib/python3.12/site-packages:/home/daniel-choate/ws_moveit/install/moveit_msgs/lib/python3.12/site-packages:/home/daniel-choate/ws_moveit/install/moveit_configs_utils/lib/python3.12/site-packages:/home/daniel-choate/paml_ros2/install/mapping_planner/lib/python3.12/site-packages:/home/daniel-choate/paml_ros2/install/mapping_executor/lib/python3.12/site-packages:/opt/ros/kilted/lib/python3.12/site-packages /usr/bin/python3 -W ignore:setup.py install is deprecated -W ignore:easy_install command is deprecated setup.py egg_info --egg-base ../../build/mapping_executor build --build-base /home/daniel-choate/paml_ros2/build/mapping_executor/build install --record /home/daniel-choate/paml_ros2/build/mapping_executor/install.log --single-version-externally-managed install_data
[7.288s] Level 1:colcon.colcon_core.environment:checking '/home/daniel-choate/paml_ros2/install/mapping_executor' for CMake config files
[7.288s] Level 1:colcon.colcon_core.environment:checking '/home/daniel-choate/paml_ros2/install/mapping_executor/lib'
[7.288s] Level 1:colcon.colcon_core.environment:checking '/home/daniel-choate/paml_ros2/install/mapping_executor/bin'
[7.288s] Level 1:colcon.colcon_core.environment:checking '/home/daniel-choate/paml_ros2/install/mapping_executor/lib/pkgconfig/mapping_executor.pc'
[7.288s] Level 1:colcon.colcon_core.environment:checking '/home/daniel-choate/paml_ros2/install/mapping_executor/lib/python3.12/site-packages'
[7.289s] Level 1:colcon.colcon_core.shell:create_environment_hook('mapping_executor', 'pythonpath')
[7.289s] INFO:colcon.colcon_core.shell:Creating environment hook '/home/daniel-choate/paml_ros2/install/mapping_executor/share/mapping_executor/hook/pythonpath.ps1'
[7.289s] INFO:colcon.colcon_core.shell:Creating environment descriptor '/home/daniel-choate/paml_ros2/install/mapping_executor/share/mapping_executor/hook/pythonpath.dsv'
[7.289s] INFO:colcon.colcon_core.shell:Creating environment hook '/home/daniel-choate/paml_ros2/install/mapping_executor/share/mapping_executor/hook/pythonpath.sh'
[7.290s] Level 1:colcon.colcon_core.environment:checking '/home/daniel-choate/paml_ros2/install/mapping_executor/bin'
[7.290s] Level 1:colcon.colcon_core.environment:create_environment_scripts_only(mapping_executor)
[7.290s] INFO:colcon.colcon_core.shell:Creating package script '/home/daniel-choate/paml_ros2/install/mapping_executor/share/mapping_executor/package.ps1'
[7.290s] INFO:colcon.colcon_core.shell:Creating package descriptor '/home/daniel-choate/paml_ros2/install/mapping_executor/share/mapping_executor/package.dsv'
[7.290s] INFO:colcon.colcon_core.shell:Creating package script '/home/daniel-choate/paml_ros2/install/mapping_executor/share/mapping_executor/package.sh'
[7.290s] INFO:colcon.colcon_core.shell:Creating package script '/home/daniel-choate/paml_ros2/install/mapping_executor/share/mapping_executor/package.bash'
[7.291s] INFO:colcon.colcon_core.shell:Creating package script '/home/daniel-choate/paml_ros2/install/mapping_executor/share/mapping_executor/package.zsh'
[7.291s] Level 1:colcon.colcon_core.environment:create_file_with_runtime_dependencies(/home/daniel-choate/paml_ros2/install/mapping_executor/share/colcon-core/packages/mapping_executor)
[7.292s] Level 1:colcon.colcon_core.environment:checking '/home/daniel-choate/paml_ros2/install/mapping_planner' for CMake module files
[7.292s] DEBUG:colcon.colcon_core.event_handler.log_command:Invoked command in '/home/daniel-choate/paml_ros2/src/mapping_planner' returned '0': CMAKE_PREFIX_PATH=/home/daniel-choate/paml_ros2/install/mapping_interfaces:/home/daniel-choate/ws_moveit/install/robotiq_hardware_tests:/home/daniel-choate/ws_moveit/install/robotiq_driver:/home/daniel-choate/ws_moveit/install/serial:/home/daniel-choate/ws_moveit/install/moveit2_tutorials:/home/daniel-choate/ws_moveit/install/moveit_visual_tools:/home/daniel-choate/ws_moveit/install/rviz_visual_tools:/home/daniel-choate/ws_moveit/install/moveit_task_constructor_demo:/home/daniel-choate/ws_moveit/install/moveit_task_constructor_visualization:/home/daniel-choate/ws_moveit/install/moveit_task_constructor_capabilities:/home/daniel-choate/ws_moveit/install/moveit_task_constructor_core:/home/daniel-choate/ws_moveit/install/rviz_marker_tools:/home/daniel-choate/ws_moveit/install/kortex_bringup:/home/daniel-choate/ws_moveit/install/kinova_gen3_lite_moveit_config:/home/daniel-choate/ws_moveit/install/kinova_gen3_7dof_robotiq_2f_85_moveit_config:/home/daniel-choate/ws_moveit/install/kinova_gen3_6dof_robotiq_2f_85_moveit_config:/home/daniel-choate/ws_moveit/install/kortex_description:/home/daniel-choate/ws_moveit/install/robotiq_description:/home/daniel-choate/ws_moveit/install/robotiq_controllers:/home/daniel-choate/ws_moveit/install/pilz_industrial_motion_planner_testutils:/home/daniel-choate/ws_moveit/install/moveit_runtime:/home/daniel-choate/ws_moveit/install/moveit:/home/daniel-choate/ws_moveit/install/moveit_planners:/home/daniel-choate/ws_moveit/install/pilz_industrial_motion_planner:/home/daniel-choate/ws_moveit/install/moveit_task_constructor_msgs:/home/daniel-choate/ws_moveit/install/moveit_ros_control_interface:/home/daniel-choate/ws_moveit/install/moveit_plugins:/home/daniel-choate/ws_moveit/install/moveit_simple_controller_manager:/home/daniel-choate/ws_moveit/install/moveit_setup_assistant:/home/daniel-choate/ws_moveit/install/moveit_setup_srdf_plugins:/home/daniel-choate/ws_moveit/install/moveit_setup_core_plugins:/home/daniel-choate/ws_moveit/install/moveit_setup_controllers:/home/daniel-choate/ws_moveit/install/moveit_setup_app_plugins:/home/daniel-choate/ws_moveit/install/moveit_setup_framework:/home/daniel-choate/ws_moveit/install/moveit_servo:/home/daniel-choate/ws_moveit/install/moveit_ros_trajectory_cache:/home/daniel-choate/ws_moveit/install/moveit_ros:/home/daniel-choate/ws_moveit/install/moveit_ros_visualization:/home/daniel-choate/ws_moveit/install/moveit_py:/home/daniel-choate/ws_moveit/install/moveit_hybrid_planning:/home/daniel-choate/ws_moveit/install/moveit_ros_planning_interface:/home/daniel-choate/ws_moveit/install/moveit_ros_benchmarks:/home/daniel-choate/ws_moveit/install/moveit_ros_warehouse:/home/daniel-choate/ws_moveit/install/moveit_ros_robot_interaction:/home/daniel-choate/ws_moveit/install/moveit_ros_perception:/home/daniel-choate/ws_moveit/install/moveit_resources_prbt_pg70_support:/home/daniel-choate/ws_moveit/install/moveit_resources_prbt_moveit_config:/home/daniel-choate/ws_moveit/install/moveit_ros_move_group:/home/daniel-choate/ws_moveit/install/moveit_planners_ompl:/home/daniel-choate/ws_moveit/install/moveit_kinematics:/home/daniel-choate/ws_moveit/install/moveit_ros_planning:/home/daniel-choate/ws_moveit/install/moveit_ros_occupancy_map_monitor:/home/daniel-choate/ws_moveit/install/moveit_resources_prbt_support:/home/daniel-choate/ws_moveit/install/moveit_resources_prbt_ikfast_manipulator_plugin:/home/daniel-choate/ws_moveit/install/moveit_resources:/home/daniel-choate/ws_moveit/install/moveit_resources_pr2_description:/home/daniel-choate/ws_moveit/install/moveit_resources_panda_moveit_config:/home/daniel-choate/ws_moveit/install/dual_arm_panda_moveit_config:/home/daniel-choate/ws_moveit/install/moveit_resources_panda_description:/home/daniel-choate/ws_moveit/install/moveit_resources_fanuc_moveit_config:/home/daniel-choate/ws_moveit/install/moveit_resources_fanuc_description:/home/daniel-choate/ws_moveit/install/moveit_planners_stomp:/home/daniel-choate/ws_moveit/install/moveit_planners_chomp:/home/daniel-choate/ws_moveit/install/chomp_motion_planner:/home/daniel-choate/ws_moveit/install/moveit_core:/home/daniel-choate/ws_moveit/install/moveit_msgs:/home/daniel-choate/ws_moveit/install/moveit_common:/home/daniel-choate/ws_moveit/install/kortex_driver:/home/daniel-choate/ws_moveit/install/kortex_api:/opt/ros/kilted/opt/gz_sim_vendor:/opt/ros/kilted/opt/gz_sensors_vendor:/opt/ros/kilted/opt/gz_physics_vendor:/opt/ros/kilted/opt/sdformat_vendor:/opt/ros/kilted/opt/gz_gui_vendor:/opt/ros/kilted/opt/gz_transport_vendor:/opt/ros/kilted/opt/gz_rendering_vendor:/opt/ros/kilted/opt/gz_plugin_vendor:/opt/ros/kilted/opt/gz_fuel_tools_vendor:/opt/ros/kilted/opt/gz_msgs_vendor:/opt/ros/kilted/opt/gz_common_vendor:/opt/ros/kilted/opt/gz_math_vendor:/opt/ros/kilted/opt/gz_utils_vendor:/opt/ros/kilted/opt/gz_tools_vendor:/opt/ros/kilted/opt/gz_ogre_next_vendor:/opt/ros/kilted/opt/gz_dartsim_vendor:/opt/ros/kilted/opt/gz_cmake_vendor DEBUGINFOD_URLS=https://debuginfod.ubuntu.com LD_LIBRARY_PATH=/home/daniel-choate/paml_ros2/install/mapping_interfaces/lib:/home/daniel-choate/ws_moveit/install/robotiq_driver/lib:/home/daniel-choate/ws_moveit/install/serial/lib:/home/daniel-choate/ws_moveit/install/moveit_visual_tools/lib:/home/daniel-choate/ws_moveit/install/rviz_visual_tools/lib:/home/daniel-choate/ws_moveit/install/moveit_task_constructor_demo/lib:/home/daniel-choate/ws_moveit/install/moveit_task_constructor_visualization/lib:/home/daniel-choate/ws_moveit/install/moveit_task_constructor_capabilities/lib:/home/daniel-choate/ws_moveit/install/moveit_task_constructor_core/lib:/home/daniel-choate/ws_moveit/install/rviz_marker_tools/lib:/home/daniel-choate/ws_moveit/install/robotiq_controllers/lib:/home/daniel-choate/ws_moveit/install/pilz_industrial_motion_planner_testutils/lib:/home/daniel-choate/ws_moveit/install/pilz_industrial_motion_planner/lib:/home/daniel-choate/ws_moveit/install/moveit_task_constructor_msgs/lib:/home/daniel-choate/ws_moveit/install/moveit_ros_control_interface/lib:/home/daniel-choate/ws_moveit/install/moveit_simple_controller_manager/lib:/home/daniel-choate/ws_moveit/install/moveit_setup_assistant/lib:/home/daniel-choate/ws_moveit/install/moveit_setup_srdf_plugins/lib:/home/daniel-choate/ws_moveit/install/moveit_setup_core_plugins/lib:/home/daniel-choate/ws_moveit/install/moveit_setup_controllers/lib:/home/daniel-choate/ws_moveit/install/moveit_setup_app_plugins/lib:/home/daniel-choate/ws_moveit/install/moveit_setup_framework/lib:/home/daniel-choate/ws_moveit/install/moveit_servo/lib:/home/daniel-choate/ws_moveit/install/moveit_ros_trajectory_cache/lib:/home/daniel-choate/ws_moveit/install/moveit_ros_visualization/lib:/home/daniel-choate/ws_moveit/install/moveit_py/lib:/home/daniel-choate/ws_moveit/install/moveit_hybrid_planning/lib:/home/daniel-choate/ws_moveit/install/moveit_ros_planning_interface/lib:/home/daniel-choate/ws_moveit/install/moveit_ros_benchmarks/lib:/home/daniel-choate/ws_moveit/install/moveit_ros_warehouse/lib:/home/daniel-choate/ws_moveit/install/moveit_ros_robot_interaction/lib:/home/daniel-choate/ws_moveit/install/moveit_ros_perception/lib:/home/daniel-choate/ws_moveit/install/moveit_ros_move_group/lib:/home/daniel-choate/ws_moveit/install/moveit_planners_ompl/lib:/home/daniel-choate/ws_moveit/install/moveit_kinematics/lib:/home/daniel-choate/ws_moveit/install/moveit_ros_planning/lib:/home/daniel-choate/ws_moveit/install/moveit_ros_occupancy_map_monitor/lib:/home/daniel-choate/ws_moveit/install/moveit_resources_prbt_ikfast_manipulator_plugin/lib:/home/daniel-choate/ws_moveit/install/moveit_planners_stomp/lib:/home/daniel-choate/ws_moveit/install/moveit_planners_chomp/lib:/home/daniel-choate/ws_moveit/install/chomp_motion_planner/lib:/home/daniel-choate/ws_moveit/install/moveit_core/lib:/home/daniel-choate/ws_moveit/install/moveit_msgs/lib:/home/daniel-choate/ws_moveit/install/kortex_driver/lib:/opt/ros/kilted/opt/gz_sim_vendor/lib:/opt/ros/kilted/opt/gz_sensors_vendor/lib:/opt/ros/kilted/opt/gz_physics_vendor/lib:/opt/ros/kilted/opt/sdformat_vendor/lib:/opt/ros/kilted/opt/gz_gui_vendor/lib:/opt/ros/kilted/opt/gz_transport_vendor/lib:/opt/ros/kilted/opt/gz_rendering_vendor/lib:/opt/ros/kilted/opt/gz_plugin_vendor/lib:/opt/ros/kilted/opt/gz_fuel_tools_vendor/lib:/opt/ros/kilted/opt/gz_msgs_vendor/lib:/opt/ros/kilted/opt/gz_common_vendor/lib:/opt/ros/kilted/opt/gz_math_vendor/lib:/opt/ros/kilted/opt/gz_utils_vendor/lib:/opt/ros/kilted/opt/rviz_ogre_vendor/lib:/opt/ros/kilted/lib/x86_64-linux-gnu:/opt/ros/kilted/opt/gz_tools_vendor/lib:/opt/ros/kilted/opt/gz_ogre_next_vendor/lib:/opt/ros/kilted/opt/gz_dartsim_vendor/lib:/opt/ros/kilted/opt/gz_cmake_vendor/lib:/opt/ros/kilted/lib:/usr/local/lib PYTHONPATH=/home/daniel-choate/paml_ros2/build/mapping_planner/prefix_override:/usr/lib/python3/dist-packages/colcon_core/task/python/colcon_distutils_commands:/home/daniel-choate/paml_ros2/install/mapping_planner/lib/python3.12/site-packages:/home/daniel-choate/paml_ros2/install/mapping_interfaces/lib/python3.12/site-packages:/home/daniel-choate/ws_moveit/install/moveit_task_constructor_core/lib/python3.12/site-packages:/home/daniel-choate/ws_moveit/install/moveit_task_constructor_msgs/lib/python3.12/site-packages:/home/daniel-choate/ws_moveit/install/moveit_py/lib/python3.12/site-packages:/home/daniel-choate/ws_moveit/install/moveit_msgs/lib/python3.12/site-packages:/home/daniel-choate/ws_moveit/install/moveit_configs_utils/lib/python3.12/site-packages:/home/daniel-choate/paml_ros2/install/mapping_planner/lib/python3.12/site-packages:/home/daniel-choate/paml_ros2/install/mapping_executor/lib/python3.12/site-packages:/opt/ros/kilted/lib/python3.12/site-packages /usr/bin/python3 -W ignore:setup.py install is deprecated -W ignore:easy_install command is deprecated setup.py egg_info --egg-base ../../build/mapping_planner build --build-base /home/daniel-choate/paml_ros2/build/mapping_planner/build install --record /home/daniel-choate/paml_ros2/build/mapping_planner/install.log --single-version-externally-managed install_data
[7.293s] Level 1:colcon.colcon_core.environment:checking '/home/daniel-choate/paml_ros2/install/mapping_planner' for CMake config files
[7.293s] Level 1:colcon.colcon_core.environment:checking '/home/daniel-choate/paml_ros2/install/mapping_planner/lib'
[7.293s] Level 1:colcon.colcon_core.environment:checking '/home/daniel-choate/paml_ros2/install/mapping_planner/bin'
[7.293s] Level 1:colcon.colcon_core.environment:checking '/home/daniel-choate/paml_ros2/install/mapping_planner/lib/pkgconfig/mapping_planner.pc'
[7.293s] Level 1:colcon.colcon_core.environment:checking '/home/daniel-choate/paml_ros2/install/mapping_planner/lib/python3.12/site-packages'
[7.294s] Level 1:colcon.colcon_core.shell:create_environment_hook('mapping_planner', 'pythonpath')
[7.294s] INFO:colcon.colcon_core.shell:Creating environment hook '/home/daniel-choate/paml_ros2/install/mapping_planner/share/mapping_planner/hook/pythonpath.ps1'
[7.294s] INFO:colcon.colcon_core.shell:Creating environment descriptor '/home/daniel-choate/paml_ros2/install/mapping_planner/share/mapping_planner/hook/pythonpath.dsv'
[7.295s] INFO:colcon.colcon_core.shell:Creating environment hook '/home/daniel-choate/paml_ros2/install/mapping_planner/share/mapping_planner/hook/pythonpath.sh'
[7.295s] Level 1:colcon.colcon_core.environment:checking '/home/daniel-choate/paml_ros2/install/mapping_planner/bin'
[7.295s] Level 1:colcon.colcon_core.environment:create_environment_scripts_only(mapping_planner)
[7.296s] INFO:colcon.colcon_core.shell:Creating package script '/home/daniel-choate/paml_ros2/install/mapping_planner/share/mapping_planner/package.ps1'
[7.296s] INFO:colcon.colcon_core.shell:Creating package descriptor '/home/daniel-choate/paml_ros2/install/mapping_planner/share/mapping_planner/package.dsv'
[7.297s] INFO:colcon.colcon_core.shell:Creating package script '/home/daniel-choate/paml_ros2/install/mapping_planner/share/mapping_planner/package.sh'
[7.297s] INFO:colcon.colcon_core.shell:Creating package script '/home/daniel-choate/paml_ros2/install/mapping_planner/share/mapping_planner/package.bash'
[7.298s] INFO:colcon.colcon_core.shell:Creating package script '/home/daniel-choate/paml_ros2/install/mapping_planner/share/mapping_planner/package.zsh'
[7.298s] Level 1:colcon.colcon_core.environment:create_file_with_runtime_dependencies(/home/daniel-choate/paml_ros2/install/mapping_planner/share/colcon-core/packages/mapping_planner)
[7.298s] DEBUG:colcon.colcon_parallel_executor.executor.parallel:closing loop
[7.298s] DEBUG:colcon.colcon_parallel_executor.executor.parallel:loop closed
[7.298s] DEBUG:colcon.colcon_parallel_executor.executor.parallel:run_until_complete finished with '0'
[7.298s] DEBUG:colcon.colcon_core.event_reactor:joining thread
[7.303s] INFO:colcon.colcon_core.plugin_system:Skipping extension 'colcon_notification.desktop_notification.terminal_notifier': Not used on non-Darwin systems
[7.303s] INFO:colcon.colcon_core.plugin_system:Skipping extension 'colcon_notification.desktop_notification.win32': Not used on non-Windows systems
[7.303s] INFO:colcon.colcon_notification.desktop_notification:Sending desktop notification using 'notify2'
[7.313s] DEBUG:colcon.colcon_core.event_reactor:joined thread
[7.313s] INFO:colcon.colcon_core.shell:Creating prefix script '/home/daniel-choate/paml_ros2/install/local_setup.ps1'
[7.314s] INFO:colcon.colcon_core.shell:Creating prefix util module '/home/daniel-choate/paml_ros2/install/_local_setup_util_ps1.py'
[7.314s] INFO:colcon.colcon_core.shell:Creating prefix chain script '/home/daniel-choate/paml_ros2/install/setup.ps1'
[7.316s] INFO:colcon.colcon_core.shell:Creating prefix script '/home/daniel-choate/paml_ros2/install/local_setup.sh'
[7.317s] INFO:colcon.colcon_core.shell:Creating prefix util module '/home/daniel-choate/paml_ros2/install/_local_setup_util_sh.py'
[7.317s] INFO:colcon.colcon_core.shell:Creating prefix chain script '/home/daniel-choate/paml_ros2/install/setup.sh'
[7.319s] INFO:colcon.colcon_core.shell:Creating prefix script '/home/daniel-choate/paml_ros2/install/local_setup.bash'
[7.319s] INFO:colcon.colcon_core.shell:Creating prefix chain script '/home/daniel-choate/paml_ros2/install/setup.bash'
[7.321s] INFO:colcon.colcon_core.shell:Creating prefix script '/home/daniel-choate/paml_ros2/install/local_setup.zsh'
[7.321s] INFO:colcon.colcon_core.shell:Creating prefix chain script '/home/daniel-choate/paml_ros2/install/setup.zsh'
