[0.027s] Invoking command in '/home/daniel-choate/paml_ros2/build/mapping_interfaces': CMAKE_PREFIX_PATH=${CMAKE_PREFIX_PATH}:/opt/ros/kilted DEBUGINFOD_URLS=https://debuginfod.ubuntu.com /usr/bin/cmake --build /home/daniel-choate/paml_ros2/build/mapping_interfaces -- -j20 -l20
[0.725s] [  1%] Built target mapping_interfaces__rosidl_generator_type_description
[0.725s] [  3%] Built target mapping_interfaces__rs
[0.725s] [  3%] Built target ament_cmake_python_copy_mapping_interfaces
[0.725s] [  4%] Built target mapping_interfaces__cpp
[0.725s] [ 26%] Built target mapping_interfaces__rosidl_generator_c
[0.725s] [ 43%] Built target mapping_interfaces__rosidl_typesupport_fastrtps_c
[0.725s] [ 44%] Built target mapping_interfaces__rosidl_typesupport_c
[0.725s] [ 53%] Built target mapping_interfaces__rosidl_typesupport_cpp
[0.725s] [ 63%] Built target mapping_interfaces__rosidl_typesupport_introspection_cpp
[0.725s] [ 72%] Built target mapping_interfaces__rosidl_typesupport_fastrtps_cpp
[0.725s] [ 81%] Built target mapping_interfaces__rosidl_typesupport_introspection_c
[0.726s] [ 81%] Built target mapping_interfaces
[0.726s] [ 83%] Built target mapping_interfaces__py
[0.726s] [ 90%] Built target mapping_interfaces__rosidl_generator_py
[0.726s] [ 93%] Built target mapping_interfaces_s__rosidl_typesupport_fastrtps_c
[0.726s] [ 96%] Built target mapping_interfaces_s__rosidl_typesupport_introspection_c
[0.726s] [100%] Built target mapping_interfaces_s__rosidl_typesupport_c
[0.726s] running egg_info
[0.726s] writing mapping_interfaces.egg-info/PKG-INFO
[0.726s] writing dependency_links to mapping_interfaces.egg-info/dependency_links.txt
[0.726s] writing top-level names to mapping_interfaces.egg-info/top_level.txt
[0.726s] reading manifest file 'mapping_interfaces.egg-info/SOURCES.txt'
[0.726s] writing manifest file 'mapping_interfaces.egg-info/SOURCES.txt'
[0.726s] [100%] Built target ament_cmake_python_build_mapping_interfaces_egg
[0.727s] Invoked command in '/home/daniel-choate/paml_ros2/build/mapping_interfaces' returned '0': CMAKE_PREFIX_PATH=${CMAKE_PREFIX_PATH}:/opt/ros/kilted DEBUGINFOD_URLS=https://debuginfod.ubuntu.com /usr/bin/cmake --build /home/daniel-choate/paml_ros2/build/mapping_interfaces -- -j20 -l20
[0.734s] Invoking command in '/home/daniel-choate/paml_ros2/build/mapping_interfaces': CMAKE_PREFIX_PATH=${CMAKE_PREFIX_PATH}:/opt/ros/kilted DEBUGINFOD_URLS=https://debuginfod.ubuntu.com /usr/bin/cmake --install /home/daniel-choate/paml_ros2/build/mapping_interfaces
[0.904s] -- Install configuration: ""
[0.904s] -- Up-to-date: /home/daniel-choate/paml_ros2/install/mapping_interfaces/share/ament_index/resource_index/rosidl_interfaces/mapping_interfaces
[0.904s] -- Up-to-date: /home/daniel-choate/paml_ros2/install/mapping_interfaces/share/mapping_interfaces/srv/GenerateMappingPlan.json
[0.905s] -- Up-to-date: /home/daniel-choate/paml_ros2/install/mapping_interfaces/share/mapping_interfaces/srv/ExecuteMappingPlan.json
[0.905s] -- Up-to-date: /home/daniel-choate/paml_ros2/install/mapping_interfaces/share/mapping_interfaces/srv/CaptureFrame.json
[0.905s] -- Up-to-date: /home/daniel-choate/paml_ros2/install/mapping_interfaces/share/mapping_interfaces/srv/IntegrateFrame.json
[0.905s] -- Up-to-date: /home/daniel-choate/paml_ros2/install/mapping_interfaces/include/mapping_interfaces/mapping_interfaces
[0.905s] -- Up-to-date: /home/daniel-choate/paml_ros2/install/mapping_interfaces/include/mapping_interfaces/mapping_interfaces/msg
[0.905s] -- Up-to-date: /home/daniel-choate/paml_ros2/install/mapping_interfaces/include/mapping_interfaces/mapping_interfaces/msg/rosidl_generator_c__visibility_control.h
[0.905s] -- Up-to-date: /home/daniel-choate/paml_ros2/install/mapping_interfaces/include/mapping_interfaces/mapping_interfaces/srv
[0.905s] -- Up-to-date: /home/daniel-choate/paml_ros2/install/mapping_interfaces/include/mapping_interfaces/mapping_interfaces/srv/integrate_frame.h
[0.905s] -- Up-to-date: /home/daniel-choate/paml_ros2/install/mapping_interfaces/include/mapping_interfaces/mapping_interfaces/srv/execute_mapping_plan.h
[0.905s] -- Up-to-date: /home/daniel-choate/paml_ros2/install/mapping_interfaces/include/mapping_interfaces/mapping_interfaces/srv/detail
[0.905s] -- Up-to-date: /home/daniel-choate/paml_ros2/install/mapping_interfaces/include/mapping_interfaces/mapping_interfaces/srv/detail/capture_frame__type_support.c
[0.905s] -- Up-to-date: /home/daniel-choate/paml_ros2/install/mapping_interfaces/include/mapping_interfaces/mapping_interfaces/srv/detail/integrate_frame__functions.h
[0.905s] -- Up-to-date: /home/daniel-choate/paml_ros2/install/mapping_interfaces/include/mapping_interfaces/mapping_interfaces/srv/detail/integrate_frame__type_support.h
[0.905s] -- Up-to-date: /home/daniel-choate/paml_ros2/install/mapping_interfaces/include/mapping_interfaces/mapping_interfaces/srv/detail/execute_mapping_plan__functions.c
[0.905s] -- Up-to-date: /home/daniel-choate/paml_ros2/install/mapping_interfaces/include/mapping_interfaces/mapping_interfaces/srv/detail/generate_mapping_plan__description.c
[0.905s] -- Up-to-date: /home/daniel-choate/paml_ros2/install/mapping_interfaces/include/mapping_interfaces/mapping_interfaces/srv/detail/capture_frame__type_support.h
[0.906s] -- Up-to-date: /home/daniel-choate/paml_ros2/install/mapping_interfaces/include/mapping_interfaces/mapping_interfaces/srv/detail/execute_mapping_plan__struct.h
[0.907s] -- Up-to-date: /home/daniel-choate/paml_ros2/install/mapping_interfaces/include/mapping_interfaces/mapping_interfaces/srv/detail/capture_frame__functions.c
[0.907s] -- Up-to-date: /home/daniel-choate/paml_ros2/install/mapping_interfaces/include/mapping_interfaces/mapping_interfaces/srv/detail/generate_mapping_plan__functions.h
[0.907s] -- Up-to-date: /home/daniel-choate/paml_ros2/install/mapping_interfaces/include/mapping_interfaces/mapping_interfaces/srv/detail/execute_mapping_plan__description.c
[0.907s] -- Up-to-date: /home/daniel-choate/paml_ros2/install/mapping_interfaces/include/mapping_interfaces/mapping_interfaces/srv/detail/generate_mapping_plan__struct.h
[0.907s] -- Up-to-date: /home/daniel-choate/paml_ros2/install/mapping_interfaces/include/mapping_interfaces/mapping_interfaces/srv/detail/generate_mapping_plan__functions.c
[0.907s] -- Up-to-date: /home/daniel-choate/paml_ros2/install/mapping_interfaces/include/mapping_interfaces/mapping_interfaces/srv/detail/integrate_frame__struct.h
[0.907s] -- Up-to-date: /home/daniel-choate/paml_ros2/install/mapping_interfaces/include/mapping_interfaces/mapping_interfaces/srv/detail/integrate_frame__description.c
[0.907s] -- Up-to-date: /home/daniel-choate/paml_ros2/install/mapping_interfaces/include/mapping_interfaces/mapping_interfaces/srv/detail/capture_frame__functions.h
[0.907s] -- Up-to-date: /home/daniel-choate/paml_ros2/install/mapping_interfaces/include/mapping_interfaces/mapping_interfaces/srv/detail/capture_frame__struct.h
[0.907s] -- Up-to-date: /home/daniel-choate/paml_ros2/install/mapping_interfaces/include/mapping_interfaces/mapping_interfaces/srv/detail/execute_mapping_plan__functions.h
[0.907s] -- Up-to-date: /home/daniel-choate/paml_ros2/install/mapping_interfaces/include/mapping_interfaces/mapping_interfaces/srv/detail/execute_mapping_plan__type_support.h
[0.907s] -- Up-to-date: /home/daniel-choate/paml_ros2/install/mapping_interfaces/include/mapping_interfaces/mapping_interfaces/srv/detail/capture_frame__description.c
[0.907s] -- Up-to-date: /home/daniel-choate/paml_ros2/install/mapping_interfaces/include/mapping_interfaces/mapping_interfaces/srv/detail/generate_mapping_plan__type_support.c
[0.907s] -- Up-to-date: /home/daniel-choate/paml_ros2/install/mapping_interfaces/include/mapping_interfaces/mapping_interfaces/srv/detail/generate_mapping_plan__type_support.h
[0.907s] -- Up-to-date: /home/daniel-choate/paml_ros2/install/mapping_interfaces/include/mapping_interfaces/mapping_interfaces/srv/detail/execute_mapping_plan__type_support.c
[0.907s] -- Up-to-date: /home/daniel-choate/paml_ros2/install/mapping_interfaces/include/mapping_interfaces/mapping_interfaces/srv/detail/integrate_frame__functions.c
[0.907s] -- Up-to-date: /home/daniel-choate/paml_ros2/install/mapping_interfaces/include/mapping_interfaces/mapping_interfaces/srv/detail/integrate_frame__type_support.c
[0.907s] -- Up-to-date: /home/daniel-choate/paml_ros2/install/mapping_interfaces/include/mapping_interfaces/mapping_interfaces/srv/capture_frame.h
[0.907s] -- Up-to-date: /home/daniel-choate/paml_ros2/install/mapping_interfaces/include/mapping_interfaces/mapping_interfaces/srv/generate_mapping_plan.h
[0.907s] -- Up-to-date: /home/daniel-choate/paml_ros2/install/mapping_interfaces/share/mapping_interfaces/environment/library_path.sh
[0.908s] -- Up-to-date: /home/daniel-choate/paml_ros2/install/mapping_interfaces/share/mapping_interfaces/environment/library_path.dsv
[0.908s] -- Up-to-date: /home/daniel-choate/paml_ros2/install/mapping_interfaces/lib/libmapping_interfaces__rosidl_generator_c.so
[0.908s] -- Up-to-date: /home/daniel-choate/paml_ros2/install/mapping_interfaces/include/mapping_interfaces/mapping_interfaces
[0.908s] -- Up-to-date: /home/daniel-choate/paml_ros2/install/mapping_interfaces/include/mapping_interfaces/mapping_interfaces/msg
[0.908s] -- Up-to-date: /home/daniel-choate/paml_ros2/install/mapping_interfaces/include/mapping_interfaces/mapping_interfaces/msg/rosidl_typesupport_fastrtps_c__visibility_control.h
[0.908s] -- Up-to-date: /home/daniel-choate/paml_ros2/install/mapping_interfaces/include/mapping_interfaces/mapping_interfaces/srv
[0.908s] -- Up-to-date: /home/daniel-choate/paml_ros2/install/mapping_interfaces/include/mapping_interfaces/mapping_interfaces/srv/detail
[0.908s] -- Up-to-date: /home/daniel-choate/paml_ros2/install/mapping_interfaces/include/mapping_interfaces/mapping_interfaces/srv/detail/generate_mapping_plan__rosidl_typesupport_fastrtps_c.h
[0.908s] -- Up-to-date: /home/daniel-choate/paml_ros2/install/mapping_interfaces/include/mapping_interfaces/mapping_interfaces/srv/detail/execute_mapping_plan__rosidl_typesupport_fastrtps_c.h
[0.908s] -- Up-to-date: /home/daniel-choate/paml_ros2/install/mapping_interfaces/include/mapping_interfaces/mapping_interfaces/srv/detail/capture_frame__rosidl_typesupport_fastrtps_c.h
[0.908s] -- Up-to-date: /home/daniel-choate/paml_ros2/install/mapping_interfaces/include/mapping_interfaces/mapping_interfaces/srv/detail/integrate_frame__rosidl_typesupport_fastrtps_c.h
[0.908s] -- Up-to-date: /home/daniel-choate/paml_ros2/install/mapping_interfaces/lib/libmapping_interfaces__rosidl_typesupport_fastrtps_c.so
[0.908s] -- Up-to-date: /home/daniel-choate/paml_ros2/install/mapping_interfaces/include/mapping_interfaces/mapping_interfaces
[0.908s] -- Up-to-date: /home/daniel-choate/paml_ros2/install/mapping_interfaces/include/mapping_interfaces/mapping_interfaces/msg
[0.908s] -- Up-to-date: /home/daniel-choate/paml_ros2/install/mapping_interfaces/include/mapping_interfaces/mapping_interfaces/msg/rosidl_generator_cpp__visibility_control.hpp
[0.908s] -- Up-to-date: /home/daniel-choate/paml_ros2/install/mapping_interfaces/include/mapping_interfaces/mapping_interfaces/srv
[0.908s] -- Up-to-date: /home/daniel-choate/paml_ros2/install/mapping_interfaces/include/mapping_interfaces/mapping_interfaces/srv/generate_mapping_plan.hpp
[0.908s] -- Up-to-date: /home/daniel-choate/paml_ros2/install/mapping_interfaces/include/mapping_interfaces/mapping_interfaces/srv/detail
[0.908s] -- Up-to-date: /home/daniel-choate/paml_ros2/install/mapping_interfaces/include/mapping_interfaces/mapping_interfaces/srv/detail/integrate_frame__type_support.hpp
[0.908s] -- Up-to-date: /home/daniel-choate/paml_ros2/install/mapping_interfaces/include/mapping_interfaces/mapping_interfaces/srv/detail/generate_mapping_plan__type_support.hpp
[0.908s] -- Up-to-date: /home/daniel-choate/paml_ros2/install/mapping_interfaces/include/mapping_interfaces/mapping_interfaces/srv/detail/execute_mapping_plan__type_support.hpp
[0.908s] -- Up-to-date: /home/daniel-choate/paml_ros2/install/mapping_interfaces/include/mapping_interfaces/mapping_interfaces/srv/detail/capture_frame__struct.hpp
[0.908s] -- Up-to-date: /home/daniel-choate/paml_ros2/install/mapping_interfaces/include/mapping_interfaces/mapping_interfaces/srv/detail/generate_mapping_plan__struct.hpp
[0.909s] -- Up-to-date: /home/daniel-choate/paml_ros2/install/mapping_interfaces/include/mapping_interfaces/mapping_interfaces/srv/detail/execute_mapping_plan__struct.hpp
[0.909s] -- Up-to-date: /home/daniel-choate/paml_ros2/install/mapping_interfaces/include/mapping_interfaces/mapping_interfaces/srv/detail/integrate_frame__struct.hpp
[0.909s] -- Up-to-date: /home/daniel-choate/paml_ros2/install/mapping_interfaces/include/mapping_interfaces/mapping_interfaces/srv/detail/capture_frame__type_support.hpp
[0.909s] -- Up-to-date: /home/daniel-choate/paml_ros2/install/mapping_interfaces/include/mapping_interfaces/mapping_interfaces/srv/detail/execute_mapping_plan__builder.hpp
[0.909s] -- Up-to-date: /home/daniel-choate/paml_ros2/install/mapping_interfaces/include/mapping_interfaces/mapping_interfaces/srv/detail/execute_mapping_plan__traits.hpp
[0.909s] -- Up-to-date: /home/daniel-choate/paml_ros2/install/mapping_interfaces/include/mapping_interfaces/mapping_interfaces/srv/detail/generate_mapping_plan__traits.hpp
[0.909s] -- Up-to-date: /home/daniel-choate/paml_ros2/install/mapping_interfaces/include/mapping_interfaces/mapping_interfaces/srv/detail/integrate_frame__traits.hpp
[0.909s] -- Up-to-date: /home/daniel-choate/paml_ros2/install/mapping_interfaces/include/mapping_interfaces/mapping_interfaces/srv/detail/generate_mapping_plan__builder.hpp
[0.909s] -- Up-to-date: /home/daniel-choate/paml_ros2/install/mapping_interfaces/include/mapping_interfaces/mapping_interfaces/srv/detail/capture_frame__builder.hpp
[0.909s] -- Up-to-date: /home/daniel-choate/paml_ros2/install/mapping_interfaces/include/mapping_interfaces/mapping_interfaces/srv/detail/integrate_frame__builder.hpp
[0.909s] -- Up-to-date: /home/daniel-choate/paml_ros2/install/mapping_interfaces/include/mapping_interfaces/mapping_interfaces/srv/detail/capture_frame__traits.hpp
[0.909s] -- Up-to-date: /home/daniel-choate/paml_ros2/install/mapping_interfaces/include/mapping_interfaces/mapping_interfaces/srv/integrate_frame.hpp
[0.909s] -- Up-to-date: /home/daniel-choate/paml_ros2/install/mapping_interfaces/include/mapping_interfaces/mapping_interfaces/srv/execute_mapping_plan.hpp
[0.909s] -- Up-to-date: /home/daniel-choate/paml_ros2/install/mapping_interfaces/include/mapping_interfaces/mapping_interfaces/srv/capture_frame.hpp
[0.909s] -- Up-to-date: /home/daniel-choate/paml_ros2/install/mapping_interfaces/include/mapping_interfaces/mapping_interfaces
[0.909s] -- Up-to-date: /home/daniel-choate/paml_ros2/install/mapping_interfaces/include/mapping_interfaces/mapping_interfaces/msg
[0.909s] -- Up-to-date: /home/daniel-choate/paml_ros2/install/mapping_interfaces/include/mapping_interfaces/mapping_interfaces/msg/rosidl_typesupport_fastrtps_cpp__visibility_control.h
[0.909s] -- Up-to-date: /home/daniel-choate/paml_ros2/install/mapping_interfaces/include/mapping_interfaces/mapping_interfaces/srv
[0.910s] -- Up-to-date: /home/daniel-choate/paml_ros2/install/mapping_interfaces/include/mapping_interfaces/mapping_interfaces/srv/detail
[0.910s] -- Up-to-date: /home/daniel-choate/paml_ros2/install/mapping_interfaces/include/mapping_interfaces/mapping_interfaces/srv/detail/dds_fastrtps
[0.910s] -- Up-to-date: /home/daniel-choate/paml_ros2/install/mapping_interfaces/include/mapping_interfaces/mapping_interfaces/srv/detail/generate_mapping_plan__rosidl_typesupport_fastrtps_cpp.hpp
[0.910s] -- Up-to-date: /home/daniel-choate/paml_ros2/install/mapping_interfaces/include/mapping_interfaces/mapping_interfaces/srv/detail/execute_mapping_plan__rosidl_typesupport_fastrtps_cpp.hpp
[0.910s] -- Up-to-date: /home/daniel-choate/paml_ros2/install/mapping_interfaces/include/mapping_interfaces/mapping_interfaces/srv/detail/integrate_frame__rosidl_typesupport_fastrtps_cpp.hpp
[0.910s] -- Up-to-date: /home/daniel-choate/paml_ros2/install/mapping_interfaces/include/mapping_interfaces/mapping_interfaces/srv/detail/capture_frame__rosidl_typesupport_fastrtps_cpp.hpp
[0.910s] -- Up-to-date: /home/daniel-choate/paml_ros2/install/mapping_interfaces/lib/libmapping_interfaces__rosidl_typesupport_fastrtps_cpp.so
[0.910s] -- Up-to-date: /home/daniel-choate/paml_ros2/install/mapping_interfaces/include/mapping_interfaces/mapping_interfaces
[0.910s] -- Up-to-date: /home/daniel-choate/paml_ros2/install/mapping_interfaces/include/mapping_interfaces/mapping_interfaces/msg
[0.910s] -- Up-to-date: /home/daniel-choate/paml_ros2/install/mapping_interfaces/include/mapping_interfaces/mapping_interfaces/msg/rosidl_typesupport_introspection_c__visibility_control.h
[0.910s] -- Up-to-date: /home/daniel-choate/paml_ros2/install/mapping_interfaces/include/mapping_interfaces/mapping_interfaces/srv
[0.910s] -- Up-to-date: /home/daniel-choate/paml_ros2/install/mapping_interfaces/include/mapping_interfaces/mapping_interfaces/srv/detail
[0.910s] -- Up-to-date: /home/daniel-choate/paml_ros2/install/mapping_interfaces/include/mapping_interfaces/mapping_interfaces/srv/detail/capture_frame__type_support.c
[0.910s] -- Up-to-date: /home/daniel-choate/paml_ros2/install/mapping_interfaces/include/mapping_interfaces/mapping_interfaces/srv/detail/execute_mapping_plan__rosidl_typesupport_introspection_c.h
[0.910s] -- Up-to-date: /home/daniel-choate/paml_ros2/install/mapping_interfaces/include/mapping_interfaces/mapping_interfaces/srv/detail/capture_frame__rosidl_typesupport_introspection_c.h
[0.910s] -- Up-to-date: /home/daniel-choate/paml_ros2/install/mapping_interfaces/include/mapping_interfaces/mapping_interfaces/srv/detail/generate_mapping_plan__rosidl_typesupport_introspection_c.h
[0.910s] -- Up-to-date: /home/daniel-choate/paml_ros2/install/mapping_interfaces/include/mapping_interfaces/mapping_interfaces/srv/detail/generate_mapping_plan__type_support.c
[0.910s] -- Up-to-date: /home/daniel-choate/paml_ros2/install/mapping_interfaces/include/mapping_interfaces/mapping_interfaces/srv/detail/execute_mapping_plan__type_support.c
[0.910s] -- Up-to-date: /home/daniel-choate/paml_ros2/install/mapping_interfaces/include/mapping_interfaces/mapping_interfaces/srv/detail/integrate_frame__rosidl_typesupport_introspection_c.h
[0.911s] -- Up-to-date: /home/daniel-choate/paml_ros2/install/mapping_interfaces/include/mapping_interfaces/mapping_interfaces/srv/detail/integrate_frame__type_support.c
[0.911s] -- Up-to-date: /home/daniel-choate/paml_ros2/install/mapping_interfaces/lib/libmapping_interfaces__rosidl_typesupport_introspection_c.so
[0.911s] -- Up-to-date: /home/daniel-choate/paml_ros2/install/mapping_interfaces/lib/libmapping_interfaces__rosidl_typesupport_c.so
[0.911s] -- Up-to-date: /home/daniel-choate/paml_ros2/install/mapping_interfaces/include/mapping_interfaces/mapping_interfaces
[0.911s] -- Up-to-date: /home/daniel-choate/paml_ros2/install/mapping_interfaces/include/mapping_interfaces/mapping_interfaces/srv
[0.911s] -- Up-to-date: /home/daniel-choate/paml_ros2/install/mapping_interfaces/include/mapping_interfaces/mapping_interfaces/srv/detail
[0.911s] -- Up-to-date: /home/daniel-choate/paml_ros2/install/mapping_interfaces/include/mapping_interfaces/mapping_interfaces/srv/detail/integrate_frame__rosidl_typesupport_introspection_cpp.hpp
[0.911s] -- Up-to-date: /home/daniel-choate/paml_ros2/install/mapping_interfaces/include/mapping_interfaces/mapping_interfaces/srv/detail/integrate_frame__type_support.cpp
[0.911s] -- Up-to-date: /home/daniel-choate/paml_ros2/install/mapping_interfaces/include/mapping_interfaces/mapping_interfaces/srv/detail/capture_frame__type_support.cpp
[0.911s] -- Up-to-date: /home/daniel-choate/paml_ros2/install/mapping_interfaces/include/mapping_interfaces/mapping_interfaces/srv/detail/generate_mapping_plan__type_support.cpp
[0.911s] -- Up-to-date: /home/daniel-choate/paml_ros2/install/mapping_interfaces/include/mapping_interfaces/mapping_interfaces/srv/detail/execute_mapping_plan__type_support.cpp
[0.911s] -- Up-to-date: /home/daniel-choate/paml_ros2/install/mapping_interfaces/include/mapping_interfaces/mapping_interfaces/srv/detail/execute_mapping_plan__rosidl_typesupport_introspection_cpp.hpp
[0.911s] -- Up-to-date: /home/daniel-choate/paml_ros2/install/mapping_interfaces/include/mapping_interfaces/mapping_interfaces/srv/detail/capture_frame__rosidl_typesupport_introspection_cpp.hpp
[0.911s] -- Up-to-date: /home/daniel-choate/paml_ros2/install/mapping_interfaces/include/mapping_interfaces/mapping_interfaces/srv/detail/generate_mapping_plan__rosidl_typesupport_introspection_cpp.hpp
[0.911s] -- Up-to-date: /home/daniel-choate/paml_ros2/install/mapping_interfaces/lib/libmapping_interfaces__rosidl_typesupport_introspection_cpp.so
[0.911s] -- Up-to-date: /home/daniel-choate/paml_ros2/install/mapping_interfaces/lib/libmapping_interfaces__rosidl_typesupport_cpp.so
[0.911s] -- Up-to-date: /home/daniel-choate/paml_ros2/install/mapping_interfaces/share/mapping_interfaces/environment/pythonpath.sh
[0.911s] -- Up-to-date: /home/daniel-choate/paml_ros2/install/mapping_interfaces/share/mapping_interfaces/environment/pythonpath.dsv
[0.911s] -- Up-to-date: /home/daniel-choate/paml_ros2/install/mapping_interfaces/lib/python3.12/site-packages/mapping_interfaces-0.0.0-py3.12.egg-info
[0.911s] -- Installing: /home/daniel-choate/paml_ros2/install/mapping_interfaces/lib/python3.12/site-packages/mapping_interfaces-0.0.0-py3.12.egg-info/dependency_links.txt
[0.911s] -- Installing: /home/daniel-choate/paml_ros2/install/mapping_interfaces/lib/python3.12/site-packages/mapping_interfaces-0.0.0-py3.12.egg-info/PKG-INFO
[0.911s] -- Installing: /home/daniel-choate/paml_ros2/install/mapping_interfaces/lib/python3.12/site-packages/mapping_interfaces-0.0.0-py3.12.egg-info/top_level.txt
[0.911s] -- Installing: /home/daniel-choate/paml_ros2/install/mapping_interfaces/lib/python3.12/site-packages/mapping_interfaces-0.0.0-py3.12.egg-info/SOURCES.txt
[0.911s] -- Up-to-date: /home/daniel-choate/paml_ros2/install/mapping_interfaces/lib/python3.12/site-packages/mapping_interfaces
[0.911s] -- Up-to-date: /home/daniel-choate/paml_ros2/install/mapping_interfaces/lib/python3.12/site-packages/mapping_interfaces/_mapping_interfaces_s.ep.rosidl_typesupport_fastrtps_c.c
[0.912s] -- Up-to-date: /home/daniel-choate/paml_ros2/install/mapping_interfaces/lib/python3.12/site-packages/mapping_interfaces/mapping_interfaces_s__rosidl_typesupport_c.so
[0.912s] -- Up-to-date: /home/daniel-choate/paml_ros2/install/mapping_interfaces/lib/python3.12/site-packages/mapping_interfaces/__init__.py
[0.912s] -- Up-to-date: /home/daniel-choate/paml_ros2/install/mapping_interfaces/lib/python3.12/site-packages/mapping_interfaces/_mapping_interfaces_s.ep.rosidl_typesupport_introspection_c.c
[0.912s] -- Up-to-date: /home/daniel-choate/paml_ros2/install/mapping_interfaces/lib/python3.12/site-packages/mapping_interfaces/srv
[0.912s] -- Up-to-date: /home/daniel-choate/paml_ros2/install/mapping_interfaces/lib/python3.12/site-packages/mapping_interfaces/srv/_capture_frame_s.c
[0.912s] -- Up-to-date: /home/daniel-choate/paml_ros2/install/mapping_interfaces/lib/python3.12/site-packages/mapping_interfaces/srv/_generate_mapping_plan.py
[0.912s] -- Up-to-date: /home/daniel-choate/paml_ros2/install/mapping_interfaces/lib/python3.12/site-packages/mapping_interfaces/srv/__init__.py
[0.912s] -- Up-to-date: /home/daniel-choate/paml_ros2/install/mapping_interfaces/lib/python3.12/site-packages/mapping_interfaces/srv/_execute_mapping_plan_s.c
[0.912s] -- Up-to-date: /home/daniel-choate/paml_ros2/install/mapping_interfaces/lib/python3.12/site-packages/mapping_interfaces/srv/_integrate_frame.py
[0.912s] -- Up-to-date: /home/daniel-choate/paml_ros2/install/mapping_interfaces/lib/python3.12/site-packages/mapping_interfaces/srv/_capture_frame.py
[0.912s] -- Up-to-date: /home/daniel-choate/paml_ros2/install/mapping_interfaces/lib/python3.12/site-packages/mapping_interfaces/srv/_generate_mapping_plan_s.c
[0.912s] -- Up-to-date: /home/daniel-choate/paml_ros2/install/mapping_interfaces/lib/python3.12/site-packages/mapping_interfaces/srv/_execute_mapping_plan.py
[0.912s] -- Up-to-date: /home/daniel-choate/paml_ros2/install/mapping_interfaces/lib/python3.12/site-packages/mapping_interfaces/srv/_integrate_frame_s.c
[0.912s] -- Up-to-date: /home/daniel-choate/paml_ros2/install/mapping_interfaces/lib/python3.12/site-packages/mapping_interfaces/mapping_interfaces_s__rosidl_typesupport_fastrtps_c.so
[0.912s] -- Up-to-date: /home/daniel-choate/paml_ros2/install/mapping_interfaces/lib/python3.12/site-packages/mapping_interfaces/mapping_interfaces_s__rosidl_typesupport_introspection_c.so
[0.912s] -- Up-to-date: /home/daniel-choate/paml_ros2/install/mapping_interfaces/lib/python3.12/site-packages/mapping_interfaces/_mapping_interfaces_s.ep.rosidl_typesupport_c.c
[0.933s] Listing '/home/daniel-choate/paml_ros2/install/mapping_interfaces/lib/python3.12/site-packages/mapping_interfaces'...
[0.933s] Listing '/home/daniel-choate/paml_ros2/install/mapping_interfaces/lib/python3.12/site-packages/mapping_interfaces/srv'...
[0.938s] -- Up-to-date: /home/daniel-choate/paml_ros2/install/mapping_interfaces/lib/python3.12/site-packages/mapping_interfaces/mapping_interfaces_s__rosidl_typesupport_fastrtps_c.so
[0.938s] -- Up-to-date: /home/daniel-choate/paml_ros2/install/mapping_interfaces/lib/python3.12/site-packages/mapping_interfaces/mapping_interfaces_s__rosidl_typesupport_introspection_c.so
[0.938s] -- Up-to-date: /home/daniel-choate/paml_ros2/install/mapping_interfaces/lib/python3.12/site-packages/mapping_interfaces/mapping_interfaces_s__rosidl_typesupport_c.so
[0.938s] -- Up-to-date: /home/daniel-choate/paml_ros2/install/mapping_interfaces/lib/libmapping_interfaces__rosidl_generator_py.so
[0.939s] -- Up-to-date: /home/daniel-choate/paml_ros2/install/mapping_interfaces/share/ament_index/resource_index/rust_packages/mapping_interfaces
[0.939s] -- Up-to-date: /home/daniel-choate/paml_ros2/install/mapping_interfaces/share/mapping_interfaces/rust
[0.939s] -- Up-to-date: /home/daniel-choate/paml_ros2/install/mapping_interfaces/share/mapping_interfaces/rust/src
[0.940s] -- Up-to-date: /home/daniel-choate/paml_ros2/install/mapping_interfaces/share/mapping_interfaces/rust/src/srv
[0.940s] -- Up-to-date: /home/daniel-choate/paml_ros2/install/mapping_interfaces/share/mapping_interfaces/rust/src/srv/rmw.rs
[0.940s] -- Up-to-date: /home/daniel-choate/paml_ros2/install/mapping_interfaces/share/mapping_interfaces/rust/src/lib.rs
[0.941s] -- Up-to-date: /home/daniel-choate/paml_ros2/install/mapping_interfaces/share/mapping_interfaces/rust/src/srv.rs
[0.941s] -- Up-to-date: /home/daniel-choate/paml_ros2/install/mapping_interfaces/share/mapping_interfaces/rust/build.rs
[0.941s] -- Up-to-date: /home/daniel-choate/paml_ros2/install/mapping_interfaces/share/mapping_interfaces/rust/Cargo.toml
[0.941s] -- Up-to-date: /home/daniel-choate/paml_ros2/install/mapping_interfaces/share/mapping_interfaces/srv/GenerateMappingPlan.idl
[0.942s] -- Up-to-date: /home/daniel-choate/paml_ros2/install/mapping_interfaces/share/mapping_interfaces/srv/ExecuteMappingPlan.idl
[0.942s] -- Up-to-date: /home/daniel-choate/paml_ros2/install/mapping_interfaces/share/mapping_interfaces/srv/CaptureFrame.idl
[0.942s] -- Up-to-date: /home/daniel-choate/paml_ros2/install/mapping_interfaces/share/mapping_interfaces/srv/IntegrateFrame.idl
[0.943s] -- Up-to-date: /home/daniel-choate/paml_ros2/install/mapping_interfaces/share/mapping_interfaces/srv/GenerateMappingPlan.srv
[0.943s] -- Up-to-date: /home/daniel-choate/paml_ros2/install/mapping_interfaces/share/mapping_interfaces/srv/ExecuteMappingPlan.srv
[0.943s] -- Up-to-date: /home/daniel-choate/paml_ros2/install/mapping_interfaces/share/mapping_interfaces/srv/CaptureFrame.srv
[0.943s] -- Up-to-date: /home/daniel-choate/paml_ros2/install/mapping_interfaces/share/mapping_interfaces/srv/IntegrateFrame.srv
[0.943s] -- Up-to-date: /home/daniel-choate/paml_ros2/install/mapping_interfaces/share/ament_index/resource_index/package_run_dependencies/mapping_interfaces
[0.943s] -- Up-to-date: /home/daniel-choate/paml_ros2/install/mapping_interfaces/share/ament_index/resource_index/parent_prefix_path/mapping_interfaces
[0.943s] -- Up-to-date: /home/daniel-choate/paml_ros2/install/mapping_interfaces/share/mapping_interfaces/environment/ament_prefix_path.sh
[0.944s] -- Up-to-date: /home/daniel-choate/paml_ros2/install/mapping_interfaces/share/mapping_interfaces/environment/ament_prefix_path.dsv
[0.944s] -- Up-to-date: /home/daniel-choate/paml_ros2/install/mapping_interfaces/share/mapping_interfaces/environment/path.sh
[0.944s] -- Up-to-date: /home/daniel-choate/paml_ros2/install/mapping_interfaces/share/mapping_interfaces/environment/path.dsv
[0.944s] -- Up-to-date: /home/daniel-choate/paml_ros2/install/mapping_interfaces/share/mapping_interfaces/local_setup.bash
[0.945s] -- Up-to-date: /home/daniel-choate/paml_ros2/install/mapping_interfaces/share/mapping_interfaces/local_setup.sh
[0.945s] -- Up-to-date: /home/daniel-choate/paml_ros2/install/mapping_interfaces/share/mapping_interfaces/local_setup.zsh
[0.945s] -- Up-to-date: /home/daniel-choate/paml_ros2/install/mapping_interfaces/share/mapping_interfaces/local_setup.dsv
[0.946s] -- Installing: /home/daniel-choate/paml_ros2/install/mapping_interfaces/share/mapping_interfaces/package.dsv
[0.946s] -- Up-to-date: /home/daniel-choate/paml_ros2/install/mapping_interfaces/share/ament_index/resource_index/packages/mapping_interfaces
[0.946s] -- Up-to-date: /home/daniel-choate/paml_ros2/install/mapping_interfaces/share/mapping_interfaces/cmake/export_mapping_interfaces__rosidl_generator_cExport.cmake
[0.947s] -- Up-to-date: /home/daniel-choate/paml_ros2/install/mapping_interfaces/share/mapping_interfaces/cmake/export_mapping_interfaces__rosidl_generator_cExport-noconfig.cmake
[0.947s] -- Up-to-date: /home/daniel-choate/paml_ros2/install/mapping_interfaces/share/mapping_interfaces/cmake/export_mapping_interfaces__rosidl_typesupport_fastrtps_cExport.cmake
[0.947s] -- Up-to-date: /home/daniel-choate/paml_ros2/install/mapping_interfaces/share/mapping_interfaces/cmake/export_mapping_interfaces__rosidl_typesupport_fastrtps_cExport-noconfig.cmake
[0.947s] -- Up-to-date: /home/daniel-choate/paml_ros2/install/mapping_interfaces/share/mapping_interfaces/cmake/export_mapping_interfaces__rosidl_generator_cppExport.cmake
[0.948s] -- Up-to-date: /home/daniel-choate/paml_ros2/install/mapping_interfaces/share/mapping_interfaces/cmake/export_mapping_interfaces__rosidl_typesupport_fastrtps_cppExport.cmake
[0.948s] -- Up-to-date: /home/daniel-choate/paml_ros2/install/mapping_interfaces/share/mapping_interfaces/cmake/export_mapping_interfaces__rosidl_typesupport_fastrtps_cppExport-noconfig.cmake
[0.948s] -- Up-to-date: /home/daniel-choate/paml_ros2/install/mapping_interfaces/share/mapping_interfaces/cmake/mapping_interfaces__rosidl_typesupport_introspection_cExport.cmake
[0.948s] -- Up-to-date: /home/daniel-choate/paml_ros2/install/mapping_interfaces/share/mapping_interfaces/cmake/mapping_interfaces__rosidl_typesupport_introspection_cExport-noconfig.cmake
[0.948s] -- Up-to-date: /home/daniel-choate/paml_ros2/install/mapping_interfaces/share/mapping_interfaces/cmake/mapping_interfaces__rosidl_typesupport_cExport.cmake
[0.949s] -- Up-to-date: /home/daniel-choate/paml_ros2/install/mapping_interfaces/share/mapping_interfaces/cmake/mapping_interfaces__rosidl_typesupport_cExport-noconfig.cmake
[0.949s] -- Up-to-date: /home/daniel-choate/paml_ros2/install/mapping_interfaces/share/mapping_interfaces/cmake/mapping_interfaces__rosidl_typesupport_introspection_cppExport.cmake
[0.950s] -- Up-to-date: /home/daniel-choate/paml_ros2/install/mapping_interfaces/share/mapping_interfaces/cmake/mapping_interfaces__rosidl_typesupport_introspection_cppExport-noconfig.cmake
[0.950s] -- Up-to-date: /home/daniel-choate/paml_ros2/install/mapping_interfaces/share/mapping_interfaces/cmake/mapping_interfaces__rosidl_typesupport_cppExport.cmake
[0.950s] -- Up-to-date: /home/daniel-choate/paml_ros2/install/mapping_interfaces/share/mapping_interfaces/cmake/mapping_interfaces__rosidl_typesupport_cppExport-noconfig.cmake
[0.950s] -- Up-to-date: /home/daniel-choate/paml_ros2/install/mapping_interfaces/share/mapping_interfaces/cmake/export_mapping_interfaces__rosidl_generator_pyExport.cmake
[0.950s] -- Up-to-date: /home/daniel-choate/paml_ros2/install/mapping_interfaces/share/mapping_interfaces/cmake/export_mapping_interfaces__rosidl_generator_pyExport-noconfig.cmake
[0.951s] -- Up-to-date: /home/daniel-choate/paml_ros2/install/mapping_interfaces/share/mapping_interfaces/cmake/rosidl_cmake-extras.cmake
[0.951s] -- Up-to-date: /home/daniel-choate/paml_ros2/install/mapping_interfaces/share/mapping_interfaces/cmake/ament_cmake_export_dependencies-extras.cmake
[0.951s] -- Up-to-date: /home/daniel-choate/paml_ros2/install/mapping_interfaces/share/mapping_interfaces/cmake/ament_cmake_export_include_directories-extras.cmake
[0.951s] -- Up-to-date: /home/daniel-choate/paml_ros2/install/mapping_interfaces/share/mapping_interfaces/cmake/ament_cmake_export_libraries-extras.cmake
[0.951s] -- Up-to-date: /home/daniel-choate/paml_ros2/install/mapping_interfaces/share/mapping_interfaces/cmake/ament_cmake_export_targets-extras.cmake
[0.951s] -- Up-to-date: /home/daniel-choate/paml_ros2/install/mapping_interfaces/share/mapping_interfaces/cmake/rosidl_cmake_export_typesupport_targets-extras.cmake
[0.952s] -- Up-to-date: /home/daniel-choate/paml_ros2/install/mapping_interfaces/share/mapping_interfaces/cmake/rosidl_cmake_export_typesupport_libraries-extras.cmake
[0.952s] -- Up-to-date: /home/daniel-choate/paml_ros2/install/mapping_interfaces/share/mapping_interfaces/cmake/mapping_interfacesConfig.cmake
[0.952s] -- Up-to-date: /home/daniel-choate/paml_ros2/install/mapping_interfaces/share/mapping_interfaces/cmake/mapping_interfacesConfig-version.cmake
[0.952s] -- Up-to-date: /home/daniel-choate/paml_ros2/install/mapping_interfaces/share/mapping_interfaces/package.xml
[0.963s] Invoked command in '/home/daniel-choate/paml_ros2/build/mapping_interfaces' returned '0': CMAKE_PREFIX_PATH=${CMAKE_PREFIX_PATH}:/opt/ros/kilted DEBUGINFOD_URLS=https://debuginfod.ubuntu.com /usr/bin/cmake --install /home/daniel-choate/paml_ros2/build/mapping_interfaces
