[1.260s] Invoking command in '/home/daniel-choate/paml_ros2/src/localization_bringup': DEBUGINFOD_URLS=https://debuginfod.ubuntu.com PYTHONPATH=/home/daniel-choate/paml_ros2/build/localization_bringup/prefix_override:/usr/lib/python3/dist-packages/colcon_core/task/python/colcon_distutils_commands:/home/daniel-choate/paml_ros2/install/localization_bringup/lib/python3.12/site-packages:${PYTHONPATH} /usr/bin/python3 -W ignore:setup.py install is deprecated -W ignore:easy_install command is deprecated setup.py egg_info --egg-base ../../build/localization_bringup build --build-base /home/daniel-choate/paml_ros2/build/localization_bringup/build install --record /home/daniel-choate/paml_ros2/build/localization_bringup/install.log --single-version-externally-managed install_data
[1.521s] running egg_info
[1.521s] creating ../../build/localization_bringup/localization_bringup.egg-info
[1.543s] writing ../../build/localization_bringup/localization_bringup.egg-info/PKG-INFO
[1.543s] writing dependency_links to ../../build/localization_bringup/localization_bringup.egg-info/dependency_links.txt
[1.543s] writing requirements to ../../build/localization_bringup/localization_bringup.egg-info/requires.txt
[1.543s] writing top-level names to ../../build/localization_bringup/localization_bringup.egg-info/top_level.txt
[1.543s] writing manifest file '../../build/localization_bringup/localization_bringup.egg-info/SOURCES.txt'
[1.587s] reading manifest file '../../build/localization_bringup/localization_bringup.egg-info/SOURCES.txt'
[1.588s] writing manifest file '../../build/localization_bringup/localization_bringup.egg-info/SOURCES.txt'
[1.588s] running build
[1.588s] running build_py
[1.588s] creating /home/daniel-choate/paml_ros2/build/localization_bringup/build
[1.588s] creating /home/daniel-choate/paml_ros2/build/localization_bringup/build/lib
[1.589s] creating /home/daniel-choate/paml_ros2/build/localization_bringup/build/lib/localization_bringup
[1.589s] copying localization_bringup/__init__.py -> /home/daniel-choate/paml_ros2/build/localization_bringup/build/lib/localization_bringup
[1.589s] copying localization_bringup/slam_localization.launch.py -> /home/daniel-choate/paml_ros2/build/localization_bringup/build/lib/localization_bringup
[1.589s] copying localization_bringup/py.typed -> /home/daniel-choate/paml_ros2/build/localization_bringup/build/lib/localization_bringup
[1.589s] running install
[1.596s] running install_lib
[1.631s] creating /home/daniel-choate/paml_ros2/install/localization_bringup/lib/python3.12/site-packages/localization_bringup
[1.631s] copying /home/daniel-choate/paml_ros2/build/localization_bringup/build/lib/localization_bringup/__init__.py -> /home/daniel-choate/paml_ros2/install/localization_bringup/lib/python3.12/site-packages/localization_bringup
[1.632s] copying /home/daniel-choate/paml_ros2/build/localization_bringup/build/lib/localization_bringup/py.typed -> /home/daniel-choate/paml_ros2/install/localization_bringup/lib/python3.12/site-packages/localization_bringup
[1.632s] copying /home/daniel-choate/paml_ros2/build/localization_bringup/build/lib/localization_bringup/slam_localization.launch.py -> /home/daniel-choate/paml_ros2/install/localization_bringup/lib/python3.12/site-packages/localization_bringup
[1.632s] byte-compiling /home/daniel-choate/paml_ros2/install/localization_bringup/lib/python3.12/site-packages/localization_bringup/__init__.py to __init__.cpython-312.pyc
[1.632s] byte-compiling /home/daniel-choate/paml_ros2/install/localization_bringup/lib/python3.12/site-packages/localization_bringup/slam_localization.launch.py to slam_localization.launch.cpython-312.pyc
[1.632s] running install_data
[1.633s] creating /home/daniel-choate/paml_ros2/install/localization_bringup/share/ament_index
[1.633s] creating /home/daniel-choate/paml_ros2/install/localization_bringup/share/ament_index/resource_index
[1.633s] creating /home/daniel-choate/paml_ros2/install/localization_bringup/share/ament_index/resource_index/packages
[1.633s] copying resource/localization_bringup -> /home/daniel-choate/paml_ros2/install/localization_bringup/share/ament_index/resource_index/packages
[1.633s] copying package.xml -> /home/daniel-choate/paml_ros2/install/localization_bringup/share/localization_bringup
[1.633s] running install_egg_info
[1.661s] Copying ../../build/localization_bringup/localization_bringup.egg-info to /home/daniel-choate/paml_ros2/install/localization_bringup/lib/python3.12/site-packages/localization_bringup-0.0.0-py3.12.egg-info
[1.661s] running install_scripts
[1.797s] writing list of installed files to '/home/daniel-choate/paml_ros2/build/localization_bringup/install.log'
[1.826s] Invoked command in '/home/daniel-choate/paml_ros2/src/localization_bringup' returned '0': DEBUGINFOD_URLS=https://debuginfod.ubuntu.com PYTHONPATH=/home/daniel-choate/paml_ros2/build/localization_bringup/prefix_override:/usr/lib/python3/dist-packages/colcon_core/task/python/colcon_distutils_commands:/home/daniel-choate/paml_ros2/install/localization_bringup/lib/python3.12/site-packages:${PYTHONPATH} /usr/bin/python3 -W ignore:setup.py install is deprecated -W ignore:easy_install command is deprecated setup.py egg_info --egg-base ../../build/localization_bringup build --build-base /home/daniel-choate/paml_ros2/build/localization_bringup/build install --record /home/daniel-choate/paml_ros2/build/localization_bringup/install.log --single-version-externally-managed install_data
