running egg_info
creating ../../build/ur3_movement/ur3_movement.egg-info
writing ../../build/ur3_movement/ur3_movement.egg-info/PKG-INFO
writing dependency_links to ../../build/ur3_movement/ur3_movement.egg-info/dependency_links.txt
writing entry points to ../../build/ur3_movement/ur3_movement.egg-info/entry_points.txt
writing requirements to ../../build/ur3_movement/ur3_movement.egg-info/requires.txt
writing top-level names to ../../build/ur3_movement/ur3_movement.egg-info/top_level.txt
writing manifest file '../../build/ur3_movement/ur3_movement.egg-info/SOURCES.txt'
reading manifest file '../../build/ur3_movement/ur3_movement.egg-info/SOURCES.txt'
adding license file 'LICENSE'
writing manifest file '../../build/ur3_movement/ur3_movement.egg-info/SOURCES.txt'
running build
running build_py
creating /home/daniel-choate/paml_ros2/build/ur3_movement/build
creating /home/daniel-choate/paml_ros2/build/ur3_movement/build/lib
creating /home/daniel-choate/paml_ros2/build/ur3_movement/build/lib/ur3_movement
copying ur3_movement/__init__.py -> /home/daniel-choate/paml_ros2/build/ur3_movement/build/lib/ur3_movement
copying ur3_movement/test_node.py -> /home/daniel-choate/paml_ros2/build/ur3_movement/build/lib/ur3_movement
copying ur3_movement/py.typed -> /home/daniel-choate/paml_ros2/build/ur3_movement/build/lib/ur3_movement
running install
running install_lib
creating /home/daniel-choate/paml_ros2/install/ur3_movement/lib/python3.12/site-packages/ur3_movement
copying /home/daniel-choate/paml_ros2/build/ur3_movement/build/lib/ur3_movement/__init__.py -> /home/daniel-choate/paml_ros2/install/ur3_movement/lib/python3.12/site-packages/ur3_movement
copying /home/daniel-choate/paml_ros2/build/ur3_movement/build/lib/ur3_movement/test_node.py -> /home/daniel-choate/paml_ros2/install/ur3_movement/lib/python3.12/site-packages/ur3_movement
copying /home/daniel-choate/paml_ros2/build/ur3_movement/build/lib/ur3_movement/py.typed -> /home/daniel-choate/paml_ros2/install/ur3_movement/lib/python3.12/site-packages/ur3_movement
byte-compiling /home/daniel-choate/paml_ros2/install/ur3_movement/lib/python3.12/site-packages/ur3_movement/__init__.py to __init__.cpython-312.pyc
byte-compiling /home/daniel-choate/paml_ros2/install/ur3_movement/lib/python3.12/site-packages/ur3_movement/test_node.py to test_node.cpython-312.pyc
running install_data
creating /home/daniel-choate/paml_ros2/install/ur3_movement/share/ament_index
creating /home/daniel-choate/paml_ros2/install/ur3_movement/share/ament_index/resource_index
creating /home/daniel-choate/paml_ros2/install/ur3_movement/share/ament_index/resource_index/packages
copying resource/ur3_movement -> /home/daniel-choate/paml_ros2/install/ur3_movement/share/ament_index/resource_index/packages
copying package.xml -> /home/daniel-choate/paml_ros2/install/ur3_movement/share/ur3_movement
running install_egg_info
Copying ../../build/ur3_movement/ur3_movement.egg-info to /home/daniel-choate/paml_ros2/install/ur3_movement/lib/python3.12/site-packages/ur3_movement-0.0.0-py3.12.egg-info
running install_scripts
Installing ur3_movement script to /home/daniel-choate/paml_ros2/install/ur3_movement/lib/ur3_movement
writing list of installed files to '/home/daniel-choate/paml_ros2/build/ur3_movement/install.log'
