[0.082s] DEBUG:colcon:Command line arguments: ['/usr/bin/colcon', 'build']
[0.082s] DEBUG:colcon:Parsed command line arguments: Namespace(log_base=None, log_level=None, verb_name='build', build_base='build', install_base='install', merge_install=False, symlink_install=False, test_result_base=None, continue_on_error=False, executor='parallel', parallel_workers=20, event_handlers=None, ignore_user_meta=False, metas=['./colcon.meta'], base_paths=['.'], packages_ignore=None, packages_ignore_regex=None, paths=None, packages_up_to=None, packages_up_to_regex=None, packages_above=None, packages_above_and_dependencies=None, packages_above_depth=None, packages_select_by_dep=None, packages_skip_by_dep=None, packages_skip_up_to=None, packages_select_build_failed=False, packages_skip_build_finished=False, packages_select_test_failures=False, packages_skip_test_passed=False, packages_select=None, packages_skip=None, packages_select_regex=None, packages_skip_regex=None, packages_start=None, packages_end=None, allow_overriding=[], cmake_args=None, cmake_target=None, cmake_target_skip_unavailable=False, cmake_clean_cache=False, cmake_clean_first=False, cmake_force_configure=False, ament_cmake_args=None, catkin_cmake_args=None, catkin_skip_building_tests=False, mixin_files=None, mixin=None, verb_parser=<colcon_mixin.mixin.mixin_argument.MixinArgumentDecorator object at 0x75bab68f1b20>, verb_extension=<colcon_core.verb.build.BuildVerb object at 0x75bab681a3c0>, main=<bound method BuildVerb.main of <colcon_core.verb.build.BuildVerb object at 0x75bab681a3c0>>, mixin_verb=('build',))
[0.109s] Level 1:colcon.colcon_core.package_discovery:discover_packages(colcon_meta) check parameters
[0.109s] Level 1:colcon.colcon_core.package_discovery:discover_packages(recursive) check parameters
[0.109s] Level 1:colcon.colcon_core.package_discovery:discover_packages(ignore) check parameters
[0.109s] Level 1:colcon.colcon_core.package_discovery:discover_packages(path) check parameters
[0.109s] Level 1:colcon.colcon_core.package_discovery:discover_packages(colcon_meta) discover
[0.109s] Level 1:colcon.colcon_core.package_discovery:discover_packages(recursive) discover
[0.109s] INFO:colcon.colcon_core.package_discovery:Crawling recursively for packages in '/home/daniel-choate/paml_ros2'
[0.109s] Level 1:colcon.colcon_core.package_identification:_identify(.) by extensions ['ignore', 'ignore_ament_install']
[0.109s] Level 1:colcon.colcon_core.package_identification:_identify(.) by extension 'ignore'
[0.109s] Level 1:colcon.colcon_core.package_identification:_identify(.) by extension 'ignore_ament_install'
[0.109s] Level 1:colcon.colcon_core.package_identification:_identify(.) by extensions ['colcon_pkg']
[0.109s] Level 1:colcon.colcon_core.package_identification:_identify(.) by extension 'colcon_pkg'
[0.109s] Level 1:colcon.colcon_core.package_identification:_identify(.) by extensions ['colcon_meta']
[0.109s] Level 1:colcon.colcon_core.package_identification:_identify(.) by extension 'colcon_meta'
[0.109s] Level 1:colcon.colcon_core.package_identification:_identify(.) by extensions ['ros']
[0.109s] Level 1:colcon.colcon_core.package_identification:_identify(.) by extension 'ros'
[0.127s] Level 1:colcon.colcon_core.package_identification:_identify(.) by extensions ['cmake', 'python']
[0.127s] Level 1:colcon.colcon_core.package_identification:_identify(.) by extension 'cmake'
[0.127s] Level 1:colcon.colcon_core.package_identification:_identify(.) by extension 'python'
[0.127s] Level 1:colcon.colcon_core.package_identification:_identify(.) by extensions ['python_setup_py']
[0.127s] Level 1:colcon.colcon_core.package_identification:_identify(.) by extension 'python_setup_py'
[0.127s] Level 1:colcon.colcon_core.package_identification:_identify(build) by extensions ['ignore', 'ignore_ament_install']
[0.127s] Level 1:colcon.colcon_core.package_identification:_identify(build) by extension 'ignore'
[0.127s] Level 1:colcon.colcon_core.package_identification:_identify(build) ignored
[0.127s] Level 1:colcon.colcon_core.package_identification:_identify(install) by extensions ['ignore', 'ignore_ament_install']
[0.127s] Level 1:colcon.colcon_core.package_identification:_identify(install) by extension 'ignore'
[0.127s] Level 1:colcon.colcon_core.package_identification:_identify(install) ignored
[0.127s] Level 1:colcon.colcon_core.package_identification:_identify(log) by extensions ['ignore', 'ignore_ament_install']
[0.127s] Level 1:colcon.colcon_core.package_identification:_identify(log) by extension 'ignore'
[0.127s] Level 1:colcon.colcon_core.package_identification:_identify(log) ignored
[0.127s] Level 1:colcon.colcon_core.package_identification:_identify(src) by extensions ['ignore', 'ignore_ament_install']
[0.127s] Level 1:colcon.colcon_core.package_identification:_identify(src) by extension 'ignore'
[0.127s] Level 1:colcon.colcon_core.package_identification:_identify(src) by extension 'ignore_ament_install'
[0.128s] Level 1:colcon.colcon_core.package_identification:_identify(src) by extensions ['colcon_pkg']
[0.128s] Level 1:colcon.colcon_core.package_identification:_identify(src) by extension 'colcon_pkg'
[0.128s] Level 1:colcon.colcon_core.package_identification:_identify(src) by extensions ['colcon_meta']
[0.128s] Level 1:colcon.colcon_core.package_identification:_identify(src) by extension 'colcon_meta'
[0.128s] Level 1:colcon.colcon_core.package_identification:_identify(src) by extensions ['ros']
[0.128s] Level 1:colcon.colcon_core.package_identification:_identify(src) by extension 'ros'
[0.128s] Level 1:colcon.colcon_core.package_identification:_identify(src) by extensions ['cmake', 'python']
[0.128s] Level 1:colcon.colcon_core.package_identification:_identify(src) by extension 'cmake'
[0.128s] Level 1:colcon.colcon_core.package_identification:_identify(src) by extension 'python'
[0.128s] Level 1:colcon.colcon_core.package_identification:_identify(src) by extensions ['python_setup_py']
[0.128s] Level 1:colcon.colcon_core.package_identification:_identify(src) by extension 'python_setup_py'
[0.128s] Level 1:colcon.colcon_core.package_identification:_identify(src/mapping_executor) by extensions ['ignore', 'ignore_ament_install']
[0.128s] Level 1:colcon.colcon_core.package_identification:_identify(src/mapping_executor) by extension 'ignore'
[0.128s] Level 1:colcon.colcon_core.package_identification:_identify(src/mapping_executor) by extension 'ignore_ament_install'
[0.128s] Level 1:colcon.colcon_core.package_identification:_identify(src/mapping_executor) by extensions ['colcon_pkg']
[0.128s] Level 1:colcon.colcon_core.package_identification:_identify(src/mapping_executor) by extension 'colcon_pkg'
[0.128s] Level 1:colcon.colcon_core.package_identification:_identify(src/mapping_executor) by extensions ['colcon_meta']
[0.128s] Level 1:colcon.colcon_core.package_identification:_identify(src/mapping_executor) by extension 'colcon_meta'
[0.128s] Level 1:colcon.colcon_core.package_identification:_identify(src/mapping_executor) by extensions ['ros']
[0.128s] Level 1:colcon.colcon_core.package_identification:_identify(src/mapping_executor) by extension 'ros'
[0.130s] DEBUG:colcon.colcon_core.package_identification:Package 'src/mapping_executor' with type 'ros.ament_python' and name 'mapping_executor'
[0.130s] Level 1:colcon.colcon_core.package_identification:_identify(src/mapping_interfaces) by extensions ['ignore', 'ignore_ament_install']
[0.130s] Level 1:colcon.colcon_core.package_identification:_identify(src/mapping_interfaces) by extension 'ignore'
[0.130s] Level 1:colcon.colcon_core.package_identification:_identify(src/mapping_interfaces) by extension 'ignore_ament_install'
[0.130s] Level 1:colcon.colcon_core.package_identification:_identify(src/mapping_interfaces) by extensions ['colcon_pkg']
[0.130s] Level 1:colcon.colcon_core.package_identification:_identify(src/mapping_interfaces) by extension 'colcon_pkg'
[0.130s] Level 1:colcon.colcon_core.package_identification:_identify(src/mapping_interfaces) by extensions ['colcon_meta']
[0.130s] Level 1:colcon.colcon_core.package_identification:_identify(src/mapping_interfaces) by extension 'colcon_meta'
[0.130s] Level 1:colcon.colcon_core.package_identification:_identify(src/mapping_interfaces) by extensions ['ros']
[0.130s] Level 1:colcon.colcon_core.package_identification:_identify(src/mapping_interfaces) by extension 'ros'
[0.130s] DEBUG:colcon.colcon_core.package_identification:Package 'src/mapping_interfaces' with type 'ros.ament_cmake' and name 'mapping_interfaces'
[0.130s] Level 1:colcon.colcon_core.package_identification:_identify(src/mapping_planner) by extensions ['ignore', 'ignore_ament_install']
[0.130s] Level 1:colcon.colcon_core.package_identification:_identify(src/mapping_planner) by extension 'ignore'
[0.130s] Level 1:colcon.colcon_core.package_identification:_identify(src/mapping_planner) by extension 'ignore_ament_install'
[0.130s] Level 1:colcon.colcon_core.package_identification:_identify(src/mapping_planner) by extensions ['colcon_pkg']
[0.130s] Level 1:colcon.colcon_core.package_identification:_identify(src/mapping_planner) by extension 'colcon_pkg'
[0.131s] Level 1:colcon.colcon_core.package_identification:_identify(src/mapping_planner) by extensions ['colcon_meta']
[0.131s] Level 1:colcon.colcon_core.package_identification:_identify(src/mapping_planner) by extension 'colcon_meta'
[0.131s] Level 1:colcon.colcon_core.package_identification:_identify(src/mapping_planner) by extensions ['ros']
[0.131s] Level 1:colcon.colcon_core.package_identification:_identify(src/mapping_planner) by extension 'ros'
[0.131s] DEBUG:colcon.colcon_core.package_identification:Package 'src/mapping_planner' with type 'ros.ament_python' and name 'mapping_planner'
[0.131s] Level 1:colcon.colcon_core.package_identification:_identify(src/ur3_demo) by extensions ['ignore', 'ignore_ament_install']
[0.131s] Level 1:colcon.colcon_core.package_identification:_identify(src/ur3_demo) by extension 'ignore'
[0.131s] Level 1:colcon.colcon_core.package_identification:_identify(src/ur3_demo) by extension 'ignore_ament_install'
[0.131s] Level 1:colcon.colcon_core.package_identification:_identify(src/ur3_demo) by extensions ['colcon_pkg']
[0.131s] Level 1:colcon.colcon_core.package_identification:_identify(src/ur3_demo) by extension 'colcon_pkg'
[0.131s] Level 1:colcon.colcon_core.package_identification:_identify(src/ur3_demo) by extensions ['colcon_meta']
[0.131s] Level 1:colcon.colcon_core.package_identification:_identify(src/ur3_demo) by extension 'colcon_meta'
[0.131s] Level 1:colcon.colcon_core.package_identification:_identify(src/ur3_demo) by extensions ['ros']
[0.131s] Level 1:colcon.colcon_core.package_identification:_identify(src/ur3_demo) by extension 'ros'
[0.132s] DEBUG:colcon.colcon_core.package_identification:Package 'src/ur3_demo' with type 'ros.ament_cmake' and name 'ur3_demo'
[0.132s] Level 1:colcon.colcon_core.package_discovery:discover_packages(recursive) using defaults
[0.132s] Level 1:colcon.colcon_core.package_discovery:discover_packages(ignore) discover
[0.132s] Level 1:colcon.colcon_core.package_discovery:discover_packages(ignore) using defaults
[0.132s] Level 1:colcon.colcon_core.package_discovery:discover_packages(path) discover
[0.132s] Level 1:colcon.colcon_core.package_discovery:discover_packages(path) using defaults
[0.145s] Level 1:colcon.colcon_core.package_discovery:discover_packages(prefix_path) check parameters
[0.145s] Level 1:colcon.colcon_core.package_discovery:discover_packages(prefix_path) discover
[0.148s] DEBUG:colcon.colcon_installed_package_information.package_discovery:Found 4 installed packages in /home/daniel-choate/paml_ros2/install
[0.149s] DEBUG:colcon.colcon_installed_package_information.package_discovery:Found 71 installed packages in /home/daniel-choate/ws_moveit/install
[0.150s] DEBUG:colcon.colcon_installed_package_information.package_discovery:Found 450 installed packages in /opt/ros/kilted
[0.151s] Level 1:colcon.colcon_core.package_discovery:discover_packages(prefix_path) using defaults
[0.199s] Level 5:colcon.colcon_core.verb:set package 'mapping_interfaces' build argument 'cmake_args' from command line to 'None'
[0.199s] Level 5:colcon.colcon_core.verb:set package 'mapping_interfaces' build argument 'cmake_target' from command line to 'None'
[0.199s] Level 5:colcon.colcon_core.verb:set package 'mapping_interfaces' build argument 'cmake_target_skip_unavailable' from command line to 'False'
[0.199s] Level 5:colcon.colcon_core.verb:set package 'mapping_interfaces' build argument 'cmake_clean_cache' from command line to 'False'
[0.199s] Level 5:colcon.colcon_core.verb:set package 'mapping_interfaces' build argument 'cmake_clean_first' from command line to 'False'
[0.199s] Level 5:colcon.colcon_core.verb:set package 'mapping_interfaces' build argument 'cmake_force_configure' from command line to 'False'
[0.199s] Level 5:colcon.colcon_core.verb:set package 'mapping_interfaces' build argument 'ament_cmake_args' from command line to 'None'
[0.199s] Level 5:colcon.colcon_core.verb:set package 'mapping_interfaces' build argument 'catkin_cmake_args' from command line to 'None'
[0.199s] Level 5:colcon.colcon_core.verb:set package 'mapping_interfaces' build argument 'catkin_skip_building_tests' from command line to 'False'
[0.199s] DEBUG:colcon.colcon_core.verb:Building package 'mapping_interfaces' with the following arguments: {'ament_cmake_args': None, 'build_base': '/home/daniel-choate/paml_ros2/build/mapping_interfaces', 'catkin_cmake_args': None, 'catkin_skip_building_tests': False, 'cmake_args': None, 'cmake_clean_cache': False, 'cmake_clean_first': False, 'cmake_force_configure': False, 'cmake_target': None, 'cmake_target_skip_unavailable': False, 'install_base': '/home/daniel-choate/paml_ros2/install/mapping_interfaces', 'merge_install': False, 'path': '/home/daniel-choate/paml_ros2/src/mapping_interfaces', 'symlink_install': False, 'test_result_base': None}
[0.199s] Level 5:colcon.colcon_core.verb:set package 'ur3_demo' build argument 'cmake_args' from command line to 'None'
[0.199s] Level 5:colcon.colcon_core.verb:set package 'ur3_demo' build argument 'cmake_target' from command line to 'None'
[0.199s] Level 5:colcon.colcon_core.verb:set package 'ur3_demo' build argument 'cmake_target_skip_unavailable' from command line to 'False'
[0.199s] Level 5:colcon.colcon_core.verb:set package 'ur3_demo' build argument 'cmake_clean_cache' from command line to 'False'
[0.199s] Level 5:colcon.colcon_core.verb:set package 'ur3_demo' build argument 'cmake_clean_first' from command line to 'False'
[0.199s] Level 5:colcon.colcon_core.verb:set package 'ur3_demo' build argument 'cmake_force_configure' from command line to 'False'
[0.199s] Level 5:colcon.colcon_core.verb:set package 'ur3_demo' build argument 'ament_cmake_args' from command line to 'None'
[0.199s] Level 5:colcon.colcon_core.verb:set package 'ur3_demo' build argument 'catkin_cmake_args' from command line to 'None'
[0.199s] Level 5:colcon.colcon_core.verb:set package 'ur3_demo' build argument 'catkin_skip_building_tests' from command line to 'False'
[0.199s] DEBUG:colcon.colcon_core.verb:Building package 'ur3_demo' with the following arguments: {'ament_cmake_args': None, 'build_base': '/home/daniel-choate/paml_ros2/build/ur3_demo', 'catkin_cmake_args': None, 'catkin_skip_building_tests': False, 'cmake_args': None, 'cmake_clean_cache': False, 'cmake_clean_first': False, 'cmake_force_configure': False, 'cmake_target': None, 'cmake_target_skip_unavailable': False, 'install_base': '/home/daniel-choate/paml_ros2/install/ur3_demo', 'merge_install': False, 'path': '/home/daniel-choate/paml_ros2/src/ur3_demo', 'symlink_install': False, 'test_result_base': None}
[0.199s] Level 5:colcon.colcon_core.verb:set package 'mapping_executor' build argument 'cmake_args' from command line to 'None'
[0.199s] Level 5:colcon.colcon_core.verb:set package 'mapping_executor' build argument 'cmake_target' from command line to 'None'
[0.199s] Level 5:colcon.colcon_core.verb:set package 'mapping_executor' build argument 'cmake_target_skip_unavailable' from command line to 'False'
[0.199s] Level 5:colcon.colcon_core.verb:set package 'mapping_executor' build argument 'cmake_clean_cache' from command line to 'False'
[0.199s] Level 5:colcon.colcon_core.verb:set package 'mapping_executor' build argument 'cmake_clean_first' from command line to 'False'
[0.199s] Level 5:colcon.colcon_core.verb:set package 'mapping_executor' build argument 'cmake_force_configure' from command line to 'False'
[0.199s] Level 5:colcon.colcon_core.verb:set package 'mapping_executor' build argument 'ament_cmake_args' from command line to 'None'
[0.200s] Level 5:colcon.colcon_core.verb:set package 'mapping_executor' build argument 'catkin_cmake_args' from command line to 'None'
[0.200s] Level 5:colcon.colcon_core.verb:set package 'mapping_executor' build argument 'catkin_skip_building_tests' from command line to 'False'
[0.200s] DEBUG:colcon.colcon_core.verb:Building package 'mapping_executor' with the following arguments: {'ament_cmake_args': None, 'build_base': '/home/daniel-choate/paml_ros2/build/mapping_executor', 'catkin_cmake_args': None, 'catkin_skip_building_tests': False, 'cmake_args': None, 'cmake_clean_cache': False, 'cmake_clean_first': False, 'cmake_force_configure': False, 'cmake_target': None, 'cmake_target_skip_unavailable': False, 'install_base': '/home/daniel-choate/paml_ros2/install/mapping_executor', 'merge_install': False, 'path': '/home/daniel-choate/paml_ros2/src/mapping_executor', 'symlink_install': False, 'test_result_base': None}
[0.200s] Level 5:colcon.colcon_core.verb:set package 'mapping_planner' build argument 'cmake_args' from command line to 'None'
[0.200s] Level 5:colcon.colcon_core.verb:set package 'mapping_planner' build argument 'cmake_target' from command line to 'None'
[0.200s] Level 5:colcon.colcon_core.verb:set package 'mapping_planner' build argument 'cmake_target_skip_unavailable' from command line to 'False'
[0.200s] Level 5:colcon.colcon_core.verb:set package 'mapping_planner' build argument 'cmake_clean_cache' from command line to 'False'
[0.200s] Level 5:colcon.colcon_core.verb:set package 'mapping_planner' build argument 'cmake_clean_first' from command line to 'False'
[0.200s] Level 5:colcon.colcon_core.verb:set package 'mapping_planner' build argument 'cmake_force_configure' from command line to 'False'
[0.200s] Level 5:colcon.colcon_core.verb:set package 'mapping_planner' build argument 'ament_cmake_args' from command line to 'None'
[0.200s] Level 5:colcon.colcon_core.verb:set package 'mapping_planner' build argument 'catkin_cmake_args' from command line to 'None'
[0.200s] Level 5:colcon.colcon_core.verb:set package 'mapping_planner' build argument 'catkin_skip_building_tests' from command line to 'False'
[0.200s] DEBUG:colcon.colcon_core.verb:Building package 'mapping_planner' with the following arguments: {'ament_cmake_args': None, 'build_base': '/home/daniel-choate/paml_ros2/build/mapping_planner', 'catkin_cmake_args': None, 'catkin_skip_building_tests': False, 'cmake_args': None, 'cmake_clean_cache': False, 'cmake_clean_first': False, 'cmake_force_configure': False, 'cmake_target': None, 'cmake_target_skip_unavailable': False, 'install_base': '/home/daniel-choate/paml_ros2/install/mapping_planner', 'merge_install': False, 'path': '/home/daniel-choate/paml_ros2/src/mapping_planner', 'symlink_install': False, 'test_result_base': None}
[0.200s] INFO:colcon.colcon_core.executor:Executing jobs using 'parallel' executor
[0.201s] DEBUG:colcon.colcon_parallel_executor.executor.parallel:run_until_complete
[0.201s] INFO:colcon.colcon_ros.task.ament_cmake.build:Building ROS package in '/home/daniel-choate/paml_ros2/src/mapping_interfaces' with build type 'ament_cmake'
[0.201s] INFO:colcon.colcon_cmake.task.cmake.build:Building CMake package in '/home/daniel-choate/paml_ros2/src/mapping_interfaces'
[0.202s] INFO:colcon.colcon_core.plugin_system:Skipping extension 'colcon_core.shell.bat': Not used on non-Windows systems
[0.202s] INFO:colcon.colcon_core.shell:Skip shell extension 'powershell' for command environment: Not usable outside of PowerShell
[0.203s] DEBUG:colcon.colcon_core.shell:Skip shell extension 'dsv' for command environment
[0.208s] INFO:colcon.colcon_ros.task.ament_cmake.build:Building ROS package in '/home/daniel-choate/paml_ros2/src/ur3_demo' with build type 'ament_cmake'
[0.208s] INFO:colcon.colcon_cmake.task.cmake.build:Building CMake package in '/home/daniel-choate/paml_ros2/src/ur3_demo'
[0.208s] INFO:colcon.colcon_core.shell:Skip shell extension 'powershell' for command environment: Not usable outside of PowerShell
[0.208s] DEBUG:colcon.colcon_core.shell:Skip shell extension 'dsv' for command environment
[0.217s] DEBUG:colcon.colcon_core.event_handler.log_command:Invoking command in '/home/daniel-choate/paml_ros2/build/mapping_interfaces': CMAKE_PREFIX_PATH=${CMAKE_PREFIX_PATH}:/home/daniel-choate/paml_ros2/install/mapping_planner:/home/daniel-choate/paml_ros2/install/mapping_executor:/home/daniel-choate/ws_moveit/install/moveit_configs_utils:/opt/ros/kilted DEBUGINFOD_URLS=https://debuginfod.ubuntu.com /usr/bin/cmake --build /home/daniel-choate/paml_ros2/build/mapping_interfaces -- -j20 -l20
[0.219s] DEBUG:colcon.colcon_core.event_handler.log_command:Invoking command in '/home/daniel-choate/paml_ros2/build/ur3_demo': CMAKE_PREFIX_PATH=${CMAKE_PREFIX_PATH}:/home/daniel-choate/paml_ros2/install/mapping_planner:/home/daniel-choate/paml_ros2/install/mapping_executor:/home/daniel-choate/ws_moveit/install/moveit_configs_utils:/opt/ros/kilted DEBUGINFOD_URLS=https://debuginfod.ubuntu.com /usr/bin/cmake --build /home/daniel-choate/paml_ros2/build/ur3_demo -- -j20 -l20
[0.623s] DEBUG:colcon.colcon_core.event_handler.log_command:Invoked command in '/home/daniel-choate/paml_ros2/build/mapping_interfaces' returned '0': CMAKE_PREFIX_PATH=${CMAKE_PREFIX_PATH}:/home/daniel-choate/paml_ros2/install/mapping_planner:/home/daniel-choate/paml_ros2/install/mapping_executor:/home/daniel-choate/ws_moveit/install/moveit_configs_utils:/opt/ros/kilted DEBUGINFOD_URLS=https://debuginfod.ubuntu.com /usr/bin/cmake --build /home/daniel-choate/paml_ros2/build/mapping_interfaces -- -j20 -l20
[0.636s] DEBUG:colcon.colcon_core.event_handler.log_command:Invoking command in '/home/daniel-choate/paml_ros2/build/mapping_interfaces': CMAKE_PREFIX_PATH=${CMAKE_PREFIX_PATH}:/home/daniel-choate/paml_ros2/install/mapping_planner:/home/daniel-choate/paml_ros2/install/mapping_executor:/home/daniel-choate/ws_moveit/install/moveit_configs_utils:/opt/ros/kilted DEBUGINFOD_URLS=https://debuginfod.ubuntu.com /usr/bin/cmake --install /home/daniel-choate/paml_ros2/build/mapping_interfaces
[0.688s] Level 1:colcon.colcon_core.environment:create_environment_scripts_only(mapping_interfaces)
[0.688s] DEBUG:colcon.colcon_core.event_handler.log_command:Invoked command in '/home/daniel-choate/paml_ros2/build/mapping_interfaces' returned '0': CMAKE_PREFIX_PATH=${CMAKE_PREFIX_PATH}:/home/daniel-choate/paml_ros2/install/mapping_planner:/home/daniel-choate/paml_ros2/install/mapping_executor:/home/daniel-choate/ws_moveit/install/moveit_configs_utils:/opt/ros/kilted DEBUGINFOD_URLS=https://debuginfod.ubuntu.com /usr/bin/cmake --install /home/daniel-choate/paml_ros2/build/mapping_interfaces
[0.690s] Level 1:colcon.colcon_core.environment:checking '/home/daniel-choate/paml_ros2/install/mapping_interfaces' for CMake module files
[0.690s] Level 1:colcon.colcon_core.environment:checking '/home/daniel-choate/paml_ros2/install/mapping_interfaces' for CMake config files
[0.690s] Level 1:colcon.colcon_core.shell:create_environment_hook('mapping_interfaces', 'cmake_prefix_path')
[0.690s] INFO:colcon.colcon_core.shell:Creating environment hook '/home/daniel-choate/paml_ros2/install/mapping_interfaces/share/mapping_interfaces/hook/cmake_prefix_path.ps1'
[0.691s] INFO:colcon.colcon_core.shell:Creating environment descriptor '/home/daniel-choate/paml_ros2/install/mapping_interfaces/share/mapping_interfaces/hook/cmake_prefix_path.dsv'
[0.691s] INFO:colcon.colcon_core.shell:Creating environment hook '/home/daniel-choate/paml_ros2/install/mapping_interfaces/share/mapping_interfaces/hook/cmake_prefix_path.sh'
[0.691s] Level 1:colcon.colcon_core.environment:checking '/home/daniel-choate/paml_ros2/install/mapping_interfaces/lib'
[0.692s] Level 1:colcon.colcon_core.shell:create_environment_hook('mapping_interfaces', 'ld_library_path_lib')
[0.692s] INFO:colcon.colcon_core.shell:Creating environment hook '/home/daniel-choate/paml_ros2/install/mapping_interfaces/share/mapping_interfaces/hook/ld_library_path_lib.ps1'
[0.692s] INFO:colcon.colcon_core.shell:Creating environment descriptor '/home/daniel-choate/paml_ros2/install/mapping_interfaces/share/mapping_interfaces/hook/ld_library_path_lib.dsv'
[0.692s] INFO:colcon.colcon_core.shell:Creating environment hook '/home/daniel-choate/paml_ros2/install/mapping_interfaces/share/mapping_interfaces/hook/ld_library_path_lib.sh'
[0.692s] Level 1:colcon.colcon_core.environment:checking '/home/daniel-choate/paml_ros2/install/mapping_interfaces/bin'
[0.692s] Level 1:colcon.colcon_core.environment:checking '/home/daniel-choate/paml_ros2/install/mapping_interfaces/lib/pkgconfig/mapping_interfaces.pc'
[0.693s] Level 1:colcon.colcon_core.environment:checking '/home/daniel-choate/paml_ros2/install/mapping_interfaces/lib/python3.12/site-packages'
[0.693s] Level 1:colcon.colcon_core.shell:create_environment_hook('mapping_interfaces', 'pythonpath')
[0.693s] INFO:colcon.colcon_core.shell:Creating environment hook '/home/daniel-choate/paml_ros2/install/mapping_interfaces/share/mapping_interfaces/hook/pythonpath.ps1'
[0.693s] INFO:colcon.colcon_core.shell:Creating environment descriptor '/home/daniel-choate/paml_ros2/install/mapping_interfaces/share/mapping_interfaces/hook/pythonpath.dsv'
[0.693s] INFO:colcon.colcon_core.shell:Creating environment hook '/home/daniel-choate/paml_ros2/install/mapping_interfaces/share/mapping_interfaces/hook/pythonpath.sh'
[0.694s] Level 1:colcon.colcon_core.environment:checking '/home/daniel-choate/paml_ros2/install/mapping_interfaces/bin'
[0.694s] INFO:colcon.colcon_core.shell:Creating package script '/home/daniel-choate/paml_ros2/install/mapping_interfaces/share/mapping_interfaces/package.ps1'
[0.694s] INFO:colcon.colcon_core.shell:Creating package descriptor '/home/daniel-choate/paml_ros2/install/mapping_interfaces/share/mapping_interfaces/package.dsv'
[0.695s] INFO:colcon.colcon_core.shell:Creating package script '/home/daniel-choate/paml_ros2/install/mapping_interfaces/share/mapping_interfaces/package.sh'
[0.695s] INFO:colcon.colcon_core.shell:Creating package script '/home/daniel-choate/paml_ros2/install/mapping_interfaces/share/mapping_interfaces/package.bash'
[0.695s] INFO:colcon.colcon_core.shell:Creating package script '/home/daniel-choate/paml_ros2/install/mapping_interfaces/share/mapping_interfaces/package.zsh'
[0.696s] Level 1:colcon.colcon_core.environment:create_file_with_runtime_dependencies(/home/daniel-choate/paml_ros2/install/mapping_interfaces/share/colcon-core/packages/mapping_interfaces)
[0.696s] Level 1:colcon.colcon_core.environment:create_environment_scripts_only(mapping_interfaces)
[0.696s] Level 1:colcon.colcon_core.environment:checking '/home/daniel-choate/paml_ros2/install/mapping_interfaces' for CMake module files
[0.696s] Level 1:colcon.colcon_core.environment:checking '/home/daniel-choate/paml_ros2/install/mapping_interfaces' for CMake config files
[0.697s] Level 1:colcon.colcon_core.shell:create_environment_hook('mapping_interfaces', 'cmake_prefix_path')
[0.697s] INFO:colcon.colcon_core.shell:Creating environment hook '/home/daniel-choate/paml_ros2/install/mapping_interfaces/share/mapping_interfaces/hook/cmake_prefix_path.ps1'
[0.697s] INFO:colcon.colcon_core.shell:Creating environment descriptor '/home/daniel-choate/paml_ros2/install/mapping_interfaces/share/mapping_interfaces/hook/cmake_prefix_path.dsv'
[0.697s] INFO:colcon.colcon_core.shell:Creating environment hook '/home/daniel-choate/paml_ros2/install/mapping_interfaces/share/mapping_interfaces/hook/cmake_prefix_path.sh'
[0.697s] Level 1:colcon.colcon_core.environment:checking '/home/daniel-choate/paml_ros2/install/mapping_interfaces/lib'
[0.698s] Level 1:colcon.colcon_core.shell:create_environment_hook('mapping_interfaces', 'ld_library_path_lib')
[0.698s] INFO:colcon.colcon_core.shell:Creating environment hook '/home/daniel-choate/paml_ros2/install/mapping_interfaces/share/mapping_interfaces/hook/ld_library_path_lib.ps1'
[0.698s] INFO:colcon.colcon_core.shell:Creating environment descriptor '/home/daniel-choate/paml_ros2/install/mapping_interfaces/share/mapping_interfaces/hook/ld_library_path_lib.dsv'
[0.698s] INFO:colcon.colcon_core.shell:Creating environment hook '/home/daniel-choate/paml_ros2/install/mapping_interfaces/share/mapping_interfaces/hook/ld_library_path_lib.sh'
[0.698s] Level 1:colcon.colcon_core.environment:checking '/home/daniel-choate/paml_ros2/install/mapping_interfaces/bin'
[0.698s] Level 1:colcon.colcon_core.environment:checking '/home/daniel-choate/paml_ros2/install/mapping_interfaces/lib/pkgconfig/mapping_interfaces.pc'
[0.698s] Level 1:colcon.colcon_core.environment:checking '/home/daniel-choate/paml_ros2/install/mapping_interfaces/lib/python3.12/site-packages'
[0.698s] Level 1:colcon.colcon_core.shell:create_environment_hook('mapping_interfaces', 'pythonpath')
[0.699s] INFO:colcon.colcon_core.shell:Creating environment hook '/home/daniel-choate/paml_ros2/install/mapping_interfaces/share/mapping_interfaces/hook/pythonpath.ps1'
[0.699s] INFO:colcon.colcon_core.shell:Creating environment descriptor '/home/daniel-choate/paml_ros2/install/mapping_interfaces/share/mapping_interfaces/hook/pythonpath.dsv'
[0.699s] INFO:colcon.colcon_core.shell:Creating environment hook '/home/daniel-choate/paml_ros2/install/mapping_interfaces/share/mapping_interfaces/hook/pythonpath.sh'
[0.699s] Level 1:colcon.colcon_core.environment:checking '/home/daniel-choate/paml_ros2/install/mapping_interfaces/bin'
[0.699s] INFO:colcon.colcon_core.shell:Creating package script '/home/daniel-choate/paml_ros2/install/mapping_interfaces/share/mapping_interfaces/package.ps1'
[0.700s] INFO:colcon.colcon_core.shell:Creating package descriptor '/home/daniel-choate/paml_ros2/install/mapping_interfaces/share/mapping_interfaces/package.dsv'
[0.700s] INFO:colcon.colcon_core.shell:Creating package script '/home/daniel-choate/paml_ros2/install/mapping_interfaces/share/mapping_interfaces/package.sh'
[0.700s] INFO:colcon.colcon_core.shell:Creating package script '/home/daniel-choate/paml_ros2/install/mapping_interfaces/share/mapping_interfaces/package.bash'
[0.701s] INFO:colcon.colcon_core.shell:Creating package script '/home/daniel-choate/paml_ros2/install/mapping_interfaces/share/mapping_interfaces/package.zsh'
[0.701s] Level 1:colcon.colcon_core.environment:create_file_with_runtime_dependencies(/home/daniel-choate/paml_ros2/install/mapping_interfaces/share/colcon-core/packages/mapping_interfaces)
[0.701s] INFO:colcon.colcon_ros.task.ament_python.build:Building ROS package in '/home/daniel-choate/paml_ros2/src/mapping_executor' with build type 'ament_python'
[0.701s] Level 1:colcon.colcon_core.shell:create_environment_hook('mapping_executor', 'ament_prefix_path')
[0.701s] INFO:colcon.colcon_core.shell:Creating environment hook '/home/daniel-choate/paml_ros2/install/mapping_executor/share/mapping_executor/hook/ament_prefix_path.ps1'
[0.702s] INFO:colcon.colcon_core.shell:Creating environment descriptor '/home/daniel-choate/paml_ros2/install/mapping_executor/share/mapping_executor/hook/ament_prefix_path.dsv'
[0.702s] INFO:colcon.colcon_core.shell:Creating environment hook '/home/daniel-choate/paml_ros2/install/mapping_executor/share/mapping_executor/hook/ament_prefix_path.sh'
[0.703s] INFO:colcon.colcon_core.shell:Skip shell extension 'powershell' for command environment: Not usable outside of PowerShell
[0.703s] DEBUG:colcon.colcon_core.shell:Skip shell extension 'dsv' for command environment
[0.710s] INFO:colcon.colcon_ros.task.ament_python.build:Building ROS package in '/home/daniel-choate/paml_ros2/src/mapping_planner' with build type 'ament_python'
[0.710s] Level 1:colcon.colcon_core.shell:create_environment_hook('mapping_planner', 'ament_prefix_path')
[0.710s] INFO:colcon.colcon_core.shell:Creating environment hook '/home/daniel-choate/paml_ros2/install/mapping_planner/share/mapping_planner/hook/ament_prefix_path.ps1'
[0.711s] INFO:colcon.colcon_core.shell:Creating environment descriptor '/home/daniel-choate/paml_ros2/install/mapping_planner/share/mapping_planner/hook/ament_prefix_path.dsv'
[0.711s] INFO:colcon.colcon_core.shell:Creating environment hook '/home/daniel-choate/paml_ros2/install/mapping_planner/share/mapping_planner/hook/ament_prefix_path.sh'
[0.711s] INFO:colcon.colcon_core.shell:Skip shell extension 'powershell' for command environment: Not usable outside of PowerShell
[0.711s] DEBUG:colcon.colcon_core.shell:Skip shell extension 'dsv' for command environment
[0.888s] INFO:colcon.colcon_core.task.python.build:Building Python package in '/home/daniel-choate/paml_ros2/src/mapping_executor'
[0.888s] INFO:colcon.colcon_core.shell:Skip shell extension 'powershell' for command environment: Not usable outside of PowerShell
[0.888s] DEBUG:colcon.colcon_core.shell:Skip shell extension 'dsv' for command environment
[1.067s] INFO:colcon.colcon_core.task.python.build:Building Python package in '/home/daniel-choate/paml_ros2/src/mapping_planner'
[1.067s] INFO:colcon.colcon_core.shell:Skip shell extension 'powershell' for command environment: Not usable outside of PowerShell
[1.067s] DEBUG:colcon.colcon_core.shell:Skip shell extension 'dsv' for command environment
[1.574s] DEBUG:colcon.colcon_core.event_handler.log_command:Invoking command in '/home/daniel-choate/paml_ros2/src/mapping_planner': CMAKE_PREFIX_PATH=/home/daniel-choate/paml_ros2/install/mapping_interfaces:/home/daniel-choate/paml_ros2/install/ur3_demo:/home/daniel-choate/ws_moveit/install/robotiq_hardware_tests:/home/daniel-choate/ws_moveit/install/robotiq_driver:/home/daniel-choate/ws_moveit/install/serial:/home/daniel-choate/ws_moveit/install/moveit2_tutorials:/home/daniel-choate/ws_moveit/install/moveit_visual_tools:/home/daniel-choate/ws_moveit/install/rviz_visual_tools:/home/daniel-choate/ws_moveit/install/moveit_task_constructor_demo:/home/daniel-choate/ws_moveit/install/moveit_task_constructor_visualization:/home/daniel-choate/ws_moveit/install/moveit_task_constructor_capabilities:/home/daniel-choate/ws_moveit/install/moveit_task_constructor_core:/home/daniel-choate/ws_moveit/install/rviz_marker_tools:/home/daniel-choate/ws_moveit/install/kortex_bringup:/home/daniel-choate/ws_moveit/install/kinova_gen3_lite_moveit_config:/home/daniel-choate/ws_moveit/install/kinova_gen3_7dof_robotiq_2f_85_moveit_config:/home/daniel-choate/ws_moveit/install/kinova_gen3_6dof_robotiq_2f_85_moveit_config:/home/daniel-choate/ws_moveit/install/kortex_description:/home/daniel-choate/ws_moveit/install/robotiq_description:/home/daniel-choate/ws_moveit/install/robotiq_controllers:/home/daniel-choate/ws_moveit/install/pilz_industrial_motion_planner_testutils:/home/daniel-choate/ws_moveit/install/moveit_runtime:/home/daniel-choate/ws_moveit/install/moveit:/home/daniel-choate/ws_moveit/install/moveit_planners:/home/daniel-choate/ws_moveit/install/pilz_industrial_motion_planner:/home/daniel-choate/ws_moveit/install/moveit_task_constructor_msgs:/home/daniel-choate/ws_moveit/install/moveit_ros_control_interface:/home/daniel-choate/ws_moveit/install/moveit_plugins:/home/daniel-choate/ws_moveit/install/moveit_simple_controller_manager:/home/daniel-choate/ws_moveit/install/moveit_setup_assistant:/home/daniel-choate/ws_moveit/install/moveit_setup_srdf_plugins:/home/daniel-choate/ws_moveit/install/moveit_setup_core_plugins:/home/daniel-choate/ws_moveit/install/moveit_setup_controllers:/home/daniel-choate/ws_moveit/install/moveit_setup_app_plugins:/home/daniel-choate/ws_moveit/install/moveit_setup_framework:/home/daniel-choate/ws_moveit/install/moveit_servo:/home/daniel-choate/ws_moveit/install/moveit_ros_trajectory_cache:/home/daniel-choate/ws_moveit/install/moveit_ros:/home/daniel-choate/ws_moveit/install/moveit_ros_visualization:/home/daniel-choate/ws_moveit/install/moveit_py:/home/daniel-choate/ws_moveit/install/moveit_hybrid_planning:/home/daniel-choate/ws_moveit/install/hello_moveit:/home/daniel-choate/ws_moveit/install/moveit_ros_planning_interface:/home/daniel-choate/ws_moveit/install/moveit_ros_benchmarks:/home/daniel-choate/ws_moveit/install/moveit_ros_warehouse:/home/daniel-choate/ws_moveit/install/moveit_ros_robot_interaction:/home/daniel-choate/ws_moveit/install/moveit_ros_perception:/home/daniel-choate/ws_moveit/install/moveit_resources_prbt_pg70_support:/home/daniel-choate/ws_moveit/install/moveit_resources_prbt_moveit_config:/home/daniel-choate/ws_moveit/install/moveit_ros_move_group:/home/daniel-choate/ws_moveit/install/moveit_planners_ompl:/home/daniel-choate/ws_moveit/install/moveit_kinematics:/home/daniel-choate/ws_moveit/install/moveit_ros_planning:/home/daniel-choate/ws_moveit/install/moveit_ros_occupancy_map_monitor:/home/daniel-choate/ws_moveit/install/moveit_resources_prbt_support:/home/daniel-choate/ws_moveit/install/moveit_resources_prbt_ikfast_manipulator_plugin:/home/daniel-choate/ws_moveit/install/moveit_resources:/home/daniel-choate/ws_moveit/install/moveit_resources_pr2_description:/home/daniel-choate/ws_moveit/install/moveit_resources_panda_moveit_config:/home/daniel-choate/ws_moveit/install/dual_arm_panda_moveit_config:/home/daniel-choate/ws_moveit/install/moveit_resources_panda_description:/home/daniel-choate/ws_moveit/install/moveit_resources_fanuc_moveit_config:/home/daniel-choate/ws_moveit/install/moveit_resources_fanuc_description:/home/daniel-choate/ws_moveit/install/moveit_planners_stomp:/home/daniel-choate/ws_moveit/install/moveit_planners_chomp:/home/daniel-choate/ws_moveit/install/chomp_motion_planner:/home/daniel-choate/ws_moveit/install/moveit_core:/home/daniel-choate/ws_moveit/install/moveit_msgs:/home/daniel-choate/ws_moveit/install/moveit_common:/home/daniel-choate/ws_moveit/install/kortex_driver:/home/daniel-choate/ws_moveit/install/kortex_api:/opt/ros/kilted/opt/gz_sim_vendor:/opt/ros/kilted/opt/gz_sensors_vendor:/opt/ros/kilted/opt/gz_physics_vendor:/opt/ros/kilted/opt/sdformat_vendor:/opt/ros/kilted/opt/gz_gui_vendor:/opt/ros/kilted/opt/gz_transport_vendor:/opt/ros/kilted/opt/gz_rendering_vendor:/opt/ros/kilted/opt/gz_plugin_vendor:/opt/ros/kilted/opt/gz_fuel_tools_vendor:/opt/ros/kilted/opt/gz_msgs_vendor:/opt/ros/kilted/opt/gz_common_vendor:/opt/ros/kilted/opt/gz_math_vendor:/opt/ros/kilted/opt/gz_utils_vendor:/opt/ros/kilted/opt/gz_tools_vendor:/opt/ros/kilted/opt/gz_ogre_next_vendor:/opt/ros/kilted/opt/gz_dartsim_vendor:/opt/ros/kilted/opt/gz_cmake_vendor DEBUGINFOD_URLS=https://debuginfod.ubuntu.com LD_LIBRARY_PATH=/home/daniel-choate/paml_ros2/install/mapping_interfaces/lib:/home/daniel-choate/ws_moveit/install/robotiq_driver/lib:/home/daniel-choate/ws_moveit/install/serial/lib:/home/daniel-choate/ws_moveit/install/moveit_visual_tools/lib:/home/daniel-choate/ws_moveit/install/rviz_visual_tools/lib:/home/daniel-choate/ws_moveit/install/moveit_task_constructor_demo/lib:/home/daniel-choate/ws_moveit/install/moveit_task_constructor_visualization/lib:/home/daniel-choate/ws_moveit/install/moveit_task_constructor_capabilities/lib:/home/daniel-choate/ws_moveit/install/moveit_task_constructor_core/lib:/home/daniel-choate/ws_moveit/install/rviz_marker_tools/lib:/home/daniel-choate/ws_moveit/install/robotiq_controllers/lib:/home/daniel-choate/ws_moveit/install/pilz_industrial_motion_planner_testutils/lib:/home/daniel-choate/ws_moveit/install/pilz_industrial_motion_planner/lib:/home/daniel-choate/ws_moveit/install/moveit_task_constructor_msgs/lib:/home/daniel-choate/ws_moveit/install/moveit_ros_control_interface/lib:/home/daniel-choate/ws_moveit/install/moveit_simple_controller_manager/lib:/home/daniel-choate/ws_moveit/install/moveit_setup_assistant/lib:/home/daniel-choate/ws_moveit/install/moveit_setup_srdf_plugins/lib:/home/daniel-choate/ws_moveit/install/moveit_setup_core_plugins/lib:/home/daniel-choate/ws_moveit/install/moveit_setup_controllers/lib:/home/daniel-choate/ws_moveit/install/moveit_setup_app_plugins/lib:/home/daniel-choate/ws_moveit/install/moveit_setup_framework/lib:/home/daniel-choate/ws_moveit/install/moveit_servo/lib:/home/daniel-choate/ws_moveit/install/moveit_ros_trajectory_cache/lib:/home/daniel-choate/ws_moveit/install/moveit_ros_visualization/lib:/home/daniel-choate/ws_moveit/install/moveit_py/lib:/home/daniel-choate/ws_moveit/install/moveit_hybrid_planning/lib:/home/daniel-choate/ws_moveit/install/moveit_ros_planning_interface/lib:/home/daniel-choate/ws_moveit/install/moveit_ros_benchmarks/lib:/home/daniel-choate/ws_moveit/install/moveit_ros_warehouse/lib:/home/daniel-choate/ws_moveit/install/moveit_ros_robot_interaction/lib:/home/daniel-choate/ws_moveit/install/moveit_ros_perception/lib:/home/daniel-choate/ws_moveit/install/moveit_ros_move_group/lib:/home/daniel-choate/ws_moveit/install/moveit_planners_ompl/lib:/home/daniel-choate/ws_moveit/install/moveit_kinematics/lib:/home/daniel-choate/ws_moveit/install/moveit_ros_planning/lib:/home/daniel-choate/ws_moveit/install/moveit_ros_occupancy_map_monitor/lib:/home/daniel-choate/ws_moveit/install/moveit_resources_prbt_ikfast_manipulator_plugin/lib:/home/daniel-choate/ws_moveit/install/moveit_planners_stomp/lib:/home/daniel-choate/ws_moveit/install/moveit_planners_chomp/lib:/home/daniel-choate/ws_moveit/install/chomp_motion_planner/lib:/home/daniel-choate/ws_moveit/install/moveit_core/lib:/home/daniel-choate/ws_moveit/install/moveit_msgs/lib:/home/daniel-choate/ws_moveit/install/kortex_driver/lib:/opt/ros/kilted/opt/gz_sim_vendor/lib:/opt/ros/kilted/opt/gz_sensors_vendor/lib:/opt/ros/kilted/opt/gz_physics_vendor/lib:/opt/ros/kilted/opt/sdformat_vendor/lib:/opt/ros/kilted/opt/gz_gui_vendor/lib:/opt/ros/kilted/opt/gz_transport_vendor/lib:/opt/ros/kilted/opt/gz_rendering_vendor/lib:/opt/ros/kilted/opt/gz_plugin_vendor/lib:/opt/ros/kilted/opt/gz_fuel_tools_vendor/lib:/opt/ros/kilted/opt/gz_msgs_vendor/lib:/opt/ros/kilted/opt/gz_common_vendor/lib:/opt/ros/kilted/opt/gz_math_vendor/lib:/opt/ros/kilted/opt/gz_utils_vendor/lib:/opt/ros/kilted/opt/rviz_ogre_vendor/lib:/opt/ros/kilted/lib/x86_64-linux-gnu:/opt/ros/kilted/opt/gz_tools_vendor/lib:/opt/ros/kilted/opt/gz_ogre_next_vendor/lib:/opt/ros/kilted/opt/gz_dartsim_vendor/lib:/opt/ros/kilted/opt/gz_cmake_vendor/lib:/opt/ros/kilted/lib:/usr/local/lib PYTHONPATH=/home/daniel-choate/paml_ros2/build/mapping_planner/prefix_override:/usr/lib/python3/dist-packages/colcon_core/task/python/colcon_distutils_commands:/home/daniel-choate/paml_ros2/install/mapping_planner/lib/python3.12/site-packages:/home/daniel-choate/paml_ros2/install/mapping_interfaces/lib/python3.12/site-packages:/home/daniel-choate/paml_ros2/install/mapping_planner/lib/python3.12/site-packages:/home/daniel-choate/paml_ros2/install/mapping_executor/lib/python3.12/site-packages:/home/daniel-choate/ws_moveit/install/moveit_task_constructor_core/lib/python3.12/site-packages:/home/daniel-choate/ws_moveit/install/moveit_task_constructor_msgs/lib/python3.12/site-packages:/home/daniel-choate/ws_moveit/install/moveit_py/lib/python3.12/site-packages:/home/daniel-choate/ws_moveit/install/moveit_msgs/lib/python3.12/site-packages:/home/daniel-choate/ws_moveit/install/moveit_configs_utils/lib/python3.12/site-packages:/opt/ros/kilted/lib/python3.12/site-packages /usr/bin/python3 -W ignore:setup.py install is deprecated -W ignore:easy_install command is deprecated setup.py egg_info --egg-base ../../build/mapping_planner build --build-base /home/daniel-choate/paml_ros2/build/mapping_planner/build install --record /home/daniel-choate/paml_ros2/build/mapping_planner/install.log --single-version-externally-managed install_data
[1.596s] DEBUG:colcon.colcon_core.event_handler.log_command:Invoking command in '/home/daniel-choate/paml_ros2/src/mapping_executor': CMAKE_PREFIX_PATH=/home/daniel-choate/paml_ros2/install/mapping_interfaces:/home/daniel-choate/paml_ros2/install/ur3_demo:/home/daniel-choate/ws_moveit/install/robotiq_hardware_tests:/home/daniel-choate/ws_moveit/install/robotiq_driver:/home/daniel-choate/ws_moveit/install/serial:/home/daniel-choate/ws_moveit/install/moveit2_tutorials:/home/daniel-choate/ws_moveit/install/moveit_visual_tools:/home/daniel-choate/ws_moveit/install/rviz_visual_tools:/home/daniel-choate/ws_moveit/install/moveit_task_constructor_demo:/home/daniel-choate/ws_moveit/install/moveit_task_constructor_visualization:/home/daniel-choate/ws_moveit/install/moveit_task_constructor_capabilities:/home/daniel-choate/ws_moveit/install/moveit_task_constructor_core:/home/daniel-choate/ws_moveit/install/rviz_marker_tools:/home/daniel-choate/ws_moveit/install/kortex_bringup:/home/daniel-choate/ws_moveit/install/kinova_gen3_lite_moveit_config:/home/daniel-choate/ws_moveit/install/kinova_gen3_7dof_robotiq_2f_85_moveit_config:/home/daniel-choate/ws_moveit/install/kinova_gen3_6dof_robotiq_2f_85_moveit_config:/home/daniel-choate/ws_moveit/install/kortex_description:/home/daniel-choate/ws_moveit/install/robotiq_description:/home/daniel-choate/ws_moveit/install/robotiq_controllers:/home/daniel-choate/ws_moveit/install/pilz_industrial_motion_planner_testutils:/home/daniel-choate/ws_moveit/install/moveit_runtime:/home/daniel-choate/ws_moveit/install/moveit:/home/daniel-choate/ws_moveit/install/moveit_planners:/home/daniel-choate/ws_moveit/install/pilz_industrial_motion_planner:/home/daniel-choate/ws_moveit/install/moveit_task_constructor_msgs:/home/daniel-choate/ws_moveit/install/moveit_ros_control_interface:/home/daniel-choate/ws_moveit/install/moveit_plugins:/home/daniel-choate/ws_moveit/install/moveit_simple_controller_manager:/home/daniel-choate/ws_moveit/install/moveit_setup_assistant:/home/daniel-choate/ws_moveit/install/moveit_setup_srdf_plugins:/home/daniel-choate/ws_moveit/install/moveit_setup_core_plugins:/home/daniel-choate/ws_moveit/install/moveit_setup_controllers:/home/daniel-choate/ws_moveit/install/moveit_setup_app_plugins:/home/daniel-choate/ws_moveit/install/moveit_setup_framework:/home/daniel-choate/ws_moveit/install/moveit_servo:/home/daniel-choate/ws_moveit/install/moveit_ros_trajectory_cache:/home/daniel-choate/ws_moveit/install/moveit_ros:/home/daniel-choate/ws_moveit/install/moveit_ros_visualization:/home/daniel-choate/ws_moveit/install/moveit_py:/home/daniel-choate/ws_moveit/install/moveit_hybrid_planning:/home/daniel-choate/ws_moveit/install/hello_moveit:/home/daniel-choate/ws_moveit/install/moveit_ros_planning_interface:/home/daniel-choate/ws_moveit/install/moveit_ros_benchmarks:/home/daniel-choate/ws_moveit/install/moveit_ros_warehouse:/home/daniel-choate/ws_moveit/install/moveit_ros_robot_interaction:/home/daniel-choate/ws_moveit/install/moveit_ros_perception:/home/daniel-choate/ws_moveit/install/moveit_resources_prbt_pg70_support:/home/daniel-choate/ws_moveit/install/moveit_resources_prbt_moveit_config:/home/daniel-choate/ws_moveit/install/moveit_ros_move_group:/home/daniel-choate/ws_moveit/install/moveit_planners_ompl:/home/daniel-choate/ws_moveit/install/moveit_kinematics:/home/daniel-choate/ws_moveit/install/moveit_ros_planning:/home/daniel-choate/ws_moveit/install/moveit_ros_occupancy_map_monitor:/home/daniel-choate/ws_moveit/install/moveit_resources_prbt_support:/home/daniel-choate/ws_moveit/install/moveit_resources_prbt_ikfast_manipulator_plugin:/home/daniel-choate/ws_moveit/install/moveit_resources:/home/daniel-choate/ws_moveit/install/moveit_resources_pr2_description:/home/daniel-choate/ws_moveit/install/moveit_resources_panda_moveit_config:/home/daniel-choate/ws_moveit/install/dual_arm_panda_moveit_config:/home/daniel-choate/ws_moveit/install/moveit_resources_panda_description:/home/daniel-choate/ws_moveit/install/moveit_resources_fanuc_moveit_config:/home/daniel-choate/ws_moveit/install/moveit_resources_fanuc_description:/home/daniel-choate/ws_moveit/install/moveit_planners_stomp:/home/daniel-choate/ws_moveit/install/moveit_planners_chomp:/home/daniel-choate/ws_moveit/install/chomp_motion_planner:/home/daniel-choate/ws_moveit/install/moveit_core:/home/daniel-choate/ws_moveit/install/moveit_msgs:/home/daniel-choate/ws_moveit/install/moveit_common:/home/daniel-choate/ws_moveit/install/kortex_driver:/home/daniel-choate/ws_moveit/install/kortex_api:/opt/ros/kilted/opt/gz_sim_vendor:/opt/ros/kilted/opt/gz_sensors_vendor:/opt/ros/kilted/opt/gz_physics_vendor:/opt/ros/kilted/opt/sdformat_vendor:/opt/ros/kilted/opt/gz_gui_vendor:/opt/ros/kilted/opt/gz_transport_vendor:/opt/ros/kilted/opt/gz_rendering_vendor:/opt/ros/kilted/opt/gz_plugin_vendor:/opt/ros/kilted/opt/gz_fuel_tools_vendor:/opt/ros/kilted/opt/gz_msgs_vendor:/opt/ros/kilted/opt/gz_common_vendor:/opt/ros/kilted/opt/gz_math_vendor:/opt/ros/kilted/opt/gz_utils_vendor:/opt/ros/kilted/opt/gz_tools_vendor:/opt/ros/kilted/opt/gz_ogre_next_vendor:/opt/ros/kilted/opt/gz_dartsim_vendor:/opt/ros/kilted/opt/gz_cmake_vendor DEBUGINFOD_URLS=https://debuginfod.ubuntu.com LD_LIBRARY_PATH=/home/daniel-choate/paml_ros2/install/mapping_interfaces/lib:/home/daniel-choate/ws_moveit/install/robotiq_driver/lib:/home/daniel-choate/ws_moveit/install/serial/lib:/home/daniel-choate/ws_moveit/install/moveit_visual_tools/lib:/home/daniel-choate/ws_moveit/install/rviz_visual_tools/lib:/home/daniel-choate/ws_moveit/install/moveit_task_constructor_demo/lib:/home/daniel-choate/ws_moveit/install/moveit_task_constructor_visualization/lib:/home/daniel-choate/ws_moveit/install/moveit_task_constructor_capabilities/lib:/home/daniel-choate/ws_moveit/install/moveit_task_constructor_core/lib:/home/daniel-choate/ws_moveit/install/rviz_marker_tools/lib:/home/daniel-choate/ws_moveit/install/robotiq_controllers/lib:/home/daniel-choate/ws_moveit/install/pilz_industrial_motion_planner_testutils/lib:/home/daniel-choate/ws_moveit/install/pilz_industrial_motion_planner/lib:/home/daniel-choate/ws_moveit/install/moveit_task_constructor_msgs/lib:/home/daniel-choate/ws_moveit/install/moveit_ros_control_interface/lib:/home/daniel-choate/ws_moveit/install/moveit_simple_controller_manager/lib:/home/daniel-choate/ws_moveit/install/moveit_setup_assistant/lib:/home/daniel-choate/ws_moveit/install/moveit_setup_srdf_plugins/lib:/home/daniel-choate/ws_moveit/install/moveit_setup_core_plugins/lib:/home/daniel-choate/ws_moveit/install/moveit_setup_controllers/lib:/home/daniel-choate/ws_moveit/install/moveit_setup_app_plugins/lib:/home/daniel-choate/ws_moveit/install/moveit_setup_framework/lib:/home/daniel-choate/ws_moveit/install/moveit_servo/lib:/home/daniel-choate/ws_moveit/install/moveit_ros_trajectory_cache/lib:/home/daniel-choate/ws_moveit/install/moveit_ros_visualization/lib:/home/daniel-choate/ws_moveit/install/moveit_py/lib:/home/daniel-choate/ws_moveit/install/moveit_hybrid_planning/lib:/home/daniel-choate/ws_moveit/install/moveit_ros_planning_interface/lib:/home/daniel-choate/ws_moveit/install/moveit_ros_benchmarks/lib:/home/daniel-choate/ws_moveit/install/moveit_ros_warehouse/lib:/home/daniel-choate/ws_moveit/install/moveit_ros_robot_interaction/lib:/home/daniel-choate/ws_moveit/install/moveit_ros_perception/lib:/home/daniel-choate/ws_moveit/install/moveit_ros_move_group/lib:/home/daniel-choate/ws_moveit/install/moveit_planners_ompl/lib:/home/daniel-choate/ws_moveit/install/moveit_kinematics/lib:/home/daniel-choate/ws_moveit/install/moveit_ros_planning/lib:/home/daniel-choate/ws_moveit/install/moveit_ros_occupancy_map_monitor/lib:/home/daniel-choate/ws_moveit/install/moveit_resources_prbt_ikfast_manipulator_plugin/lib:/home/daniel-choate/ws_moveit/install/moveit_planners_stomp/lib:/home/daniel-choate/ws_moveit/install/moveit_planners_chomp/lib:/home/daniel-choate/ws_moveit/install/chomp_motion_planner/lib:/home/daniel-choate/ws_moveit/install/moveit_core/lib:/home/daniel-choate/ws_moveit/install/moveit_msgs/lib:/home/daniel-choate/ws_moveit/install/kortex_driver/lib:/opt/ros/kilted/opt/gz_sim_vendor/lib:/opt/ros/kilted/opt/gz_sensors_vendor/lib:/opt/ros/kilted/opt/gz_physics_vendor/lib:/opt/ros/kilted/opt/sdformat_vendor/lib:/opt/ros/kilted/opt/gz_gui_vendor/lib:/opt/ros/kilted/opt/gz_transport_vendor/lib:/opt/ros/kilted/opt/gz_rendering_vendor/lib:/opt/ros/kilted/opt/gz_plugin_vendor/lib:/opt/ros/kilted/opt/gz_fuel_tools_vendor/lib:/opt/ros/kilted/opt/gz_msgs_vendor/lib:/opt/ros/kilted/opt/gz_common_vendor/lib:/opt/ros/kilted/opt/gz_math_vendor/lib:/opt/ros/kilted/opt/gz_utils_vendor/lib:/opt/ros/kilted/opt/rviz_ogre_vendor/lib:/opt/ros/kilted/lib/x86_64-linux-gnu:/opt/ros/kilted/opt/gz_tools_vendor/lib:/opt/ros/kilted/opt/gz_ogre_next_vendor/lib:/opt/ros/kilted/opt/gz_dartsim_vendor/lib:/opt/ros/kilted/opt/gz_cmake_vendor/lib:/opt/ros/kilted/lib:/usr/local/lib PYTHONPATH=/home/daniel-choate/paml_ros2/build/mapping_executor/prefix_override:/usr/lib/python3/dist-packages/colcon_core/task/python/colcon_distutils_commands:/home/daniel-choate/paml_ros2/install/mapping_executor/lib/python3.12/site-packages:/home/daniel-choate/paml_ros2/install/mapping_interfaces/lib/python3.12/site-packages:/home/daniel-choate/paml_ros2/install/mapping_planner/lib/python3.12/site-packages:/home/daniel-choate/paml_ros2/install/mapping_executor/lib/python3.12/site-packages:/home/daniel-choate/ws_moveit/install/moveit_task_constructor_core/lib/python3.12/site-packages:/home/daniel-choate/ws_moveit/install/moveit_task_constructor_msgs/lib/python3.12/site-packages:/home/daniel-choate/ws_moveit/install/moveit_py/lib/python3.12/site-packages:/home/daniel-choate/ws_moveit/install/moveit_msgs/lib/python3.12/site-packages:/home/daniel-choate/ws_moveit/install/moveit_configs_utils/lib/python3.12/site-packages:/opt/ros/kilted/lib/python3.12/site-packages /usr/bin/python3 -W ignore:setup.py install is deprecated -W ignore:easy_install command is deprecated setup.py egg_info --egg-base ../../build/mapping_executor build --build-base /home/daniel-choate/paml_ros2/build/mapping_executor/build install --record /home/daniel-choate/paml_ros2/build/mapping_executor/install.log --single-version-externally-managed install_data
[2.032s] Level 1:colcon.colcon_core.environment:checking '/home/daniel-choate/paml_ros2/install/mapping_planner' for CMake module files
[2.033s] DEBUG:colcon.colcon_core.event_handler.log_command:Invoked command in '/home/daniel-choate/paml_ros2/src/mapping_planner' returned '0': CMAKE_PREFIX_PATH=/home/daniel-choate/paml_ros2/install/mapping_interfaces:/home/daniel-choate/paml_ros2/install/ur3_demo:/home/daniel-choate/ws_moveit/install/robotiq_hardware_tests:/home/daniel-choate/ws_moveit/install/robotiq_driver:/home/daniel-choate/ws_moveit/install/serial:/home/daniel-choate/ws_moveit/install/moveit2_tutorials:/home/daniel-choate/ws_moveit/install/moveit_visual_tools:/home/daniel-choate/ws_moveit/install/rviz_visual_tools:/home/daniel-choate/ws_moveit/install/moveit_task_constructor_demo:/home/daniel-choate/ws_moveit/install/moveit_task_constructor_visualization:/home/daniel-choate/ws_moveit/install/moveit_task_constructor_capabilities:/home/daniel-choate/ws_moveit/install/moveit_task_constructor_core:/home/daniel-choate/ws_moveit/install/rviz_marker_tools:/home/daniel-choate/ws_moveit/install/kortex_bringup:/home/daniel-choate/ws_moveit/install/kinova_gen3_lite_moveit_config:/home/daniel-choate/ws_moveit/install/kinova_gen3_7dof_robotiq_2f_85_moveit_config:/home/daniel-choate/ws_moveit/install/kinova_gen3_6dof_robotiq_2f_85_moveit_config:/home/daniel-choate/ws_moveit/install/kortex_description:/home/daniel-choate/ws_moveit/install/robotiq_description:/home/daniel-choate/ws_moveit/install/robotiq_controllers:/home/daniel-choate/ws_moveit/install/pilz_industrial_motion_planner_testutils:/home/daniel-choate/ws_moveit/install/moveit_runtime:/home/daniel-choate/ws_moveit/install/moveit:/home/daniel-choate/ws_moveit/install/moveit_planners:/home/daniel-choate/ws_moveit/install/pilz_industrial_motion_planner:/home/daniel-choate/ws_moveit/install/moveit_task_constructor_msgs:/home/daniel-choate/ws_moveit/install/moveit_ros_control_interface:/home/daniel-choate/ws_moveit/install/moveit_plugins:/home/daniel-choate/ws_moveit/install/moveit_simple_controller_manager:/home/daniel-choate/ws_moveit/install/moveit_setup_assistant:/home/daniel-choate/ws_moveit/install/moveit_setup_srdf_plugins:/home/daniel-choate/ws_moveit/install/moveit_setup_core_plugins:/home/daniel-choate/ws_moveit/install/moveit_setup_controllers:/home/daniel-choate/ws_moveit/install/moveit_setup_app_plugins:/home/daniel-choate/ws_moveit/install/moveit_setup_framework:/home/daniel-choate/ws_moveit/install/moveit_servo:/home/daniel-choate/ws_moveit/install/moveit_ros_trajectory_cache:/home/daniel-choate/ws_moveit/install/moveit_ros:/home/daniel-choate/ws_moveit/install/moveit_ros_visualization:/home/daniel-choate/ws_moveit/install/moveit_py:/home/daniel-choate/ws_moveit/install/moveit_hybrid_planning:/home/daniel-choate/ws_moveit/install/hello_moveit:/home/daniel-choate/ws_moveit/install/moveit_ros_planning_interface:/home/daniel-choate/ws_moveit/install/moveit_ros_benchmarks:/home/daniel-choate/ws_moveit/install/moveit_ros_warehouse:/home/daniel-choate/ws_moveit/install/moveit_ros_robot_interaction:/home/daniel-choate/ws_moveit/install/moveit_ros_perception:/home/daniel-choate/ws_moveit/install/moveit_resources_prbt_pg70_support:/home/daniel-choate/ws_moveit/install/moveit_resources_prbt_moveit_config:/home/daniel-choate/ws_moveit/install/moveit_ros_move_group:/home/daniel-choate/ws_moveit/install/moveit_planners_ompl:/home/daniel-choate/ws_moveit/install/moveit_kinematics:/home/daniel-choate/ws_moveit/install/moveit_ros_planning:/home/daniel-choate/ws_moveit/install/moveit_ros_occupancy_map_monitor:/home/daniel-choate/ws_moveit/install/moveit_resources_prbt_support:/home/daniel-choate/ws_moveit/install/moveit_resources_prbt_ikfast_manipulator_plugin:/home/daniel-choate/ws_moveit/install/moveit_resources:/home/daniel-choate/ws_moveit/install/moveit_resources_pr2_description:/home/daniel-choate/ws_moveit/install/moveit_resources_panda_moveit_config:/home/daniel-choate/ws_moveit/install/dual_arm_panda_moveit_config:/home/daniel-choate/ws_moveit/install/moveit_resources_panda_description:/home/daniel-choate/ws_moveit/install/moveit_resources_fanuc_moveit_config:/home/daniel-choate/ws_moveit/install/moveit_resources_fanuc_description:/home/daniel-choate/ws_moveit/install/moveit_planners_stomp:/home/daniel-choate/ws_moveit/install/moveit_planners_chomp:/home/daniel-choate/ws_moveit/install/chomp_motion_planner:/home/daniel-choate/ws_moveit/install/moveit_core:/home/daniel-choate/ws_moveit/install/moveit_msgs:/home/daniel-choate/ws_moveit/install/moveit_common:/home/daniel-choate/ws_moveit/install/kortex_driver:/home/daniel-choate/ws_moveit/install/kortex_api:/opt/ros/kilted/opt/gz_sim_vendor:/opt/ros/kilted/opt/gz_sensors_vendor:/opt/ros/kilted/opt/gz_physics_vendor:/opt/ros/kilted/opt/sdformat_vendor:/opt/ros/kilted/opt/gz_gui_vendor:/opt/ros/kilted/opt/gz_transport_vendor:/opt/ros/kilted/opt/gz_rendering_vendor:/opt/ros/kilted/opt/gz_plugin_vendor:/opt/ros/kilted/opt/gz_fuel_tools_vendor:/opt/ros/kilted/opt/gz_msgs_vendor:/opt/ros/kilted/opt/gz_common_vendor:/opt/ros/kilted/opt/gz_math_vendor:/opt/ros/kilted/opt/gz_utils_vendor:/opt/ros/kilted/opt/gz_tools_vendor:/opt/ros/kilted/opt/gz_ogre_next_vendor:/opt/ros/kilted/opt/gz_dartsim_vendor:/opt/ros/kilted/opt/gz_cmake_vendor DEBUGINFOD_URLS=https://debuginfod.ubuntu.com LD_LIBRARY_PATH=/home/daniel-choate/paml_ros2/install/mapping_interfaces/lib:/home/daniel-choate/ws_moveit/install/robotiq_driver/lib:/home/daniel-choate/ws_moveit/install/serial/lib:/home/daniel-choate/ws_moveit/install/moveit_visual_tools/lib:/home/daniel-choate/ws_moveit/install/rviz_visual_tools/lib:/home/daniel-choate/ws_moveit/install/moveit_task_constructor_demo/lib:/home/daniel-choate/ws_moveit/install/moveit_task_constructor_visualization/lib:/home/daniel-choate/ws_moveit/install/moveit_task_constructor_capabilities/lib:/home/daniel-choate/ws_moveit/install/moveit_task_constructor_core/lib:/home/daniel-choate/ws_moveit/install/rviz_marker_tools/lib:/home/daniel-choate/ws_moveit/install/robotiq_controllers/lib:/home/daniel-choate/ws_moveit/install/pilz_industrial_motion_planner_testutils/lib:/home/daniel-choate/ws_moveit/install/pilz_industrial_motion_planner/lib:/home/daniel-choate/ws_moveit/install/moveit_task_constructor_msgs/lib:/home/daniel-choate/ws_moveit/install/moveit_ros_control_interface/lib:/home/daniel-choate/ws_moveit/install/moveit_simple_controller_manager/lib:/home/daniel-choate/ws_moveit/install/moveit_setup_assistant/lib:/home/daniel-choate/ws_moveit/install/moveit_setup_srdf_plugins/lib:/home/daniel-choate/ws_moveit/install/moveit_setup_core_plugins/lib:/home/daniel-choate/ws_moveit/install/moveit_setup_controllers/lib:/home/daniel-choate/ws_moveit/install/moveit_setup_app_plugins/lib:/home/daniel-choate/ws_moveit/install/moveit_setup_framework/lib:/home/daniel-choate/ws_moveit/install/moveit_servo/lib:/home/daniel-choate/ws_moveit/install/moveit_ros_trajectory_cache/lib:/home/daniel-choate/ws_moveit/install/moveit_ros_visualization/lib:/home/daniel-choate/ws_moveit/install/moveit_py/lib:/home/daniel-choate/ws_moveit/install/moveit_hybrid_planning/lib:/home/daniel-choate/ws_moveit/install/moveit_ros_planning_interface/lib:/home/daniel-choate/ws_moveit/install/moveit_ros_benchmarks/lib:/home/daniel-choate/ws_moveit/install/moveit_ros_warehouse/lib:/home/daniel-choate/ws_moveit/install/moveit_ros_robot_interaction/lib:/home/daniel-choate/ws_moveit/install/moveit_ros_perception/lib:/home/daniel-choate/ws_moveit/install/moveit_ros_move_group/lib:/home/daniel-choate/ws_moveit/install/moveit_planners_ompl/lib:/home/daniel-choate/ws_moveit/install/moveit_kinematics/lib:/home/daniel-choate/ws_moveit/install/moveit_ros_planning/lib:/home/daniel-choate/ws_moveit/install/moveit_ros_occupancy_map_monitor/lib:/home/daniel-choate/ws_moveit/install/moveit_resources_prbt_ikfast_manipulator_plugin/lib:/home/daniel-choate/ws_moveit/install/moveit_planners_stomp/lib:/home/daniel-choate/ws_moveit/install/moveit_planners_chomp/lib:/home/daniel-choate/ws_moveit/install/chomp_motion_planner/lib:/home/daniel-choate/ws_moveit/install/moveit_core/lib:/home/daniel-choate/ws_moveit/install/moveit_msgs/lib:/home/daniel-choate/ws_moveit/install/kortex_driver/lib:/opt/ros/kilted/opt/gz_sim_vendor/lib:/opt/ros/kilted/opt/gz_sensors_vendor/lib:/opt/ros/kilted/opt/gz_physics_vendor/lib:/opt/ros/kilted/opt/sdformat_vendor/lib:/opt/ros/kilted/opt/gz_gui_vendor/lib:/opt/ros/kilted/opt/gz_transport_vendor/lib:/opt/ros/kilted/opt/gz_rendering_vendor/lib:/opt/ros/kilted/opt/gz_plugin_vendor/lib:/opt/ros/kilted/opt/gz_fuel_tools_vendor/lib:/opt/ros/kilted/opt/gz_msgs_vendor/lib:/opt/ros/kilted/opt/gz_common_vendor/lib:/opt/ros/kilted/opt/gz_math_vendor/lib:/opt/ros/kilted/opt/gz_utils_vendor/lib:/opt/ros/kilted/opt/rviz_ogre_vendor/lib:/opt/ros/kilted/lib/x86_64-linux-gnu:/opt/ros/kilted/opt/gz_tools_vendor/lib:/opt/ros/kilted/opt/gz_ogre_next_vendor/lib:/opt/ros/kilted/opt/gz_dartsim_vendor/lib:/opt/ros/kilted/opt/gz_cmake_vendor/lib:/opt/ros/kilted/lib:/usr/local/lib PYTHONPATH=/home/daniel-choate/paml_ros2/build/mapping_planner/prefix_override:/usr/lib/python3/dist-packages/colcon_core/task/python/colcon_distutils_commands:/home/daniel-choate/paml_ros2/install/mapping_planner/lib/python3.12/site-packages:/home/daniel-choate/paml_ros2/install/mapping_interfaces/lib/python3.12/site-packages:/home/daniel-choate/paml_ros2/install/mapping_planner/lib/python3.12/site-packages:/home/daniel-choate/paml_ros2/install/mapping_executor/lib/python3.12/site-packages:/home/daniel-choate/ws_moveit/install/moveit_task_constructor_core/lib/python3.12/site-packages:/home/daniel-choate/ws_moveit/install/moveit_task_constructor_msgs/lib/python3.12/site-packages:/home/daniel-choate/ws_moveit/install/moveit_py/lib/python3.12/site-packages:/home/daniel-choate/ws_moveit/install/moveit_msgs/lib/python3.12/site-packages:/home/daniel-choate/ws_moveit/install/moveit_configs_utils/lib/python3.12/site-packages:/opt/ros/kilted/lib/python3.12/site-packages /usr/bin/python3 -W ignore:setup.py install is deprecated -W ignore:easy_install command is deprecated setup.py egg_info --egg-base ../../build/mapping_planner build --build-base /home/daniel-choate/paml_ros2/build/mapping_planner/build install --record /home/daniel-choate/paml_ros2/build/mapping_planner/install.log --single-version-externally-managed install_data
[2.033s] Level 1:colcon.colcon_core.environment:checking '/home/daniel-choate/paml_ros2/install/mapping_planner' for CMake config files
[2.034s] Level 1:colcon.colcon_core.environment:checking '/home/daniel-choate/paml_ros2/install/mapping_planner/lib'
[2.034s] Level 1:colcon.colcon_core.environment:checking '/home/daniel-choate/paml_ros2/install/mapping_planner/bin'
[2.034s] Level 1:colcon.colcon_core.environment:checking '/home/daniel-choate/paml_ros2/install/mapping_planner/lib/pkgconfig/mapping_planner.pc'
[2.034s] Level 1:colcon.colcon_core.environment:checking '/home/daniel-choate/paml_ros2/install/mapping_planner/lib/python3.12/site-packages'
[2.034s] Level 1:colcon.colcon_core.shell:create_environment_hook('mapping_planner', 'pythonpath')
[2.034s] INFO:colcon.colcon_core.shell:Creating environment hook '/home/daniel-choate/paml_ros2/install/mapping_planner/share/mapping_planner/hook/pythonpath.ps1'
[2.035s] INFO:colcon.colcon_core.shell:Creating environment descriptor '/home/daniel-choate/paml_ros2/install/mapping_planner/share/mapping_planner/hook/pythonpath.dsv'
[2.035s] INFO:colcon.colcon_core.shell:Creating environment hook '/home/daniel-choate/paml_ros2/install/mapping_planner/share/mapping_planner/hook/pythonpath.sh'
[2.035s] Level 1:colcon.colcon_core.environment:checking '/home/daniel-choate/paml_ros2/install/mapping_planner/bin'
[2.035s] Level 1:colcon.colcon_core.environment:create_environment_scripts_only(mapping_planner)
[2.036s] INFO:colcon.colcon_core.shell:Creating package script '/home/daniel-choate/paml_ros2/install/mapping_planner/share/mapping_planner/package.ps1'
[2.036s] INFO:colcon.colcon_core.shell:Creating package descriptor '/home/daniel-choate/paml_ros2/install/mapping_planner/share/mapping_planner/package.dsv'
[2.036s] INFO:colcon.colcon_core.shell:Creating package script '/home/daniel-choate/paml_ros2/install/mapping_planner/share/mapping_planner/package.sh'
[2.036s] INFO:colcon.colcon_core.shell:Creating package script '/home/daniel-choate/paml_ros2/install/mapping_planner/share/mapping_planner/package.bash'
[2.037s] INFO:colcon.colcon_core.shell:Creating package script '/home/daniel-choate/paml_ros2/install/mapping_planner/share/mapping_planner/package.zsh'
[2.037s] Level 1:colcon.colcon_core.environment:create_file_with_runtime_dependencies(/home/daniel-choate/paml_ros2/install/mapping_planner/share/colcon-core/packages/mapping_planner)
[2.068s] Level 1:colcon.colcon_core.environment:checking '/home/daniel-choate/paml_ros2/install/mapping_executor' for CMake module files
[2.068s] DEBUG:colcon.colcon_core.event_handler.log_command:Invoked command in '/home/daniel-choate/paml_ros2/src/mapping_executor' returned '0': CMAKE_PREFIX_PATH=/home/daniel-choate/paml_ros2/install/mapping_interfaces:/home/daniel-choate/paml_ros2/install/ur3_demo:/home/daniel-choate/ws_moveit/install/robotiq_hardware_tests:/home/daniel-choate/ws_moveit/install/robotiq_driver:/home/daniel-choate/ws_moveit/install/serial:/home/daniel-choate/ws_moveit/install/moveit2_tutorials:/home/daniel-choate/ws_moveit/install/moveit_visual_tools:/home/daniel-choate/ws_moveit/install/rviz_visual_tools:/home/daniel-choate/ws_moveit/install/moveit_task_constructor_demo:/home/daniel-choate/ws_moveit/install/moveit_task_constructor_visualization:/home/daniel-choate/ws_moveit/install/moveit_task_constructor_capabilities:/home/daniel-choate/ws_moveit/install/moveit_task_constructor_core:/home/daniel-choate/ws_moveit/install/rviz_marker_tools:/home/daniel-choate/ws_moveit/install/kortex_bringup:/home/daniel-choate/ws_moveit/install/kinova_gen3_lite_moveit_config:/home/daniel-choate/ws_moveit/install/kinova_gen3_7dof_robotiq_2f_85_moveit_config:/home/daniel-choate/ws_moveit/install/kinova_gen3_6dof_robotiq_2f_85_moveit_config:/home/daniel-choate/ws_moveit/install/kortex_description:/home/daniel-choate/ws_moveit/install/robotiq_description:/home/daniel-choate/ws_moveit/install/robotiq_controllers:/home/daniel-choate/ws_moveit/install/pilz_industrial_motion_planner_testutils:/home/daniel-choate/ws_moveit/install/moveit_runtime:/home/daniel-choate/ws_moveit/install/moveit:/home/daniel-choate/ws_moveit/install/moveit_planners:/home/daniel-choate/ws_moveit/install/pilz_industrial_motion_planner:/home/daniel-choate/ws_moveit/install/moveit_task_constructor_msgs:/home/daniel-choate/ws_moveit/install/moveit_ros_control_interface:/home/daniel-choate/ws_moveit/install/moveit_plugins:/home/daniel-choate/ws_moveit/install/moveit_simple_controller_manager:/home/daniel-choate/ws_moveit/install/moveit_setup_assistant:/home/daniel-choate/ws_moveit/install/moveit_setup_srdf_plugins:/home/daniel-choate/ws_moveit/install/moveit_setup_core_plugins:/home/daniel-choate/ws_moveit/install/moveit_setup_controllers:/home/daniel-choate/ws_moveit/install/moveit_setup_app_plugins:/home/daniel-choate/ws_moveit/install/moveit_setup_framework:/home/daniel-choate/ws_moveit/install/moveit_servo:/home/daniel-choate/ws_moveit/install/moveit_ros_trajectory_cache:/home/daniel-choate/ws_moveit/install/moveit_ros:/home/daniel-choate/ws_moveit/install/moveit_ros_visualization:/home/daniel-choate/ws_moveit/install/moveit_py:/home/daniel-choate/ws_moveit/install/moveit_hybrid_planning:/home/daniel-choate/ws_moveit/install/hello_moveit:/home/daniel-choate/ws_moveit/install/moveit_ros_planning_interface:/home/daniel-choate/ws_moveit/install/moveit_ros_benchmarks:/home/daniel-choate/ws_moveit/install/moveit_ros_warehouse:/home/daniel-choate/ws_moveit/install/moveit_ros_robot_interaction:/home/daniel-choate/ws_moveit/install/moveit_ros_perception:/home/daniel-choate/ws_moveit/install/moveit_resources_prbt_pg70_support:/home/daniel-choate/ws_moveit/install/moveit_resources_prbt_moveit_config:/home/daniel-choate/ws_moveit/install/moveit_ros_move_group:/home/daniel-choate/ws_moveit/install/moveit_planners_ompl:/home/daniel-choate/ws_moveit/install/moveit_kinematics:/home/daniel-choate/ws_moveit/install/moveit_ros_planning:/home/daniel-choate/ws_moveit/install/moveit_ros_occupancy_map_monitor:/home/daniel-choate/ws_moveit/install/moveit_resources_prbt_support:/home/daniel-choate/ws_moveit/install/moveit_resources_prbt_ikfast_manipulator_plugin:/home/daniel-choate/ws_moveit/install/moveit_resources:/home/daniel-choate/ws_moveit/install/moveit_resources_pr2_description:/home/daniel-choate/ws_moveit/install/moveit_resources_panda_moveit_config:/home/daniel-choate/ws_moveit/install/dual_arm_panda_moveit_config:/home/daniel-choate/ws_moveit/install/moveit_resources_panda_description:/home/daniel-choate/ws_moveit/install/moveit_resources_fanuc_moveit_config:/home/daniel-choate/ws_moveit/install/moveit_resources_fanuc_description:/home/daniel-choate/ws_moveit/install/moveit_planners_stomp:/home/daniel-choate/ws_moveit/install/moveit_planners_chomp:/home/daniel-choate/ws_moveit/install/chomp_motion_planner:/home/daniel-choate/ws_moveit/install/moveit_core:/home/daniel-choate/ws_moveit/install/moveit_msgs:/home/daniel-choate/ws_moveit/install/moveit_common:/home/daniel-choate/ws_moveit/install/kortex_driver:/home/daniel-choate/ws_moveit/install/kortex_api:/opt/ros/kilted/opt/gz_sim_vendor:/opt/ros/kilted/opt/gz_sensors_vendor:/opt/ros/kilted/opt/gz_physics_vendor:/opt/ros/kilted/opt/sdformat_vendor:/opt/ros/kilted/opt/gz_gui_vendor:/opt/ros/kilted/opt/gz_transport_vendor:/opt/ros/kilted/opt/gz_rendering_vendor:/opt/ros/kilted/opt/gz_plugin_vendor:/opt/ros/kilted/opt/gz_fuel_tools_vendor:/opt/ros/kilted/opt/gz_msgs_vendor:/opt/ros/kilted/opt/gz_common_vendor:/opt/ros/kilted/opt/gz_math_vendor:/opt/ros/kilted/opt/gz_utils_vendor:/opt/ros/kilted/opt/gz_tools_vendor:/opt/ros/kilted/opt/gz_ogre_next_vendor:/opt/ros/kilted/opt/gz_dartsim_vendor:/opt/ros/kilted/opt/gz_cmake_vendor DEBUGINFOD_URLS=https://debuginfod.ubuntu.com LD_LIBRARY_PATH=/home/daniel-choate/paml_ros2/install/mapping_interfaces/lib:/home/daniel-choate/ws_moveit/install/robotiq_driver/lib:/home/daniel-choate/ws_moveit/install/serial/lib:/home/daniel-choate/ws_moveit/install/moveit_visual_tools/lib:/home/daniel-choate/ws_moveit/install/rviz_visual_tools/lib:/home/daniel-choate/ws_moveit/install/moveit_task_constructor_demo/lib:/home/daniel-choate/ws_moveit/install/moveit_task_constructor_visualization/lib:/home/daniel-choate/ws_moveit/install/moveit_task_constructor_capabilities/lib:/home/daniel-choate/ws_moveit/install/moveit_task_constructor_core/lib:/home/daniel-choate/ws_moveit/install/rviz_marker_tools/lib:/home/daniel-choate/ws_moveit/install/robotiq_controllers/lib:/home/daniel-choate/ws_moveit/install/pilz_industrial_motion_planner_testutils/lib:/home/daniel-choate/ws_moveit/install/pilz_industrial_motion_planner/lib:/home/daniel-choate/ws_moveit/install/moveit_task_constructor_msgs/lib:/home/daniel-choate/ws_moveit/install/moveit_ros_control_interface/lib:/home/daniel-choate/ws_moveit/install/moveit_simple_controller_manager/lib:/home/daniel-choate/ws_moveit/install/moveit_setup_assistant/lib:/home/daniel-choate/ws_moveit/install/moveit_setup_srdf_plugins/lib:/home/daniel-choate/ws_moveit/install/moveit_setup_core_plugins/lib:/home/daniel-choate/ws_moveit/install/moveit_setup_controllers/lib:/home/daniel-choate/ws_moveit/install/moveit_setup_app_plugins/lib:/home/daniel-choate/ws_moveit/install/moveit_setup_framework/lib:/home/daniel-choate/ws_moveit/install/moveit_servo/lib:/home/daniel-choate/ws_moveit/install/moveit_ros_trajectory_cache/lib:/home/daniel-choate/ws_moveit/install/moveit_ros_visualization/lib:/home/daniel-choate/ws_moveit/install/moveit_py/lib:/home/daniel-choate/ws_moveit/install/moveit_hybrid_planning/lib:/home/daniel-choate/ws_moveit/install/moveit_ros_planning_interface/lib:/home/daniel-choate/ws_moveit/install/moveit_ros_benchmarks/lib:/home/daniel-choate/ws_moveit/install/moveit_ros_warehouse/lib:/home/daniel-choate/ws_moveit/install/moveit_ros_robot_interaction/lib:/home/daniel-choate/ws_moveit/install/moveit_ros_perception/lib:/home/daniel-choate/ws_moveit/install/moveit_ros_move_group/lib:/home/daniel-choate/ws_moveit/install/moveit_planners_ompl/lib:/home/daniel-choate/ws_moveit/install/moveit_kinematics/lib:/home/daniel-choate/ws_moveit/install/moveit_ros_planning/lib:/home/daniel-choate/ws_moveit/install/moveit_ros_occupancy_map_monitor/lib:/home/daniel-choate/ws_moveit/install/moveit_resources_prbt_ikfast_manipulator_plugin/lib:/home/daniel-choate/ws_moveit/install/moveit_planners_stomp/lib:/home/daniel-choate/ws_moveit/install/moveit_planners_chomp/lib:/home/daniel-choate/ws_moveit/install/chomp_motion_planner/lib:/home/daniel-choate/ws_moveit/install/moveit_core/lib:/home/daniel-choate/ws_moveit/install/moveit_msgs/lib:/home/daniel-choate/ws_moveit/install/kortex_driver/lib:/opt/ros/kilted/opt/gz_sim_vendor/lib:/opt/ros/kilted/opt/gz_sensors_vendor/lib:/opt/ros/kilted/opt/gz_physics_vendor/lib:/opt/ros/kilted/opt/sdformat_vendor/lib:/opt/ros/kilted/opt/gz_gui_vendor/lib:/opt/ros/kilted/opt/gz_transport_vendor/lib:/opt/ros/kilted/opt/gz_rendering_vendor/lib:/opt/ros/kilted/opt/gz_plugin_vendor/lib:/opt/ros/kilted/opt/gz_fuel_tools_vendor/lib:/opt/ros/kilted/opt/gz_msgs_vendor/lib:/opt/ros/kilted/opt/gz_common_vendor/lib:/opt/ros/kilted/opt/gz_math_vendor/lib:/opt/ros/kilted/opt/gz_utils_vendor/lib:/opt/ros/kilted/opt/rviz_ogre_vendor/lib:/opt/ros/kilted/lib/x86_64-linux-gnu:/opt/ros/kilted/opt/gz_tools_vendor/lib:/opt/ros/kilted/opt/gz_ogre_next_vendor/lib:/opt/ros/kilted/opt/gz_dartsim_vendor/lib:/opt/ros/kilted/opt/gz_cmake_vendor/lib:/opt/ros/kilted/lib:/usr/local/lib PYTHONPATH=/home/daniel-choate/paml_ros2/build/mapping_executor/prefix_override:/usr/lib/python3/dist-packages/colcon_core/task/python/colcon_distutils_commands:/home/daniel-choate/paml_ros2/install/mapping_executor/lib/python3.12/site-packages:/home/daniel-choate/paml_ros2/install/mapping_interfaces/lib/python3.12/site-packages:/home/daniel-choate/paml_ros2/install/mapping_planner/lib/python3.12/site-packages:/home/daniel-choate/paml_ros2/install/mapping_executor/lib/python3.12/site-packages:/home/daniel-choate/ws_moveit/install/moveit_task_constructor_core/lib/python3.12/site-packages:/home/daniel-choate/ws_moveit/install/moveit_task_constructor_msgs/lib/python3.12/site-packages:/home/daniel-choate/ws_moveit/install/moveit_py/lib/python3.12/site-packages:/home/daniel-choate/ws_moveit/install/moveit_msgs/lib/python3.12/site-packages:/home/daniel-choate/ws_moveit/install/moveit_configs_utils/lib/python3.12/site-packages:/opt/ros/kilted/lib/python3.12/site-packages /usr/bin/python3 -W ignore:setup.py install is deprecated -W ignore:easy_install command is deprecated setup.py egg_info --egg-base ../../build/mapping_executor build --build-base /home/daniel-choate/paml_ros2/build/mapping_executor/build install --record /home/daniel-choate/paml_ros2/build/mapping_executor/install.log --single-version-externally-managed install_data
[2.068s] Level 1:colcon.colcon_core.environment:checking '/home/daniel-choate/paml_ros2/install/mapping_executor' for CMake config files
[2.069s] Level 1:colcon.colcon_core.environment:checking '/home/daniel-choate/paml_ros2/install/mapping_executor/lib'
[2.069s] Level 1:colcon.colcon_core.environment:checking '/home/daniel-choate/paml_ros2/install/mapping_executor/bin'
[2.069s] Level 1:colcon.colcon_core.environment:checking '/home/daniel-choate/paml_ros2/install/mapping_executor/lib/pkgconfig/mapping_executor.pc'
[2.069s] Level 1:colcon.colcon_core.environment:checking '/home/daniel-choate/paml_ros2/install/mapping_executor/lib/python3.12/site-packages'
[2.069s] Level 1:colcon.colcon_core.shell:create_environment_hook('mapping_executor', 'pythonpath')
[2.069s] INFO:colcon.colcon_core.shell:Creating environment hook '/home/daniel-choate/paml_ros2/install/mapping_executor/share/mapping_executor/hook/pythonpath.ps1'
[2.070s] INFO:colcon.colcon_core.shell:Creating environment descriptor '/home/daniel-choate/paml_ros2/install/mapping_executor/share/mapping_executor/hook/pythonpath.dsv'
[2.070s] INFO:colcon.colcon_core.shell:Creating environment hook '/home/daniel-choate/paml_ros2/install/mapping_executor/share/mapping_executor/hook/pythonpath.sh'
[2.070s] Level 1:colcon.colcon_core.environment:checking '/home/daniel-choate/paml_ros2/install/mapping_executor/bin'
[2.070s] Level 1:colcon.colcon_core.environment:create_environment_scripts_only(mapping_executor)
[2.070s] INFO:colcon.colcon_core.shell:Creating package script '/home/daniel-choate/paml_ros2/install/mapping_executor/share/mapping_executor/package.ps1'
[2.071s] INFO:colcon.colcon_core.shell:Creating package descriptor '/home/daniel-choate/paml_ros2/install/mapping_executor/share/mapping_executor/package.dsv'
[2.071s] INFO:colcon.colcon_core.shell:Creating package script '/home/daniel-choate/paml_ros2/install/mapping_executor/share/mapping_executor/package.sh'
[2.071s] INFO:colcon.colcon_core.shell:Creating package script '/home/daniel-choate/paml_ros2/install/mapping_executor/share/mapping_executor/package.bash'
[2.072s] INFO:colcon.colcon_core.shell:Creating package script '/home/daniel-choate/paml_ros2/install/mapping_executor/share/mapping_executor/package.zsh'
[2.072s] Level 1:colcon.colcon_core.environment:create_file_with_runtime_dependencies(/home/daniel-choate/paml_ros2/install/mapping_executor/share/colcon-core/packages/mapping_executor)
[5.082s] DEBUG:colcon.colcon_core.event_handler.log_command:Invoked command in '/home/daniel-choate/paml_ros2/build/ur3_demo' returned '0': CMAKE_PREFIX_PATH=${CMAKE_PREFIX_PATH}:/home/daniel-choate/paml_ros2/install/mapping_planner:/home/daniel-choate/paml_ros2/install/mapping_executor:/home/daniel-choate/ws_moveit/install/moveit_configs_utils:/opt/ros/kilted DEBUGINFOD_URLS=https://debuginfod.ubuntu.com /usr/bin/cmake --build /home/daniel-choate/paml_ros2/build/ur3_demo -- -j20 -l20
[5.084s] DEBUG:colcon.colcon_core.event_handler.log_command:Invoking command in '/home/daniel-choate/paml_ros2/build/ur3_demo': CMAKE_PREFIX_PATH=${CMAKE_PREFIX_PATH}:/home/daniel-choate/paml_ros2/install/mapping_planner:/home/daniel-choate/paml_ros2/install/mapping_executor:/home/daniel-choate/ws_moveit/install/moveit_configs_utils:/opt/ros/kilted DEBUGINFOD_URLS=https://debuginfod.ubuntu.com /usr/bin/cmake --install /home/daniel-choate/paml_ros2/build/ur3_demo
[5.103s] Level 1:colcon.colcon_core.environment:create_environment_scripts_only(ur3_demo)
[5.103s] Level 1:colcon.colcon_core.environment:checking '/home/daniel-choate/paml_ros2/install/ur3_demo' for CMake module files
[5.104s] DEBUG:colcon.colcon_core.event_handler.log_command:Invoked command in '/home/daniel-choate/paml_ros2/build/ur3_demo' returned '0': CMAKE_PREFIX_PATH=${CMAKE_PREFIX_PATH}:/home/daniel-choate/paml_ros2/install/mapping_planner:/home/daniel-choate/paml_ros2/install/mapping_executor:/home/daniel-choate/ws_moveit/install/moveit_configs_utils:/opt/ros/kilted DEBUGINFOD_URLS=https://debuginfod.ubuntu.com /usr/bin/cmake --install /home/daniel-choate/paml_ros2/build/ur3_demo
[5.104s] Level 1:colcon.colcon_core.environment:checking '/home/daniel-choate/paml_ros2/install/ur3_demo' for CMake config files
[5.104s] Level 1:colcon.colcon_core.shell:create_environment_hook('ur3_demo', 'cmake_prefix_path')
[5.104s] INFO:colcon.colcon_core.shell:Creating environment hook '/home/daniel-choate/paml_ros2/install/ur3_demo/share/ur3_demo/hook/cmake_prefix_path.ps1'
[5.105s] INFO:colcon.colcon_core.shell:Creating environment descriptor '/home/daniel-choate/paml_ros2/install/ur3_demo/share/ur3_demo/hook/cmake_prefix_path.dsv'
[5.105s] INFO:colcon.colcon_core.shell:Creating environment hook '/home/daniel-choate/paml_ros2/install/ur3_demo/share/ur3_demo/hook/cmake_prefix_path.sh'
[5.106s] Level 1:colcon.colcon_core.environment:checking '/home/daniel-choate/paml_ros2/install/ur3_demo/lib'
[5.106s] Level 1:colcon.colcon_core.environment:checking '/home/daniel-choate/paml_ros2/install/ur3_demo/bin'
[5.106s] Level 1:colcon.colcon_core.environment:checking '/home/daniel-choate/paml_ros2/install/ur3_demo/lib/pkgconfig/ur3_demo.pc'
[5.106s] Level 1:colcon.colcon_core.environment:checking '/home/daniel-choate/paml_ros2/install/ur3_demo/lib/python3.12/site-packages'
[5.106s] Level 1:colcon.colcon_core.environment:checking '/home/daniel-choate/paml_ros2/install/ur3_demo/bin'
[5.107s] INFO:colcon.colcon_core.shell:Creating package script '/home/daniel-choate/paml_ros2/install/ur3_demo/share/ur3_demo/package.ps1'
[5.107s] INFO:colcon.colcon_core.shell:Creating package descriptor '/home/daniel-choate/paml_ros2/install/ur3_demo/share/ur3_demo/package.dsv'
[5.107s] INFO:colcon.colcon_core.shell:Creating package script '/home/daniel-choate/paml_ros2/install/ur3_demo/share/ur3_demo/package.sh'
[5.108s] INFO:colcon.colcon_core.shell:Creating package script '/home/daniel-choate/paml_ros2/install/ur3_demo/share/ur3_demo/package.bash'
[5.108s] INFO:colcon.colcon_core.shell:Creating package script '/home/daniel-choate/paml_ros2/install/ur3_demo/share/ur3_demo/package.zsh'
[5.108s] Level 1:colcon.colcon_core.environment:create_file_with_runtime_dependencies(/home/daniel-choate/paml_ros2/install/ur3_demo/share/colcon-core/packages/ur3_demo)
[5.108s] Level 1:colcon.colcon_core.environment:create_environment_scripts_only(ur3_demo)
[5.108s] Level 1:colcon.colcon_core.environment:checking '/home/daniel-choate/paml_ros2/install/ur3_demo' for CMake module files
[5.109s] Level 1:colcon.colcon_core.environment:checking '/home/daniel-choate/paml_ros2/install/ur3_demo' for CMake config files
[5.109s] Level 1:colcon.colcon_core.shell:create_environment_hook('ur3_demo', 'cmake_prefix_path')
[5.109s] INFO:colcon.colcon_core.shell:Creating environment hook '/home/daniel-choate/paml_ros2/install/ur3_demo/share/ur3_demo/hook/cmake_prefix_path.ps1'
[5.109s] INFO:colcon.colcon_core.shell:Creating environment descriptor '/home/daniel-choate/paml_ros2/install/ur3_demo/share/ur3_demo/hook/cmake_prefix_path.dsv'
[5.109s] INFO:colcon.colcon_core.shell:Creating environment hook '/home/daniel-choate/paml_ros2/install/ur3_demo/share/ur3_demo/hook/cmake_prefix_path.sh'
[5.110s] Level 1:colcon.colcon_core.environment:checking '/home/daniel-choate/paml_ros2/install/ur3_demo/lib'
[5.110s] Level 1:colcon.colcon_core.environment:checking '/home/daniel-choate/paml_ros2/install/ur3_demo/bin'
[5.110s] Level 1:colcon.colcon_core.environment:checking '/home/daniel-choate/paml_ros2/install/ur3_demo/lib/pkgconfig/ur3_demo.pc'
[5.110s] Level 1:colcon.colcon_core.environment:checking '/home/daniel-choate/paml_ros2/install/ur3_demo/lib/python3.12/site-packages'
[5.110s] Level 1:colcon.colcon_core.environment:checking '/home/daniel-choate/paml_ros2/install/ur3_demo/bin'
[5.110s] INFO:colcon.colcon_core.shell:Creating package script '/home/daniel-choate/paml_ros2/install/ur3_demo/share/ur3_demo/package.ps1'
[5.111s] INFO:colcon.colcon_core.shell:Creating package descriptor '/home/daniel-choate/paml_ros2/install/ur3_demo/share/ur3_demo/package.dsv'
[5.111s] INFO:colcon.colcon_core.shell:Creating package script '/home/daniel-choate/paml_ros2/install/ur3_demo/share/ur3_demo/package.sh'
[5.111s] INFO:colcon.colcon_core.shell:Creating package script '/home/daniel-choate/paml_ros2/install/ur3_demo/share/ur3_demo/package.bash'
[5.111s] INFO:colcon.colcon_core.shell:Creating package script '/home/daniel-choate/paml_ros2/install/ur3_demo/share/ur3_demo/package.zsh'
[5.112s] Level 1:colcon.colcon_core.environment:create_file_with_runtime_dependencies(/home/daniel-choate/paml_ros2/install/ur3_demo/share/colcon-core/packages/ur3_demo)
[5.112s] DEBUG:colcon.colcon_parallel_executor.executor.parallel:closing loop
[5.112s] DEBUG:colcon.colcon_parallel_executor.executor.parallel:loop closed
[5.112s] DEBUG:colcon.colcon_parallel_executor.executor.parallel:run_until_complete finished with '0'
[5.112s] DEBUG:colcon.colcon_core.event_reactor:joining thread
[5.116s] INFO:colcon.colcon_core.plugin_system:Skipping extension 'colcon_notification.desktop_notification.terminal_notifier': Not used on non-Darwin systems
[5.116s] INFO:colcon.colcon_core.plugin_system:Skipping extension 'colcon_notification.desktop_notification.win32': Not used on non-Windows systems
[5.116s] INFO:colcon.colcon_notification.desktop_notification:Sending desktop notification using 'notify2'
[5.130s] DEBUG:colcon.colcon_core.event_reactor:joined thread
[5.131s] INFO:colcon.colcon_core.shell:Creating prefix script '/home/daniel-choate/paml_ros2/install/local_setup.ps1'
[5.132s] INFO:colcon.colcon_core.shell:Creating prefix util module '/home/daniel-choate/paml_ros2/install/_local_setup_util_ps1.py'
[5.133s] INFO:colcon.colcon_core.shell:Creating prefix chain script '/home/daniel-choate/paml_ros2/install/setup.ps1'
[5.135s] INFO:colcon.colcon_core.shell:Creating prefix script '/home/daniel-choate/paml_ros2/install/local_setup.sh'
[5.136s] INFO:colcon.colcon_core.shell:Creating prefix util module '/home/daniel-choate/paml_ros2/install/_local_setup_util_sh.py'
[5.136s] INFO:colcon.colcon_core.shell:Creating prefix chain script '/home/daniel-choate/paml_ros2/install/setup.sh'
[5.138s] INFO:colcon.colcon_core.shell:Creating prefix script '/home/daniel-choate/paml_ros2/install/local_setup.bash'
[5.138s] INFO:colcon.colcon_core.shell:Creating prefix chain script '/home/daniel-choate/paml_ros2/install/setup.bash'
[5.140s] INFO:colcon.colcon_core.shell:Creating prefix script '/home/daniel-choate/paml_ros2/install/local_setup.zsh'
[5.140s] INFO:colcon.colcon_core.shell:Creating prefix chain script '/home/daniel-choate/paml_ros2/install/setup.zsh'
