[0.734s] Invoking command in '/home/daniel-choate/paml_ros2/src/turtle_nav': DEBUGINFOD_URLS=https://debuginfod.ubuntu.com PYTHONPATH=/home/daniel-choate/paml_ros2/build/turtle_nav/prefix_override:/usr/lib/python3/dist-packages/colcon_core/task/python/colcon_distutils_commands:/home/daniel-choate/paml_ros2/install/turtle_nav/lib/python3.12/site-packages:${PYTHONPATH} /usr/bin/python3 -W ignore:setup.py install is deprecated -W ignore:easy_install command is deprecated setup.py egg_info --egg-base ../../build/turtle_nav build --build-base /home/daniel-choate/paml_ros2/build/turtle_nav/build install --record /home/daniel-choate/paml_ros2/build/turtle_nav/install.log --single-version-externally-managed install_data
[0.970s] running egg_info
[0.988s] writing ../../build/turtle_nav/turtle_nav.egg-info/PKG-INFO
[0.988s] writing dependency_links to ../../build/turtle_nav/turtle_nav.egg-info/dependency_links.txt
[0.988s] writing entry points to ../../build/turtle_nav/turtle_nav.egg-info/entry_points.txt
[0.988s] writing requirements to ../../build/turtle_nav/turtle_nav.egg-info/requires.txt
[0.988s] writing top-level names to ../../build/turtle_nav/turtle_nav.egg-info/top_level.txt
[1.025s] reading manifest file '../../build/turtle_nav/turtle_nav.egg-info/SOURCES.txt'
[1.026s] adding license file 'LICENSE'
[1.026s] writing manifest file '../../build/turtle_nav/turtle_nav.egg-info/SOURCES.txt'
[1.026s] running build
[1.026s] running build_py
[1.026s] running install
[1.031s] running install_lib
[1.050s] running install_data
[1.050s] copying package.xml -> /home/daniel-choate/paml_ros2/install/turtle_nav/share/turtle_nav
[1.050s] running install_egg_info
[1.069s] removing '/home/daniel-choate/paml_ros2/install/turtle_nav/lib/python3.12/site-packages/turtle_nav-0.0.0-py3.12.egg-info' (and everything under it)
[1.070s] Copying ../../build/turtle_nav/turtle_nav.egg-info to /home/daniel-choate/paml_ros2/install/turtle_nav/lib/python3.12/site-packages/turtle_nav-0.0.0-py3.12.egg-info
[1.070s] running install_scripts
[1.192s] Installing turtle_nav script to /home/daniel-choate/paml_ros2/install/turtle_nav/lib/turtle_nav
[1.192s] writing list of installed files to '/home/daniel-choate/paml_ros2/build/turtle_nav/install.log'
[1.212s] Invoked command in '/home/daniel-choate/paml_ros2/src/turtle_nav' returned '0': DEBUGINFOD_URLS=https://debuginfod.ubuntu.com PYTHONPATH=/home/daniel-choate/paml_ros2/build/turtle_nav/prefix_override:/usr/lib/python3/dist-packages/colcon_core/task/python/colcon_distutils_commands:/home/daniel-choate/paml_ros2/install/turtle_nav/lib/python3.12/site-packages:${PYTHONPATH} /usr/bin/python3 -W ignore:setup.py install is deprecated -W ignore:easy_install command is deprecated setup.py egg_info --egg-base ../../build/turtle_nav build --build-base /home/daniel-choate/paml_ros2/build/turtle_nav/build install --record /home/daniel-choate/paml_ros2/build/turtle_nav/install.log --single-version-externally-managed install_data
