running egg_info
writing ../../build/rgbd_capture/rgbd_capture.egg-info/PKG-INFO
writing dependency_links to ../../build/rgbd_capture/rgbd_capture.egg-info/dependency_links.txt
writing entry points to ../../build/rgbd_capture/rgbd_capture.egg-info/entry_points.txt
writing requirements to ../../build/rgbd_capture/rgbd_capture.egg-info/requires.txt
writing top-level names to ../../build/rgbd_capture/rgbd_capture.egg-info/top_level.txt
reading manifest file '../../build/rgbd_capture/rgbd_capture.egg-info/SOURCES.txt'
adding license file 'LICENSE'
writing manifest file '../../build/rgbd_capture/rgbd_capture.egg-info/SOURCES.txt'
running build
running build_py
running install
running install_lib
running install_data
running install_egg_info
removing '/home/daniel-choate/paml_ros2/install/rgbd_capture/lib/python3.12/site-packages/rgbd_capture-0.0.0-py3.12.egg-info' (and everything under it)
Copying ../../build/rgbd_capture/rgbd_capture.egg-info to /home/daniel-choate/paml_ros2/install/rgbd_capture/lib/python3.12/site-packages/rgbd_capture-0.0.0-py3.12.egg-info
running install_scripts
Installing rgbd_capture_node script to /home/daniel-choate/paml_ros2/install/rgbd_capture/lib/rgbd_capture
Installing rgbd_capture_node_test script to /home/daniel-choate/paml_ros2/install/rgbd_capture/lib/rgbd_capture
writing list of installed files to '/home/daniel-choate/paml_ros2/build/rgbd_capture/install.log'
