[0.957s] Invoking command in '/home/daniel-choate/paml_ros2/build/ur3_custom_description': CMAKE_PREFIX_PATH=${CMAKE_PREFIX_PATH}:/home/daniel-choate/paml_ros2/install/ur3_movement:/home/daniel-choate/paml_ros2/install/rgbd_capture:/home/daniel-choate/paml_ros2/install/mapping_planner:/home/daniel-choate/paml_ros2/install/mapping_executor:/home/daniel-choate/paml_ros2/install/map_builder:/home/daniel-choate/paml_ros2/install/localization_bringup:/opt/ros/kilted DEBUGINFOD_URLS=https://debuginfod.ubuntu.com /usr/bin/cmake --build /home/daniel-choate/paml_ros2/build/ur3_custom_description -- -j20 -l20
[1.341s] Invoked command in '/home/daniel-choate/paml_ros2/build/ur3_custom_description' returned '0': CMAKE_PREFIX_PATH=${CMAKE_PREFIX_PATH}:/home/daniel-choate/paml_ros2/install/ur3_movement:/home/daniel-choate/paml_ros2/install/rgbd_capture:/home/daniel-choate/paml_ros2/install/mapping_planner:/home/daniel-choate/paml_ros2/install/mapping_executor:/home/daniel-choate/paml_ros2/install/map_builder:/home/daniel-choate/paml_ros2/install/localization_bringup:/opt/ros/kilted DEBUGINFOD_URLS=https://debuginfod.ubuntu.com /usr/bin/cmake --build /home/daniel-choate/paml_ros2/build/ur3_custom_description -- -j20 -l20
[1.343s] Invoking command in '/home/daniel-choate/paml_ros2/build/ur3_custom_description': CMAKE_PREFIX_PATH=${CMAKE_PREFIX_PATH}:/home/daniel-choate/paml_ros2/install/ur3_movement:/home/daniel-choate/paml_ros2/install/rgbd_capture:/home/daniel-choate/paml_ros2/install/mapping_planner:/home/daniel-choate/paml_ros2/install/mapping_executor:/home/daniel-choate/paml_ros2/install/map_builder:/home/daniel-choate/paml_ros2/install/localization_bringup:/opt/ros/kilted DEBUGINFOD_URLS=https://debuginfod.ubuntu.com /usr/bin/cmake --install /home/daniel-choate/paml_ros2/build/ur3_custom_description
[1.346s] -- Install configuration: ""
[1.347s] -- Up-to-date: /home/daniel-choate/paml_ros2/install/ur3_custom_description/share/ur3_custom_description/urdf
[1.347s] -- Installing: /home/daniel-choate/paml_ros2/install/ur3_custom_description/share/ur3_custom_description/urdf/ur3_with_camera.xacro
[1.347s] -- Up-to-date: /home/daniel-choate/paml_ros2/install/ur3_custom_description/share/ament_index/resource_index/package_run_dependencies/ur3_custom_description
[1.347s] -- Up-to-date: /home/daniel-choate/paml_ros2/install/ur3_custom_description/share/ament_index/resource_index/parent_prefix_path/ur3_custom_description
[1.347s] -- Up-to-date: /home/daniel-choate/paml_ros2/install/ur3_custom_description/share/ur3_custom_description/environment/ament_prefix_path.sh
[1.347s] -- Up-to-date: /home/daniel-choate/paml_ros2/install/ur3_custom_description/share/ur3_custom_description/environment/ament_prefix_path.dsv
[1.347s] -- Up-to-date: /home/daniel-choate/paml_ros2/install/ur3_custom_description/share/ur3_custom_description/environment/path.sh
[1.347s] -- Up-to-date: /home/daniel-choate/paml_ros2/install/ur3_custom_description/share/ur3_custom_description/environment/path.dsv
[1.348s] -- Up-to-date: /home/daniel-choate/paml_ros2/install/ur3_custom_description/share/ur3_custom_description/local_setup.bash
[1.348s] -- Up-to-date: /home/daniel-choate/paml_ros2/install/ur3_custom_description/share/ur3_custom_description/local_setup.sh
[1.348s] -- Up-to-date: /home/daniel-choate/paml_ros2/install/ur3_custom_description/share/ur3_custom_description/local_setup.zsh
[1.348s] -- Up-to-date: /home/daniel-choate/paml_ros2/install/ur3_custom_description/share/ur3_custom_description/local_setup.dsv
[1.348s] -- Installing: /home/daniel-choate/paml_ros2/install/ur3_custom_description/share/ur3_custom_description/package.dsv
[1.348s] -- Up-to-date: /home/daniel-choate/paml_ros2/install/ur3_custom_description/share/ament_index/resource_index/packages/ur3_custom_description
[1.348s] -- Up-to-date: /home/daniel-choate/paml_ros2/install/ur3_custom_description/share/ur3_custom_description/cmake/ur3_custom_descriptionConfig.cmake
[1.348s] -- Up-to-date: /home/daniel-choate/paml_ros2/install/ur3_custom_description/share/ur3_custom_description/cmake/ur3_custom_descriptionConfig-version.cmake
[1.348s] -- Up-to-date: /home/daniel-choate/paml_ros2/install/ur3_custom_description/share/ur3_custom_description/package.xml
[1.416s] Invoked command in '/home/daniel-choate/paml_ros2/build/ur3_custom_description' returned '0': CMAKE_PREFIX_PATH=${CMAKE_PREFIX_PATH}:/home/daniel-choate/paml_ros2/install/ur3_movement:/home/daniel-choate/paml_ros2/install/rgbd_capture:/home/daniel-choate/paml_ros2/install/mapping_planner:/home/daniel-choate/paml_ros2/install/mapping_executor:/home/daniel-choate/paml_ros2/install/map_builder:/home/daniel-choate/paml_ros2/install/localization_bringup:/opt/ros/kilted DEBUGINFOD_URLS=https://debuginfod.ubuntu.com /usr/bin/cmake --install /home/daniel-choate/paml_ros2/build/ur3_custom_description
