[3.240s] Invoking command in '/home/daniel-choate/paml_ros2/src/map_builder': DEBUGINFOD_URLS=https://debuginfod.ubuntu.com PYTHONPATH=/home/daniel-choate/paml_ros2/build/map_builder/prefix_override:/usr/lib/python3/dist-packages/colcon_core/task/python/colcon_distutils_commands:/home/daniel-choate/paml_ros2/install/map_builder/lib/python3.12/site-packages:${PYTHONPATH} /usr/bin/python3 -W ignore:setup.py install is deprecated -W ignore:easy_install command is deprecated setup.py egg_info --egg-base ../../build/map_builder build --build-base /home/daniel-choate/paml_ros2/build/map_builder/build install --record /home/daniel-choate/paml_ros2/build/map_builder/install.log --single-version-externally-managed install_data
[3.752s] running egg_info
[3.785s] writing ../../build/map_builder/map_builder.egg-info/PKG-INFO
[3.785s] writing dependency_links to ../../build/map_builder/map_builder.egg-info/dependency_links.txt
[3.785s] writing entry points to ../../build/map_builder/map_builder.egg-info/entry_points.txt
[3.786s] writing requirements to ../../build/map_builder/map_builder.egg-info/requires.txt
[3.786s] writing top-level names to ../../build/map_builder/map_builder.egg-info/top_level.txt
[3.863s] reading manifest file '../../build/map_builder/map_builder.egg-info/SOURCES.txt'
[3.863s] adding license file 'LICENSE'
[3.864s] writing manifest file '../../build/map_builder/map_builder.egg-info/SOURCES.txt'
[3.864s] running build
[3.864s] running build_py
[3.865s] running install
[3.873s] running install_lib
[3.925s] running install_data
[3.925s] running install_egg_info
[3.982s] removing '/home/daniel-choate/paml_ros2/install/map_builder/lib/python3.12/site-packages/map_builder-0.0.0-py3.12.egg-info' (and everything under it)
[3.982s] Copying ../../build/map_builder/map_builder.egg-info to /home/daniel-choate/paml_ros2/install/map_builder/lib/python3.12/site-packages/map_builder-0.0.0-py3.12.egg-info
[3.984s] running install_scripts
[4.289s] Installing map_builder_live script to /home/daniel-choate/paml_ros2/install/map_builder/lib/map_builder
[4.289s] Installing map_builder_node script to /home/daniel-choate/paml_ros2/install/map_builder/lib/map_builder
[4.289s] writing list of installed files to '/home/daniel-choate/paml_ros2/build/map_builder/install.log'
[4.325s] Invoked command in '/home/daniel-choate/paml_ros2/src/map_builder' returned '0': DEBUGINFOD_URLS=https://debuginfod.ubuntu.com PYTHONPATH=/home/daniel-choate/paml_ros2/build/map_builder/prefix_override:/usr/lib/python3/dist-packages/colcon_core/task/python/colcon_distutils_commands:/home/daniel-choate/paml_ros2/install/map_builder/lib/python3.12/site-packages:${PYTHONPATH} /usr/bin/python3 -W ignore:setup.py install is deprecated -W ignore:easy_install command is deprecated setup.py egg_info --egg-base ../../build/map_builder build --build-base /home/daniel-choate/paml_ros2/build/map_builder/build install --record /home/daniel-choate/paml_ros2/build/map_builder/install.log --single-version-externally-managed install_data
