[1.372s] Invoking command in '/home/daniel-choate/paml_ros2/src/rgbd_capture': DEBUGINFOD_URLS=https://debuginfod.ubuntu.com PYTHONPATH=/home/daniel-choate/paml_ros2/build/rgbd_capture/prefix_override:/usr/lib/python3/dist-packages/colcon_core/task/python/colcon_distutils_commands:/home/daniel-choate/paml_ros2/install/rgbd_capture/lib/python3.12/site-packages:${PYTHONPATH} /usr/bin/python3 -W ignore:setup.py install is deprecated -W ignore:easy_install command is deprecated setup.py egg_info --egg-base ../../build/rgbd_capture build --build-base /home/daniel-choate/paml_ros2/build/rgbd_capture/build install --record /home/daniel-choate/paml_ros2/build/rgbd_capture/install.log --single-version-externally-managed install_data
[1.621s] running egg_info
[1.640s] writing ../../build/rgbd_capture/rgbd_capture.egg-info/PKG-INFO
[1.640s] writing dependency_links to ../../build/rgbd_capture/rgbd_capture.egg-info/dependency_links.txt
[1.641s] writing entry points to ../../build/rgbd_capture/rgbd_capture.egg-info/entry_points.txt
[1.641s] writing requirements to ../../build/rgbd_capture/rgbd_capture.egg-info/requires.txt
[1.641s] writing top-level names to ../../build/rgbd_capture/rgbd_capture.egg-info/top_level.txt
[1.681s] reading manifest file '../../build/rgbd_capture/rgbd_capture.egg-info/SOURCES.txt'
[1.681s] adding license file 'LICENSE'
[1.682s] writing manifest file '../../build/rgbd_capture/rgbd_capture.egg-info/SOURCES.txt'
[1.682s] running build
[1.682s] running build_py
[1.682s] copying rgbd_capture/capture_node.py -> /home/daniel-choate/paml_ros2/build/rgbd_capture/build/lib/rgbd_capture
[1.682s] running install
[1.687s] running install_lib
[1.707s] copying /home/daniel-choate/paml_ros2/build/rgbd_capture/build/lib/rgbd_capture/capture_node.py -> /home/daniel-choate/paml_ros2/install/rgbd_capture/lib/python3.12/site-packages/rgbd_capture
[1.707s] byte-compiling /home/daniel-choate/paml_ros2/install/rgbd_capture/lib/python3.12/site-packages/rgbd_capture/capture_node.py to capture_node.cpython-312.pyc
[1.708s] running install_data
[1.708s] copying package.xml -> /home/daniel-choate/paml_ros2/install/rgbd_capture/share/rgbd_capture
[1.708s] running install_egg_info
[1.729s] removing '/home/daniel-choate/paml_ros2/install/rgbd_capture/lib/python3.12/site-packages/rgbd_capture-0.0.0-py3.12.egg-info' (and everything under it)
[1.730s] Copying ../../build/rgbd_capture/rgbd_capture.egg-info to /home/daniel-choate/paml_ros2/install/rgbd_capture/lib/python3.12/site-packages/rgbd_capture-0.0.0-py3.12.egg-info
[1.730s] running install_scripts
[1.852s] Installing rgbd_capture_node script to /home/daniel-choate/paml_ros2/install/rgbd_capture/lib/rgbd_capture
[1.853s] Installing rgbd_capture_node_test script to /home/daniel-choate/paml_ros2/install/rgbd_capture/lib/rgbd_capture
[1.853s] writing list of installed files to '/home/daniel-choate/paml_ros2/build/rgbd_capture/install.log'
[2.085s] Invoked command in '/home/daniel-choate/paml_ros2/src/rgbd_capture' returned '0': DEBUGINFOD_URLS=https://debuginfod.ubuntu.com PYTHONPATH=/home/daniel-choate/paml_ros2/build/rgbd_capture/prefix_override:/usr/lib/python3/dist-packages/colcon_core/task/python/colcon_distutils_commands:/home/daniel-choate/paml_ros2/install/rgbd_capture/lib/python3.12/site-packages:${PYTHONPATH} /usr/bin/python3 -W ignore:setup.py install is deprecated -W ignore:easy_install command is deprecated setup.py egg_info --egg-base ../../build/rgbd_capture build --build-base /home/daniel-choate/paml_ros2/build/rgbd_capture/build install --record /home/daniel-choate/paml_ros2/build/rgbd_capture/install.log --single-version-externally-managed install_data
