running egg_info
writing ../../build/mapping_planner/mapping_planner.egg-info/PKG-INFO
writing dependency_links to ../../build/mapping_planner/mapping_planner.egg-info/dependency_links.txt
writing entry points to ../../build/mapping_planner/mapping_planner.egg-info/entry_points.txt
writing requirements to ../../build/mapping_planner/mapping_planner.egg-info/requires.txt
writing top-level names to ../../build/mapping_planner/mapping_planner.egg-info/top_level.txt
reading manifest file '../../build/mapping_planner/mapping_planner.egg-info/SOURCES.txt'
adding license file 'LICENSE'
writing manifest file '../../build/mapping_planner/mapping_planner.egg-info/SOURCES.txt'
running build
running build_py
running install
running install_lib
running install_data
running install_egg_info
removing '/home/daniel-choate/paml_ros2/install/mapping_planner/lib/python3.12/site-packages/mapping_planner-0.0.0-py3.12.egg-info' (and everything under it)
Copying ../../build/mapping_planner/mapping_planner.egg-info to /home/daniel-choate/paml_ros2/install/mapping_planner/lib/python3.12/site-packages/mapping_planner-0.0.0-py3.12.egg-info
running install_scripts
Installing mapping_planner script to /home/daniel-choate/paml_ros2/install/mapping_planner/lib/mapping_planner
writing list of installed files to '/home/daniel-choate/paml_ros2/build/mapping_planner/install.log'
