[0.075s] Invoking command in '/home/daniel-choate/paml_ros2/build/mapping_interfaces': CMAKE_PREFIX_PATH=${CMAKE_PREFIX_PATH}:/home/daniel-choate/paml_ros2/install/ur3_movement:/home/daniel-choate/paml_ros2/install/rgbd_capture:/home/daniel-choate/paml_ros2/install/mapping_planner:/home/daniel-choate/paml_ros2/install/mapping_executor:/home/daniel-choate/paml_ros2/install/mapping_bringup:/home/daniel-choate/paml_ros2/install/map_builder:/home/daniel-choate/paml_ros2/install/localization_bringup:/opt/ros/kilted DEBUGINFOD_URLS=https://debuginfod.ubuntu.com /usr/bin/cmake --build /home/daniel-choate/paml_ros2/build/mapping_interfaces -- -j20 -l20
[1.413s] -- Found ament_cmake: 2.7.5 (/opt/ros/kilted/share/ament_cmake/cmake)
[1.413s] -- Found std_msgs: 5.5.2 (/opt/ros/kilted/share/std_msgs/cmake)
[1.413s] -- Found rosidl_generator_c: 4.9.6 (/opt/ros/kilted/share/rosidl_generator_c/cmake)
[1.413s] -- Found rosidl_generator_cpp: 4.9.6 (/opt/ros/kilted/share/rosidl_generator_cpp/cmake)
[1.413s] -- Using all available rosidl_typesupport_c: rosidl_typesupport_fastrtps_c;rosidl_typesupport_introspection_c
[1.413s] -- Using all available rosidl_typesupport_cpp: rosidl_typesupport_fastrtps_cpp;rosidl_typesupport_introspection_cpp
[1.413s] -- Found geometry_msgs: 5.5.2 (/opt/ros/kilted/share/geometry_msgs/cmake)
[1.413s] -- Found rosidl_default_generators: 1.7.2 (/opt/ros/kilted/share/rosidl_default_generators/cmake)
[1.413s] -- Found rosidl_adapter: 4.9.6 (/opt/ros/kilted/share/rosidl_adapter/cmake)
[1.413s] -- Found sensor_msgs: 5.5.2 (/opt/ros/kilted/share/sensor_msgs/cmake)
[1.413s] -- Found ament_cmake_ros_core: 0.14.7 (/opt/ros/kilted/share/ament_cmake_ros_core/cmake)
[1.442s] -- Using all available rosidl_typesupport_c: rosidl_typesupport_fastrtps_c;rosidl_typesupport_introspection_c
[1.640s] -- Using all available rosidl_typesupport_cpp: rosidl_typesupport_fastrtps_cpp;rosidl_typesupport_introspection_cpp
[1.999s] -- Found Python3: /usr/bin/python3 (found version "3.12.3") found components: Interpreter Development NumPy Development.Module Development.Embed 
[2.143s] -- Found Python3: /usr/bin/python3 (found version "3.12.3") found components: Interpreter 
[2.145s] -- Found ament_lint_auto: 0.19.2 (/opt/ros/kilted/share/ament_lint_auto/cmake)
[2.190s] -- Added test 'cppcheck' to perform static code analysis on C / C++ code
[2.191s] -- Configured cppcheck include dirs: 
[2.191s] -- Configured cppcheck exclude dirs and/or files: 
[2.195s] -- Added test 'flake8' to check Python code syntax and style conventions
[2.196s] -- Configured 'flake8' exclude dirs and/or files: 
[2.204s] -- Added test 'lint_cmake' to check CMake code style
[2.208s] -- Added test 'pep257' to check Python code against some of the docstring style conventions in PEP 257
[2.239s] -- Added test 'uncrustify' to check C / C++ code style
[2.239s] -- Configured uncrustify additional arguments: 
[2.243s] -- Added test 'xmllint' to check XML markup files
[2.246s] -- Configuring done (2.1s)
[2.322s] -- Generating done (0.1s)
[2.339s] -- Build files have been written to: /home/daniel-choate/paml_ros2/build/mapping_interfaces
[2.410s] [  1%] [34m[1mGenerating type hashes for ROS interfaces[0m
[2.411s] [  2%] [34m[1mGenerating Rust code for ROS interfaces[0m
[2.435s] [  2%] Built target ament_cmake_python_copy_mapping_interfaces
[2.784s] [  2%] Built target mapping_interfaces__rs
[2.786s] running egg_info
[2.824s] writing mapping_interfaces.egg-info/PKG-INFO
[2.824s] writing dependency_links to mapping_interfaces.egg-info/dependency_links.txt
[2.824s] writing top-level names to mapping_interfaces.egg-info/top_level.txt
[2.865s] [  2%] Built target mapping_interfaces__rosidl_generator_type_description
[2.892s] [  4%] [34m[1mGenerating C code for ROS interfaces[0m
[2.919s] [  5%] [34m[1mGenerating C++ code for ROS interfaces[0m
[2.924s] reading manifest file 'mapping_interfaces.egg-info/SOURCES.txt'
[2.925s] writing manifest file 'mapping_interfaces.egg-info/SOURCES.txt'
[2.970s] [  5%] Built target ament_cmake_python_build_mapping_interfaces_egg
[3.635s] [  5%] Built target mapping_interfaces__cpp
[3.974s] [  6%] [32mBuilding C object CMakeFiles/mapping_interfaces__rosidl_generator_c.dir/rosidl_generator_c/mapping_interfaces/srv/detail/execute_mapping_plan__functions.c.o[0m
[3.974s] [  8%] [32mBuilding C object CMakeFiles/mapping_interfaces__rosidl_generator_c.dir/rosidl_generator_c/mapping_interfaces/srv/detail/generate_mapping_plan__description.c.o[0m
[3.974s] [ 10%] [32mBuilding C object CMakeFiles/mapping_interfaces__rosidl_generator_c.dir/rosidl_generator_c/mapping_interfaces/srv/detail/execute_mapping_plan__type_support.c.o[0m
[3.974s] [ 10%] [32mBuilding C object CMakeFiles/mapping_interfaces__rosidl_generator_c.dir/rosidl_generator_c/mapping_interfaces/srv/detail/generate_mapping_plan__functions.c.o[0m
[3.975s] [ 12%] [32mBuilding C object CMakeFiles/mapping_interfaces__rosidl_generator_c.dir/rosidl_generator_c/mapping_interfaces/srv/detail/generate_mapping_plan__type_support.c.o[0m
[3.975s] [ 13%] [32mBuilding C object CMakeFiles/mapping_interfaces__rosidl_generator_c.dir/rosidl_generator_c/mapping_interfaces/srv/detail/execute_mapping_plan__description.c.o[0m
[3.976s] [ 14%] [32mBuilding C object CMakeFiles/mapping_interfaces__rosidl_generator_c.dir/rosidl_generator_c/mapping_interfaces/srv/detail/integrate_frame__description.c.o[0m
[3.976s] [ 18%] [32mBuilding C object CMakeFiles/mapping_interfaces__rosidl_generator_c.dir/rosidl_generator_c/mapping_interfaces/srv/detail/capture_frame__functions.c.o[0m
[3.976s] [ 18%] [32mBuilding C object CMakeFiles/mapping_interfaces__rosidl_generator_c.dir/rosidl_generator_c/mapping_interfaces/srv/detail/capture_frame__description.c.o[0m
[3.976s] [ 18%] [32mBuilding C object CMakeFiles/mapping_interfaces__rosidl_generator_c.dir/rosidl_generator_c/mapping_interfaces/srv/detail/capture_frame__type_support.c.o[0m
[3.980s] [ 21%] [32mBuilding C object CMakeFiles/mapping_interfaces__rosidl_generator_c.dir/rosidl_generator_c/mapping_interfaces/srv/detail/integrate_frame__type_support.c.o[0m
[3.980s] [ 21%] [32mBuilding C object CMakeFiles/mapping_interfaces__rosidl_generator_c.dir/rosidl_generator_c/mapping_interfaces/srv/detail/integrate_frame__functions.c.o[0m
[3.981s] [ 22%] [32mBuilding C object CMakeFiles/mapping_interfaces__rosidl_generator_c.dir/rosidl_generator_c/mapping_interfaces/srv/detail/reset_map__description.c.o[0m
[3.982s] [ 24%] [32mBuilding C object CMakeFiles/mapping_interfaces__rosidl_generator_c.dir/rosidl_generator_c/mapping_interfaces/srv/detail/reset_map__functions.c.o[0m
[3.982s] [ 25%] [32mBuilding C object CMakeFiles/mapping_interfaces__rosidl_generator_c.dir/rosidl_generator_c/mapping_interfaces/srv/detail/reset_map__type_support.c.o[0m
[4.167s] [ 26%] [32m[1mLinking C shared library libmapping_interfaces__rosidl_generator_c.so[0m
[4.239s] [ 26%] Built target mapping_interfaces__rosidl_generator_c
[4.258s] [ 28%] [34m[1mGenerating C type support dispatch for ROS interfaces[0m
[4.259s] [ 30%] [34m[1mGenerating C++ introspection for ROS interfaces[0m
[4.259s] [ 30%] [34m[1mGenerating C++ type support for eProsima Fast-RTPS[0m
[4.260s] [ 32%] [34m[1mGenerating C introspection for ROS interfaces[0m
[4.262s] [ 33%] [34m[1mGenerating C type support for eProsima Fast-RTPS[0m
[4.263s] [ 34%] [34m[1mGenerating C++ type support dispatch for ROS interfaces[0m
[4.756s] [ 36%] [32mBuilding CXX object CMakeFiles/mapping_interfaces__rosidl_typesupport_c.dir/rosidl_typesupport_c/mapping_interfaces/srv/execute_mapping_plan__type_support.cpp.o[0m
[4.757s] [ 37%] [32mBuilding CXX object CMakeFiles/mapping_interfaces__rosidl_typesupport_c.dir/rosidl_typesupport_c/mapping_interfaces/srv/integrate_frame__type_support.cpp.o[0m
[4.758s] [ 38%] [32mBuilding CXX object CMakeFiles/mapping_interfaces__rosidl_typesupport_cpp.dir/rosidl_typesupport_cpp/mapping_interfaces/srv/execute_mapping_plan__type_support.cpp.o[0m
[4.758s] [ 40%] [32mBuilding CXX object CMakeFiles/mapping_interfaces__rosidl_typesupport_c.dir/rosidl_typesupport_c/mapping_interfaces/srv/generate_mapping_plan__type_support.cpp.o[0m
[4.760s] [ 41%] [32mBuilding CXX object CMakeFiles/mapping_interfaces__rosidl_typesupport_cpp.dir/rosidl_typesupport_cpp/mapping_interfaces/srv/generate_mapping_plan__type_support.cpp.o[0m
[4.760s] [ 42%] [32mBuilding CXX object CMakeFiles/mapping_interfaces__rosidl_typesupport_c.dir/rosidl_typesupport_c/mapping_interfaces/srv/reset_map__type_support.cpp.o[0m
[4.760s] [ 44%] [32mBuilding CXX object CMakeFiles/mapping_interfaces__rosidl_typesupport_cpp.dir/rosidl_typesupport_cpp/mapping_interfaces/srv/capture_frame__type_support.cpp.o[0m
[4.761s] [ 45%] [32mBuilding CXX object CMakeFiles/mapping_interfaces__rosidl_typesupport_cpp.dir/rosidl_typesupport_cpp/mapping_interfaces/srv/integrate_frame__type_support.cpp.o[0m
[4.762s] [ 46%] [32mBuilding CXX object CMakeFiles/mapping_interfaces__rosidl_typesupport_cpp.dir/rosidl_typesupport_cpp/mapping_interfaces/srv/reset_map__type_support.cpp.o[0m
[4.764s] [ 48%] [32mBuilding CXX object CMakeFiles/mapping_interfaces__rosidl_typesupport_c.dir/rosidl_typesupport_c/mapping_interfaces/srv/capture_frame__type_support.cpp.o[0m
[4.864s] [ 49%] [32m[1mLinking CXX shared library libmapping_interfaces__rosidl_typesupport_c.so[0m
[4.902s] [ 50%] [32mBuilding CXX object CMakeFiles/mapping_interfaces__rosidl_typesupport_introspection_cpp.dir/rosidl_typesupport_introspection_cpp/mapping_interfaces/srv/detail/generate_mapping_plan__type_support.cpp.o[0m
[4.903s] [ 52%] [32mBuilding CXX object CMakeFiles/mapping_interfaces__rosidl_typesupport_introspection_cpp.dir/rosidl_typesupport_introspection_cpp/mapping_interfaces/srv/detail/integrate_frame__type_support.cpp.o[0m
[4.903s] [ 53%] [32mBuilding CXX object CMakeFiles/mapping_interfaces__rosidl_typesupport_introspection_cpp.dir/rosidl_typesupport_introspection_cpp/mapping_interfaces/srv/detail/reset_map__type_support.cpp.o[0m
[4.908s] [ 54%] [32mBuilding CXX object CMakeFiles/mapping_interfaces__rosidl_typesupport_introspection_cpp.dir/rosidl_typesupport_introspection_cpp/mapping_interfaces/srv/detail/capture_frame__type_support.cpp.o[0m
[4.909s] [ 56%] [32mBuilding CXX object CMakeFiles/mapping_interfaces__rosidl_typesupport_introspection_cpp.dir/rosidl_typesupport_introspection_cpp/mapping_interfaces/srv/detail/execute_mapping_plan__type_support.cpp.o[0m
[4.944s] [ 56%] Built target mapping_interfaces__rosidl_typesupport_c
[5.087s] [ 58%] [32mBuilding CXX object CMakeFiles/mapping_interfaces__rosidl_typesupport_fastrtps_cpp.dir/rosidl_typesupport_fastrtps_cpp/mapping_interfaces/srv/detail/dds_fastrtps/integrate_frame__type_support.cpp.o[0m
[5.087s] [ 58%] [32mBuilding CXX object CMakeFiles/mapping_interfaces__rosidl_typesupport_fastrtps_cpp.dir/rosidl_typesupport_fastrtps_cpp/mapping_interfaces/srv/detail/dds_fastrtps/capture_frame__type_support.cpp.o[0m
[5.087s] [ 60%] [32mBuilding CXX object CMakeFiles/mapping_interfaces__rosidl_typesupport_fastrtps_cpp.dir/rosidl_typesupport_fastrtps_cpp/mapping_interfaces/srv/detail/dds_fastrtps/generate_mapping_plan__type_support.cpp.o[0m
[5.087s] [ 61%] [32mBuilding CXX object CMakeFiles/mapping_interfaces__rosidl_typesupport_fastrtps_cpp.dir/rosidl_typesupport_fastrtps_cpp/mapping_interfaces/srv/detail/dds_fastrtps/reset_map__type_support.cpp.o[0m
[5.089s] [ 62%] [32mBuilding CXX object CMakeFiles/mapping_interfaces__rosidl_typesupport_fastrtps_cpp.dir/rosidl_typesupport_fastrtps_cpp/mapping_interfaces/srv/detail/dds_fastrtps/execute_mapping_plan__type_support.cpp.o[0m
[5.194s] [ 65%] [32mBuilding CXX object CMakeFiles/mapping_interfaces__rosidl_typesupport_fastrtps_c.dir/rosidl_typesupport_fastrtps_c/mapping_interfaces/srv/detail/generate_mapping_plan__type_support_c.cpp.o[0m
[5.194s] [ 66%] [32mBuilding CXX object CMakeFiles/mapping_interfaces__rosidl_typesupport_fastrtps_c.dir/rosidl_typesupport_fastrtps_c/mapping_interfaces/srv/detail/capture_frame__type_support_c.cpp.o[0m
[5.194s] [ 66%] [32mBuilding CXX object CMakeFiles/mapping_interfaces__rosidl_typesupport_fastrtps_c.dir/rosidl_typesupport_fastrtps_c/mapping_interfaces/srv/detail/integrate_frame__type_support_c.cpp.o[0m
[5.195s] [ 68%] [32mBuilding CXX object CMakeFiles/mapping_interfaces__rosidl_typesupport_fastrtps_c.dir/rosidl_typesupport_fastrtps_c/mapping_interfaces/srv/detail/execute_mapping_plan__type_support_c.cpp.o[0m
[5.410s] [ 69%] [32mBuilding C object CMakeFiles/mapping_interfaces__rosidl_typesupport_introspection_c.dir/rosidl_typesupport_introspection_c/mapping_interfaces/srv/detail/generate_mapping_plan__type_support.c.o[0m
[5.452s] [ 70%] [32mBuilding C object CMakeFiles/mapping_interfaces__rosidl_typesupport_introspection_c.dir/rosidl_typesupport_introspection_c/mapping_interfaces/srv/detail/execute_mapping_plan__type_support.c.o[0m
[5.459s] [ 72%] [32mBuilding CXX object CMakeFiles/mapping_interfaces__rosidl_typesupport_fastrtps_c.dir/rosidl_typesupport_fastrtps_c/mapping_interfaces/srv/detail/reset_map__type_support_c.cpp.o[0m
[5.518s] [ 73%] [32mBuilding C object CMakeFiles/mapping_interfaces__rosidl_typesupport_introspection_c.dir/rosidl_typesupport_introspection_c/mapping_interfaces/srv/detail/capture_frame__type_support.c.o[0m
[5.575s] [ 74%] [32mBuilding C object CMakeFiles/mapping_interfaces__rosidl_typesupport_introspection_c.dir/rosidl_typesupport_introspection_c/mapping_interfaces/srv/detail/integrate_frame__type_support.c.o[0m
[5.624s] [ 76%] [32mBuilding C object CMakeFiles/mapping_interfaces__rosidl_typesupport_introspection_c.dir/rosidl_typesupport_introspection_c/mapping_interfaces/srv/detail/reset_map__type_support.c.o[0m
[5.723s] [ 77%] [32m[1mLinking C shared library libmapping_interfaces__rosidl_typesupport_introspection_c.so[0m
[5.769s] [ 78%] [32m[1mLinking CXX shared library libmapping_interfaces__rosidl_typesupport_cpp.so[0m
[5.783s] [ 78%] Built target mapping_interfaces__rosidl_typesupport_introspection_c
[5.951s] [ 78%] Built target mapping_interfaces__rosidl_typesupport_cpp
[6.086s] [ 80%] [32m[1mLinking CXX shared library libmapping_interfaces__rosidl_typesupport_introspection_cpp.so[0m
[6.188s] [ 81%] [32m[1mLinking CXX shared library libmapping_interfaces__rosidl_typesupport_fastrtps_c.so[0m
[6.198s] [ 82%] [32m[1mLinking CXX shared library libmapping_interfaces__rosidl_typesupport_fastrtps_cpp.so[0m
[6.198s] [ 82%] Built target mapping_interfaces__rosidl_typesupport_introspection_cpp
[6.293s] [ 82%] Built target mapping_interfaces__rosidl_typesupport_fastrtps_c
[6.312s] [ 82%] Built target mapping_interfaces__rosidl_typesupport_fastrtps_cpp
[6.346s] [ 82%] Built target mapping_interfaces
[6.383s] [ 84%] [34m[1mGenerating Python code for ROS interfaces[0m
[7.449s] [ 84%] Built target mapping_interfaces__py
[7.498s] [ 86%] [32mBuilding C object CMakeFiles/mapping_interfaces__rosidl_generator_py.dir/rosidl_generator_py/mapping_interfaces/srv/_execute_mapping_plan_s.c.o[0m
[7.498s] [ 86%] [32mBuilding C object CMakeFiles/mapping_interfaces__rosidl_generator_py.dir/rosidl_generator_py/mapping_interfaces/srv/_generate_mapping_plan_s.c.o[0m
[7.499s] [ 88%] [32mBuilding C object CMakeFiles/mapping_interfaces__rosidl_generator_py.dir/rosidl_generator_py/mapping_interfaces/srv/_integrate_frame_s.c.o[0m
[7.500s] [ 89%] [32mBuilding C object CMakeFiles/mapping_interfaces__rosidl_generator_py.dir/rosidl_generator_py/mapping_interfaces/srv/_reset_map_s.c.o[0m
[7.501s] [ 90%] [32mBuilding C object CMakeFiles/mapping_interfaces__rosidl_generator_py.dir/rosidl_generator_py/mapping_interfaces/srv/_capture_frame_s.c.o[0m
[7.707s] [ 92%] [32m[1mLinking C shared library libmapping_interfaces__rosidl_generator_py.so[0m
[7.783s] [ 92%] Built target mapping_interfaces__rosidl_generator_py
[7.823s] [ 93%] [32mBuilding C object CMakeFiles/mapping_interfaces_s__rosidl_typesupport_fastrtps_c.dir/rosidl_generator_py/mapping_interfaces/_mapping_interfaces_s.ep.rosidl_typesupport_fastrtps_c.c.o[0m
[7.824s] [ 96%] [32mBuilding C object CMakeFiles/mapping_interfaces_s__rosidl_typesupport_introspection_c.dir/rosidl_generator_py/mapping_interfaces/_mapping_interfaces_s.ep.rosidl_typesupport_introspection_c.c.o[0m
[7.824s] [ 96%] [32mBuilding C object CMakeFiles/mapping_interfaces_s__rosidl_typesupport_c.dir/rosidl_generator_py/mapping_interfaces/_mapping_interfaces_s.ep.rosidl_typesupport_c.c.o[0m
[8.006s] [ 97%] [32m[1mLinking C shared module rosidl_generator_py/mapping_interfaces/mapping_interfaces_s__rosidl_typesupport_introspection_c.so[0m
[8.007s] [ 98%] [32m[1mLinking C shared module rosidl_generator_py/mapping_interfaces/mapping_interfaces_s__rosidl_typesupport_c.so[0m
[8.007s] [100%] [32m[1mLinking C shared module rosidl_generator_py/mapping_interfaces/mapping_interfaces_s__rosidl_typesupport_fastrtps_c.so[0m
[8.061s] [100%] Built target mapping_interfaces_s__rosidl_typesupport_introspection_c
[8.061s] [100%] Built target mapping_interfaces_s__rosidl_typesupport_fastrtps_c
[8.063s] [100%] Built target mapping_interfaces_s__rosidl_typesupport_c
[8.083s] Invoked command in '/home/daniel-choate/paml_ros2/build/mapping_interfaces' returned '0': CMAKE_PREFIX_PATH=${CMAKE_PREFIX_PATH}:/home/daniel-choate/paml_ros2/install/ur3_movement:/home/daniel-choate/paml_ros2/install/rgbd_capture:/home/daniel-choate/paml_ros2/install/mapping_planner:/home/daniel-choate/paml_ros2/install/mapping_executor:/home/daniel-choate/paml_ros2/install/mapping_bringup:/home/daniel-choate/paml_ros2/install/map_builder:/home/daniel-choate/paml_ros2/install/localization_bringup:/opt/ros/kilted DEBUGINFOD_URLS=https://debuginfod.ubuntu.com /usr/bin/cmake --build /home/daniel-choate/paml_ros2/build/mapping_interfaces -- -j20 -l20
[8.085s] Invoking command in '/home/daniel-choate/paml_ros2/build/mapping_interfaces': CMAKE_PREFIX_PATH=${CMAKE_PREFIX_PATH}:/home/daniel-choate/paml_ros2/install/ur3_movement:/home/daniel-choate/paml_ros2/install/rgbd_capture:/home/daniel-choate/paml_ros2/install/mapping_planner:/home/daniel-choate/paml_ros2/install/mapping_executor:/home/daniel-choate/paml_ros2/install/mapping_bringup:/home/daniel-choate/paml_ros2/install/map_builder:/home/daniel-choate/paml_ros2/install/localization_bringup:/opt/ros/kilted DEBUGINFOD_URLS=https://debuginfod.ubuntu.com /usr/bin/cmake --install /home/daniel-choate/paml_ros2/build/mapping_interfaces
[8.098s] -- Install configuration: ""
[8.098s] -- Installing: /home/daniel-choate/paml_ros2/install/mapping_interfaces/share/ament_index/resource_index/rosidl_interfaces/mapping_interfaces
[8.098s] -- Installing: /home/daniel-choate/paml_ros2/install/mapping_interfaces/share/mapping_interfaces/srv/GenerateMappingPlan.json
[8.099s] -- Installing: /home/daniel-choate/paml_ros2/install/mapping_interfaces/share/mapping_interfaces/srv/ExecuteMappingPlan.json
[8.099s] -- Installing: /home/daniel-choate/paml_ros2/install/mapping_interfaces/share/mapping_interfaces/srv/CaptureFrame.json
[8.099s] -- Installing: /home/daniel-choate/paml_ros2/install/mapping_interfaces/share/mapping_interfaces/srv/IntegrateFrame.json
[8.099s] -- Installing: /home/daniel-choate/paml_ros2/install/mapping_interfaces/share/mapping_interfaces/srv/ResetMap.json
[8.099s] -- Up-to-date: /home/daniel-choate/paml_ros2/install/mapping_interfaces/include/mapping_interfaces/mapping_interfaces
[8.100s] -- Up-to-date: /home/daniel-choate/paml_ros2/install/mapping_interfaces/include/mapping_interfaces/mapping_interfaces/msg
[8.100s] -- Up-to-date: /home/daniel-choate/paml_ros2/install/mapping_interfaces/include/mapping_interfaces/mapping_interfaces/msg/rosidl_generator_c__visibility_control.h
[8.100s] -- Up-to-date: /home/daniel-choate/paml_ros2/install/mapping_interfaces/include/mapping_interfaces/mapping_interfaces/srv
[8.100s] -- Installing: /home/daniel-choate/paml_ros2/install/mapping_interfaces/include/mapping_interfaces/mapping_interfaces/srv/integrate_frame.h
[8.100s] -- Installing: /home/daniel-choate/paml_ros2/install/mapping_interfaces/include/mapping_interfaces/mapping_interfaces/srv/execute_mapping_plan.h
[8.101s] -- Installing: /home/daniel-choate/paml_ros2/install/mapping_interfaces/include/mapping_interfaces/mapping_interfaces/srv/reset_map.h
[8.101s] -- Up-to-date: /home/daniel-choate/paml_ros2/install/mapping_interfaces/include/mapping_interfaces/mapping_interfaces/srv/detail
[8.101s] -- Installing: /home/daniel-choate/paml_ros2/install/mapping_interfaces/include/mapping_interfaces/mapping_interfaces/srv/detail/capture_frame__type_support.c
[8.101s] -- Installing: /home/daniel-choate/paml_ros2/install/mapping_interfaces/include/mapping_interfaces/mapping_interfaces/srv/detail/integrate_frame__functions.h
[8.101s] -- Installing: /home/daniel-choate/paml_ros2/install/mapping_interfaces/include/mapping_interfaces/mapping_interfaces/srv/detail/reset_map__functions.h
[8.102s] -- Installing: /home/daniel-choate/paml_ros2/install/mapping_interfaces/include/mapping_interfaces/mapping_interfaces/srv/detail/integrate_frame__type_support.h
[8.102s] -- Installing: /home/daniel-choate/paml_ros2/install/mapping_interfaces/include/mapping_interfaces/mapping_interfaces/srv/detail/execute_mapping_plan__functions.c
[8.102s] -- Installing: /home/daniel-choate/paml_ros2/install/mapping_interfaces/include/mapping_interfaces/mapping_interfaces/srv/detail/generate_mapping_plan__description.c
[8.102s] -- Installing: /home/daniel-choate/paml_ros2/install/mapping_interfaces/include/mapping_interfaces/mapping_interfaces/srv/detail/capture_frame__type_support.h
[8.102s] -- Installing: /home/daniel-choate/paml_ros2/install/mapping_interfaces/include/mapping_interfaces/mapping_interfaces/srv/detail/execute_mapping_plan__struct.h
[8.103s] -- Installing: /home/daniel-choate/paml_ros2/install/mapping_interfaces/include/mapping_interfaces/mapping_interfaces/srv/detail/capture_frame__functions.c
[8.103s] -- Installing: /home/daniel-choate/paml_ros2/install/mapping_interfaces/include/mapping_interfaces/mapping_interfaces/srv/detail/generate_mapping_plan__functions.h
[8.103s] -- Installing: /home/daniel-choate/paml_ros2/install/mapping_interfaces/include/mapping_interfaces/mapping_interfaces/srv/detail/reset_map__type_support.h
[8.103s] -- Installing: /home/daniel-choate/paml_ros2/install/mapping_interfaces/include/mapping_interfaces/mapping_interfaces/srv/detail/execute_mapping_plan__description.c
[8.103s] -- Installing: /home/daniel-choate/paml_ros2/install/mapping_interfaces/include/mapping_interfaces/mapping_interfaces/srv/detail/generate_mapping_plan__struct.h
[8.103s] -- Installing: /home/daniel-choate/paml_ros2/install/mapping_interfaces/include/mapping_interfaces/mapping_interfaces/srv/detail/generate_mapping_plan__functions.c
[8.104s] -- Installing: /home/daniel-choate/paml_ros2/install/mapping_interfaces/include/mapping_interfaces/mapping_interfaces/srv/detail/reset_map__description.c
[8.104s] -- Installing: /home/daniel-choate/paml_ros2/install/mapping_interfaces/include/mapping_interfaces/mapping_interfaces/srv/detail/integrate_frame__struct.h
[8.104s] -- Installing: /home/daniel-choate/paml_ros2/install/mapping_interfaces/include/mapping_interfaces/mapping_interfaces/srv/detail/reset_map__type_support.c
[8.104s] -- Installing: /home/daniel-choate/paml_ros2/install/mapping_interfaces/include/mapping_interfaces/mapping_interfaces/srv/detail/integrate_frame__description.c
[8.104s] -- Installing: /home/daniel-choate/paml_ros2/install/mapping_interfaces/include/mapping_interfaces/mapping_interfaces/srv/detail/capture_frame__functions.h
[8.104s] -- Installing: /home/daniel-choate/paml_ros2/install/mapping_interfaces/include/mapping_interfaces/mapping_interfaces/srv/detail/capture_frame__struct.h
[8.104s] -- Installing: /home/daniel-choate/paml_ros2/install/mapping_interfaces/include/mapping_interfaces/mapping_interfaces/srv/detail/execute_mapping_plan__functions.h
[8.104s] -- Installing: /home/daniel-choate/paml_ros2/install/mapping_interfaces/include/mapping_interfaces/mapping_interfaces/srv/detail/execute_mapping_plan__type_support.h
[8.104s] -- Installing: /home/daniel-choate/paml_ros2/install/mapping_interfaces/include/mapping_interfaces/mapping_interfaces/srv/detail/reset_map__functions.c
[8.105s] -- Installing: /home/daniel-choate/paml_ros2/install/mapping_interfaces/include/mapping_interfaces/mapping_interfaces/srv/detail/capture_frame__description.c
[8.105s] -- Installing: /home/daniel-choate/paml_ros2/install/mapping_interfaces/include/mapping_interfaces/mapping_interfaces/srv/detail/generate_mapping_plan__type_support.c
[8.105s] -- Installing: /home/daniel-choate/paml_ros2/install/mapping_interfaces/include/mapping_interfaces/mapping_interfaces/srv/detail/generate_mapping_plan__type_support.h
[8.105s] -- Installing: /home/daniel-choate/paml_ros2/install/mapping_interfaces/include/mapping_interfaces/mapping_interfaces/srv/detail/execute_mapping_plan__type_support.c
[8.105s] -- Installing: /home/daniel-choate/paml_ros2/install/mapping_interfaces/include/mapping_interfaces/mapping_interfaces/srv/detail/reset_map__struct.h
[8.105s] -- Installing: /home/daniel-choate/paml_ros2/install/mapping_interfaces/include/mapping_interfaces/mapping_interfaces/srv/detail/integrate_frame__functions.c
[8.105s] -- Installing: /home/daniel-choate/paml_ros2/install/mapping_interfaces/include/mapping_interfaces/mapping_interfaces/srv/detail/integrate_frame__type_support.c
[8.105s] -- Installing: /home/daniel-choate/paml_ros2/install/mapping_interfaces/include/mapping_interfaces/mapping_interfaces/srv/capture_frame.h
[8.105s] -- Installing: /home/daniel-choate/paml_ros2/install/mapping_interfaces/include/mapping_interfaces/mapping_interfaces/srv/generate_mapping_plan.h
[8.105s] -- Up-to-date: /home/daniel-choate/paml_ros2/install/mapping_interfaces/share/mapping_interfaces/environment/library_path.sh
[8.105s] -- Up-to-date: /home/daniel-choate/paml_ros2/install/mapping_interfaces/share/mapping_interfaces/environment/library_path.dsv
[8.105s] -- Installing: /home/daniel-choate/paml_ros2/install/mapping_interfaces/lib/libmapping_interfaces__rosidl_generator_c.so
[8.105s] -- Set non-toolchain portion of runtime path of "/home/daniel-choate/paml_ros2/install/mapping_interfaces/lib/libmapping_interfaces__rosidl_generator_c.so" to ""
[8.106s] -- Up-to-date: /home/daniel-choate/paml_ros2/install/mapping_interfaces/include/mapping_interfaces/mapping_interfaces
[8.106s] -- Up-to-date: /home/daniel-choate/paml_ros2/install/mapping_interfaces/include/mapping_interfaces/mapping_interfaces/msg
[8.106s] -- Up-to-date: /home/daniel-choate/paml_ros2/install/mapping_interfaces/include/mapping_interfaces/mapping_interfaces/msg/rosidl_typesupport_fastrtps_c__visibility_control.h
[8.106s] -- Up-to-date: /home/daniel-choate/paml_ros2/install/mapping_interfaces/include/mapping_interfaces/mapping_interfaces/srv
[8.106s] -- Up-to-date: /home/daniel-choate/paml_ros2/install/mapping_interfaces/include/mapping_interfaces/mapping_interfaces/srv/detail
[8.106s] -- Installing: /home/daniel-choate/paml_ros2/install/mapping_interfaces/include/mapping_interfaces/mapping_interfaces/srv/detail/generate_mapping_plan__rosidl_typesupport_fastrtps_c.h
[8.106s] -- Installing: /home/daniel-choate/paml_ros2/install/mapping_interfaces/include/mapping_interfaces/mapping_interfaces/srv/detail/execute_mapping_plan__rosidl_typesupport_fastrtps_c.h
[8.106s] -- Installing: /home/daniel-choate/paml_ros2/install/mapping_interfaces/include/mapping_interfaces/mapping_interfaces/srv/detail/capture_frame__rosidl_typesupport_fastrtps_c.h
[8.106s] -- Installing: /home/daniel-choate/paml_ros2/install/mapping_interfaces/include/mapping_interfaces/mapping_interfaces/srv/detail/integrate_frame__rosidl_typesupport_fastrtps_c.h
[8.106s] -- Installing: /home/daniel-choate/paml_ros2/install/mapping_interfaces/include/mapping_interfaces/mapping_interfaces/srv/detail/reset_map__rosidl_typesupport_fastrtps_c.h
[8.106s] -- Installing: /home/daniel-choate/paml_ros2/install/mapping_interfaces/lib/libmapping_interfaces__rosidl_typesupport_fastrtps_c.so
[8.106s] -- Set non-toolchain portion of runtime path of "/home/daniel-choate/paml_ros2/install/mapping_interfaces/lib/libmapping_interfaces__rosidl_typesupport_fastrtps_c.so" to ""
[8.106s] -- Up-to-date: /home/daniel-choate/paml_ros2/install/mapping_interfaces/include/mapping_interfaces/mapping_interfaces
[8.106s] -- Up-to-date: /home/daniel-choate/paml_ros2/install/mapping_interfaces/include/mapping_interfaces/mapping_interfaces/msg
[8.106s] -- Installing: /home/daniel-choate/paml_ros2/install/mapping_interfaces/include/mapping_interfaces/mapping_interfaces/msg/rosidl_generator_cpp__visibility_control.hpp
[8.106s] -- Up-to-date: /home/daniel-choate/paml_ros2/install/mapping_interfaces/include/mapping_interfaces/mapping_interfaces/srv
[8.107s] -- Installing: /home/daniel-choate/paml_ros2/install/mapping_interfaces/include/mapping_interfaces/mapping_interfaces/srv/generate_mapping_plan.hpp
[8.107s] -- Up-to-date: /home/daniel-choate/paml_ros2/install/mapping_interfaces/include/mapping_interfaces/mapping_interfaces/srv/detail
[8.107s] -- Installing: /home/daniel-choate/paml_ros2/install/mapping_interfaces/include/mapping_interfaces/mapping_interfaces/srv/detail/reset_map__type_support.hpp
[8.107s] -- Installing: /home/daniel-choate/paml_ros2/install/mapping_interfaces/include/mapping_interfaces/mapping_interfaces/srv/detail/integrate_frame__type_support.hpp
[8.107s] -- Installing: /home/daniel-choate/paml_ros2/install/mapping_interfaces/include/mapping_interfaces/mapping_interfaces/srv/detail/generate_mapping_plan__type_support.hpp
[8.107s] -- Installing: /home/daniel-choate/paml_ros2/install/mapping_interfaces/include/mapping_interfaces/mapping_interfaces/srv/detail/reset_map__builder.hpp
[8.107s] -- Installing: /home/daniel-choate/paml_ros2/install/mapping_interfaces/include/mapping_interfaces/mapping_interfaces/srv/detail/execute_mapping_plan__type_support.hpp
[8.107s] -- Installing: /home/daniel-choate/paml_ros2/install/mapping_interfaces/include/mapping_interfaces/mapping_interfaces/srv/detail/capture_frame__struct.hpp
[8.107s] -- Installing: /home/daniel-choate/paml_ros2/install/mapping_interfaces/include/mapping_interfaces/mapping_interfaces/srv/detail/generate_mapping_plan__struct.hpp
[8.107s] -- Installing: /home/daniel-choate/paml_ros2/install/mapping_interfaces/include/mapping_interfaces/mapping_interfaces/srv/detail/execute_mapping_plan__struct.hpp
[8.107s] -- Installing: /home/daniel-choate/paml_ros2/install/mapping_interfaces/include/mapping_interfaces/mapping_interfaces/srv/detail/integrate_frame__struct.hpp
[8.107s] -- Installing: /home/daniel-choate/paml_ros2/install/mapping_interfaces/include/mapping_interfaces/mapping_interfaces/srv/detail/capture_frame__type_support.hpp
[8.107s] -- Installing: /home/daniel-choate/paml_ros2/install/mapping_interfaces/include/mapping_interfaces/mapping_interfaces/srv/detail/execute_mapping_plan__builder.hpp
[8.108s] -- Installing: /home/daniel-choate/paml_ros2/install/mapping_interfaces/include/mapping_interfaces/mapping_interfaces/srv/detail/execute_mapping_plan__traits.hpp
[8.108s] -- Installing: /home/daniel-choate/paml_ros2/install/mapping_interfaces/include/mapping_interfaces/mapping_interfaces/srv/detail/reset_map__traits.hpp
[8.108s] -- Installing: /home/daniel-choate/paml_ros2/install/mapping_interfaces/include/mapping_interfaces/mapping_interfaces/srv/detail/generate_mapping_plan__traits.hpp
[8.108s] -- Installing: /home/daniel-choate/paml_ros2/install/mapping_interfaces/include/mapping_interfaces/mapping_interfaces/srv/detail/integrate_frame__traits.hpp
[8.108s] -- Installing: /home/daniel-choate/paml_ros2/install/mapping_interfaces/include/mapping_interfaces/mapping_interfaces/srv/detail/reset_map__struct.hpp
[8.108s] -- Installing: /home/daniel-choate/paml_ros2/install/mapping_interfaces/include/mapping_interfaces/mapping_interfaces/srv/detail/generate_mapping_plan__builder.hpp
[8.108s] -- Installing: /home/daniel-choate/paml_ros2/install/mapping_interfaces/include/mapping_interfaces/mapping_interfaces/srv/detail/capture_frame__builder.hpp
[8.108s] -- Installing: /home/daniel-choate/paml_ros2/install/mapping_interfaces/include/mapping_interfaces/mapping_interfaces/srv/detail/integrate_frame__builder.hpp
[8.108s] -- Installing: /home/daniel-choate/paml_ros2/install/mapping_interfaces/include/mapping_interfaces/mapping_interfaces/srv/detail/capture_frame__traits.hpp
[8.108s] -- Installing: /home/daniel-choate/paml_ros2/install/mapping_interfaces/include/mapping_interfaces/mapping_interfaces/srv/integrate_frame.hpp
[8.108s] -- Installing: /home/daniel-choate/paml_ros2/install/mapping_interfaces/include/mapping_interfaces/mapping_interfaces/srv/execute_mapping_plan.hpp
[8.108s] -- Installing: /home/daniel-choate/paml_ros2/install/mapping_interfaces/include/mapping_interfaces/mapping_interfaces/srv/capture_frame.hpp
[8.108s] -- Installing: /home/daniel-choate/paml_ros2/install/mapping_interfaces/include/mapping_interfaces/mapping_interfaces/srv/reset_map.hpp
[8.108s] -- Up-to-date: /home/daniel-choate/paml_ros2/install/mapping_interfaces/include/mapping_interfaces/mapping_interfaces
[8.108s] -- Up-to-date: /home/daniel-choate/paml_ros2/install/mapping_interfaces/include/mapping_interfaces/mapping_interfaces/msg
[8.108s] -- Up-to-date: /home/daniel-choate/paml_ros2/install/mapping_interfaces/include/mapping_interfaces/mapping_interfaces/msg/rosidl_typesupport_fastrtps_cpp__visibility_control.h
[8.109s] -- Up-to-date: /home/daniel-choate/paml_ros2/install/mapping_interfaces/include/mapping_interfaces/mapping_interfaces/srv
[8.109s] -- Up-to-date: /home/daniel-choate/paml_ros2/install/mapping_interfaces/include/mapping_interfaces/mapping_interfaces/srv/detail
[8.109s] -- Up-to-date: /home/daniel-choate/paml_ros2/install/mapping_interfaces/include/mapping_interfaces/mapping_interfaces/srv/detail/dds_fastrtps
[8.109s] -- Installing: /home/daniel-choate/paml_ros2/install/mapping_interfaces/include/mapping_interfaces/mapping_interfaces/srv/detail/reset_map__rosidl_typesupport_fastrtps_cpp.hpp
[8.109s] -- Installing: /home/daniel-choate/paml_ros2/install/mapping_interfaces/include/mapping_interfaces/mapping_interfaces/srv/detail/generate_mapping_plan__rosidl_typesupport_fastrtps_cpp.hpp
[8.109s] -- Installing: /home/daniel-choate/paml_ros2/install/mapping_interfaces/include/mapping_interfaces/mapping_interfaces/srv/detail/execute_mapping_plan__rosidl_typesupport_fastrtps_cpp.hpp
[8.109s] -- Installing: /home/daniel-choate/paml_ros2/install/mapping_interfaces/include/mapping_interfaces/mapping_interfaces/srv/detail/integrate_frame__rosidl_typesupport_fastrtps_cpp.hpp
[8.109s] -- Installing: /home/daniel-choate/paml_ros2/install/mapping_interfaces/include/mapping_interfaces/mapping_interfaces/srv/detail/capture_frame__rosidl_typesupport_fastrtps_cpp.hpp
[8.109s] -- Installing: /home/daniel-choate/paml_ros2/install/mapping_interfaces/lib/libmapping_interfaces__rosidl_typesupport_fastrtps_cpp.so
[8.109s] -- Set non-toolchain portion of runtime path of "/home/daniel-choate/paml_ros2/install/mapping_interfaces/lib/libmapping_interfaces__rosidl_typesupport_fastrtps_cpp.so" to ""
[8.109s] -- Up-to-date: /home/daniel-choate/paml_ros2/install/mapping_interfaces/include/mapping_interfaces/mapping_interfaces
[8.109s] -- Up-to-date: /home/daniel-choate/paml_ros2/install/mapping_interfaces/include/mapping_interfaces/mapping_interfaces/msg
[8.109s] -- Up-to-date: /home/daniel-choate/paml_ros2/install/mapping_interfaces/include/mapping_interfaces/mapping_interfaces/msg/rosidl_typesupport_introspection_c__visibility_control.h
[8.109s] -- Up-to-date: /home/daniel-choate/paml_ros2/install/mapping_interfaces/include/mapping_interfaces/mapping_interfaces/srv
[8.110s] -- Up-to-date: /home/daniel-choate/paml_ros2/install/mapping_interfaces/include/mapping_interfaces/mapping_interfaces/srv/detail
[8.110s] -- Installing: /home/daniel-choate/paml_ros2/install/mapping_interfaces/include/mapping_interfaces/mapping_interfaces/srv/detail/capture_frame__type_support.c
[8.110s] -- Installing: /home/daniel-choate/paml_ros2/install/mapping_interfaces/include/mapping_interfaces/mapping_interfaces/srv/detail/execute_mapping_plan__rosidl_typesupport_introspection_c.h
[8.110s] -- Installing: /home/daniel-choate/paml_ros2/install/mapping_interfaces/include/mapping_interfaces/mapping_interfaces/srv/detail/reset_map__rosidl_typesupport_introspection_c.h
[8.110s] -- Installing: /home/daniel-choate/paml_ros2/install/mapping_interfaces/include/mapping_interfaces/mapping_interfaces/srv/detail/capture_frame__rosidl_typesupport_introspection_c.h
[8.110s] -- Installing: /home/daniel-choate/paml_ros2/install/mapping_interfaces/include/mapping_interfaces/mapping_interfaces/srv/detail/reset_map__type_support.c
[8.110s] -- Installing: /home/daniel-choate/paml_ros2/install/mapping_interfaces/include/mapping_interfaces/mapping_interfaces/srv/detail/generate_mapping_plan__rosidl_typesupport_introspection_c.h
[8.110s] -- Installing: /home/daniel-choate/paml_ros2/install/mapping_interfaces/include/mapping_interfaces/mapping_interfaces/srv/detail/generate_mapping_plan__type_support.c
[8.110s] -- Installing: /home/daniel-choate/paml_ros2/install/mapping_interfaces/include/mapping_interfaces/mapping_interfaces/srv/detail/execute_mapping_plan__type_support.c
[8.110s] -- Installing: /home/daniel-choate/paml_ros2/install/mapping_interfaces/include/mapping_interfaces/mapping_interfaces/srv/detail/integrate_frame__rosidl_typesupport_introspection_c.h
[8.110s] -- Installing: /home/daniel-choate/paml_ros2/install/mapping_interfaces/include/mapping_interfaces/mapping_interfaces/srv/detail/integrate_frame__type_support.c
[8.110s] -- Installing: /home/daniel-choate/paml_ros2/install/mapping_interfaces/lib/libmapping_interfaces__rosidl_typesupport_introspection_c.so
[8.110s] -- Set non-toolchain portion of runtime path of "/home/daniel-choate/paml_ros2/install/mapping_interfaces/lib/libmapping_interfaces__rosidl_typesupport_introspection_c.so" to ""
[8.110s] -- Installing: /home/daniel-choate/paml_ros2/install/mapping_interfaces/lib/libmapping_interfaces__rosidl_typesupport_c.so
[8.111s] -- Set non-toolchain portion of runtime path of "/home/daniel-choate/paml_ros2/install/mapping_interfaces/lib/libmapping_interfaces__rosidl_typesupport_c.so" to ""
[8.111s] -- Up-to-date: /home/daniel-choate/paml_ros2/install/mapping_interfaces/include/mapping_interfaces/mapping_interfaces
[8.111s] -- Up-to-date: /home/daniel-choate/paml_ros2/install/mapping_interfaces/include/mapping_interfaces/mapping_interfaces/srv
[8.111s] -- Up-to-date: /home/daniel-choate/paml_ros2/install/mapping_interfaces/include/mapping_interfaces/mapping_interfaces/srv/detail
[8.111s] -- Installing: /home/daniel-choate/paml_ros2/install/mapping_interfaces/include/mapping_interfaces/mapping_interfaces/srv/detail/integrate_frame__rosidl_typesupport_introspection_cpp.hpp
[8.111s] -- Installing: /home/daniel-choate/paml_ros2/install/mapping_interfaces/include/mapping_interfaces/mapping_interfaces/srv/detail/integrate_frame__type_support.cpp
[8.111s] -- Installing: /home/daniel-choate/paml_ros2/install/mapping_interfaces/include/mapping_interfaces/mapping_interfaces/srv/detail/reset_map__rosidl_typesupport_introspection_cpp.hpp
[8.111s] -- Installing: /home/daniel-choate/paml_ros2/install/mapping_interfaces/include/mapping_interfaces/mapping_interfaces/srv/detail/capture_frame__type_support.cpp
[8.111s] -- Installing: /home/daniel-choate/paml_ros2/install/mapping_interfaces/include/mapping_interfaces/mapping_interfaces/srv/detail/generate_mapping_plan__type_support.cpp
[8.111s] -- Installing: /home/daniel-choate/paml_ros2/install/mapping_interfaces/include/mapping_interfaces/mapping_interfaces/srv/detail/execute_mapping_plan__type_support.cpp
[8.111s] -- Installing: /home/daniel-choate/paml_ros2/install/mapping_interfaces/include/mapping_interfaces/mapping_interfaces/srv/detail/execute_mapping_plan__rosidl_typesupport_introspection_cpp.hpp
[8.111s] -- Installing: /home/daniel-choate/paml_ros2/install/mapping_interfaces/include/mapping_interfaces/mapping_interfaces/srv/detail/capture_frame__rosidl_typesupport_introspection_cpp.hpp
[8.112s] -- Installing: /home/daniel-choate/paml_ros2/install/mapping_interfaces/include/mapping_interfaces/mapping_interfaces/srv/detail/generate_mapping_plan__rosidl_typesupport_introspection_cpp.hpp
[8.112s] -- Installing: /home/daniel-choate/paml_ros2/install/mapping_interfaces/include/mapping_interfaces/mapping_interfaces/srv/detail/reset_map__type_support.cpp
[8.112s] -- Installing: /home/daniel-choate/paml_ros2/install/mapping_interfaces/lib/libmapping_interfaces__rosidl_typesupport_introspection_cpp.so
[8.112s] -- Set non-toolchain portion of runtime path of "/home/daniel-choate/paml_ros2/install/mapping_interfaces/lib/libmapping_interfaces__rosidl_typesupport_introspection_cpp.so" to ""
[8.112s] -- Installing: /home/daniel-choate/paml_ros2/install/mapping_interfaces/lib/libmapping_interfaces__rosidl_typesupport_cpp.so
[8.113s] -- Set non-toolchain portion of runtime path of "/home/daniel-choate/paml_ros2/install/mapping_interfaces/lib/libmapping_interfaces__rosidl_typesupport_cpp.so" to ""
[8.113s] -- Up-to-date: /home/daniel-choate/paml_ros2/install/mapping_interfaces/share/mapping_interfaces/environment/pythonpath.sh
[8.113s] -- Up-to-date: /home/daniel-choate/paml_ros2/install/mapping_interfaces/share/mapping_interfaces/environment/pythonpath.dsv
[8.113s] -- Up-to-date: /home/daniel-choate/paml_ros2/install/mapping_interfaces/lib/python3.12/site-packages/mapping_interfaces-0.0.0-py3.12.egg-info
[8.114s] -- Installing: /home/daniel-choate/paml_ros2/install/mapping_interfaces/lib/python3.12/site-packages/mapping_interfaces-0.0.0-py3.12.egg-info/dependency_links.txt
[8.114s] -- Installing: /home/daniel-choate/paml_ros2/install/mapping_interfaces/lib/python3.12/site-packages/mapping_interfaces-0.0.0-py3.12.egg-info/PKG-INFO
[8.114s] -- Installing: /home/daniel-choate/paml_ros2/install/mapping_interfaces/lib/python3.12/site-packages/mapping_interfaces-0.0.0-py3.12.egg-info/top_level.txt
[8.114s] -- Installing: /home/daniel-choate/paml_ros2/install/mapping_interfaces/lib/python3.12/site-packages/mapping_interfaces-0.0.0-py3.12.egg-info/SOURCES.txt
[8.114s] -- Up-to-date: /home/daniel-choate/paml_ros2/install/mapping_interfaces/lib/python3.12/site-packages/mapping_interfaces
[8.114s] -- Installing: /home/daniel-choate/paml_ros2/install/mapping_interfaces/lib/python3.12/site-packages/mapping_interfaces/_mapping_interfaces_s.ep.rosidl_typesupport_fastrtps_c.c
[8.114s] -- Installing: /home/daniel-choate/paml_ros2/install/mapping_interfaces/lib/python3.12/site-packages/mapping_interfaces/mapping_interfaces_s__rosidl_typesupport_c.so
[8.114s] -- Installing: /home/daniel-choate/paml_ros2/install/mapping_interfaces/lib/python3.12/site-packages/mapping_interfaces/__init__.py
[8.114s] -- Installing: /home/daniel-choate/paml_ros2/install/mapping_interfaces/lib/python3.12/site-packages/mapping_interfaces/_mapping_interfaces_s.ep.rosidl_typesupport_introspection_c.c
[8.114s] -- Up-to-date: /home/daniel-choate/paml_ros2/install/mapping_interfaces/lib/python3.12/site-packages/mapping_interfaces/srv
[8.115s] -- Installing: /home/daniel-choate/paml_ros2/install/mapping_interfaces/lib/python3.12/site-packages/mapping_interfaces/srv/_capture_frame_s.c
[8.115s] -- Installing: /home/daniel-choate/paml_ros2/install/mapping_interfaces/lib/python3.12/site-packages/mapping_interfaces/srv/_generate_mapping_plan.py
[8.115s] -- Installing: /home/daniel-choate/paml_ros2/install/mapping_interfaces/lib/python3.12/site-packages/mapping_interfaces/srv/__init__.py
[8.115s] -- Installing: /home/daniel-choate/paml_ros2/install/mapping_interfaces/lib/python3.12/site-packages/mapping_interfaces/srv/_reset_map_s.c
[8.115s] -- Installing: /home/daniel-choate/paml_ros2/install/mapping_interfaces/lib/python3.12/site-packages/mapping_interfaces/srv/_execute_mapping_plan_s.c
[8.115s] -- Installing: /home/daniel-choate/paml_ros2/install/mapping_interfaces/lib/python3.12/site-packages/mapping_interfaces/srv/_integrate_frame.py
[8.116s] -- Installing: /home/daniel-choate/paml_ros2/install/mapping_interfaces/lib/python3.12/site-packages/mapping_interfaces/srv/_capture_frame.py
[8.116s] -- Installing: /home/daniel-choate/paml_ros2/install/mapping_interfaces/lib/python3.12/site-packages/mapping_interfaces/srv/_generate_mapping_plan_s.c
[8.116s] -- Installing: /home/daniel-choate/paml_ros2/install/mapping_interfaces/lib/python3.12/site-packages/mapping_interfaces/srv/_execute_mapping_plan.py
[8.116s] -- Installing: /home/daniel-choate/paml_ros2/install/mapping_interfaces/lib/python3.12/site-packages/mapping_interfaces/srv/_integrate_frame_s.c
[8.116s] -- Installing: /home/daniel-choate/paml_ros2/install/mapping_interfaces/lib/python3.12/site-packages/mapping_interfaces/srv/_reset_map.py
[8.116s] -- Installing: /home/daniel-choate/paml_ros2/install/mapping_interfaces/lib/python3.12/site-packages/mapping_interfaces/mapping_interfaces_s__rosidl_typesupport_fastrtps_c.so
[8.116s] -- Installing: /home/daniel-choate/paml_ros2/install/mapping_interfaces/lib/python3.12/site-packages/mapping_interfaces/mapping_interfaces_s__rosidl_typesupport_introspection_c.so
[8.117s] -- Installing: /home/daniel-choate/paml_ros2/install/mapping_interfaces/lib/python3.12/site-packages/mapping_interfaces/_mapping_interfaces_s.ep.rosidl_typesupport_c.c
[8.198s] Listing '/home/daniel-choate/paml_ros2/install/mapping_interfaces/lib/python3.12/site-packages/mapping_interfaces'...
[8.198s] Compiling '/home/daniel-choate/paml_ros2/install/mapping_interfaces/lib/python3.12/site-packages/mapping_interfaces/__init__.py'...
[8.198s] Listing '/home/daniel-choate/paml_ros2/install/mapping_interfaces/lib/python3.12/site-packages/mapping_interfaces/srv'...
[8.198s] Compiling '/home/daniel-choate/paml_ros2/install/mapping_interfaces/lib/python3.12/site-packages/mapping_interfaces/srv/__init__.py'...
[8.198s] Compiling '/home/daniel-choate/paml_ros2/install/mapping_interfaces/lib/python3.12/site-packages/mapping_interfaces/srv/_capture_frame.py'...
[8.198s] Compiling '/home/daniel-choate/paml_ros2/install/mapping_interfaces/lib/python3.12/site-packages/mapping_interfaces/srv/_execute_mapping_plan.py'...
[8.198s] Compiling '/home/daniel-choate/paml_ros2/install/mapping_interfaces/lib/python3.12/site-packages/mapping_interfaces/srv/_generate_mapping_plan.py'...
[8.198s] Compiling '/home/daniel-choate/paml_ros2/install/mapping_interfaces/lib/python3.12/site-packages/mapping_interfaces/srv/_integrate_frame.py'...
[8.198s] Compiling '/home/daniel-choate/paml_ros2/install/mapping_interfaces/lib/python3.12/site-packages/mapping_interfaces/srv/_reset_map.py'...
[8.205s] -- Installing: /home/daniel-choate/paml_ros2/install/mapping_interfaces/lib/python3.12/site-packages/mapping_interfaces/mapping_interfaces_s__rosidl_typesupport_fastrtps_c.so
[8.206s] -- Set non-toolchain portion of runtime path of "/home/daniel-choate/paml_ros2/install/mapping_interfaces/lib/python3.12/site-packages/mapping_interfaces/mapping_interfaces_s__rosidl_typesupport_fastrtps_c.so" to ""
[8.206s] -- Installing: /home/daniel-choate/paml_ros2/install/mapping_interfaces/lib/python3.12/site-packages/mapping_interfaces/mapping_interfaces_s__rosidl_typesupport_introspection_c.so
[8.206s] -- Set non-toolchain portion of runtime path of "/home/daniel-choate/paml_ros2/install/mapping_interfaces/lib/python3.12/site-packages/mapping_interfaces/mapping_interfaces_s__rosidl_typesupport_introspection_c.so" to ""
[8.207s] -- Installing: /home/daniel-choate/paml_ros2/install/mapping_interfaces/lib/python3.12/site-packages/mapping_interfaces/mapping_interfaces_s__rosidl_typesupport_c.so
[8.207s] -- Set non-toolchain portion of runtime path of "/home/daniel-choate/paml_ros2/install/mapping_interfaces/lib/python3.12/site-packages/mapping_interfaces/mapping_interfaces_s__rosidl_typesupport_c.so" to ""
[8.207s] -- Installing: /home/daniel-choate/paml_ros2/install/mapping_interfaces/lib/libmapping_interfaces__rosidl_generator_py.so
[8.207s] -- Set non-toolchain portion of runtime path of "/home/daniel-choate/paml_ros2/install/mapping_interfaces/lib/libmapping_interfaces__rosidl_generator_py.so" to ""
[8.207s] -- Up-to-date: /home/daniel-choate/paml_ros2/install/mapping_interfaces/share/ament_index/resource_index/rust_packages/mapping_interfaces
[8.208s] -- Up-to-date: /home/daniel-choate/paml_ros2/install/mapping_interfaces/share/mapping_interfaces/rust
[8.208s] -- Up-to-date: /home/daniel-choate/paml_ros2/install/mapping_interfaces/share/mapping_interfaces/rust/src
[8.208s] -- Up-to-date: /home/daniel-choate/paml_ros2/install/mapping_interfaces/share/mapping_interfaces/rust/src/srv
[8.208s] -- Installing: /home/daniel-choate/paml_ros2/install/mapping_interfaces/share/mapping_interfaces/rust/src/srv/rmw.rs
[8.208s] -- Installing: /home/daniel-choate/paml_ros2/install/mapping_interfaces/share/mapping_interfaces/rust/src/lib.rs
[8.208s] -- Installing: /home/daniel-choate/paml_ros2/install/mapping_interfaces/share/mapping_interfaces/rust/src/srv.rs
[8.208s] -- Installing: /home/daniel-choate/paml_ros2/install/mapping_interfaces/share/mapping_interfaces/rust/build.rs
[8.208s] -- Installing: /home/daniel-choate/paml_ros2/install/mapping_interfaces/share/mapping_interfaces/rust/Cargo.toml
[8.208s] -- Up-to-date: /home/daniel-choate/paml_ros2/install/mapping_interfaces/share/mapping_interfaces/srv/GenerateMappingPlan.idl
[8.208s] -- Up-to-date: /home/daniel-choate/paml_ros2/install/mapping_interfaces/share/mapping_interfaces/srv/ExecuteMappingPlan.idl
[8.208s] -- Up-to-date: /home/daniel-choate/paml_ros2/install/mapping_interfaces/share/mapping_interfaces/srv/CaptureFrame.idl
[8.208s] -- Up-to-date: /home/daniel-choate/paml_ros2/install/mapping_interfaces/share/mapping_interfaces/srv/IntegrateFrame.idl
[8.208s] -- Installing: /home/daniel-choate/paml_ros2/install/mapping_interfaces/share/mapping_interfaces/srv/ResetMap.idl
[8.208s] -- Up-to-date: /home/daniel-choate/paml_ros2/install/mapping_interfaces/share/mapping_interfaces/srv/GenerateMappingPlan.srv
[8.209s] -- Up-to-date: /home/daniel-choate/paml_ros2/install/mapping_interfaces/share/mapping_interfaces/srv/ExecuteMappingPlan.srv
[8.209s] -- Up-to-date: /home/daniel-choate/paml_ros2/install/mapping_interfaces/share/mapping_interfaces/srv/CaptureFrame.srv
[8.209s] -- Up-to-date: /home/daniel-choate/paml_ros2/install/mapping_interfaces/share/mapping_interfaces/srv/IntegrateFrame.srv
[8.209s] -- Installing: /home/daniel-choate/paml_ros2/install/mapping_interfaces/share/mapping_interfaces/srv/ResetMap.srv
[8.209s] -- Up-to-date: /home/daniel-choate/paml_ros2/install/mapping_interfaces/share/ament_index/resource_index/package_run_dependencies/mapping_interfaces
[8.209s] -- Installing: /home/daniel-choate/paml_ros2/install/mapping_interfaces/share/ament_index/resource_index/parent_prefix_path/mapping_interfaces
[8.209s] -- Up-to-date: /home/daniel-choate/paml_ros2/install/mapping_interfaces/share/mapping_interfaces/environment/ament_prefix_path.sh
[8.209s] -- Up-to-date: /home/daniel-choate/paml_ros2/install/mapping_interfaces/share/mapping_interfaces/environment/ament_prefix_path.dsv
[8.209s] -- Up-to-date: /home/daniel-choate/paml_ros2/install/mapping_interfaces/share/mapping_interfaces/environment/path.sh
[8.209s] -- Up-to-date: /home/daniel-choate/paml_ros2/install/mapping_interfaces/share/mapping_interfaces/environment/path.dsv
[8.209s] -- Up-to-date: /home/daniel-choate/paml_ros2/install/mapping_interfaces/share/mapping_interfaces/local_setup.bash
[8.209s] -- Up-to-date: /home/daniel-choate/paml_ros2/install/mapping_interfaces/share/mapping_interfaces/local_setup.sh
[8.209s] -- Up-to-date: /home/daniel-choate/paml_ros2/install/mapping_interfaces/share/mapping_interfaces/local_setup.zsh
[8.209s] -- Up-to-date: /home/daniel-choate/paml_ros2/install/mapping_interfaces/share/mapping_interfaces/local_setup.dsv
[8.210s] -- Installing: /home/daniel-choate/paml_ros2/install/mapping_interfaces/share/mapping_interfaces/package.dsv
[8.210s] -- Up-to-date: /home/daniel-choate/paml_ros2/install/mapping_interfaces/share/ament_index/resource_index/packages/mapping_interfaces
[8.210s] -- Up-to-date: /home/daniel-choate/paml_ros2/install/mapping_interfaces/share/mapping_interfaces/cmake/export_mapping_interfaces__rosidl_generator_cExport.cmake
[8.210s] -- Up-to-date: /home/daniel-choate/paml_ros2/install/mapping_interfaces/share/mapping_interfaces/cmake/export_mapping_interfaces__rosidl_generator_cExport-noconfig.cmake
[8.210s] -- Up-to-date: /home/daniel-choate/paml_ros2/install/mapping_interfaces/share/mapping_interfaces/cmake/export_mapping_interfaces__rosidl_typesupport_fastrtps_cExport.cmake
[8.210s] -- Up-to-date: /home/daniel-choate/paml_ros2/install/mapping_interfaces/share/mapping_interfaces/cmake/export_mapping_interfaces__rosidl_typesupport_fastrtps_cExport-noconfig.cmake
[8.210s] -- Up-to-date: /home/daniel-choate/paml_ros2/install/mapping_interfaces/share/mapping_interfaces/cmake/export_mapping_interfaces__rosidl_generator_cppExport.cmake
[8.210s] -- Up-to-date: /home/daniel-choate/paml_ros2/install/mapping_interfaces/share/mapping_interfaces/cmake/export_mapping_interfaces__rosidl_typesupport_fastrtps_cppExport.cmake
[8.210s] -- Up-to-date: /home/daniel-choate/paml_ros2/install/mapping_interfaces/share/mapping_interfaces/cmake/export_mapping_interfaces__rosidl_typesupport_fastrtps_cppExport-noconfig.cmake
[8.210s] -- Up-to-date: /home/daniel-choate/paml_ros2/install/mapping_interfaces/share/mapping_interfaces/cmake/mapping_interfaces__rosidl_typesupport_introspection_cExport.cmake
[8.210s] -- Up-to-date: /home/daniel-choate/paml_ros2/install/mapping_interfaces/share/mapping_interfaces/cmake/mapping_interfaces__rosidl_typesupport_introspection_cExport-noconfig.cmake
[8.210s] -- Up-to-date: /home/daniel-choate/paml_ros2/install/mapping_interfaces/share/mapping_interfaces/cmake/mapping_interfaces__rosidl_typesupport_cExport.cmake
[8.210s] -- Up-to-date: /home/daniel-choate/paml_ros2/install/mapping_interfaces/share/mapping_interfaces/cmake/mapping_interfaces__rosidl_typesupport_cExport-noconfig.cmake
[8.210s] -- Up-to-date: /home/daniel-choate/paml_ros2/install/mapping_interfaces/share/mapping_interfaces/cmake/mapping_interfaces__rosidl_typesupport_introspection_cppExport.cmake
[8.211s] -- Up-to-date: /home/daniel-choate/paml_ros2/install/mapping_interfaces/share/mapping_interfaces/cmake/mapping_interfaces__rosidl_typesupport_introspection_cppExport-noconfig.cmake
[8.211s] -- Up-to-date: /home/daniel-choate/paml_ros2/install/mapping_interfaces/share/mapping_interfaces/cmake/mapping_interfaces__rosidl_typesupport_cppExport.cmake
[8.211s] -- Up-to-date: /home/daniel-choate/paml_ros2/install/mapping_interfaces/share/mapping_interfaces/cmake/mapping_interfaces__rosidl_typesupport_cppExport-noconfig.cmake
[8.211s] -- Up-to-date: /home/daniel-choate/paml_ros2/install/mapping_interfaces/share/mapping_interfaces/cmake/export_mapping_interfaces__rosidl_generator_pyExport.cmake
[8.211s] -- Up-to-date: /home/daniel-choate/paml_ros2/install/mapping_interfaces/share/mapping_interfaces/cmake/export_mapping_interfaces__rosidl_generator_pyExport-noconfig.cmake
[8.211s] -- Installing: /home/daniel-choate/paml_ros2/install/mapping_interfaces/share/mapping_interfaces/cmake/rosidl_cmake-extras.cmake
[8.211s] -- Installing: /home/daniel-choate/paml_ros2/install/mapping_interfaces/share/mapping_interfaces/cmake/ament_cmake_export_dependencies-extras.cmake
[8.211s] -- Up-to-date: /home/daniel-choate/paml_ros2/install/mapping_interfaces/share/mapping_interfaces/cmake/ament_cmake_export_include_directories-extras.cmake
[8.211s] -- Up-to-date: /home/daniel-choate/paml_ros2/install/mapping_interfaces/share/mapping_interfaces/cmake/ament_cmake_export_libraries-extras.cmake
[8.211s] -- Up-to-date: /home/daniel-choate/paml_ros2/install/mapping_interfaces/share/mapping_interfaces/cmake/ament_cmake_export_targets-extras.cmake
[8.212s] -- Up-to-date: /home/daniel-choate/paml_ros2/install/mapping_interfaces/share/mapping_interfaces/cmake/rosidl_cmake_export_typesupport_targets-extras.cmake
[8.212s] -- Up-to-date: /home/daniel-choate/paml_ros2/install/mapping_interfaces/share/mapping_interfaces/cmake/rosidl_cmake_export_typesupport_libraries-extras.cmake
[8.212s] -- Up-to-date: /home/daniel-choate/paml_ros2/install/mapping_interfaces/share/mapping_interfaces/cmake/mapping_interfacesConfig.cmake
[8.212s] -- Up-to-date: /home/daniel-choate/paml_ros2/install/mapping_interfaces/share/mapping_interfaces/cmake/mapping_interfacesConfig-version.cmake
[8.212s] -- Up-to-date: /home/daniel-choate/paml_ros2/install/mapping_interfaces/share/mapping_interfaces/package.xml
[8.213s] Invoked command in '/home/daniel-choate/paml_ros2/build/mapping_interfaces' returned '0': CMAKE_PREFIX_PATH=${CMAKE_PREFIX_PATH}:/home/daniel-choate/paml_ros2/install/ur3_movement:/home/daniel-choate/paml_ros2/install/rgbd_capture:/home/daniel-choate/paml_ros2/install/mapping_planner:/home/daniel-choate/paml_ros2/install/mapping_executor:/home/daniel-choate/paml_ros2/install/mapping_bringup:/home/daniel-choate/paml_ros2/install/map_builder:/home/daniel-choate/paml_ros2/install/localization_bringup:/opt/ros/kilted DEBUGINFOD_URLS=https://debuginfod.ubuntu.com /usr/bin/cmake --install /home/daniel-choate/paml_ros2/build/mapping_interfaces
