[2.564s] Invoking command in '/home/daniel-choate/paml_ros2/src/map_builder': DEBUGINFOD_URLS=https://debuginfod.ubuntu.com PYTHONPATH=/home/daniel-choate/paml_ros2/build/map_builder/prefix_override:/usr/lib/python3/dist-packages/colcon_core/task/python/colcon_distutils_commands:/home/daniel-choate/paml_ros2/install/map_builder/lib/python3.12/site-packages:${PYTHONPATH} /usr/bin/python3 -W ignore:setup.py install is deprecated -W ignore:easy_install command is deprecated setup.py egg_info --egg-base ../../build/map_builder build --build-base /home/daniel-choate/paml_ros2/build/map_builder/build install --record /home/daniel-choate/paml_ros2/build/map_builder/install.log --single-version-externally-managed install_data
[2.973s] running egg_info
[3.005s] writing ../../build/map_builder/map_builder.egg-info/PKG-INFO
[3.006s] writing dependency_links to ../../build/map_builder/map_builder.egg-info/dependency_links.txt
[3.006s] writing entry points to ../../build/map_builder/map_builder.egg-info/entry_points.txt
[3.007s] writing requirements to ../../build/map_builder/map_builder.egg-info/requires.txt
[3.007s] writing top-level names to ../../build/map_builder/map_builder.egg-info/top_level.txt
[3.070s] reading manifest file '../../build/map_builder/map_builder.egg-info/SOURCES.txt'
[3.071s] adding license file 'LICENSE'
[3.071s] writing manifest file '../../build/map_builder/map_builder.egg-info/SOURCES.txt'
[3.072s] running build
[3.072s] running build_py
[3.073s] copying map_builder/map_builder_live.py -> /home/daniel-choate/paml_ros2/build/map_builder/build/lib/map_builder
[3.073s] running install
[3.079s] running install_lib
[3.111s] copying /home/daniel-choate/paml_ros2/build/map_builder/build/lib/map_builder/map_builder_live.py -> /home/daniel-choate/paml_ros2/install/map_builder/lib/python3.12/site-packages/map_builder
[3.113s] byte-compiling /home/daniel-choate/paml_ros2/install/map_builder/lib/python3.12/site-packages/map_builder/map_builder_live.py to map_builder_live.cpython-312.pyc
[3.115s] running install_data
[3.115s] running install_egg_info
[3.148s] removing '/home/daniel-choate/paml_ros2/install/map_builder/lib/python3.12/site-packages/map_builder-0.0.0-py3.12.egg-info' (and everything under it)
[3.149s] Copying ../../build/map_builder/map_builder.egg-info to /home/daniel-choate/paml_ros2/install/map_builder/lib/python3.12/site-packages/map_builder-0.0.0-py3.12.egg-info
[3.150s] running install_scripts
[3.350s] Installing map_builder_live script to /home/daniel-choate/paml_ros2/install/map_builder/lib/map_builder
[3.351s] Installing map_builder_node script to /home/daniel-choate/paml_ros2/install/map_builder/lib/map_builder
[3.351s] writing list of installed files to '/home/daniel-choate/paml_ros2/build/map_builder/install.log'
[3.410s] Invoked command in '/home/daniel-choate/paml_ros2/src/map_builder' returned '0': DEBUGINFOD_URLS=https://debuginfod.ubuntu.com PYTHONPATH=/home/daniel-choate/paml_ros2/build/map_builder/prefix_override:/usr/lib/python3/dist-packages/colcon_core/task/python/colcon_distutils_commands:/home/daniel-choate/paml_ros2/install/map_builder/lib/python3.12/site-packages:${PYTHONPATH} /usr/bin/python3 -W ignore:setup.py install is deprecated -W ignore:easy_install command is deprecated setup.py egg_info --egg-base ../../build/map_builder build --build-base /home/daniel-choate/paml_ros2/build/map_builder/build install --record /home/daniel-choate/paml_ros2/build/map_builder/install.log --single-version-externally-managed install_data
