-- The C compiler identification is GNU 13.3.0
-- The CXX compiler identification is GNU 13.3.0
-- Detecting C compiler ABI info
-- Detecting C compiler ABI info - done
-- Check for working C compiler: /usr/bin/cc - skipped
-- Detecting C compile features
-- Detecting C compile features - done
-- Detecting CXX compiler ABI info
-- Detecting CXX compiler ABI info - done
-- Check for working CXX compiler: /usr/bin/c++ - skipped
-- Detecting CXX compile features
-- Detecting CXX compile features - done
-- Found ament_cmake: 2.7.5 (/opt/ros/kilted/share/ament_cmake/cmake)
-- Found Python3: /usr/bin/python3 (found version "3.12.3") found components: Interpreter 
-- Found ament_lint_auto: 0.19.2 (/opt/ros/kilted/share/ament_lint_auto/cmake)
-- Added test 'lint_cmake' to check CMake code style
-- Added test 'xmllint' to check XML markup files
-- Configuring done (1.3s)
-- Generating done (0.0s)
-- Build files have been written to: /home/daniel-choate/paml_ros2/build/ur3_custom_description
-- Install configuration: ""
-- Installing: /home/daniel-choate/paml_ros2/install/ur3_custom_description/share/ur3_custom_description/urdf
-- Installing: /home/daniel-choate/paml_ros2/install/ur3_custom_description/share/ur3_custom_description/urdf/ur3_with_camera.xacro
-- Installing: /home/daniel-choate/paml_ros2/install/ur3_custom_description/share/ament_index/resource_index/package_run_dependencies/ur3_custom_description
-- Installing: /home/daniel-choate/paml_ros2/install/ur3_custom_description/share/ament_index/resource_index/parent_prefix_path/ur3_custom_description
-- Installing: /home/daniel-choate/paml_ros2/install/ur3_custom_description/share/ur3_custom_description/environment/ament_prefix_path.sh
-- Installing: /home/daniel-choate/paml_ros2/install/ur3_custom_description/share/ur3_custom_description/environment/ament_prefix_path.dsv
-- Installing: /home/daniel-choate/paml_ros2/install/ur3_custom_description/share/ur3_custom_description/environment/path.sh
-- Installing: /home/daniel-choate/paml_ros2/install/ur3_custom_description/share/ur3_custom_description/environment/path.dsv
-- Installing: /home/daniel-choate/paml_ros2/install/ur3_custom_description/share/ur3_custom_description/local_setup.bash
-- Installing: /home/daniel-choate/paml_ros2/install/ur3_custom_description/share/ur3_custom_description/local_setup.sh
-- Installing: /home/daniel-choate/paml_ros2/install/ur3_custom_description/share/ur3_custom_description/local_setup.zsh
-- Installing: /home/daniel-choate/paml_ros2/install/ur3_custom_description/share/ur3_custom_description/local_setup.dsv
-- Installing: /home/daniel-choate/paml_ros2/install/ur3_custom_description/share/ur3_custom_description/package.dsv
-- Installing: /home/daniel-choate/paml_ros2/install/ur3_custom_description/share/ament_index/resource_index/packages/ur3_custom_description
-- Installing: /home/daniel-choate/paml_ros2/install/ur3_custom_description/share/ur3_custom_description/cmake/ur3_custom_descriptionConfig.cmake
-- Installing: /home/daniel-choate/paml_ros2/install/ur3_custom_description/share/ur3_custom_description/cmake/ur3_custom_descriptionConfig-version.cmake
-- Installing: /home/daniel-choate/paml_ros2/install/ur3_custom_description/share/ur3_custom_description/package.xml
