running egg_info
creating ../../build/mapping_bringup/mapping_bringup.egg-info
writing ../../build/mapping_bringup/mapping_bringup.egg-info/PKG-INFO
writing dependency_links to ../../build/mapping_bringup/mapping_bringup.egg-info/dependency_links.txt
writing requirements to ../../build/mapping_bringup/mapping_bringup.egg-info/requires.txt
writing top-level names to ../../build/mapping_bringup/mapping_bringup.egg-info/top_level.txt
writing manifest file '../../build/mapping_bringup/mapping_bringup.egg-info/SOURCES.txt'
reading manifest file '../../build/mapping_bringup/mapping_bringup.egg-info/SOURCES.txt'
writing manifest file '../../build/mapping_bringup/mapping_bringup.egg-info/SOURCES.txt'
running build
running build_py
creating /home/daniel-choate/paml_ros2/build/mapping_bringup/build
creating /home/daniel-choate/paml_ros2/build/mapping_bringup/build/lib
creating /home/daniel-choate/paml_ros2/build/mapping_bringup/build/lib/mapping_bringup
copying mapping_bringup/__init__.py -> /home/daniel-choate/paml_ros2/build/mapping_bringup/build/lib/mapping_bringup
copying mapping_bringup/py.typed -> /home/daniel-choate/paml_ros2/build/mapping_bringup/build/lib/mapping_bringup
running install
running install_lib
creating /home/daniel-choate/paml_ros2/install/mapping_bringup/lib/python3.12/site-packages/mapping_bringup
copying /home/daniel-choate/paml_ros2/build/mapping_bringup/build/lib/mapping_bringup/__init__.py -> /home/daniel-choate/paml_ros2/install/mapping_bringup/lib/python3.12/site-packages/mapping_bringup
copying /home/daniel-choate/paml_ros2/build/mapping_bringup/build/lib/mapping_bringup/py.typed -> /home/daniel-choate/paml_ros2/install/mapping_bringup/lib/python3.12/site-packages/mapping_bringup
byte-compiling /home/daniel-choate/paml_ros2/install/mapping_bringup/lib/python3.12/site-packages/mapping_bringup/__init__.py to __init__.cpython-312.pyc
running install_data
creating /home/daniel-choate/paml_ros2/install/mapping_bringup/share/ament_index
creating /home/daniel-choate/paml_ros2/install/mapping_bringup/share/ament_index/resource_index
creating /home/daniel-choate/paml_ros2/install/mapping_bringup/share/ament_index/resource_index/packages
copying resource/mapping_bringup -> /home/daniel-choate/paml_ros2/install/mapping_bringup/share/ament_index/resource_index/packages
copying package.xml -> /home/daniel-choate/paml_ros2/install/mapping_bringup/share/mapping_bringup
running install_egg_info
Copying ../../build/mapping_bringup/mapping_bringup.egg-info to /home/daniel-choate/paml_ros2/install/mapping_bringup/lib/python3.12/site-packages/mapping_bringup-0.0.0-py3.12.egg-info
running install_scripts
writing list of installed files to '/home/daniel-choate/paml_ros2/build/mapping_bringup/install.log'
