[1.929s] Invoking command in '/home/daniel-choate/paml_ros2/src/rgbd_capture': DEBUGINFOD_URLS=https://debuginfod.ubuntu.com PYTHONPATH=/home/daniel-choate/paml_ros2/build/rgbd_capture/prefix_override:/usr/lib/python3/dist-packages/colcon_core/task/python/colcon_distutils_commands:/home/daniel-choate/paml_ros2/install/rgbd_capture/lib/python3.12/site-packages:${PYTHONPATH} /usr/bin/python3 -W ignore:setup.py install is deprecated -W ignore:easy_install command is deprecated setup.py egg_info --egg-base ../../build/rgbd_capture build --build-base /home/daniel-choate/paml_ros2/build/rgbd_capture/build install --record /home/daniel-choate/paml_ros2/build/rgbd_capture/install.log --single-version-externally-managed install_data
[2.216s] running egg_info
[2.217s] creating ../../build/rgbd_capture/rgbd_capture.egg-info
[2.237s] writing ../../build/rgbd_capture/rgbd_capture.egg-info/PKG-INFO
[2.237s] writing dependency_links to ../../build/rgbd_capture/rgbd_capture.egg-info/dependency_links.txt
[2.237s] writing entry points to ../../build/rgbd_capture/rgbd_capture.egg-info/entry_points.txt
[2.237s] writing requirements to ../../build/rgbd_capture/rgbd_capture.egg-info/requires.txt
[2.237s] writing top-level names to ../../build/rgbd_capture/rgbd_capture.egg-info/top_level.txt
[2.237s] writing manifest file '../../build/rgbd_capture/rgbd_capture.egg-info/SOURCES.txt'
[2.274s] reading manifest file '../../build/rgbd_capture/rgbd_capture.egg-info/SOURCES.txt'
[2.275s] adding license file 'LICENSE'
[2.275s] writing manifest file '../../build/rgbd_capture/rgbd_capture.egg-info/SOURCES.txt'
[2.275s] running build
[2.275s] running build_py
[2.275s] creating /home/daniel-choate/paml_ros2/build/rgbd_capture/build
[2.275s] creating /home/daniel-choate/paml_ros2/build/rgbd_capture/build/lib
[2.275s] creating /home/daniel-choate/paml_ros2/build/rgbd_capture/build/lib/rgbd_capture
[2.275s] copying rgbd_capture/__init__.py -> /home/daniel-choate/paml_ros2/build/rgbd_capture/build/lib/rgbd_capture
[2.275s] copying rgbd_capture/capture_node_test.py -> /home/daniel-choate/paml_ros2/build/rgbd_capture/build/lib/rgbd_capture
[2.275s] copying rgbd_capture/capture_node.py -> /home/daniel-choate/paml_ros2/build/rgbd_capture/build/lib/rgbd_capture
[2.276s] copying rgbd_capture/py.typed -> /home/daniel-choate/paml_ros2/build/rgbd_capture/build/lib/rgbd_capture
[2.276s] running install
[2.280s] running install_lib
[2.298s] creating /home/daniel-choate/paml_ros2/install/rgbd_capture/lib/python3.12/site-packages/rgbd_capture
[2.298s] copying /home/daniel-choate/paml_ros2/build/rgbd_capture/build/lib/rgbd_capture/__init__.py -> /home/daniel-choate/paml_ros2/install/rgbd_capture/lib/python3.12/site-packages/rgbd_capture
[2.298s] copying /home/daniel-choate/paml_ros2/build/rgbd_capture/build/lib/rgbd_capture/py.typed -> /home/daniel-choate/paml_ros2/install/rgbd_capture/lib/python3.12/site-packages/rgbd_capture
[2.298s] copying /home/daniel-choate/paml_ros2/build/rgbd_capture/build/lib/rgbd_capture/capture_node_test.py -> /home/daniel-choate/paml_ros2/install/rgbd_capture/lib/python3.12/site-packages/rgbd_capture
[2.298s] copying /home/daniel-choate/paml_ros2/build/rgbd_capture/build/lib/rgbd_capture/capture_node.py -> /home/daniel-choate/paml_ros2/install/rgbd_capture/lib/python3.12/site-packages/rgbd_capture
[2.299s] byte-compiling /home/daniel-choate/paml_ros2/install/rgbd_capture/lib/python3.12/site-packages/rgbd_capture/__init__.py to __init__.cpython-312.pyc
[2.299s] byte-compiling /home/daniel-choate/paml_ros2/install/rgbd_capture/lib/python3.12/site-packages/rgbd_capture/capture_node_test.py to capture_node_test.cpython-312.pyc
[2.300s] byte-compiling /home/daniel-choate/paml_ros2/install/rgbd_capture/lib/python3.12/site-packages/rgbd_capture/capture_node.py to capture_node.cpython-312.pyc
[2.300s] running install_data
[2.300s] creating /home/daniel-choate/paml_ros2/install/rgbd_capture/share/ament_index
[2.300s] creating /home/daniel-choate/paml_ros2/install/rgbd_capture/share/ament_index/resource_index
[2.300s] creating /home/daniel-choate/paml_ros2/install/rgbd_capture/share/ament_index/resource_index/packages
[2.300s] copying resource/rgbd_capture -> /home/daniel-choate/paml_ros2/install/rgbd_capture/share/ament_index/resource_index/packages
[2.300s] copying package.xml -> /home/daniel-choate/paml_ros2/install/rgbd_capture/share/rgbd_capture
[2.300s] running install_egg_info
[2.319s] Copying ../../build/rgbd_capture/rgbd_capture.egg-info to /home/daniel-choate/paml_ros2/install/rgbd_capture/lib/python3.12/site-packages/rgbd_capture-0.0.0-py3.12.egg-info
[2.320s] running install_scripts
[2.433s] Installing rgbd_capture_node script to /home/daniel-choate/paml_ros2/install/rgbd_capture/lib/rgbd_capture
[2.433s] Installing rgbd_capture_node_test script to /home/daniel-choate/paml_ros2/install/rgbd_capture/lib/rgbd_capture
[2.433s] writing list of installed files to '/home/daniel-choate/paml_ros2/build/rgbd_capture/install.log'
[2.453s] Invoked command in '/home/daniel-choate/paml_ros2/src/rgbd_capture' returned '0': DEBUGINFOD_URLS=https://debuginfod.ubuntu.com PYTHONPATH=/home/daniel-choate/paml_ros2/build/rgbd_capture/prefix_override:/usr/lib/python3/dist-packages/colcon_core/task/python/colcon_distutils_commands:/home/daniel-choate/paml_ros2/install/rgbd_capture/lib/python3.12/site-packages:${PYTHONPATH} /usr/bin/python3 -W ignore:setup.py install is deprecated -W ignore:easy_install command is deprecated setup.py egg_info --egg-base ../../build/rgbd_capture build --build-base /home/daniel-choate/paml_ros2/build/rgbd_capture/build install --record /home/daniel-choate/paml_ros2/build/rgbd_capture/install.log --single-version-externally-managed install_data
