[1.494s] Invoking command in '/home/daniel-choate/paml_ros2/build/ur3_custom_description': CMAKE_PREFIX_PATH=${CMAKE_PREFIX_PATH}:/home/daniel-choate/paml_ros2/install/ur3_movement:/home/daniel-choate/paml_ros2/install/rgbd_capture:/home/daniel-choate/paml_ros2/install/mapping_planner:/home/daniel-choate/paml_ros2/install/mapping_executor:/home/daniel-choate/paml_ros2/install/map_builder:/home/daniel-choate/paml_ros2/install/localization_bringup:/opt/ros/kilted DEBUGINFOD_URLS=https://debuginfod.ubuntu.com /usr/bin/cmake --build /home/daniel-choate/paml_ros2/build/ur3_custom_description -- -j20 -l20
[2.070s] Invoked command in '/home/daniel-choate/paml_ros2/build/ur3_custom_description' returned '0': CMAKE_PREFIX_PATH=${CMAKE_PREFIX_PATH}:/home/daniel-choate/paml_ros2/install/ur3_movement:/home/daniel-choate/paml_ros2/install/rgbd_capture:/home/daniel-choate/paml_ros2/install/mapping_planner:/home/daniel-choate/paml_ros2/install/mapping_executor:/home/daniel-choate/paml_ros2/install/map_builder:/home/daniel-choate/paml_ros2/install/localization_bringup:/opt/ros/kilted DEBUGINFOD_URLS=https://debuginfod.ubuntu.com /usr/bin/cmake --build /home/daniel-choate/paml_ros2/build/ur3_custom_description -- -j20 -l20
[2.071s] Invoking command in '/home/daniel-choate/paml_ros2/build/ur3_custom_description': CMAKE_PREFIX_PATH=${CMAKE_PREFIX_PATH}:/home/daniel-choate/paml_ros2/install/ur3_movement:/home/daniel-choate/paml_ros2/install/rgbd_capture:/home/daniel-choate/paml_ros2/install/mapping_planner:/home/daniel-choate/paml_ros2/install/mapping_executor:/home/daniel-choate/paml_ros2/install/map_builder:/home/daniel-choate/paml_ros2/install/localization_bringup:/opt/ros/kilted DEBUGINFOD_URLS=https://debuginfod.ubuntu.com /usr/bin/cmake --install /home/daniel-choate/paml_ros2/build/ur3_custom_description
[2.093s] -- Install configuration: ""
[2.093s] -- Up-to-date: /home/daniel-choate/paml_ros2/install/ur3_custom_description/share/ur3_custom_description/urdf
[2.093s] -- Up-to-date: /home/daniel-choate/paml_ros2/install/ur3_custom_description/share/ur3_custom_description/urdf/ur3e_with_camera.xacro
[2.094s] -- Up-to-date: /home/daniel-choate/paml_ros2/install/ur3_custom_description/share/ament_index/resource_index/package_run_dependencies/ur3_custom_description
[2.095s] -- Up-to-date: /home/daniel-choate/paml_ros2/install/ur3_custom_description/share/ament_index/resource_index/parent_prefix_path/ur3_custom_description
[2.096s] -- Up-to-date: /home/daniel-choate/paml_ros2/install/ur3_custom_description/share/ur3_custom_description/environment/ament_prefix_path.sh
[2.096s] -- Up-to-date: /home/daniel-choate/paml_ros2/install/ur3_custom_description/share/ur3_custom_description/environment/ament_prefix_path.dsv
[2.097s] -- Up-to-date: /home/daniel-choate/paml_ros2/install/ur3_custom_description/share/ur3_custom_description/environment/path.sh
[2.097s] -- Up-to-date: /home/daniel-choate/paml_ros2/install/ur3_custom_description/share/ur3_custom_description/environment/path.dsv
[2.097s] -- Up-to-date: /home/daniel-choate/paml_ros2/install/ur3_custom_description/share/ur3_custom_description/local_setup.bash
[2.097s] -- Up-to-date: /home/daniel-choate/paml_ros2/install/ur3_custom_description/share/ur3_custom_description/local_setup.sh
[2.098s] -- Up-to-date: /home/daniel-choate/paml_ros2/install/ur3_custom_description/share/ur3_custom_description/local_setup.zsh
[2.099s] -- Up-to-date: /home/daniel-choate/paml_ros2/install/ur3_custom_description/share/ur3_custom_description/local_setup.dsv
[2.099s] -- Installing: /home/daniel-choate/paml_ros2/install/ur3_custom_description/share/ur3_custom_description/package.dsv
[2.100s] -- Up-to-date: /home/daniel-choate/paml_ros2/install/ur3_custom_description/share/ament_index/resource_index/packages/ur3_custom_description
[2.100s] -- Up-to-date: /home/daniel-choate/paml_ros2/install/ur3_custom_description/share/ur3_custom_description/cmake/ur3_custom_descriptionConfig.cmake
[2.100s] -- Up-to-date: /home/daniel-choate/paml_ros2/install/ur3_custom_description/share/ur3_custom_description/cmake/ur3_custom_descriptionConfig-version.cmake
[2.109s] -- Up-to-date: /home/daniel-choate/paml_ros2/install/ur3_custom_description/share/ur3_custom_description/package.xml
[2.112s] Invoked command in '/home/daniel-choate/paml_ros2/build/ur3_custom_description' returned '0': CMAKE_PREFIX_PATH=${CMAKE_PREFIX_PATH}:/home/daniel-choate/paml_ros2/install/ur3_movement:/home/daniel-choate/paml_ros2/install/rgbd_capture:/home/daniel-choate/paml_ros2/install/mapping_planner:/home/daniel-choate/paml_ros2/install/mapping_executor:/home/daniel-choate/paml_ros2/install/map_builder:/home/daniel-choate/paml_ros2/install/localization_bringup:/opt/ros/kilted DEBUGINFOD_URLS=https://debuginfod.ubuntu.com /usr/bin/cmake --install /home/daniel-choate/paml_ros2/build/ur3_custom_description
